[2024-09-04 02:14:42.786919] [0x0000cfb0] [trace]   Embedded OCIO configuration file: 'D:\ly\stage3\Meshroom-2023.2.0-win64\Meshroom-2023.2.0\aliceVision/share/aliceVision/config.ocio' found.
Program called with the following parameters:
 * contrastFiltering =  Unknown Type "enum aliceVision::feature::EFeatureConstrastFiltering"
 * describerPreset =  Unknown Type "enum aliceVision::feature::EImageDescriberPreset"
 * describerQuality =  Unknown Type "enum aliceVision::feature::EFeatureQuality"
 * describerTypes = "sift,akaze"
 * forceCpuExtraction = 1
 * gridFiltering = 1
 * input = "D:/ly/stage3/gun11/MeshroomCache/CameraInit/687b5c9a12a9bf9e49a15e7ae5bc3f644e35b27c/cameraInit.sfm"
 * masksFolder = "D:/ly/stage3/gun11/MeshroomCache/ImageMasking/97463205e2735f44bfbc56adb995e9b6307ad576"
 * maxCoresAvailable =  Unknown Type "unsigned int" (default)
 * maxMemoryAvailable = 18446744073709551615 (default)
 * maxNbFeatures = 0 (default)
 * maxThreads = 0
 * output = "D:/ly/stage3/gun11/MeshroomCache/FeatureExtraction/fcc350a26290f5e4ad46fc677caa69adf64d437b"
 * rangeSize = 40
 * rangeStart = 0
 * relativePeakThreshold = 0.02 (default)
 * verboseLevel = "info"
 * workingColorSpace =  Unknown Type "enum aliceVision::image::EImageColorSpace"

Hardware : 
	Detected core count : 16
	OpenMP will use 16 cores
	Detected available memory : 5689 Mo

[02:14:42.791926][info] CUDA-Enabled GPU.
Device information:
	- id:                      0
	- name:                    NVIDIA GeForce RTX 2060
	- compute capability:      7.5
	- clock frequency (kHz):   1350000
	- total device memory:     6143 MB 
	- device memory available: 5130 MB 
	- per-block shared memory: 49152
	- warp size:               32
	- max threads per block:   1024
	- max threads per SM(X):   1024
	- max block sizes:         {1024,1024,64}
	- max grid sizes:          {2147483647,65535,65535}
	- max 2D array texture:    {131072,65536}
	- max 3D array texture:    {16384,16384,16384}
	- max 2D linear texture:   {131072,65000,2097120}
	- max 2D layered texture:  {32768,32768,2048}
	- number of SM(x)s:        30
	- registers per SM(x):     65536
	- registers per block:     65536
	- concurrent kernels:      yes
	- mapping host memory:     yes
	- unified addressing:      yes
	- texture alignment:       512 byte
	- pitch alignment:         32 byte
CUDA build version: 11.6
0
[02:14:43.112041][info] Supported CUDA-Enabled GPU detected.
[02:14:43.113046][info] Job max memory consumption for one image: 2370 MB
[02:14:43.113046][info] Memory information: 
	- Total RAM:     15.8392 GB
	- Free RAM:      5.49348 GB
	- Available RAM: 5.49348 GB
	- Total swap:    131072 GB
	- Free swap:     131035 GB
[02:14:43.113046][info] Max number of threads regarding memory usage: 2
[02:14:43.113046][warning] More than half of the RAM is used by other applications. It would be more efficient to close them.
[02:14:43.113046][warning]  => 10 GB are used by other applications for a total RAM capacity of 16 GB.
[02:14:43.113046][info] # threads for extraction: 2
[02:14:43.196325][info] Extracting sift features from view 'D:/ly/stage3/gun11/output/output_0010.jpeg' [cpu]
[02:14:43.197334][info] Extracting sift features from view 'D:/ly/stage3/gun11/output/output_0006.jpeg' [cpu]
[02:14:47.512133][info]       1585 sift features extracted from view 'D:/ly/stage3/gun11/output/output_0010.jpeg'
[02:14:47.512133][info] Extracting akaze features from view 'D:/ly/stage3/gun11/output/output_0010.jpeg' [cpu]
[02:14:47.841905][info]       2238 sift features extracted from view 'D:/ly/stage3/gun11/output/output_0006.jpeg'
[02:14:47.841905][info] Extracting akaze features from view 'D:/ly/stage3/gun11/output/output_0006.jpeg' [cpu]
[02:14:48.874905][info]       625 akaze features extracted from view 'D:/ly/stage3/gun11/output/output_0010.jpeg'
[02:14:48.965364][info] Extracting sift features from view 'D:/ly/stage3/gun11/output/output_0011.jpeg' [cpu]
[02:14:49.186455][info]       659 akaze features extracted from view 'D:/ly/stage3/gun11/output/output_0006.jpeg'
[02:14:49.269335][info] Extracting sift features from view 'D:/ly/stage3/gun11/output/output_0009.jpeg' [cpu]
[02:14:53.112444][info]       1745 sift features extracted from view 'D:/ly/stage3/gun11/output/output_0011.jpeg'
[02:14:53.112444][info] Extracting akaze features from view 'D:/ly/stage3/gun11/output/output_0011.jpeg' [cpu]
[02:14:53.527072][info]       1943 sift features extracted from view 'D:/ly/stage3/gun11/output/output_0009.jpeg'
[02:14:53.527072][info] Extracting akaze features from view 'D:/ly/stage3/gun11/output/output_0009.jpeg' [cpu]
[02:14:54.184889][info]       729 akaze features extracted from view 'D:/ly/stage3/gun11/output/output_0011.jpeg'
[02:14:54.551469][info]       707 akaze features extracted from view 'D:/ly/stage3/gun11/output/output_0009.jpeg'
[02:14:54.635788][info] Extracting sift features from view 'D:/ly/stage3/gun11/output/output_0008.jpeg' [cpu]
[02:14:58.188638][info]       3005 sift features extracted from view 'D:/ly/stage3/gun11/output/output_0008.jpeg'
[02:14:58.188638][info] Extracting akaze features from view 'D:/ly/stage3/gun11/output/output_0008.jpeg' [cpu]
[02:14:59.040035][info]       890 akaze features extracted from view 'D:/ly/stage3/gun11/output/output_0008.jpeg'
[02:14:59.041035][info] Task done in (s): 15.928000
