[2024-09-12 12:42:48.916065] [0x00013244] [trace]   Embedded OCIO configuration file: 'D:\ly\stage3\Meshroom-2023.2.0-win64\Meshroom-2023.2.0\aliceVision/share/aliceVision/config.ocio' found.
Program called with the following parameters:
 * algorithm =  Unknown Type "enum EAlgorithm"
 * depthMapExp = ""
 * depthMapFolder = ""
 * growRadius = 0
 * hsvHue = 0.33 (default)
 * hsvHueRange = 0.1 (default)
 * hsvMaxSaturation = 1 (default)
 * hsvMaxValue = 1 (default)
 * hsvMinSaturation = 0.3 (default)
 * hsvMinValue = 0.3 (default)
 * input = "D:/ly/stage3/MeshroomCache/CameraInit/afc8dd93ded09e23ce55ae946c16c0c47049d765/cameraInit.sfm"
 * invert = 1
 * maxCoresAvailable =  Unknown Type "unsigned int" (default)
 * maxMemoryAvailable = 18446744073709551615 (default)
 * output = "D:/ly/stage3/MeshroomCache/ImageMasking/44a70895667f5a0fc730d62b9a36092da6e6bb30"
 * rangeSize = 40
 * rangeStart = 0
 * shrinkRadius = 0
 * verboseLevel = "info"

Hardware : 
	Detected core count : 16
	OpenMP will use 16 cores
	Detected available memory : 5426 Mo

[12:42:49.395398][info] Task done in (s): 0.475000
