[2024-09-04 02:21:26.899542] [0x0000f1d4] [trace]   Embedded OCIO configuration file: 'D:\ly\stage3\Meshroom-2023.2.0-win64\Meshroom-2023.2.0\aliceVision/share/aliceVision/config.ocio' found.
Program called with the following parameters:
 * autoAdjustSmallImage = 1
 * chooseTCamsPerTile = 1
 * colorOptimizationEnabled = 1
 * colorOptimizationNbIterations = 100
 * customPatchPatternGroupSubpartsPerLevel = 0 (default)
 * customPatchPatternSubparts =  Unknown Type "class std::vector<struct aliceVision::depthMap::CustomPatchPatternParams::SubpartParams,class std::allocator<struct aliceVision::depthMap::CustomPatchPatternParams::SubpartParams> >" (default)
 * downscale = 2
 * exportIntermediateCrossVolumes = 0
 * exportIntermediateDepthSimMaps = 0
 * exportIntermediateNormalMaps = 0
 * exportIntermediateTopographicCutVolumes = 0
 * exportIntermediateVolume9pCsv = 0
 * exportIntermediateVolumes = 0
 * exportTilePattern = 0
 * imagesFolder = "D:/ly/stage3/gun11/MeshroomCache/PrepareDenseScene/11f2dfd279d612e8fcc398e32d3bd9370c2e1014"
 * input = "D:/ly/stage3/gun11/MeshroomCache/StructureFromMotion/8141112b1aeb9d6b5d500029988764ad01ffd2ef/sfm.abc"
 * maxCoresAvailable =  Unknown Type "unsigned int" (default)
 * maxMemoryAvailable = 18446744073709551615 (default)
 * maxTCams = 10
 * maxViewAngle = 70
 * minViewAngle = 2
 * nbGPUs = 0
 * output = "D:/ly/stage3/gun11/MeshroomCache/DepthMap/3e586ab3179b7333f370bc5d6aaa02b7d98aeaeb"
 * rangeSize = 3
 * rangeStart = 3
 * refineEnabled = 1
 * refineGammaC = 15.5
 * refineGammaP = 8
 * refineHalfNbDepths = 15
 * refineInterpolateMiddleDepth = 0
 * refineMaxTCamsPerTile = 4
 * refineScale = 1
 * refineSigma = 15
 * refineStepXY = 1
 * refineSubsampling = 10
 * refineUseConsistentScale = 0
 * refineUseCustomPatchPattern = 0
 * refineWSH = 3
 * sgmDepthListPerTile = 1
 * sgmDepthThicknessInflate = 0
 * sgmFilteringAxes = "YX"
 * sgmGammaC = 5.5
 * sgmGammaP = 8
 * sgmMaxDepths = 1500
 * sgmMaxSimilarity = 1
 * sgmMaxTCamsPerTile = 4
 * sgmP1 = 10
 * sgmP2Weighting = 100
 * sgmScale = 2
 * sgmSeedsRangeInflate = 0.2
 * sgmStepXY = 2
 * sgmStepZ = -1
 * sgmUseConsistentScale = 0
 * sgmUseCustomPatchPattern = 0
 * sgmUseSfmSeeds = 1
 * sgmWSH = 4
 * tileBufferHeight = 1024
 * tileBufferWidth = 1024
 * tilePadding = 64
 * verboseLevel = "info"

Hardware : 
	Detected core count : 16
	OpenMP will use 16 cores
	Detected available memory : 5393 Mo

[02:21:26.907043][info] CUDA-Enabled GPU.
Device information:
	- id:                      0
	- name:                    NVIDIA GeForce RTX 2060
	- compute capability:      7.5
	- clock frequency (kHz):   1350000
	- total device memory:     6143 MB 
	- device memory available: 5130 MB 
	- per-block shared memory: 49152
	- warp size:               32
	- max threads per block:   1024
	- max threads per SM(X):   1024
	- max block sizes:         {1024,1024,64}
	- max grid sizes:          {2147483647,65535,65535}
	- max 2D array texture:    {131072,65536}
	- max 3D array texture:    {16384,16384,16384}
	- max 2D linear texture:   {131072,65000,2097120}
	- max 2D layered texture:  {32768,32768,2048}
	- number of SM(x)s:        30
	- registers per SM(x):     65536
	- registers per block:     65536
	- concurrent kernels:      yes
	- mapping host memory:     yes
	- unified addressing:      yes
	- texture alignment:       512 byte
	- pitch alignment:         32 byte
CUDA build version: 11.6
[02:21:27.077814][info] Supported CUDA-Enabled GPU detected.
[02:21:27.107275][info] Found 1 image dimension(s): 
[02:21:27.107275][info] 	- [1920x1080]
[02:21:27.134869][info] Overall maximum dimension: [1920x1080]
[02:21:27.134869][warning] Tile buffer size (width: 1024, height: 1024) is larger than the maximum image size (width: 960, height: 540).
[02:21:27.134869][warning] Single tile computation, override SGM maximum number of T cameras per tile (before: 4, now: 10).
[02:21:27.134869][warning] Single tile computation, override Refine maximum number of T cameras per tile (before: 4, now: 10).
[02:21:27.134869][warning] Single tile computation, override SGM step XY (before: 2, now: 1).
[02:21:27.134869][info] Tiling information: 
	- parameters: 
	      - buffer width:  1024 px
	      - buffer height: 1024 px
	      - padding: 64 px
	- maximum downscale:  2
	- maximum image width:  960 px
	- maximum image height: 540 px
[02:21:27.134869][info] Maximum image size is smaller than one tile, use only one tile.
[02:21:27.134869][info] SGM parameters:
	- scale: 2
	- stepXY: 1
[02:21:27.134869][info] Refine parameters:
	- scale: 1
	- stepXY: 1
[02:21:27.134869][info] Number of GPU devices: 1, number of CPU threads: 16
[02:21:27.179469][info] Device memory:
	- available: 4104.7 MB
	- requirement for the first tile: 917.126 MB
	- # computation buffers per tile: 851.867 MB (Sgm: 757.867 MB, Refine: 94 MB)
	- # input images (R + 10 Ts): 65.2588 MB (single mipmap image size: 5.93262 MB)
[02:21:27.179469][info] Parallelization:
	- # tiles per image: 1
	- # simultaneous depth maps computation: 4
	- # simultaneous tiles computation: 4
[02:21:27.205043][info] Device memory (device id: 0):
	- used: 3570.44 MB
	- available: 2573.25 MB
	- total: 6143.69 MB
[02:21:29.331921][info] (rc: 3, tile: 1/1) Camera / Depth information: 
	- R camera:
	   - id: 3
	   - view id: 468034491
	   - depth planes: 600
	   - depths range: [1.08482e-05-3.38377]
	- T cameras:
	   - T camera (1/10):
	      - id: 2
	      - view id: 462450697
	      - depth planes: 303
	      - depths range: [0.386394-3.38377]
	      - depth indexes range: [297-600]
	   - T camera (2/10):
	      - id: 1
	      - view id: 446678479
	      - depth planes: 284
	      - depths range: [0.430105-3.38377]
	      - depth indexes range: [316-600]
	   - T camera (3/10):
	      - id: 10
	      - view id: 1246073181
	      - depth planes: 413
	      - depths range: [0.201951-3.38377]
	      - depth indexes range: [187-600]
	   - T camera (4/10):
	      - id: 7
	      - view id: 1064146393
	      - depth planes: 299
	      - depths range: [0.394989-3.38377]
	      - depth indexes range: [301-600]
	   - T camera (5/10):
	      - id: 9
	      - view id: 1229031559
	      - depth planes: 238
	      - depths range: [0.541744-3.38377]
	      - depth indexes range: [362-600]
	   - T camera (6/10):
	      - id: 6
	      - view id: 1007986102
	      - depth planes: 414
	      - depths range: [0.200807-3.38377]
	      - depth indexes range: [186-600]
	   - T camera (7/10):
	      - id: 13
	      - view id: 1266115035
	      - depth planes: 570
	      - depths range: [0.0257197-3.38377]
	      - depth indexes range: [30-600]
	   - T camera (8/10):
	      - id: 14
	      - view id: 1266546792
	      - depth planes: 528
	      - depths range: [1.08482e-05-1.44014]
	      - depth indexes range: [0-528]
	   - T camera (9/10):
	      - id: 5
	      - view id: 927178761
	      - depth planes: 529
	      - depths range: [0.000760185-1.46503]
	      - depth indexes range: [1-530]
	   - T camera (10/10):
	      - id: 4
	      - view id: 924517586
	      - depth planes: 486
	      - depths range: [0.000760185-1.05678]
	      - depth indexes range: [1-487]
[02:21:29.331921][info] (rc: 3, tile: 1/1) SGM depth/thickness map of view id: 468034491, rc: 3 (4 / 16).
[02:21:29.332921][info] (rc: 3, tile: 1/1) SGM Compute similarity volume.
[02:21:29.332921][info] (rc: 3, tile: 1/1) SGM Compute similarity volume done.
[02:21:29.332921][info] (rc: 3, tile: 1/1) SGM Optimizing volume (filtering axes: YX).
[02:21:30.306911][info] (rc: 3, tile: 1/1) SGM Optimizing volume done.
[02:21:30.306911][info] (rc: 3, tile: 1/1) SGM Retrieve best depth in volume.
[02:21:30.306911][info] (rc: 3, tile: 1/1) SGM Retrieve best depth in volume done.
[02:21:30.306911][info] (rc: 3, tile: 1/1) SGM depth/thickness map done.
[02:21:30.306911][info] (rc: 3, tile: 1/1) SGM Smooth thickness map.
[02:21:30.306911][info] (rc: 3, tile: 1/1) SGM Smooth thickness map done.
[02:21:30.306911][info] (rc: 3, tile: 1/1) Refine depth/sim map of view id: 468034491, rc: 3 (4 / 16).
[02:21:30.306911][info] (rc: 3, tile: 1/1) Refine and fuse depth/sim map volume.
[02:21:30.307910][info] (rc: 3, tile: 1/1) Refine and fuse depth/sim map volume done.
[02:21:30.307910][info] (rc: 3, tile: 1/1) Color optimize depth/sim map.
[02:21:30.354282][info] (rc: 3, tile: 1/1) Color optimize depth/sim map done.
[02:21:30.354282][info] (rc: 3, tile: 1/1) Refine depth/sim map done.
[02:21:30.356284][info] (rc: 4, tile: 1/1) Camera / Depth information: 
	- R camera:
	   - id: 4
	   - view id: 924517586
	   - depth planes: 338
	   - depths range: [0.41302-2.23815]
	- T cameras:
	   - T camera (1/10):
	      - id: 2
	      - view id: 462450697
	      - depth planes: 256
	      - depths range: [0.55655-2.23815]
	      - depth indexes range: [82-338]
	   - T camera (2/10):
	      - id: 10
	      - view id: 1246073181
	      - depth planes: 338
	      - depths range: [0.41302-2.23815]
	      - depth indexes range: [0-338]
	   - T camera (3/10):
	      - id: 7
	      - view id: 1064146393
	      - depth planes: 248
	      - depths range: [0.570858-2.23815]
	      - depth indexes range: [90-338]
	   - T camera (4/10):
	      - id: 1
	      - view id: 446678479
	      - depth planes: 233
	      - depths range: [0.59962-2.23815]
	      - depth indexes range: [105-338]
	   - T camera (5/10):
	      - id: 11
	      - view id: 1247110223
	      - depth planes: 256
	      - depths range: [0.55655-2.23815]
	      - depth indexes range: [82-338]
	   - T camera (6/10):
	      - id: 6
	      - view id: 1007986102
	      - depth planes: 338
	      - depths range: [0.41302-2.23815]
	      - depth indexes range: [0-338]
	   - T camera (7/10):
	      - id: 9
	      - view id: 1229031559
	      - depth planes: 185
	      - depths range: [0.712974-2.23815]
	      - depth indexes range: [153-338]
	   - T camera (8/10):
	      - id: 13
	      - view id: 1266115035
	      - depth planes: 338
	      - depths range: [0.41302-2.23815]
	      - depth indexes range: [0-338]
	   - T camera (9/10):
	      - id: 5
	      - view id: 927178761
	      - depth planes: 338
	      - depths range: [0.41302-2.23815]
	      - depth indexes range: [0-338]
	   - T camera (10/10):
	      - id: 3
	      - view id: 468034491
	      - depth planes: 209
	      - depths range: [0.41302-0.899453]
	      - depth indexes range: [0-209]
[02:21:30.356284][info] (rc: 4, tile: 1/1) SGM depth/thickness map of view id: 924517586, rc: 4 (5 / 16).
[02:21:30.356284][info] (rc: 4, tile: 1/1) SGM Compute similarity volume.
[02:21:30.357282][info] (rc: 4, tile: 1/1) SGM Compute similarity volume done.
[02:21:30.357282][info] (rc: 4, tile: 1/1) SGM Optimizing volume (filtering axes: YX).
[02:21:31.115447][info] (rc: 4, tile: 1/1) SGM Optimizing volume done.
[02:21:31.115447][info] (rc: 4, tile: 1/1) SGM Retrieve best depth in volume.
[02:21:31.115447][info] (rc: 4, tile: 1/1) SGM Retrieve best depth in volume done.
[02:21:31.115447][info] (rc: 4, tile: 1/1) SGM depth/thickness map done.
[02:21:31.115447][info] (rc: 4, tile: 1/1) SGM Smooth thickness map.
[02:21:31.115447][info] (rc: 4, tile: 1/1) SGM Smooth thickness map done.
[02:21:31.115447][info] (rc: 4, tile: 1/1) Refine depth/sim map of view id: 924517586, rc: 4 (5 / 16).
[02:21:31.115447][info] (rc: 4, tile: 1/1) Refine and fuse depth/sim map volume.
[02:21:31.116449][info] (rc: 4, tile: 1/1) Refine and fuse depth/sim map volume done.
[02:21:31.116449][info] (rc: 4, tile: 1/1) Color optimize depth/sim map.
[02:21:31.146274][info] (rc: 4, tile: 1/1) Color optimize depth/sim map done.
[02:21:31.146274][info] (rc: 4, tile: 1/1) Refine depth/sim map done.
[02:21:31.148275][info] (rc: 5, tile: 1/1) Camera / Depth information: 
	- R camera:
	   - id: 5
	   - view id: 927178761
	   - depth planes: 524
	   - depths range: [0.262531-2.42437]
	- T cameras:
	   - T camera (1/10):
	      - id: 10
	      - view id: 1246073181
	      - depth planes: 496
	      - depths range: [0.285032-2.42437]
	      - depth indexes range: [28-524]
	   - T camera (2/10):
	      - id: 2
	      - view id: 462450697
	      - depth planes: 370
	      - depths range: [0.452672-2.42437]
	      - depth indexes range: [154-524]
	   - T camera (3/10):
	      - id: 7
	      - view id: 1064146393
	      - depth planes: 368
	      - depths range: [0.45583-2.42437]
	      - depth indexes range: [156-524]
	   - T camera (4/10):
	      - id: 1
	      - view id: 446678479
	      - depth planes: 344
	      - depths range: [0.495086-2.42437]
	      - depth indexes range: [180-524]
	   - T camera (5/10):
	      - id: 6
	      - view id: 1007986102
	      - depth planes: 412
	      - depths range: [0.390624-2.42437]
	      - depth indexes range: [112-524]
	   - T camera (6/10):
	      - id: 11
	      - view id: 1247110223
	      - depth planes: 298
	      - depths range: [0.57048-2.42437]
	      - depth indexes range: [226-524]
	   - T camera (7/10):
	      - id: 4
	      - view id: 924517586
	      - depth planes: 524
	      - depths range: [0.262531-2.42437]
	      - depth indexes range: [0-524]
	   - T camera (8/10):
	      - id: 14
	      - view id: 1266546792
	      - depth planes: 524
	      - depths range: [0.262531-2.42437]
	      - depth indexes range: [0-524]
	   - T camera (9/10):
	      - id: 13
	      - view id: 1266115035
	      - depth planes: 510
	      - depths range: [0.262531-2.12985]
	      - depth indexes range: [0-510]
	   - T camera (10/10):
	      - id: 3
	      - view id: 468034491
	      - depth planes: 479
	      - depths range: [0.262531-1.67283]
	      - depth indexes range: [0-479]
[02:21:31.148275][info] (rc: 5, tile: 1/1) SGM depth/thickness map of view id: 927178761, rc: 5 (6 / 16).
[02:21:31.148275][info] (rc: 5, tile: 1/1) SGM Compute similarity volume.
[02:21:31.148275][info] (rc: 5, tile: 1/1) SGM Compute similarity volume done.
[02:21:31.148275][info] (rc: 5, tile: 1/1) SGM Optimizing volume (filtering axes: YX).
[02:21:32.111184][info] (rc: 5, tile: 1/1) SGM Optimizing volume done.
[02:21:32.111184][info] (rc: 5, tile: 1/1) SGM Retrieve best depth in volume.
[02:21:32.111184][info] (rc: 5, tile: 1/1) SGM Retrieve best depth in volume done.
[02:21:32.111184][info] (rc: 5, tile: 1/1) SGM depth/thickness map done.
[02:21:32.111184][info] (rc: 5, tile: 1/1) SGM Smooth thickness map.
[02:21:32.111184][info] (rc: 5, tile: 1/1) SGM Smooth thickness map done.
[02:21:32.111184][info] (rc: 5, tile: 1/1) Refine depth/sim map of view id: 927178761, rc: 5 (6 / 16).
[02:21:32.111184][info] (rc: 5, tile: 1/1) Refine and fuse depth/sim map volume.
[02:21:32.111184][info] (rc: 5, tile: 1/1) Refine and fuse depth/sim map volume done.
[02:21:32.111184][info] (rc: 5, tile: 1/1) Color optimize depth/sim map.
[02:21:32.158798][info] (rc: 5, tile: 1/1) Color optimize depth/sim map done.
[02:21:32.158798][info] (rc: 5, tile: 1/1) Refine depth/sim map done.
[02:21:32.501824][info] Task done in (s): 5.600000
