[2024-09-04 02:21:43.756738] [0x0000d26c] [trace]   Embedded OCIO configuration file: 'D:\ly\stage3\Meshroom-2023.2.0-win64\Meshroom-2023.2.0\aliceVision/share/aliceVision/config.ocio' found.
Program called with the following parameters:
 * autoAdjustSmallImage = 1
 * chooseTCamsPerTile = 1
 * colorOptimizationEnabled = 1
 * colorOptimizationNbIterations = 100
 * customPatchPatternGroupSubpartsPerLevel = 0 (default)
 * customPatchPatternSubparts =  Unknown Type "class std::vector<struct aliceVision::depthMap::CustomPatchPatternParams::SubpartParams,class std::allocator<struct aliceVision::depthMap::CustomPatchPatternParams::SubpartParams> >" (default)
 * downscale = 2
 * exportIntermediateCrossVolumes = 0
 * exportIntermediateDepthSimMaps = 0
 * exportIntermediateNormalMaps = 0
 * exportIntermediateTopographicCutVolumes = 0
 * exportIntermediateVolume9pCsv = 0
 * exportIntermediateVolumes = 0
 * exportTilePattern = 0
 * imagesFolder = "D:/ly/stage3/gun11/MeshroomCache/PrepareDenseScene/11f2dfd279d612e8fcc398e32d3bd9370c2e1014"
 * input = "D:/ly/stage3/gun11/MeshroomCache/StructureFromMotion/8141112b1aeb9d6b5d500029988764ad01ffd2ef/sfm.abc"
 * maxCoresAvailable =  Unknown Type "unsigned int" (default)
 * maxMemoryAvailable = 18446744073709551615 (default)
 * maxTCams = 10
 * maxViewAngle = 70
 * minViewAngle = 2
 * nbGPUs = 0
 * output = "D:/ly/stage3/gun11/MeshroomCache/DepthMap/3e586ab3179b7333f370bc5d6aaa02b7d98aeaeb"
 * rangeSize = 3
 * rangeStart = 12
 * refineEnabled = 1
 * refineGammaC = 15.5
 * refineGammaP = 8
 * refineHalfNbDepths = 15
 * refineInterpolateMiddleDepth = 0
 * refineMaxTCamsPerTile = 4
 * refineScale = 1
 * refineSigma = 15
 * refineStepXY = 1
 * refineSubsampling = 10
 * refineUseConsistentScale = 0
 * refineUseCustomPatchPattern = 0
 * refineWSH = 3
 * sgmDepthListPerTile = 1
 * sgmDepthThicknessInflate = 0
 * sgmFilteringAxes = "YX"
 * sgmGammaC = 5.5
 * sgmGammaP = 8
 * sgmMaxDepths = 1500
 * sgmMaxSimilarity = 1
 * sgmMaxTCamsPerTile = 4
 * sgmP1 = 10
 * sgmP2Weighting = 100
 * sgmScale = 2
 * sgmSeedsRangeInflate = 0.2
 * sgmStepXY = 2
 * sgmStepZ = -1
 * sgmUseConsistentScale = 0
 * sgmUseCustomPatchPattern = 0
 * sgmUseSfmSeeds = 1
 * sgmWSH = 4
 * tileBufferHeight = 1024
 * tileBufferWidth = 1024
 * tilePadding = 64
 * verboseLevel = "info"

Hardware : 
	Detected core count : 16
	OpenMP will use 16 cores
	Detected available memory : 5416 Mo

[02:21:43.761731][info] CUDA-Enabled GPU.
Device information:
	- id:                      0
	- name:                    NVIDIA GeForce RTX 2060
	- compute capability:      7.5
	- clock frequency (kHz):   1350000
	- total device memory:     6143 MB 
	- device memory available: 5130 MB 
	- per-block shared memory: 49152
	- warp size:               32
	- max threads per block:   1024
	- max threads per SM(X):   1024
	- max block sizes:         {1024,1024,64}
	- max grid sizes:          {2147483647,65535,65535}
	- max 2D array texture:    {131072,65536}
	- max 3D array texture:    {16384,16384,16384}
	- max 2D linear texture:   {131072,65000,2097120}
	- max 2D layered texture:  {32768,32768,2048}
	- number of SM(x)s:        30
	- registers per SM(x):     65536
	- registers per block:     65536
	- concurrent kernels:      yes
	- mapping host memory:     yes
	- unified addressing:      yes
	- texture alignment:       512 byte
	- pitch alignment:         32 byte
CUDA build version: 11.6
[02:21:43.893241][info] Supported CUDA-Enabled GPU detected.
[02:21:43.914714][info] Found 1 image dimension(s): 
[02:21:43.914714][info] 	- [1920x1080]
[02:21:43.939765][info] Overall maximum dimension: [1920x1080]
[02:21:43.939765][warning] Tile buffer size (width: 1024, height: 1024) is larger than the maximum image size (width: 960, height: 540).
[02:21:43.939765][warning] Single tile computation, override SGM maximum number of T cameras per tile (before: 4, now: 10).
[02:21:43.939765][warning] Single tile computation, override Refine maximum number of T cameras per tile (before: 4, now: 10).
[02:21:43.940763][warning] Single tile computation, override SGM step XY (before: 2, now: 1).
[02:21:43.940763][info] Tiling information: 
	- parameters: 
	      - buffer width:  1024 px
	      - buffer height: 1024 px
	      - padding: 64 px
	- maximum downscale:  2
	- maximum image width:  960 px
	- maximum image height: 540 px
[02:21:43.940763][info] Maximum image size is smaller than one tile, use only one tile.
[02:21:43.940763][info] SGM parameters:
	- scale: 2
	- stepXY: 1
[02:21:43.940763][info] Refine parameters:
	- scale: 1
	- stepXY: 1
[02:21:43.940763][info] Number of GPU devices: 1, number of CPU threads: 16
[02:21:43.980016][info] Device memory:
	- available: 4104.7 MB
	- requirement for the first tile: 917.126 MB
	- # computation buffers per tile: 851.867 MB (Sgm: 757.867 MB, Refine: 94 MB)
	- # input images (R + 10 Ts): 65.2588 MB (single mipmap image size: 5.93262 MB)
[02:21:43.980016][info] Parallelization:
	- # tiles per image: 1
	- # simultaneous depth maps computation: 4
	- # simultaneous tiles computation: 4
[02:21:44.008899][info] Device memory (device id: 0):
	- used: 3570.44 MB
	- available: 2573.25 MB
	- total: 6143.69 MB
[02:21:46.556619][info] (rc: 12, tile: 1/1) Camera / Depth information: 
	- R camera:
	   - id: 12
	   - view id: 1253953133
	   - depth planes: 336
	   - depths range: [0.39457-1.58058]
	- T cameras:
	   - T camera (1/10):
	      - id: 9
	      - view id: 1229031559
	      - depth planes: 300
	      - depths range: [0.480405-1.58058]
	      - depth indexes range: [36-336]
	   - T camera (2/10):
	      - id: 0
	      - view id: 395484995
	      - depth planes: 336
	      - depths range: [0.39457-1.58058]
	      - depth indexes range: [0-336]
	   - T camera (3/10):
	      - id: 2
	      - view id: 462450697
	      - depth planes: 231
	      - depths range: [0.644922-1.58058]
	      - depth indexes range: [105-336]
	   - T camera (4/10):
	      - id: 1
	      - view id: 446678479
	      - depth planes: 301
	      - depths range: [0.478021-1.58058]
	      - depth indexes range: [35-336]
	   - T camera (5/10):
	      - id: 3
	      - view id: 468034491
	      - depth planes: 190
	      - depths range: [0.742679-1.58058]
	      - depth indexes range: [146-336]
	   - T camera (6/10):
	      - id: 13
	      - view id: 1266115035
	      - depth planes: 202
	      - depths range: [0.714067-1.58058]
	      - depth indexes range: [134-336]
	   - T camera (7/10):
	      - id: 4
	      - view id: 924517586
	      - depth planes: 194
	      - depths range: [0.733141-1.58058]
	      - depth indexes range: [142-336]
	   - T camera (8/10):
	      - id: 5
	      - view id: 927178761
	      - depth planes: 242
	      - depths range: [0.618695-1.58058]
	      - depth indexes range: [94-336]
	   - T camera (9/10):
	      - id: 7
	      - view id: 1064146393
	      - depth planes: 284
	      - depths range: [0.518554-1.58058]
	      - depth indexes range: [52-336]
	   - T camera (10/10):
	      - id: 10
	      - view id: 1246073181
	      - depth planes: 217
	      - depths range: [0.678302-1.58058]
	      - depth indexes range: [119-336]
[02:21:46.556619][info] (rc: 12, tile: 1/1) SGM depth/thickness map of view id: 1253953133, rc: 12 (13 / 16).
[02:21:46.556619][info] (rc: 12, tile: 1/1) SGM Compute similarity volume.
[02:21:46.556619][info] (rc: 12, tile: 1/1) SGM Compute similarity volume done.
[02:21:46.556619][info] (rc: 12, tile: 1/1) SGM Optimizing volume (filtering axes: YX).
[02:21:47.068939][info] (rc: 12, tile: 1/1) SGM Optimizing volume done.
[02:21:47.068939][info] (rc: 12, tile: 1/1) SGM Retrieve best depth in volume.
[02:21:47.068939][info] (rc: 12, tile: 1/1) SGM Retrieve best depth in volume done.
[02:21:47.068939][info] (rc: 12, tile: 1/1) SGM depth/thickness map done.
[02:21:47.068939][info] (rc: 12, tile: 1/1) SGM Smooth thickness map.
[02:21:47.068939][info] (rc: 12, tile: 1/1) SGM Smooth thickness map done.
[02:21:47.068939][info] (rc: 12, tile: 1/1) Refine depth/sim map of view id: 1253953133, rc: 12 (13 / 16).
[02:21:47.068939][info] (rc: 12, tile: 1/1) Refine and fuse depth/sim map volume.
[02:21:47.068939][info] (rc: 12, tile: 1/1) Refine and fuse depth/sim map volume done.
[02:21:47.068939][info] (rc: 12, tile: 1/1) Color optimize depth/sim map.
[02:21:47.084981][info] (rc: 12, tile: 1/1) Color optimize depth/sim map done.
[02:21:47.084981][info] (rc: 12, tile: 1/1) Refine depth/sim map done.
[02:21:47.086987][info] (rc: 13, tile: 1/1) Camera / Depth information: 
	- R camera:
	   - id: 13
	   - view id: 1266115035
	   - depth planes: 655
	   - depths range: [0.210619-3.48964]
	- T cameras:
	   - T camera (1/10):
	      - id: 10
	      - view id: 1246073181
	      - depth planes: 584
	      - depths range: [0.266747-3.48964]
	      - depth indexes range: [71-655]
	   - T camera (2/10):
	      - id: 2
	      - view id: 462450697
	      - depth planes: 286
	      - depths range: [0.604811-3.48964]
	      - depth indexes range: [369-655]
	   - T camera (3/10):
	      - id: 7
	      - view id: 1064146393
	      - depth planes: 271
	      - depths range: [0.636341-3.48964]
	      - depth indexes range: [384-655]
	   - T camera (4/10):
	      - id: 14
	      - view id: 1266546792
	      - depth planes: 505
	      - depths range: [0.338157-3.48964]
	      - depth indexes range: [150-655]
	   - T camera (5/10):
	      - id: 1
	      - view id: 446678479
	      - depth planes: 267
	      - depths range: [0.645313-3.48964]
	      - depth indexes range: [388-655]
	   - T camera (6/10):
	      - id: 6
	      - view id: 1007986102
	      - depth planes: 316
	      - depths range: [0.550295-3.48964]
	      - depth indexes range: [339-655]
	   - T camera (7/10):
	      - id: 9
	      - view id: 1229031559
	      - depth planes: 220
	      - depths range: [0.765267-3.48964]
	      - depth indexes range: [435-655]
	   - T camera (8/10):
	      - id: 4
	      - view id: 924517586
	      - depth planes: 546
	      - depths range: [0.300707-3.48964]
	      - depth indexes range: [109-655]
	   - T camera (9/10):
	      - id: 3
	      - view id: 468034491
	      - depth planes: 406
	      - depths range: [0.428697-3.48964]
	      - depth indexes range: [249-655]
	   - T camera (10/10):
	      - id: 5
	      - view id: 927178761
	      - depth planes: 621
	      - depths range: [0.210619-2.22015]
	      - depth indexes range: [0-621]
[02:21:47.086987][info] (rc: 13, tile: 1/1) SGM depth/thickness map of view id: 1266115035, rc: 13 (14 / 16).
[02:21:47.086987][info] (rc: 13, tile: 1/1) SGM Compute similarity volume.
[02:21:47.087983][info] (rc: 13, tile: 1/1) SGM Compute similarity volume done.
[02:21:47.087983][info] (rc: 13, tile: 1/1) SGM Optimizing volume (filtering axes: YX).
[02:21:48.099490][info] (rc: 13, tile: 1/1) SGM Optimizing volume done.
[02:21:48.099490][info] (rc: 13, tile: 1/1) SGM Retrieve best depth in volume.
[02:21:48.099490][info] (rc: 13, tile: 1/1) SGM Retrieve best depth in volume done.
[02:21:48.099490][info] (rc: 13, tile: 1/1) SGM depth/thickness map done.
[02:21:48.099490][info] (rc: 13, tile: 1/1) SGM Smooth thickness map.
[02:21:48.099490][info] (rc: 13, tile: 1/1) SGM Smooth thickness map done.
[02:21:48.099490][info] (rc: 13, tile: 1/1) Refine depth/sim map of view id: 1266115035, rc: 13 (14 / 16).
[02:21:48.099490][info] (rc: 13, tile: 1/1) Refine and fuse depth/sim map volume.
[02:21:48.099490][info] (rc: 13, tile: 1/1) Refine and fuse depth/sim map volume done.
[02:21:48.099490][info] (rc: 13, tile: 1/1) Color optimize depth/sim map.
[02:21:48.146243][info] (rc: 13, tile: 1/1) Color optimize depth/sim map done.
[02:21:48.146243][info] (rc: 13, tile: 1/1) Refine depth/sim map done.
[02:21:48.148243][info] (rc: 14, tile: 1/1) Camera / Depth information: 
	- R camera:
	   - id: 14
	   - view id: 1266546792
	   - depth planes: 780
	   - depths range: [0.19347-9.74925]
	- T cameras:
	   - T camera (1/10):
	      - id: 7
	      - view id: 1064146393
	      - depth planes: 305
	      - depths range: [0.587434-7.02796]
	      - depth indexes range: [467-772]
	   - T camera (2/10):
	      - id: 2
	      - view id: 462450697
	      - depth planes: 304
	      - depths range: [0.578367-5.80977]
	      - depth indexes range: [462-766]
	   - T camera (3/10):
	      - id: 13
	      - view id: 1266115035
	      - depth planes: 559
	      - depths range: [0.256461-5.20734]
	      - depth indexes range: [203-762]
	   - T camera (4/10):
	      - id: 10
	      - view id: 1246073181
	      - depth planes: 435
	      - depths range: [0.39848-9.74925]
	      - depth indexes range: [345-780]
	   - T camera (5/10):
	      - id: 1
	      - view id: 446678479
	      - depth planes: 291
	      - depths range: [0.624533-8.51373]
	      - depth indexes range: [486-777]
	   - T camera (6/10):
	      - id: 11
	      - view id: 1247110223
	      - depth planes: 349
	      - depths range: [0.527655-9.74925]
	      - depth indexes range: [431-780]
	   - T camera (7/10):
	      - id: 6
	      - view id: 1007986102
	      - depth planes: 489
	      - depths range: [0.312014-6.1662]
	      - depth indexes range: [279-768]
	   - T camera (8/10):
	      - id: 9
	      - view id: 1229031559
	      - depth planes: 247
	      - depths range: [0.739067-9.74925]
	      - depth indexes range: [533-780]
	   - T camera (9/10):
	      - id: 5
	      - view id: 927178761
	      - depth planes: 736
	      - depths range: [0.19347-3.10645]
	      - depth indexes range: [0-736]
	   - T camera (10/10):
	      - id: 3
	      - view id: 468034491
	      - depth planes: 526
	      - depths range: [0.234836-1.52673]
	      - depth indexes range: [144-670]
[02:21:48.148243][info] (rc: 14, tile: 1/1) SGM depth/thickness map of view id: 1266546792, rc: 14 (15 / 16).
[02:21:48.148243][info] (rc: 14, tile: 1/1) SGM Compute similarity volume.
[02:21:48.148243][info] (rc: 14, tile: 1/1) SGM Compute similarity volume done.
[02:21:48.148243][info] (rc: 14, tile: 1/1) SGM Optimizing volume (filtering axes: YX).
[02:21:49.361767][info] (rc: 14, tile: 1/1) SGM Optimizing volume done.
[02:21:49.361767][info] (rc: 14, tile: 1/1) SGM Retrieve best depth in volume.
[02:21:49.361767][info] (rc: 14, tile: 1/1) SGM Retrieve best depth in volume done.
[02:21:49.361767][info] (rc: 14, tile: 1/1) SGM depth/thickness map done.
[02:21:49.361767][info] (rc: 14, tile: 1/1) SGM Smooth thickness map.
[02:21:49.361767][info] (rc: 14, tile: 1/1) SGM Smooth thickness map done.
[02:21:49.361767][info] (rc: 14, tile: 1/1) Refine depth/sim map of view id: 1266546792, rc: 14 (15 / 16).
[02:21:49.361767][info] (rc: 14, tile: 1/1) Refine and fuse depth/sim map volume.
[02:21:49.361767][info] (rc: 14, tile: 1/1) Refine and fuse depth/sim map volume done.
[02:21:49.361767][info] (rc: 14, tile: 1/1) Color optimize depth/sim map.
[02:21:49.423469][info] (rc: 14, tile: 1/1) Color optimize depth/sim map done.
[02:21:49.423469][info] (rc: 14, tile: 1/1) Refine depth/sim map done.
[02:21:49.837227][info] Task done in (s): 6.078000
