[2024-09-10 13:32:02.893984] [0x0000d2e0] [trace]   Embedded OCIO configuration file: 'D:\ly\stage3\Meshroom-2023.2.0-win64\Meshroom-2023.2.0\aliceVision/share/aliceVision/config.ocio' found.
Program called with the following parameters:
 * autoAdjustSmallImage = 1
 * chooseTCamsPerTile = 1
 * colorOptimizationEnabled = 1
 * colorOptimizationNbIterations = 100
 * customPatchPatternGroupSubpartsPerLevel = 0 (default)
 * customPatchPatternSubparts =  Unknown Type "class std::vector<struct aliceVision::depthMap::CustomPatchPatternParams::SubpartParams,class std::allocator<struct aliceVision::depthMap::CustomPatchPatternParams::SubpartParams> >" (default)
 * downscale = 2
 * exportIntermediateCrossVolumes = 0
 * exportIntermediateDepthSimMaps = 0
 * exportIntermediateNormalMaps = 0
 * exportIntermediateTopographicCutVolumes = 0
 * exportIntermediateVolume9pCsv = 0
 * exportIntermediateVolumes = 0
 * exportTilePattern = 0
 * imagesFolder = "D:/ly/stage3/gun11/MeshroomCache/PrepareDenseScene/556ca61831d333ac200735462935e4cccdbc06d7"
 * input = "D:/ly/stage3/gun11/MeshroomCache/StructureFromMotion/f58083d0e7413577fc96b70e28c374c287971645/sfm.abc"
 * maxCoresAvailable =  Unknown Type "unsigned int" (default)
 * maxMemoryAvailable = 18446744073709551615 (default)
 * maxTCams = 10
 * maxViewAngle = 70
 * minViewAngle = 2
 * nbGPUs = 0
 * output = "D:/ly/stage3/gun11/MeshroomCache/DepthMap/59ce868ba0f345435aab3afad3de9eab0af91abf"
 * rangeSize = 3
 * rangeStart = 6
 * refineEnabled = 1
 * refineGammaC = 15.5
 * refineGammaP = 8
 * refineHalfNbDepths = 15
 * refineInterpolateMiddleDepth = 0
 * refineMaxTCamsPerTile = 4
 * refineScale = 1
 * refineSigma = 15
 * refineStepXY = 1
 * refineSubsampling = 10
 * refineUseConsistentScale = 0
 * refineUseCustomPatchPattern = 0
 * refineWSH = 3
 * sgmDepthListPerTile = 1
 * sgmDepthThicknessInflate = 0
 * sgmFilteringAxes = "YX"
 * sgmGammaC = 5.5
 * sgmGammaP = 8
 * sgmMaxDepths = 1500
 * sgmMaxSimilarity = 1
 * sgmMaxTCamsPerTile = 4
 * sgmP1 = 10
 * sgmP2Weighting = 100
 * sgmScale = 2
 * sgmSeedsRangeInflate = 0.2
 * sgmStepXY = 2
 * sgmStepZ = -1
 * sgmUseConsistentScale = 0
 * sgmUseCustomPatchPattern = 0
 * sgmUseSfmSeeds = 1
 * sgmWSH = 4
 * tileBufferHeight = 1024
 * tileBufferWidth = 1024
 * tilePadding = 64
 * verboseLevel = "info"

Hardware : 
	Detected core count : 16
	OpenMP will use 16 cores
	Detected available memory : 5578 Mo

[13:32:02.898986][info] CUDA-Enabled GPU.
Device information:
	- id:                      0
	- name:                    NVIDIA GeForce RTX 2060
	- compute capability:      7.5
	- clock frequency (kHz):   1350000
	- total device memory:     6143 MB 
	- device memory available: 5130 MB 
	- per-block shared memory: 49152
	- warp size:               32
	- max threads per block:   1024
	- max threads per SM(X):   1024
	- max block sizes:         {1024,1024,64}
	- max grid sizes:          {2147483647,65535,65535}
	- max 2D array texture:    {131072,65536}
	- max 3D array texture:    {16384,16384,16384}
	- max 2D linear texture:   {131072,65000,2097120}
	- max 2D layered texture:  {32768,32768,2048}
	- number of SM(x)s:        30
	- registers per SM(x):     65536
	- registers per block:     65536
	- concurrent kernels:      yes
	- mapping host memory:     yes
	- unified addressing:      yes
	- texture alignment:       512 byte
	- pitch alignment:         32 byte
CUDA build version: 11.6
[13:32:02.989984][info] Supported CUDA-Enabled GPU detected.
[13:32:03.095025][info] Found 1 image dimension(s): 
[13:32:03.095025][info] 	- [1920x1080]
[13:32:03.145986][info] Overall maximum dimension: [1920x1080]
[13:32:03.145986][warning] Tile buffer size (width: 1024, height: 1024) is larger than the maximum image size (width: 960, height: 540).
[13:32:03.145986][warning] Single tile computation, override SGM maximum number of T cameras per tile (before: 4, now: 10).
[13:32:03.145986][warning] Single tile computation, override Refine maximum number of T cameras per tile (before: 4, now: 10).
[13:32:03.145986][warning] Single tile computation, override SGM step XY (before: 2, now: 1).
[13:32:03.145986][info] Tiling information: 
	- parameters: 
	      - buffer width:  1024 px
	      - buffer height: 1024 px
	      - padding: 64 px
	- maximum downscale:  2
	- maximum image width:  960 px
	- maximum image height: 540 px
[13:32:03.145986][info] Maximum image size is smaller than one tile, use only one tile.
[13:32:03.145986][info] SGM parameters:
	- scale: 2
	- stepXY: 1
[13:32:03.145986][info] Refine parameters:
	- scale: 1
	- stepXY: 1
[13:32:03.145986][info] Number of GPU devices: 1, number of CPU threads: 16
[13:32:03.191985][info] Device memory:
	- available: 4104.7 MB
	- requirement for the first tile: 917.126 MB
	- # computation buffers per tile: 851.867 MB (Sgm: 757.867 MB, Refine: 94 MB)
	- # input images (R + 10 Ts): 65.2588 MB (single mipmap image size: 5.93262 MB)
[13:32:03.191985][info] Parallelization:
	- # tiles per image: 1
	- # simultaneous depth maps computation: 4
	- # simultaneous tiles computation: 4
[13:32:03.213986][info] Device memory (device id: 0):
	- used: 3570.44 MB
	- available: 2573.25 MB
	- total: 6143.69 MB
[13:32:06.551263][info] (rc: 6, tile: 1/1) Camera / Depth information: 
	- R camera:
	   - id: 6
	   - view id: 223694228
	   - depth planes: 668
	   - depths range: [0.00010036-4.67143]
	- T cameras:
	   - T camera (1/10):
	      - id: 11
	      - view id: 232147167
	      - depth planes: 484
	      - depths range: [0.15498-4.67143]
	      - depth indexes range: [184-668]
	   - T camera (2/10):
	      - id: 20
	      - view id: 527105644
	      - depth planes: 475
	      - depths range: [0.164193-4.67143]
	      - depth indexes range: [193-668]
	   - T camera (3/10):
	      - id: 0
	      - view id: 81360083
	      - depth planes: 297
	      - depths range: [0.422935-4.67143]
	      - depth indexes range: [371-668]
	   - T camera (4/10):
	      - id: 18
	      - view id: 520543702
	      - depth planes: 407
	      - depths range: [0.244174-4.67143]
	      - depth indexes range: [261-668]
	   - T camera (5/10):
	      - id: 31
	      - view id: 1309695247
	      - depth planes: 572
	      - depths range: [0.0580802-3.73295]
	      - depth indexes range: [84-656]
	   - T camera (6/10):
	      - id: 15
	      - view id: 410358630
	      - depth planes: 588
	      - depths range: [0.0485175-3.93286]
	      - depth indexes range: [71-659]
	   - T camera (7/10):
	      - id: 30
	      - view id: 1308827016
	      - depth planes: 610
	      - depths range: [0.0294264-3.6098]
	      - depth indexes range: [44-654]
	   - T camera (8/10):
	      - id: 37
	      - view id: 2000851169
	      - depth planes: 605
	      - depths range: [0.00010036-1.93253]
	      - depth indexes range: [0-605]
	   - T camera (9/10):
	      - id: 13
	      - view id: 402711009
	      - depth planes: 609
	      - depths range: [0.00010036-2.01386]
	      - depth indexes range: [0-609]
	   - T camera (10/10):
	      - id: 14
	      - view id: 408312426
	      - depth planes: 570
	      - depths range: [0.00010036-1.40612]
	      - depth indexes range: [0-570]
[13:32:06.551263][info] (rc: 6, tile: 1/1) SGM depth/thickness map of view id: 223694228, rc: 6 (7 / 43).
[13:32:06.551263][info] (rc: 6, tile: 1/1) SGM Compute similarity volume.
[13:32:06.552264][info] (rc: 6, tile: 1/1) SGM Compute similarity volume done.
[13:32:06.552264][info] (rc: 6, tile: 1/1) SGM Optimizing volume (filtering axes: YX).
[13:32:07.647656][info] (rc: 6, tile: 1/1) SGM Optimizing volume done.
[13:32:07.647656][info] (rc: 6, tile: 1/1) SGM Retrieve best depth in volume.
[13:32:07.647656][info] (rc: 6, tile: 1/1) SGM Retrieve best depth in volume done.
[13:32:07.647656][info] (rc: 6, tile: 1/1) SGM depth/thickness map done.
[13:32:07.647656][info] (rc: 6, tile: 1/1) SGM Smooth thickness map.
[13:32:07.647656][info] (rc: 6, tile: 1/1) SGM Smooth thickness map done.
[13:32:07.647656][info] (rc: 6, tile: 1/1) Refine depth/sim map of view id: 223694228, rc: 6 (7 / 43).
[13:32:07.647656][info] (rc: 6, tile: 1/1) Refine and fuse depth/sim map volume.
[13:32:07.647656][info] (rc: 6, tile: 1/1) Refine and fuse depth/sim map volume done.
[13:32:07.647656][info] (rc: 6, tile: 1/1) Color optimize depth/sim map.
[13:32:07.694375][info] (rc: 6, tile: 1/1) Color optimize depth/sim map done.
[13:32:07.694375][info] (rc: 6, tile: 1/1) Refine depth/sim map done.
[13:32:07.697374][info] (rc: 7, tile: 1/1) Camera / Depth information: 
	- R camera:
	   - id: 7
	   - view id: 227349516
	   - depth planes: 679
	   - depths range: [0.000490488-4.19609]
	- T cameras:
	   - T camera (1/10):
	      - id: 20
	      - view id: 527105644
	      - depth planes: 488
	      - depths range: [0.161173-4.19609]
	      - depth indexes range: [191-679]
	   - T camera (2/10):
	      - id: 11
	      - view id: 232147167
	      - depth planes: 497
	      - depths range: [0.152096-4.19609]
	      - depth indexes range: [182-679]
	   - T camera (3/10):
	      - id: 0
	      - view id: 81360083
	      - depth planes: 299
	      - depths range: [0.42219-4.19609]
	      - depth indexes range: [380-679]
	   - T camera (4/10):
	      - id: 18
	      - view id: 520543702
	      - depth planes: 419
	      - depths range: [0.241231-4.19609]
	      - depth indexes range: [260-679]
	   - T camera (5/10):
	      - id: 8
	      - view id: 229389756
	      - depth planes: 345
	      - depths range: [0.344822-4.19609]
	      - depth indexes range: [334-679]
	   - T camera (6/10):
	      - id: 31
	      - view id: 1309695247
	      - depth planes: 591
	      - depths range: [0.0559136-3.70808]
	      - depth indexes range: [81-672]
	   - T camera (7/10):
	      - id: 15
	      - view id: 410358630
	      - depth planes: 607
	      - depths range: [0.0465453-3.90369]
	      - depth indexes range: [68-675]
	   - T camera (8/10):
	      - id: 30
	      - view id: 1308827016
	      - depth planes: 622
	      - depths range: [0.0312974-3.4738]
	      - depth indexes range: [46-668]
	   - T camera (9/10):
	      - id: 37
	      - view id: 2000851169
	      - depth planes: 624
	      - depths range: [0.000490488-1.99339]
	      - depth indexes range: [0-624]
	   - T camera (10/10):
	      - id: 14
	      - view id: 408312426
	      - depth planes: 594
	      - depths range: [0.000490488-1.50709]
	      - depth indexes range: [0-594]
[13:32:07.697374][info] (rc: 7, tile: 1/1) SGM depth/thickness map of view id: 227349516, rc: 7 (8 / 43).
[13:32:07.697374][info] (rc: 7, tile: 1/1) SGM Compute similarity volume.
[13:32:07.697374][info] (rc: 7, tile: 1/1) SGM Compute similarity volume done.
[13:32:07.697374][info] (rc: 7, tile: 1/1) SGM Optimizing volume (filtering axes: YX).
[13:32:08.978998][info] (rc: 7, tile: 1/1) SGM Optimizing volume done.
[13:32:08.978998][info] (rc: 7, tile: 1/1) SGM Retrieve best depth in volume.
[13:32:08.978998][info] (rc: 7, tile: 1/1) SGM Retrieve best depth in volume done.
[13:32:08.978998][info] (rc: 7, tile: 1/1) SGM depth/thickness map done.
[13:32:08.978998][info] (rc: 7, tile: 1/1) SGM Smooth thickness map.
[13:32:08.978998][info] (rc: 7, tile: 1/1) SGM Smooth thickness map done.
[13:32:08.978998][info] (rc: 7, tile: 1/1) Refine depth/sim map of view id: 227349516, rc: 7 (8 / 43).
[13:32:08.978998][info] (rc: 7, tile: 1/1) Refine and fuse depth/sim map volume.
[13:32:08.978998][info] (rc: 7, tile: 1/1) Refine and fuse depth/sim map volume done.
[13:32:08.978998][info] (rc: 7, tile: 1/1) Color optimize depth/sim map.
[13:32:09.026998][info] (rc: 7, tile: 1/1) Color optimize depth/sim map done.
[13:32:09.026998][info] (rc: 7, tile: 1/1) Refine depth/sim map done.
[13:32:09.029999][info] (rc: 8, tile: 1/1) Camera / Depth information: 
	- R camera:
	   - id: 8
	   - view id: 229389756
	   - depth planes: 803
	   - depths range: [0.101432-3.40134]
	- T cameras:
	   - T camera (1/10):
	      - id: 29
	      - view id: 1245772373
	      - depth planes: 558
	      - depths range: [0.270003-3.40134]
	      - depth indexes range: [245-803]
	   - T camera (2/10):
	      - id: 7
	      - view id: 227349516
	      - depth planes: 320
	      - depths range: [0.573695-3.40134]
	      - depth indexes range: [483-803]
	   - T camera (3/10):
	      - id: 4
	      - view id: 220015964
	      - depth planes: 325
	      - depths range: [0.567115-3.40134]
	      - depth indexes range: [478-803]
	   - T camera (4/10):
	      - id: 6
	      - view id: 223694228
	      - depth planes: 314
	      - depths range: [0.581689-3.40134]
	      - depth indexes range: [489-803]
	   - T camera (5/10):
	      - id: 39
	      - view id: 2124494862
	      - depth planes: 349
	      - depths range: [0.535534-3.40134]
	      - depth indexes range: [454-803]
	   - T camera (6/10):
	      - id: 19
	      - view id: 520641448
	      - depth planes: 707
	      - depths range: [0.151745-3.40134]
	      - depth indexes range: [96-803]
	   - T camera (7/10):
	      - id: 11
	      - view id: 232147167
	      - depth planes: 541
	      - depths range: [0.287568-3.40134]
	      - depth indexes range: [262-803]
	   - T camera (8/10):
	      - id: 1
	      - view id: 156295110
	      - depth planes: 601
	      - depths range: [0.230979-3.40134]
	      - depth indexes range: [202-803]
	   - T camera (9/10):
	      - id: 20
	      - view id: 527105644
	      - depth planes: 618
	      - depths range: [0.208358-2.80989]
	      - depth indexes range: [173-791]
	   - T camera (10/10):
	      - id: 9
	      - view id: 230706637
	      - depth planes: 731
	      - depths range: [0.101432-1.52264]
	      - depth indexes range: [0-731]
[13:32:09.029999][info] (rc: 8, tile: 1/1) SGM depth/thickness map of view id: 229389756, rc: 8 (9 / 43).
[13:32:09.029999][info] (rc: 8, tile: 1/1) SGM Compute similarity volume.
[13:32:09.029999][info] (rc: 8, tile: 1/1) SGM Compute similarity volume done.
[13:32:09.029999][info] (rc: 8, tile: 1/1) SGM Optimizing volume (filtering axes: YX).
[13:32:10.371445][info] (rc: 8, tile: 1/1) SGM Optimizing volume done.
[13:32:10.371445][info] (rc: 8, tile: 1/1) SGM Retrieve best depth in volume.
[13:32:10.371445][info] (rc: 8, tile: 1/1) SGM Retrieve best depth in volume done.
[13:32:10.371445][info] (rc: 8, tile: 1/1) SGM depth/thickness map done.
[13:32:10.371445][info] (rc: 8, tile: 1/1) SGM Smooth thickness map.
[13:32:10.371445][info] (rc: 8, tile: 1/1) SGM Smooth thickness map done.
[13:32:10.371445][info] (rc: 8, tile: 1/1) Refine depth/sim map of view id: 229389756, rc: 8 (9 / 43).
[13:32:10.371445][info] (rc: 8, tile: 1/1) Refine and fuse depth/sim map volume.
[13:32:10.371445][info] (rc: 8, tile: 1/1) Refine and fuse depth/sim map volume done.
[13:32:10.371445][info] (rc: 8, tile: 1/1) Color optimize depth/sim map.
[13:32:10.435527][info] (rc: 8, tile: 1/1) Color optimize depth/sim map done.
[13:32:10.435527][info] (rc: 8, tile: 1/1) Refine depth/sim map done.
[13:32:10.841534][info] Task done in (s): 7.946000
