[2024-09-10 13:32:10.962519] [0x0000921c] [trace]   Embedded OCIO configuration file: 'D:\ly\stage3\Meshroom-2023.2.0-win64\Meshroom-2023.2.0\aliceVision/share/aliceVision/config.ocio' found.
Program called with the following parameters:
 * autoAdjustSmallImage = 1
 * chooseTCamsPerTile = 1
 * colorOptimizationEnabled = 1
 * colorOptimizationNbIterations = 100
 * customPatchPatternGroupSubpartsPerLevel = 0 (default)
 * customPatchPatternSubparts =  Unknown Type "class std::vector<struct aliceVision::depthMap::CustomPatchPatternParams::SubpartParams,class std::allocator<struct aliceVision::depthMap::CustomPatchPatternParams::SubpartParams> >" (default)
 * downscale = 2
 * exportIntermediateCrossVolumes = 0
 * exportIntermediateDepthSimMaps = 0
 * exportIntermediateNormalMaps = 0
 * exportIntermediateTopographicCutVolumes = 0
 * exportIntermediateVolume9pCsv = 0
 * exportIntermediateVolumes = 0
 * exportTilePattern = 0
 * imagesFolder = "D:/ly/stage3/gun11/MeshroomCache/PrepareDenseScene/556ca61831d333ac200735462935e4cccdbc06d7"
 * input = "D:/ly/stage3/gun11/MeshroomCache/StructureFromMotion/f58083d0e7413577fc96b70e28c374c287971645/sfm.abc"
 * maxCoresAvailable =  Unknown Type "unsigned int" (default)
 * maxMemoryAvailable = 18446744073709551615 (default)
 * maxTCams = 10
 * maxViewAngle = 70
 * minViewAngle = 2
 * nbGPUs = 0
 * output = "D:/ly/stage3/gun11/MeshroomCache/DepthMap/59ce868ba0f345435aab3afad3de9eab0af91abf"
 * rangeSize = 3
 * rangeStart = 9
 * refineEnabled = 1
 * refineGammaC = 15.5
 * refineGammaP = 8
 * refineHalfNbDepths = 15
 * refineInterpolateMiddleDepth = 0
 * refineMaxTCamsPerTile = 4
 * refineScale = 1
 * refineSigma = 15
 * refineStepXY = 1
 * refineSubsampling = 10
 * refineUseConsistentScale = 0
 * refineUseCustomPatchPattern = 0
 * refineWSH = 3
 * sgmDepthListPerTile = 1
 * sgmDepthThicknessInflate = 0
 * sgmFilteringAxes = "YX"
 * sgmGammaC = 5.5
 * sgmGammaP = 8
 * sgmMaxDepths = 1500
 * sgmMaxSimilarity = 1
 * sgmMaxTCamsPerTile = 4
 * sgmP1 = 10
 * sgmP2Weighting = 100
 * sgmScale = 2
 * sgmSeedsRangeInflate = 0.2
 * sgmStepXY = 2
 * sgmStepZ = -1
 * sgmUseConsistentScale = 0
 * sgmUseCustomPatchPattern = 0
 * sgmUseSfmSeeds = 1
 * sgmWSH = 4
 * tileBufferHeight = 1024
 * tileBufferWidth = 1024
 * tilePadding = 64
 * verboseLevel = "info"

Hardware : 
	Detected core count : 16
	OpenMP will use 16 cores
	Detected available memory : 5623 Mo

[13:32:10.968521][info] CUDA-Enabled GPU.
Device information:
	- id:                      0
	- name:                    NVIDIA GeForce RTX 2060
	- compute capability:      7.5
	- clock frequency (kHz):   1350000
	- total device memory:     6143 MB 
	- device memory available: 5130 MB 
	- per-block shared memory: 49152
	- warp size:               32
	- max threads per block:   1024
	- max threads per SM(X):   1024
	- max block sizes:         {1024,1024,64}
	- max grid sizes:          {2147483647,65535,65535}
	- max 2D array texture:    {131072,65536}
	- max 3D array texture:    {16384,16384,16384}
	- max 2D linear texture:   {131072,65000,2097120}
	- max 2D layered texture:  {32768,32768,2048}
	- number of SM(x)s:        30
	- registers per SM(x):     65536
	- registers per block:     65536
	- concurrent kernels:      yes
	- mapping host memory:     yes
	- unified addressing:      yes
	- texture alignment:       512 byte
	- pitch alignment:         32 byte
CUDA build version: 11.6
[13:32:11.061520][info] Supported CUDA-Enabled GPU detected.
[13:32:11.173526][info] Found 1 image dimension(s): 
[13:32:11.173526][info] 	- [1920x1080]
[13:32:11.227518][info] Overall maximum dimension: [1920x1080]
[13:32:11.227518][warning] Tile buffer size (width: 1024, height: 1024) is larger than the maximum image size (width: 960, height: 540).
[13:32:11.227518][warning] Single tile computation, override SGM maximum number of T cameras per tile (before: 4, now: 10).
[13:32:11.227518][warning] Single tile computation, override Refine maximum number of T cameras per tile (before: 4, now: 10).
[13:32:11.227518][warning] Single tile computation, override SGM step XY (before: 2, now: 1).
[13:32:11.227518][info] Tiling information: 
	- parameters: 
	      - buffer width:  1024 px
	      - buffer height: 1024 px
	      - padding: 64 px
	- maximum downscale:  2
	- maximum image width:  960 px
	- maximum image height: 540 px
[13:32:11.227518][info] Maximum image size is smaller than one tile, use only one tile.
[13:32:11.227518][info] SGM parameters:
	- scale: 2
	- stepXY: 1
[13:32:11.227518][info] Refine parameters:
	- scale: 1
	- stepXY: 1
[13:32:11.227518][info] Number of GPU devices: 1, number of CPU threads: 16
[13:32:11.272217][info] Device memory:
	- available: 4104.7 MB
	- requirement for the first tile: 917.126 MB
	- # computation buffers per tile: 851.867 MB (Sgm: 757.867 MB, Refine: 94 MB)
	- # input images (R + 10 Ts): 65.2588 MB (single mipmap image size: 5.93262 MB)
[13:32:11.272217][info] Parallelization:
	- # tiles per image: 1
	- # simultaneous depth maps computation: 4
	- # simultaneous tiles computation: 4
[13:32:11.292207][info] Device memory (device id: 0):
	- used: 3570.44 MB
	- available: 2573.25 MB
	- total: 6143.69 MB
[13:32:15.387206][info] (rc: 9, tile: 1/1) Camera / Depth information: 
	- R camera:
	   - id: 9
	   - view id: 230706637
	   - depth planes: 868
	   - depths range: [0.0839314-4.62636]
	- T cameras:
	   - T camera (1/10):
	      - id: 29
	      - view id: 1245772373
	      - depth planes: 652
	      - depths range: [0.21469-4.62636]
	      - depth indexes range: [216-868]
	   - T camera (2/10):
	      - id: 11
	      - view id: 232147167
	      - depth planes: 544
	      - depths range: [0.333299-4.62636]
	      - depth indexes range: [324-868]
	   - T camera (3/10):
	      - id: 28
	      - view id: 1242912901
	      - depth planes: 579
	      - depths range: [0.291876-4.62636]
	      - depth indexes range: [289-868]
	   - T camera (4/10):
	      - id: 31
	      - view id: 1309695247
	      - depth planes: 488
	      - depths range: [0.405349-4.62636]
	      - depth indexes range: [380-868]
	   - T camera (5/10):
	      - id: 4
	      - view id: 220015964
	      - depth planes: 353
	      - depths range: [0.582584-4.62636]
	      - depth indexes range: [515-868]
	   - T camera (6/10):
	      - id: 12
	      - view id: 233225317
	      - depth planes: 398
	      - depths range: [0.5224-4.62636]
	      - depth indexes range: [470-868]
	   - T camera (7/10):
	      - id: 20
	      - view id: 527105644
	      - depth planes: 581
	      - depths range: [0.287341-4.43707]
	      - depth indexes range: [285-866]
	   - T camera (8/10):
	      - id: 19
	      - view id: 520641448
	      - depth planes: 833
	      - depths range: [0.0839314-2.65752]
	      - depth indexes range: [0-833]
	   - T camera (9/10):
	      - id: 1
	      - view id: 156295110
	      - depth planes: 680
	      - depths range: [0.147736-2.0446]
	      - depth indexes range: [128-808]
	   - T camera (10/10):
	      - id: 8
	      - view id: 229389756
	      - depth planes: 765
	      - depths range: [0.0850168-1.49947]
	      - depth indexes range: [3-768]
[13:32:15.387206][info] (rc: 9, tile: 1/1) SGM depth/thickness map of view id: 230706637, rc: 9 (10 / 43).
[13:32:15.387206][info] (rc: 9, tile: 1/1) SGM Compute similarity volume.
[13:32:15.387206][info] (rc: 9, tile: 1/1) SGM Compute similarity volume done.
[13:32:15.387206][info] (rc: 9, tile: 1/1) SGM Optimizing volume (filtering axes: YX).
[13:32:16.630639][info] (rc: 9, tile: 1/1) SGM Optimizing volume done.
[13:32:16.630639][info] (rc: 9, tile: 1/1) SGM Retrieve best depth in volume.
[13:32:16.630639][info] (rc: 9, tile: 1/1) SGM Retrieve best depth in volume done.
[13:32:16.630639][info] (rc: 9, tile: 1/1) SGM depth/thickness map done.
[13:32:16.630639][info] (rc: 9, tile: 1/1) SGM Smooth thickness map.
[13:32:16.630639][info] (rc: 9, tile: 1/1) SGM Smooth thickness map done.
[13:32:16.630639][info] (rc: 9, tile: 1/1) Refine depth/sim map of view id: 230706637, rc: 9 (10 / 43).
[13:32:16.630639][info] (rc: 9, tile: 1/1) Refine and fuse depth/sim map volume.
[13:32:16.630639][info] (rc: 9, tile: 1/1) Refine and fuse depth/sim map volume done.
[13:32:16.630639][info] (rc: 9, tile: 1/1) Color optimize depth/sim map.
[13:32:16.694370][info] (rc: 9, tile: 1/1) Color optimize depth/sim map done.
[13:32:16.694370][info] (rc: 9, tile: 1/1) Refine depth/sim map done.
[13:32:16.697371][info] (rc: 10, tile: 1/1) Camera / Depth information: 
	- R camera:
	   - id: 10
	   - view id: 231347619
	   - depth planes: 575
	   - depths range: [0.000147089-4.61639]
	- T cameras:
	   - T camera (1/10):
	      - id: 20
	      - view id: 527105644
	      - depth planes: 372
	      - depths range: [0.174207-4.61639]
	      - depth indexes range: [203-575]
	   - T camera (2/10):
	      - id: 0
	      - view id: 81360083
	      - depth planes: 213
	      - depths range: [0.445812-4.61639]
	      - depth indexes range: [362-575]
	   - T camera (3/10):
	      - id: 11
	      - view id: 232147167
	      - depth planes: 379
	      - depths range: [0.166888-4.61639]
	      - depth indexes range: [196-575]
	   - T camera (4/10):
	      - id: 31
	      - view id: 1309695247
	      - depth planes: 468
	      - depths range: [0.0711147-3.78817]
	      - depth indexes range: [100-568]
	   - T camera (5/10):
	      - id: 15
	      - view id: 410358630
	      - depth planes: 484
	      - depths range: [0.0603576-3.99449]
	      - depth indexes range: [86-570]
	   - T camera (6/10):
	      - id: 30
	      - view id: 1308827016
	      - depth planes: 522
	      - depths range: [0.0272475-3.35078]
	      - depth indexes range: [41-563]
	   - T camera (7/10):
	      - id: 33
	      - view id: 1341977023
	      - depth planes: 520
	      - depths range: [0.000147089-1.61714]
	      - depth indexes range: [0-520]
	   - T camera (8/10):
	      - id: 13
	      - view id: 402711009
	      - depth planes: 533
	      - depths range: [0.000147089-1.93447]
	      - depth indexes range: [0-533]
	   - T camera (9/10):
	      - id: 14
	      - view id: 408312426
	      - depth planes: 518
	      - depths range: [0.000706509-1.59652]
	      - depth indexes range: [1-519]
	   - T camera (10/10):
	      - id: 37
	      - view id: 2000851169
	      - depth planes: 529
	      - depths range: [0.000147089-1.82585]
	      - depth indexes range: [0-529]
[13:32:16.697371][info] (rc: 10, tile: 1/1) SGM depth/thickness map of view id: 231347619, rc: 10 (11 / 43).
[13:32:16.697371][info] (rc: 10, tile: 1/1) SGM Compute similarity volume.
[13:32:16.697371][info] (rc: 10, tile: 1/1) SGM Compute similarity volume done.
[13:32:16.697371][info] (rc: 10, tile: 1/1) SGM Optimizing volume (filtering axes: YX).
[13:32:17.900601][info] (rc: 10, tile: 1/1) SGM Optimizing volume done.
[13:32:17.900601][info] (rc: 10, tile: 1/1) SGM Retrieve best depth in volume.
[13:32:17.900601][info] (rc: 10, tile: 1/1) SGM Retrieve best depth in volume done.
[13:32:17.900601][info] (rc: 10, tile: 1/1) SGM depth/thickness map done.
[13:32:17.900601][info] (rc: 10, tile: 1/1) SGM Smooth thickness map.
[13:32:17.900601][info] (rc: 10, tile: 1/1) SGM Smooth thickness map done.
[13:32:17.900601][info] (rc: 10, tile: 1/1) Refine depth/sim map of view id: 231347619, rc: 10 (11 / 43).
[13:32:17.900601][info] (rc: 10, tile: 1/1) Refine and fuse depth/sim map volume.
[13:32:17.900601][info] (rc: 10, tile: 1/1) Refine and fuse depth/sim map volume done.
[13:32:17.900601][info] (rc: 10, tile: 1/1) Color optimize depth/sim map.
[13:32:17.947787][info] (rc: 10, tile: 1/1) Color optimize depth/sim map done.
[13:32:17.947787][info] (rc: 10, tile: 1/1) Refine depth/sim map done.
[13:32:17.950799][info] (rc: 11, tile: 1/1) Camera / Depth information: 
	- R camera:
	   - id: 11
	   - view id: 232147167
	   - depth planes: 721
	   - depths range: [0.111485-4.71921]
	- T cameras:
	   - T camera (1/10):
	      - id: 4
	      - view id: 220015964
	      - depth planes: 333
	      - depths range: [0.418479-4.71921]
	      - depth indexes range: [388-721]
	   - T camera (2/10):
	      - id: 7
	      - view id: 227349516
	      - depth planes: 327
	      - depths range: [0.423822-4.71921]
	      - depth indexes range: [394-721]
	   - T camera (3/10):
	      - id: 37
	      - view id: 2000851169
	      - depth planes: 349
	      - depths range: [0.404231-4.71921]
	      - depth indexes range: [372-721]
	   - T camera (4/10):
	      - id: 6
	      - view id: 223694228
	      - depth planes: 321
	      - depths range: [0.429246-4.71921]
	      - depth indexes range: [400-721]
	   - T camera (5/10):
	      - id: 18
	      - view id: 520543702
	      - depth planes: 527
	      - depths range: [0.246956-4.71921]
	      - depth indexes range: [194-721]
	   - T camera (6/10):
	      - id: 39
	      - view id: 2124494862
	      - depth planes: 370
	      - depths range: [0.38554-4.71921]
	      - depth indexes range: [351-721]
	   - T camera (7/10):
	      - id: 8
	      - view id: 229389756
	      - depth planes: 457
	      - depths range: [0.308718-4.71921]
	      - depth indexes range: [264-721]
	   - T camera (8/10):
	      - id: 31
	      - view id: 1309695247
	      - depth planes: 630
	      - depths range: [0.143818-2.4096]
	      - depth indexes range: [63-693]
	   - T camera (9/10):
	      - id: 20
	      - view id: 527105644
	      - depth planes: 696
	      - depths range: [0.111485-2.54322]
	      - depth indexes range: [0-696]
	   - T camera (10/10):
	      - id: 15
	      - view id: 410358630
	      - depth planes: 613
	      - depths range: [0.150639-2.21548]
	      - depth indexes range: [75-688]
[13:32:17.950799][info] (rc: 11, tile: 1/1) SGM depth/thickness map of view id: 232147167, rc: 11 (12 / 43).
[13:32:17.950799][info] (rc: 11, tile: 1/1) SGM Compute similarity volume.
[13:32:17.950799][info] (rc: 11, tile: 1/1) SGM Compute similarity volume done.
[13:32:17.950799][info] (rc: 11, tile: 1/1) SGM Optimizing volume (filtering axes: YX).
[13:32:19.193556][info] (rc: 11, tile: 1/1) SGM Optimizing volume done.
[13:32:19.193556][info] (rc: 11, tile: 1/1) SGM Retrieve best depth in volume.
[13:32:19.193556][info] (rc: 11, tile: 1/1) SGM Retrieve best depth in volume done.
[13:32:19.193556][info] (rc: 11, tile: 1/1) SGM depth/thickness map done.
[13:32:19.193556][info] (rc: 11, tile: 1/1) SGM Smooth thickness map.
[13:32:19.193556][info] (rc: 11, tile: 1/1) SGM Smooth thickness map done.
[13:32:19.193556][info] (rc: 11, tile: 1/1) Refine depth/sim map of view id: 232147167, rc: 11 (12 / 43).
[13:32:19.193556][info] (rc: 11, tile: 1/1) Refine and fuse depth/sim map volume.
[13:32:19.193556][info] (rc: 11, tile: 1/1) Refine and fuse depth/sim map volume done.
[13:32:19.193556][info] (rc: 11, tile: 1/1) Color optimize depth/sim map.
[13:32:19.241023][info] (rc: 11, tile: 1/1) Color optimize depth/sim map done.
[13:32:19.241023][info] (rc: 11, tile: 1/1) Refine depth/sim map done.
[13:32:19.642018][info] Task done in (s): 8.677000
