[2024-09-10 13:32:19.782017] [0x000106a4] [trace]   Embedded OCIO configuration file: 'D:\ly\stage3\Meshroom-2023.2.0-win64\Meshroom-2023.2.0\aliceVision/share/aliceVision/config.ocio' found.
Program called with the following parameters:
 * autoAdjustSmallImage = 1
 * chooseTCamsPerTile = 1
 * colorOptimizationEnabled = 1
 * colorOptimizationNbIterations = 100
 * customPatchPatternGroupSubpartsPerLevel = 0 (default)
 * customPatchPatternSubparts =  Unknown Type "class std::vector<struct aliceVision::depthMap::CustomPatchPatternParams::SubpartParams,class std::allocator<struct aliceVision::depthMap::CustomPatchPatternParams::SubpartParams> >" (default)
 * downscale = 2
 * exportIntermediateCrossVolumes = 0
 * exportIntermediateDepthSimMaps = 0
 * exportIntermediateNormalMaps = 0
 * exportIntermediateTopographicCutVolumes = 0
 * exportIntermediateVolume9pCsv = 0
 * exportIntermediateVolumes = 0
 * exportTilePattern = 0
 * imagesFolder = "D:/ly/stage3/gun11/MeshroomCache/PrepareDenseScene/556ca61831d333ac200735462935e4cccdbc06d7"
 * input = "D:/ly/stage3/gun11/MeshroomCache/StructureFromMotion/f58083d0e7413577fc96b70e28c374c287971645/sfm.abc"
 * maxCoresAvailable =  Unknown Type "unsigned int" (default)
 * maxMemoryAvailable = 18446744073709551615 (default)
 * maxTCams = 10
 * maxViewAngle = 70
 * minViewAngle = 2
 * nbGPUs = 0
 * output = "D:/ly/stage3/gun11/MeshroomCache/DepthMap/59ce868ba0f345435aab3afad3de9eab0af91abf"
 * rangeSize = 3
 * rangeStart = 12
 * refineEnabled = 1
 * refineGammaC = 15.5
 * refineGammaP = 8
 * refineHalfNbDepths = 15
 * refineInterpolateMiddleDepth = 0
 * refineMaxTCamsPerTile = 4
 * refineScale = 1
 * refineSigma = 15
 * refineStepXY = 1
 * refineSubsampling = 10
 * refineUseConsistentScale = 0
 * refineUseCustomPatchPattern = 0
 * refineWSH = 3
 * sgmDepthListPerTile = 1
 * sgmDepthThicknessInflate = 0
 * sgmFilteringAxes = "YX"
 * sgmGammaC = 5.5
 * sgmGammaP = 8
 * sgmMaxDepths = 1500
 * sgmMaxSimilarity = 1
 * sgmMaxTCamsPerTile = 4
 * sgmP1 = 10
 * sgmP2Weighting = 100
 * sgmScale = 2
 * sgmSeedsRangeInflate = 0.2
 * sgmStepXY = 2
 * sgmStepZ = -1
 * sgmUseConsistentScale = 0
 * sgmUseCustomPatchPattern = 0
 * sgmUseSfmSeeds = 1
 * sgmWSH = 4
 * tileBufferHeight = 1024
 * tileBufferWidth = 1024
 * tilePadding = 64
 * verboseLevel = "info"

Hardware : 
	Detected core count : 16
	OpenMP will use 16 cores
	Detected available memory : 5665 Mo

[13:32:19.787018][info] CUDA-Enabled GPU.
Device information:
	- id:                      0
	- name:                    NVIDIA GeForce RTX 2060
	- compute capability:      7.5
	- clock frequency (kHz):   1350000
	- total device memory:     6143 MB 
	- device memory available: 5130 MB 
	- per-block shared memory: 49152
	- warp size:               32
	- max threads per block:   1024
	- max threads per SM(X):   1024
	- max block sizes:         {1024,1024,64}
	- max grid sizes:          {2147483647,65535,65535}
	- max 2D array texture:    {131072,65536}
	- max 3D array texture:    {16384,16384,16384}
	- max 2D linear texture:   {131072,65000,2097120}
	- max 2D layered texture:  {32768,32768,2048}
	- number of SM(x)s:        30
	- registers per SM(x):     65536
	- registers per block:     65536
	- concurrent kernels:      yes
	- mapping host memory:     yes
	- unified addressing:      yes
	- texture alignment:       512 byte
	- pitch alignment:         32 byte
CUDA build version: 11.6
[13:32:19.887020][info] Supported CUDA-Enabled GPU detected.
[13:32:19.999026][info] Found 1 image dimension(s): 
[13:32:19.999026][info] 	- [1920x1080]
[13:32:20.053024][info] Overall maximum dimension: [1920x1080]
[13:32:20.053024][warning] Tile buffer size (width: 1024, height: 1024) is larger than the maximum image size (width: 960, height: 540).
[13:32:20.053024][warning] Single tile computation, override SGM maximum number of T cameras per tile (before: 4, now: 10).
[13:32:20.053024][warning] Single tile computation, override Refine maximum number of T cameras per tile (before: 4, now: 10).
[13:32:20.054029][warning] Single tile computation, override SGM step XY (before: 2, now: 1).
[13:32:20.054029][info] Tiling information: 
	- parameters: 
	      - buffer width:  1024 px
	      - buffer height: 1024 px
	      - padding: 64 px
	- maximum downscale:  2
	- maximum image width:  960 px
	- maximum image height: 540 px
[13:32:20.054029][info] Maximum image size is smaller than one tile, use only one tile.
[13:32:20.054029][info] SGM parameters:
	- scale: 2
	- stepXY: 1
[13:32:20.055027][info] Refine parameters:
	- scale: 1
	- stepXY: 1
[13:32:20.055027][info] Number of GPU devices: 1, number of CPU threads: 16
[13:32:20.099026][info] Device memory:
	- available: 4104.7 MB
	- requirement for the first tile: 917.126 MB
	- # computation buffers per tile: 851.867 MB (Sgm: 757.867 MB, Refine: 94 MB)
	- # input images (R + 10 Ts): 65.2588 MB (single mipmap image size: 5.93262 MB)
[13:32:20.099026][info] Parallelization:
	- # tiles per image: 1
	- # simultaneous depth maps computation: 4
	- # simultaneous tiles computation: 4
[13:32:20.116026][info] Device memory (device id: 0):
	- used: 3570.44 MB
	- available: 2573.25 MB
	- total: 6143.69 MB
[13:32:24.489018][info] (rc: 12, tile: 1/1) Camera / Depth information: 
	- R camera:
	   - id: 12
	   - view id: 233225317
	   - depth planes: 705
	   - depths range: [0.162324-3.16406]
	- T cameras:
	   - T camera (1/10):
	      - id: 19
	      - view id: 520641448
	      - depth planes: 600
	      - depths range: [0.286918-3.16406]
	      - depth indexes range: [105-705]
	   - T camera (2/10):
	      - id: 1
	      - view id: 156295110
	      - depth planes: 636
	      - depths range: [0.240706-3.16406]
	      - depth indexes range: [69-705]
	   - T camera (3/10):
	      - id: 18
	      - view id: 520543702
	      - depth planes: 509
	      - depths range: [0.423769-3.16406]
	      - depth indexes range: [196-705]
	   - T camera (4/10):
	      - id: 27
	      - view id: 1222112592
	      - depth planes: 705
	      - depths range: [0.162324-3.16406]
	      - depth indexes range: [0-705]
	   - T camera (5/10):
	      - id: 8
	      - view id: 229389756
	      - depth planes: 564
	      - depths range: [0.337273-3.16406]
	      - depth indexes range: [141-705]
	   - T camera (6/10):
	      - id: 9
	      - view id: 230706637
	      - depth planes: 581
	      - depths range: [0.31314-3.16406]
	      - depth indexes range: [124-705]
	   - T camera (7/10):
	      - id: 20
	      - view id: 527105644
	      - depth planes: 445
	      - depths range: [0.526765-3.16406]
	      - depth indexes range: [260-705]
	   - T camera (8/10):
	      - id: 29
	      - view id: 1245772373
	      - depth planes: 705
	      - depths range: [0.162324-3.16406]
	      - depth indexes range: [0-705]
	   - T camera (9/10):
	      - id: 7
	      - view id: 227349516
	      - depth planes: 391
	      - depths range: [0.613669-3.16406]
	      - depth indexes range: [314-705]
	   - T camera (10/10):
	      - id: 6
	      - view id: 223694228
	      - depth planes: 386
	      - depths range: [0.621772-3.16406]
	      - depth indexes range: [319-705]
[13:32:24.489018][info] (rc: 12, tile: 1/1) SGM depth/thickness map of view id: 233225317, rc: 12 (13 / 43).
[13:32:24.489018][info] (rc: 12, tile: 1/1) SGM Compute similarity volume.
[13:32:24.489018][info] (rc: 12, tile: 1/1) SGM Compute similarity volume done.
[13:32:24.489018][info] (rc: 12, tile: 1/1) SGM Optimizing volume (filtering axes: YX).
[13:32:25.625468][info] (rc: 12, tile: 1/1) SGM Optimizing volume done.
[13:32:25.625468][info] (rc: 12, tile: 1/1) SGM Retrieve best depth in volume.
[13:32:25.625468][info] (rc: 12, tile: 1/1) SGM Retrieve best depth in volume done.
[13:32:25.625468][info] (rc: 12, tile: 1/1) SGM depth/thickness map done.
[13:32:25.625468][info] (rc: 12, tile: 1/1) SGM Smooth thickness map.
[13:32:25.625468][info] (rc: 12, tile: 1/1) SGM Smooth thickness map done.
[13:32:25.625468][info] (rc: 12, tile: 1/1) Refine depth/sim map of view id: 233225317, rc: 12 (13 / 43).
[13:32:25.625468][info] (rc: 12, tile: 1/1) Refine and fuse depth/sim map volume.
[13:32:25.625468][info] (rc: 12, tile: 1/1) Refine and fuse depth/sim map volume done.
[13:32:25.625468][info] (rc: 12, tile: 1/1) Color optimize depth/sim map.
[13:32:25.671484][info] (rc: 12, tile: 1/1) Color optimize depth/sim map done.
[13:32:25.671484][info] (rc: 12, tile: 1/1) Refine depth/sim map done.
[13:32:25.675482][info] (rc: 13, tile: 1/1) Camera / Depth information: 
	- R camera:
	   - id: 13
	   - view id: 402711009
	   - depth planes: 604
	   - depths range: [0.18524-3.48924]
	- T cameras:
	   - T camera (1/10):
	      - id: 11
	      - view id: 232147167
	      - depth planes: 294
	      - depths range: [0.382334-3.48924]
	      - depth indexes range: [310-604]
	   - T camera (2/10):
	      - id: 15
	      - view id: 410358630
	      - depth planes: 402
	      - depths range: [0.280932-3.48924]
	      - depth indexes range: [202-604]
	   - T camera (3/10):
	      - id: 31
	      - view id: 1309695247
	      - depth planes: 370
	      - depths range: [0.301304-3.48924]
	      - depth indexes range: [234-604]
	   - T camera (4/10):
	      - id: 14
	      - view id: 408312426
	      - depth planes: 604
	      - depths range: [0.18524-3.48924]
	      - depth indexes range: [0-604]
	   - T camera (5/10):
	      - id: 33
	      - view id: 1341977023
	      - depth planes: 574
	      - depths range: [0.199184-3.48924]
	      - depth indexes range: [30-604]
	   - T camera (6/10):
	      - id: 6
	      - view id: 223694228
	      - depth planes: 396
	      - depths range: [0.271511-2.17784]
	      - depth indexes range: [184-580]
	   - T camera (7/10):
	      - id: 4
	      - view id: 220015964
	      - depth planes: 411
	      - depths range: [0.263555-2.14397]
	      - depth indexes range: [168-579]
	   - T camera (8/10):
	      - id: 7
	      - view id: 227349516
	      - depth planes: 388
	      - depths range: [0.27611-2.21278]
	      - depth indexes range: [193-581]
	   - T camera (9/10):
	      - id: 10
	      - view id: 231347619
	      - depth planes: 423
	      - depths range: [0.257749-2.14397]
	      - depth indexes range: [156-579]
	   - T camera (10/10):
	      - id: 39
	      - view id: 2124494862
	      - depth planes: 445
	      - depths range: [0.248917-2.24882]
	      - depth indexes range: [137-582]
[13:32:25.675482][info] (rc: 13, tile: 1/1) SGM depth/thickness map of view id: 402711009, rc: 13 (14 / 43).
[13:32:25.675482][info] (rc: 13, tile: 1/1) SGM Compute similarity volume.
[13:32:25.675482][info] (rc: 13, tile: 1/1) SGM Compute similarity volume done.
[13:32:25.676470][info] (rc: 13, tile: 1/1) SGM Optimizing volume (filtering axes: YX).
[13:32:26.849478][info] (rc: 13, tile: 1/1) SGM Optimizing volume done.
[13:32:26.849478][info] (rc: 13, tile: 1/1) SGM Retrieve best depth in volume.
[13:32:26.849478][info] (rc: 13, tile: 1/1) SGM Retrieve best depth in volume done.
[13:32:26.849478][info] (rc: 13, tile: 1/1) SGM depth/thickness map done.
[13:32:26.849478][info] (rc: 13, tile: 1/1) SGM Smooth thickness map.
[13:32:26.849478][info] (rc: 13, tile: 1/1) SGM Smooth thickness map done.
[13:32:26.849478][info] (rc: 13, tile: 1/1) Refine depth/sim map of view id: 402711009, rc: 13 (14 / 43).
[13:32:26.849478][info] (rc: 13, tile: 1/1) Refine and fuse depth/sim map volume.
[13:32:26.849478][info] (rc: 13, tile: 1/1) Refine and fuse depth/sim map volume done.
[13:32:26.849478][info] (rc: 13, tile: 1/1) Color optimize depth/sim map.
[13:32:26.897476][info] (rc: 13, tile: 1/1) Color optimize depth/sim map done.
[13:32:26.897476][info] (rc: 13, tile: 1/1) Refine depth/sim map done.
[13:32:26.900481][info] (rc: 14, tile: 1/1) Camera / Depth information: 
	- R camera:
	   - id: 14
	   - view id: 408312426
	   - depth planes: 112
	   - depths range: [0.554254-3.3589]
	- T cameras:
	   - T camera (1/10):
	      - id: 11
	      - view id: 232147167
	      - depth planes: 112
	      - depths range: [0.554254-3.3589]
	      - depth indexes range: [0-112]
	   - T camera (2/10):
	      - id: 13
	      - view id: 402711009
	      - depth planes: 112
	      - depths range: [0.554254-3.3589]
	      - depth indexes range: [0-112]
	   - T camera (3/10):
	      - id: 17
	      - view id: 466111715
	      - depth planes: 111
	      - depths range: [0.554254-3.21577]
	      - depth indexes range: [0-111]
	   - T camera (4/10):
	      - id: 37
	      - view id: 2000851169
	      - depth planes: 112
	      - depths range: [0.554254-3.3589]
	      - depth indexes range: [0-112]
	   - T camera (5/10):
	      - id: 16
	      - view id: 417574239
	      - depth planes: 103
	      - depths range: [0.554254-2.39706]
	      - depth indexes range: [0-103]
	   - T camera (6/10):
	      - id: 15
	      - view id: 410358630
	      - depth planes: 104
	      - depths range: [0.554254-2.47598]
	      - depth indexes range: [0-104]
	   - T camera (7/10):
	      - id: 31
	      - view id: 1309695247
	      - depth planes: 100
	      - depths range: [0.554254-2.1877]
	      - depth indexes range: [0-100]
	   - T camera (8/10):
	      - id: 6
	      - view id: 223694228
	      - depth planes: 76
	      - depths range: [0.554254-1.28475]
	      - depth indexes range: [0-76]
	   - T camera (9/10):
	      - id: 7
	      - view id: 227349516
	      - depth planes: 75
	      - depths range: [0.554254-1.26292]
	      - depth indexes range: [0-75]
	   - T camera (10/10):
	      - id: 4
	      - view id: 220015964
	      - depth planes: 80
	      - depths range: [0.554254-1.3801]
	      - depth indexes range: [0-80]
[13:32:26.900481][info] (rc: 14, tile: 1/1) SGM depth/thickness map of view id: 408312426, rc: 14 (15 / 43).
[13:32:26.900481][info] (rc: 14, tile: 1/1) SGM Compute similarity volume.
[13:32:26.900481][info] (rc: 14, tile: 1/1) SGM Compute similarity volume done.
[13:32:26.900481][info] (rc: 14, tile: 1/1) SGM Optimizing volume (filtering axes: YX).
[13:32:27.383479][info] (rc: 14, tile: 1/1) SGM Optimizing volume done.
[13:32:27.383479][info] (rc: 14, tile: 1/1) SGM Retrieve best depth in volume.
[13:32:27.383479][info] (rc: 14, tile: 1/1) SGM Retrieve best depth in volume done.
[13:32:27.383479][info] (rc: 14, tile: 1/1) SGM depth/thickness map done.
[13:32:27.383479][info] (rc: 14, tile: 1/1) SGM Smooth thickness map.
[13:32:27.383479][info] (rc: 14, tile: 1/1) SGM Smooth thickness map done.
[13:32:27.384479][info] (rc: 14, tile: 1/1) Refine depth/sim map of view id: 408312426, rc: 14 (15 / 43).
[13:32:27.384479][info] (rc: 14, tile: 1/1) Refine and fuse depth/sim map volume.
[13:32:27.384479][info] (rc: 14, tile: 1/1) Refine and fuse depth/sim map volume done.
[13:32:27.384479][info] (rc: 14, tile: 1/1) Color optimize depth/sim map.
[13:32:27.397470][info] (rc: 14, tile: 1/1) Color optimize depth/sim map done.
[13:32:27.397470][info] (rc: 14, tile: 1/1) Refine depth/sim map done.
[13:32:27.631479][info] Task done in (s): 7.847000
