[2024-09-10 13:32:27.876470] [0x0000d848] [trace]   Embedded OCIO configuration file: 'D:\ly\stage3\Meshroom-2023.2.0-win64\Meshroom-2023.2.0\aliceVision/share/aliceVision/config.ocio' found.
Program called with the following parameters:
 * autoAdjustSmallImage = 1
 * chooseTCamsPerTile = 1
 * colorOptimizationEnabled = 1
 * colorOptimizationNbIterations = 100
 * customPatchPatternGroupSubpartsPerLevel = 0 (default)
 * customPatchPatternSubparts =  Unknown Type "class std::vector<struct aliceVision::depthMap::CustomPatchPatternParams::SubpartParams,class std::allocator<struct aliceVision::depthMap::CustomPatchPatternParams::SubpartParams> >" (default)
 * downscale = 2
 * exportIntermediateCrossVolumes = 0
 * exportIntermediateDepthSimMaps = 0
 * exportIntermediateNormalMaps = 0
 * exportIntermediateTopographicCutVolumes = 0
 * exportIntermediateVolume9pCsv = 0
 * exportIntermediateVolumes = 0
 * exportTilePattern = 0
 * imagesFolder = "D:/ly/stage3/gun11/MeshroomCache/PrepareDenseScene/556ca61831d333ac200735462935e4cccdbc06d7"
 * input = "D:/ly/stage3/gun11/MeshroomCache/StructureFromMotion/f58083d0e7413577fc96b70e28c374c287971645/sfm.abc"
 * maxCoresAvailable =  Unknown Type "unsigned int" (default)
 * maxMemoryAvailable = 18446744073709551615 (default)
 * maxTCams = 10
 * maxViewAngle = 70
 * minViewAngle = 2
 * nbGPUs = 0
 * output = "D:/ly/stage3/gun11/MeshroomCache/DepthMap/59ce868ba0f345435aab3afad3de9eab0af91abf"
 * rangeSize = 3
 * rangeStart = 15
 * refineEnabled = 1
 * refineGammaC = 15.5
 * refineGammaP = 8
 * refineHalfNbDepths = 15
 * refineInterpolateMiddleDepth = 0
 * refineMaxTCamsPerTile = 4
 * refineScale = 1
 * refineSigma = 15
 * refineStepXY = 1
 * refineSubsampling = 10
 * refineUseConsistentScale = 0
 * refineUseCustomPatchPattern = 0
 * refineWSH = 3
 * sgmDepthListPerTile = 1
 * sgmDepthThicknessInflate = 0
 * sgmFilteringAxes = "YX"
 * sgmGammaC = 5.5
 * sgmGammaP = 8
 * sgmMaxDepths = 1500
 * sgmMaxSimilarity = 1
 * sgmMaxTCamsPerTile = 4
 * sgmP1 = 10
 * sgmP2Weighting = 100
 * sgmScale = 2
 * sgmSeedsRangeInflate = 0.2
 * sgmStepXY = 2
 * sgmStepZ = -1
 * sgmUseConsistentScale = 0
 * sgmUseCustomPatchPattern = 0
 * sgmUseSfmSeeds = 1
 * sgmWSH = 4
 * tileBufferHeight = 1024
 * tileBufferWidth = 1024
 * tilePadding = 64
 * verboseLevel = "info"

Hardware : 
	Detected core count : 16
	OpenMP will use 16 cores
	Detected available memory : 5609 Mo

[13:32:27.883469][info] CUDA-Enabled GPU.
Device information:
	- id:                      0
	- name:                    NVIDIA GeForce RTX 2060
	- compute capability:      7.5
	- clock frequency (kHz):   1350000
	- total device memory:     6143 MB 
	- device memory available: 5130 MB 
	- per-block shared memory: 49152
	- warp size:               32
	- max threads per block:   1024
	- max threads per SM(X):   1024
	- max block sizes:         {1024,1024,64}
	- max grid sizes:          {2147483647,65535,65535}
	- max 2D array texture:    {131072,65536}
	- max 3D array texture:    {16384,16384,16384}
	- max 2D linear texture:   {131072,65000,2097120}
	- max 2D layered texture:  {32768,32768,2048}
	- number of SM(x)s:        30
	- registers per SM(x):     65536
	- registers per block:     65536
	- concurrent kernels:      yes
	- mapping host memory:     yes
	- unified addressing:      yes
	- texture alignment:       512 byte
	- pitch alignment:         32 byte
CUDA build version: 11.6
[13:32:27.980468][info] Supported CUDA-Enabled GPU detected.
[13:32:28.095476][info] Found 1 image dimension(s): 
[13:32:28.095476][info] 	- [1920x1080]
[13:32:28.150477][info] Overall maximum dimension: [1920x1080]
[13:32:28.150477][warning] Tile buffer size (width: 1024, height: 1024) is larger than the maximum image size (width: 960, height: 540).
[13:32:28.150477][warning] Single tile computation, override SGM maximum number of T cameras per tile (before: 4, now: 10).
[13:32:28.150477][warning] Single tile computation, override Refine maximum number of T cameras per tile (before: 4, now: 10).
[13:32:28.150477][warning] Single tile computation, override SGM step XY (before: 2, now: 1).
[13:32:28.150477][info] Tiling information: 
	- parameters: 
	      - buffer width:  1024 px
	      - buffer height: 1024 px
	      - padding: 64 px
	- maximum downscale:  2
	- maximum image width:  960 px
	- maximum image height: 540 px
[13:32:28.150477][info] Maximum image size is smaller than one tile, use only one tile.
[13:32:28.150477][info] SGM parameters:
	- scale: 2
	- stepXY: 1
[13:32:28.150477][info] Refine parameters:
	- scale: 1
	- stepXY: 1
[13:32:28.150477][info] Number of GPU devices: 1, number of CPU threads: 16
[13:32:28.198473][info] Device memory:
	- available: 4104.7 MB
	- requirement for the first tile: 917.126 MB
	- # computation buffers per tile: 851.867 MB (Sgm: 757.867 MB, Refine: 94 MB)
	- # input images (R + 10 Ts): 65.2588 MB (single mipmap image size: 5.93262 MB)
[13:32:28.198473][info] Parallelization:
	- # tiles per image: 1
	- # simultaneous depth maps computation: 4
	- # simultaneous tiles computation: 4
[13:32:28.220477][info] Device memory (device id: 0):
	- used: 3570.44 MB
	- available: 2573.25 MB
	- total: 6143.69 MB
[13:32:31.598469][info] (rc: 15, tile: 1/1) Camera / Depth information: 
	- R camera:
	   - id: 15
	   - view id: 410358630
	   - depth planes: 672
	   - depths range: [0.142887-5.73668]
	- T cameras:
	   - T camera (1/10):
	      - id: 17
	      - view id: 466111715
	      - depth planes: 412
	      - depths range: [0.288348-5.43394]
	      - depth indexes range: [259-671]
	   - T camera (2/10):
	      - id: 37
	      - view id: 2000851169
	      - depth planes: 374
	      - depths range: [0.310251-5.73668]
	      - depth indexes range: [298-672]
	   - T camera (3/10):
	      - id: 13
	      - view id: 402711009
	      - depth planes: 369
	      - depths range: [0.313059-5.73668]
	      - depth indexes range: [303-672]
	   - T camera (4/10):
	      - id: 16
	      - view id: 417574239
	      - depth planes: 494
	      - depths range: [0.241171-4.91515]
	      - depth indexes range: [175-669]
	   - T camera (5/10):
	      - id: 20
	      - view id: 527105644
	      - depth planes: 553
	      - depths range: [0.207474-4.69121]
	      - depth indexes range: [115-668]
	   - T camera (6/10):
	      - id: 6
	      - view id: 223694228
	      - depth planes: 330
	      - depths range: [0.328294-3.43802]
	      - depth indexes range: [330-660]
	   - T camera (7/10):
	      - id: 7
	      - view id: 227349516
	      - depth planes: 337
	      - depths range: [0.324292-3.43802]
	      - depth indexes range: [323-660]
	   - T camera (8/10):
	      - id: 4
	      - view id: 220015964
	      - depth planes: 347
	      - depths range: [0.319237-3.5568]
	      - depth indexes range: [314-661]
	   - T camera (9/10):
	      - id: 14
	      - view id: 408312426
	      - depth planes: 624
	      - depths range: [0.156366-2.45444]
	      - depth indexes range: [24-648]
	   - T camera (10/10):
	      - id: 11
	      - view id: 232147167
	      - depth planes: 642
	      - depths range: [0.142887-2.14727]
	      - depth indexes range: [0-642]
[13:32:31.598469][info] (rc: 15, tile: 1/1) SGM depth/thickness map of view id: 410358630, rc: 15 (16 / 43).
[13:32:31.598469][info] (rc: 15, tile: 1/1) SGM Compute similarity volume.
[13:32:31.599470][info] (rc: 15, tile: 1/1) SGM Compute similarity volume done.
[13:32:31.599470][info] (rc: 15, tile: 1/1) SGM Optimizing volume (filtering axes: YX).
[13:32:32.510622][info] (rc: 15, tile: 1/1) SGM Optimizing volume done.
[13:32:32.510622][info] (rc: 15, tile: 1/1) SGM Retrieve best depth in volume.
[13:32:32.510622][info] (rc: 15, tile: 1/1) SGM Retrieve best depth in volume done.
[13:32:32.510622][info] (rc: 15, tile: 1/1) SGM depth/thickness map done.
[13:32:32.510622][info] (rc: 15, tile: 1/1) SGM Smooth thickness map.
[13:32:32.510622][info] (rc: 15, tile: 1/1) SGM Smooth thickness map done.
[13:32:32.510622][info] (rc: 15, tile: 1/1) Refine depth/sim map of view id: 410358630, rc: 15 (16 / 43).
[13:32:32.510622][info] (rc: 15, tile: 1/1) Refine and fuse depth/sim map volume.
[13:32:32.510622][info] (rc: 15, tile: 1/1) Refine and fuse depth/sim map volume done.
[13:32:32.510622][info] (rc: 15, tile: 1/1) Color optimize depth/sim map.
[13:32:32.557116][info] (rc: 15, tile: 1/1) Color optimize depth/sim map done.
[13:32:32.557116][info] (rc: 15, tile: 1/1) Refine depth/sim map done.
[13:32:32.560117][info] (rc: 16, tile: 1/1) Camera / Depth information: 
	- R camera:
	   - id: 16
	   - view id: 417574239
	   - depth planes: 840
	   - depths range: [0.114734-5.74901]
	- T cameras:
	   - T camera (1/10):
	      - id: 11
	      - view id: 232147167
	      - depth planes: 581
	      - depths range: [0.315237-5.74901]
	      - depth indexes range: [259-840]
	   - T camera (2/10):
	      - id: 20
	      - view id: 527105644
	      - depth planes: 580
	      - depths range: [0.316247-5.74901]
	      - depth indexes range: [260-840]
	   - T camera (3/10):
	      - id: 15
	      - view id: 410358630
	      - depth planes: 675
	      - depths range: [0.215198-4.7926]
	      - depth indexes range: [153-828]
	   - T camera (4/10):
	      - id: 18
	      - view id: 520543702
	      - depth planes: 514
	      - depths range: [0.392041-5.74901]
	      - depth indexes range: [326-840]
	   - T camera (5/10):
	      - id: 19
	      - view id: 520641448
	      - depth planes: 468
	      - depths range: [0.45231-5.74901]
	      - depth indexes range: [372-840]
	   - T camera (6/10):
	      - id: 31
	      - view id: 1309695247
	      - depth planes: 656
	      - depths range: [0.227648-4.59919]
	      - depth indexes range: [169-825]
	   - T camera (7/10):
	      - id: 32
	      - view id: 1318639942
	      - depth planes: 740
	      - depths range: [0.157946-4.09854]
	      - depth indexes range: [76-816]
	   - T camera (8/10):
	      - id: 14
	      - view id: 408312426
	      - depth planes: 767
	      - depths range: [0.114734-2.53105]
	      - depth indexes range: [0-767]
	   - T camera (9/10):
	      - id: 30
	      - view id: 1308827016
	      - depth planes: 748
	      - depths range: [0.12593-2.63748]
	      - depth indexes range: [24-772]
	   - T camera (10/10):
	      - id: 33
	      - view id: 1341977023
	      - depth planes: 759
	      - depths range: [0.117818-2.51069]
	      - depth indexes range: [7-766]
[13:32:32.560117][info] (rc: 16, tile: 1/1) SGM depth/thickness map of view id: 417574239, rc: 16 (17 / 43).
[13:32:32.560117][info] (rc: 16, tile: 1/1) SGM Compute similarity volume.
[13:32:32.560117][info] (rc: 16, tile: 1/1) SGM Compute similarity volume done.
[13:32:32.560117][info] (rc: 16, tile: 1/1) SGM Optimizing volume (filtering axes: YX).
[13:32:34.054505][info] (rc: 16, tile: 1/1) SGM Optimizing volume done.
[13:32:34.054505][info] (rc: 16, tile: 1/1) SGM Retrieve best depth in volume.
[13:32:34.054505][info] (rc: 16, tile: 1/1) SGM Retrieve best depth in volume done.
[13:32:34.054505][info] (rc: 16, tile: 1/1) SGM depth/thickness map done.
[13:32:34.054505][info] (rc: 16, tile: 1/1) SGM Smooth thickness map.
[13:32:34.054505][info] (rc: 16, tile: 1/1) SGM Smooth thickness map done.
[13:32:34.054505][info] (rc: 16, tile: 1/1) Refine depth/sim map of view id: 417574239, rc: 16 (17 / 43).
[13:32:34.054505][info] (rc: 16, tile: 1/1) Refine and fuse depth/sim map volume.
[13:32:34.054505][info] (rc: 16, tile: 1/1) Refine and fuse depth/sim map volume done.
[13:32:34.054505][info] (rc: 16, tile: 1/1) Color optimize depth/sim map.
[13:32:34.116386][info] (rc: 16, tile: 1/1) Color optimize depth/sim map done.
[13:32:34.116386][info] (rc: 16, tile: 1/1) Refine depth/sim map done.
[13:32:34.119388][info] (rc: 17, tile: 1/1) Camera / Depth information: 
	- R camera:
	   - id: 17
	   - view id: 466111715
	   - depth planes: 894
	   - depths range: [0.0703754-5.44102]
	- T cameras:
	   - T camera (1/10):
	      - id: 20
	      - view id: 527105644
	      - depth planes: 546
	      - depths range: [0.345266-5.44102]
	      - depth indexes range: [348-894]
	   - T camera (2/10):
	      - id: 11
	      - view id: 232147167
	      - depth planes: 537
	      - depths range: [0.355621-5.44102]
	      - depth indexes range: [357-894]
	   - T camera (3/10):
	      - id: 15
	      - view id: 410358630
	      - depth planes: 632
	      - depths range: [0.252566-5.44102]
	      - depth indexes range: [262-894]
	   - T camera (4/10):
	      - id: 40
	      - view id: 2129678330
	      - depth planes: 364
	      - depths range: [0.622689-5.44102]
	      - depth indexes range: [530-894]
	   - T camera (5/10):
	      - id: 18
	      - view id: 520543702
	      - depth planes: 490
	      - depths range: [0.415849-5.44102]
	      - depth indexes range: [404-894]
	   - T camera (6/10):
	      - id: 31
	      - view id: 1309695247
	      - depth planes: 611
	      - depths range: [0.270667-5.27764]
	      - depth indexes range: [281-892]
	   - T camera (7/10):
	      - id: 19
	      - view id: 520641448
	      - depth planes: 449
	      - depths range: [0.47393-5.44102]
	      - depth indexes range: [445-894]
	   - T camera (8/10):
	      - id: 14
	      - view id: 408312426
	      - depth planes: 710
	      - depths range: [0.15363-3.22537]
	      - depth indexes range: [141-851]
	   - T camera (9/10):
	      - id: 33
	      - view id: 1341977023
	      - depth planes: 691
	      - depths range: [0.163572-3.13315]
	      - depth indexes range: [157-848]
	   - T camera (10/10):
	      - id: 30
	      - view id: 1308827016
	      - depth planes: 801
	      - depths range: [0.0703754-2.13687]
	      - depth indexes range: [0-801]
[13:32:34.119388][info] (rc: 17, tile: 1/1) SGM depth/thickness map of view id: 466111715, rc: 17 (18 / 43).
[13:32:34.119388][info] (rc: 17, tile: 1/1) SGM Compute similarity volume.
[13:32:34.119388][info] (rc: 17, tile: 1/1) SGM Compute similarity volume done.
[13:32:34.119388][info] (rc: 17, tile: 1/1) SGM Optimizing volume (filtering axes: YX).
[13:32:35.728774][info] (rc: 17, tile: 1/1) SGM Optimizing volume done.
[13:32:35.728774][info] (rc: 17, tile: 1/1) SGM Retrieve best depth in volume.
[13:32:35.728774][info] (rc: 17, tile: 1/1) SGM Retrieve best depth in volume done.
[13:32:35.728774][info] (rc: 17, tile: 1/1) SGM depth/thickness map done.
[13:32:35.728774][info] (rc: 17, tile: 1/1) SGM Smooth thickness map.
[13:32:35.728774][info] (rc: 17, tile: 1/1) SGM Smooth thickness map done.
[13:32:35.728774][info] (rc: 17, tile: 1/1) Refine depth/sim map of view id: 466111715, rc: 17 (18 / 43).
[13:32:35.728774][info] (rc: 17, tile: 1/1) Refine and fuse depth/sim map volume.
[13:32:35.728774][info] (rc: 17, tile: 1/1) Refine and fuse depth/sim map volume done.
[13:32:35.728774][info] (rc: 17, tile: 1/1) Color optimize depth/sim map.
[13:32:35.792772][info] (rc: 17, tile: 1/1) Color optimize depth/sim map done.
[13:32:35.792772][info] (rc: 17, tile: 1/1) Refine depth/sim map done.
[13:32:36.253768][info] Task done in (s): 8.375000
