[2024-09-10 13:32:45.068036] [0x00010900] [trace]   Embedded OCIO configuration file: 'D:\ly\stage3\Meshroom-2023.2.0-win64\Meshroom-2023.2.0\aliceVision/share/aliceVision/config.ocio' found.
Program called with the following parameters:
 * autoAdjustSmallImage = 1
 * chooseTCamsPerTile = 1
 * colorOptimizationEnabled = 1
 * colorOptimizationNbIterations = 100
 * customPatchPatternGroupSubpartsPerLevel = 0 (default)
 * customPatchPatternSubparts =  Unknown Type "class std::vector<struct aliceVision::depthMap::CustomPatchPatternParams::SubpartParams,class std::allocator<struct aliceVision::depthMap::CustomPatchPatternParams::SubpartParams> >" (default)
 * downscale = 2
 * exportIntermediateCrossVolumes = 0
 * exportIntermediateDepthSimMaps = 0
 * exportIntermediateNormalMaps = 0
 * exportIntermediateTopographicCutVolumes = 0
 * exportIntermediateVolume9pCsv = 0
 * exportIntermediateVolumes = 0
 * exportTilePattern = 0
 * imagesFolder = "D:/ly/stage3/gun11/MeshroomCache/PrepareDenseScene/556ca61831d333ac200735462935e4cccdbc06d7"
 * input = "D:/ly/stage3/gun11/MeshroomCache/StructureFromMotion/f58083d0e7413577fc96b70e28c374c287971645/sfm.abc"
 * maxCoresAvailable =  Unknown Type "unsigned int" (default)
 * maxMemoryAvailable = 18446744073709551615 (default)
 * maxTCams = 10
 * maxViewAngle = 70
 * minViewAngle = 2
 * nbGPUs = 0
 * output = "D:/ly/stage3/gun11/MeshroomCache/DepthMap/59ce868ba0f345435aab3afad3de9eab0af91abf"
 * rangeSize = 3
 * rangeStart = 21
 * refineEnabled = 1
 * refineGammaC = 15.5
 * refineGammaP = 8
 * refineHalfNbDepths = 15
 * refineInterpolateMiddleDepth = 0
 * refineMaxTCamsPerTile = 4
 * refineScale = 1
 * refineSigma = 15
 * refineStepXY = 1
 * refineSubsampling = 10
 * refineUseConsistentScale = 0
 * refineUseCustomPatchPattern = 0
 * refineWSH = 3
 * sgmDepthListPerTile = 1
 * sgmDepthThicknessInflate = 0
 * sgmFilteringAxes = "YX"
 * sgmGammaC = 5.5
 * sgmGammaP = 8
 * sgmMaxDepths = 1500
 * sgmMaxSimilarity = 1
 * sgmMaxTCamsPerTile = 4
 * sgmP1 = 10
 * sgmP2Weighting = 100
 * sgmScale = 2
 * sgmSeedsRangeInflate = 0.2
 * sgmStepXY = 2
 * sgmStepZ = -1
 * sgmUseConsistentScale = 0
 * sgmUseCustomPatchPattern = 0
 * sgmUseSfmSeeds = 1
 * sgmWSH = 4
 * tileBufferHeight = 1024
 * tileBufferWidth = 1024
 * tilePadding = 64
 * verboseLevel = "info"

Hardware : 
	Detected core count : 16
	OpenMP will use 16 cores
	Detected available memory : 5532 Mo

[13:32:45.075001][info] CUDA-Enabled GPU.
Device information:
	- id:                      0
	- name:                    NVIDIA GeForce RTX 2060
	- compute capability:      7.5
	- clock frequency (kHz):   1350000
	- total device memory:     6143 MB 
	- device memory available: 5130 MB 
	- per-block shared memory: 49152
	- warp size:               32
	- max threads per block:   1024
	- max threads per SM(X):   1024
	- max block sizes:         {1024,1024,64}
	- max grid sizes:          {2147483647,65535,65535}
	- max 2D array texture:    {131072,65536}
	- max 3D array texture:    {16384,16384,16384}
	- max 2D linear texture:   {131072,65000,2097120}
	- max 2D layered texture:  {32768,32768,2048}
	- number of SM(x)s:        30
	- registers per SM(x):     65536
	- registers per block:     65536
	- concurrent kernels:      yes
	- mapping host memory:     yes
	- unified addressing:      yes
	- texture alignment:       512 byte
	- pitch alignment:         32 byte
CUDA build version: 11.6
[13:32:45.168999][info] Supported CUDA-Enabled GPU detected.
[13:32:45.288998][info] Found 1 image dimension(s): 
[13:32:45.288998][info] 	- [1920x1080]
[13:32:45.346009][info] Overall maximum dimension: [1920x1080]
[13:32:45.346009][warning] Tile buffer size (width: 1024, height: 1024) is larger than the maximum image size (width: 960, height: 540).
[13:32:45.346009][warning] Single tile computation, override SGM maximum number of T cameras per tile (before: 4, now: 10).
[13:32:45.346009][warning] Single tile computation, override Refine maximum number of T cameras per tile (before: 4, now: 10).
[13:32:45.346009][warning] Single tile computation, override SGM step XY (before: 2, now: 1).
[13:32:45.346009][info] Tiling information: 
	- parameters: 
	      - buffer width:  1024 px
	      - buffer height: 1024 px
	      - padding: 64 px
	- maximum downscale:  2
	- maximum image width:  960 px
	- maximum image height: 540 px
[13:32:45.346009][info] Maximum image size is smaller than one tile, use only one tile.
[13:32:45.346009][info] SGM parameters:
	- scale: 2
	- stepXY: 1
[13:32:45.346009][info] Refine parameters:
	- scale: 1
	- stepXY: 1
[13:32:45.346009][info] Number of GPU devices: 1, number of CPU threads: 16
[13:32:45.390999][info] Device memory:
	- available: 4104.7 MB
	- requirement for the first tile: 917.126 MB
	- # computation buffers per tile: 851.867 MB (Sgm: 757.867 MB, Refine: 94 MB)
	- # input images (R + 10 Ts): 65.2588 MB (single mipmap image size: 5.93262 MB)
[13:32:45.390999][info] Parallelization:
	- # tiles per image: 1
	- # simultaneous depth maps computation: 4
	- # simultaneous tiles computation: 4
[13:32:45.416998][info] Device memory (device id: 0):
	- used: 3570.44 MB
	- available: 2573.25 MB
	- total: 6143.69 MB
[13:32:49.965983][info] (rc: 21, tile: 1/1) Camera / Depth information: 
	- R camera:
	   - id: 21
	   - view id: 977463366
	   - depth planes: 64
	   - depths range: [0.941763-1.53665]
	- T cameras:
	   - T camera (1/10):
	      - id: 41
	      - view id: 2131854708
	      - depth planes: 64
	      - depths range: [0.941763-1.53665]
	      - depth indexes range: [0-64]
	   - T camera (2/10):
	      - id: 24
	      - view id: 1033459250
	      - depth planes: 64
	      - depths range: [0.941763-1.53665]
	      - depth indexes range: [0-64]
	   - T camera (3/10):
	      - id: 42
	      - view id: 2132052518
	      - depth planes: 64
	      - depths range: [0.941763-1.53665]
	      - depth indexes range: [0-64]
	   - T camera (4/10):
	      - id: 40
	      - view id: 2129678330
	      - depth planes: 64
	      - depths range: [0.941763-1.53665]
	      - depth indexes range: [0-64]
	   - T camera (5/10):
	      - id: 22
	      - view id: 978679606
	      - depth planes: 64
	      - depths range: [0.941763-1.53665]
	      - depth indexes range: [0-64]
	   - T camera (6/10):
	      - id: 0
	      - view id: 81360083
	      - depth planes: 64
	      - depths range: [0.941763-1.53665]
	      - depth indexes range: [0-64]
	   - T camera (7/10):
	      - id: 3
	      - view id: 214029867
	      - depth planes: 64
	      - depths range: [0.941763-1.53665]
	      - depth indexes range: [0-64]
	   - T camera (8/10):
	      - id: 35
	      - view id: 1573027797
	      - depth planes: 64
	      - depths range: [0.941763-1.53665]
	      - depth indexes range: [0-64]
	   - T camera (9/10):
	      - id: 36
	      - view id: 1614021945
	      - depth planes: 64
	      - depths range: [0.941763-1.53665]
	      - depth indexes range: [0-64]
	   - T camera (10/10):
	      - id: 2
	      - view id: 213617893
	      - depth planes: 64
	      - depths range: [0.941763-1.53665]
	      - depth indexes range: [0-64]
[13:32:49.965983][info] (rc: 21, tile: 1/1) SGM depth/thickness map of view id: 977463366, rc: 21 (22 / 43).
[13:32:49.966985][info] (rc: 21, tile: 1/1) SGM Compute similarity volume.
[13:32:49.966985][info] (rc: 21, tile: 1/1) SGM Compute similarity volume done.
[13:32:49.966985][info] (rc: 21, tile: 1/1) SGM Optimizing volume (filtering axes: YX).
[13:32:50.174995][info] (rc: 21, tile: 1/1) SGM Optimizing volume done.
[13:32:50.174995][info] (rc: 21, tile: 1/1) SGM Retrieve best depth in volume.
[13:32:50.174995][info] (rc: 21, tile: 1/1) SGM Retrieve best depth in volume done.
[13:32:50.174995][info] (rc: 21, tile: 1/1) SGM depth/thickness map done.
[13:32:50.174995][info] (rc: 21, tile: 1/1) SGM Smooth thickness map.
[13:32:50.174995][info] (rc: 21, tile: 1/1) SGM Smooth thickness map done.
[13:32:50.174995][info] (rc: 21, tile: 1/1) Refine depth/sim map of view id: 977463366, rc: 21 (22 / 43).
[13:32:50.174995][info] (rc: 21, tile: 1/1) Refine and fuse depth/sim map volume.
[13:32:50.174995][info] (rc: 21, tile: 1/1) Refine and fuse depth/sim map volume done.
[13:32:50.174995][info] (rc: 21, tile: 1/1) Color optimize depth/sim map.
[13:32:50.176991][info] (rc: 21, tile: 1/1) Color optimize depth/sim map done.
[13:32:50.176991][info] (rc: 21, tile: 1/1) Refine depth/sim map done.
[13:32:50.179994][info] (rc: 22, tile: 1/1) Camera / Depth information: 
	- R camera:
	   - id: 22
	   - view id: 978679606
	   - depth planes: 230
	   - depths range: [0.675061-1.58229]
	- T cameras:
	   - T camera (1/10):
	      - id: 36
	      - view id: 1614021945
	      - depth planes: 230
	      - depths range: [0.675061-1.58229]
	      - depth indexes range: [0-230]
	   - T camera (2/10):
	      - id: 3
	      - view id: 214029867
	      - depth planes: 230
	      - depths range: [0.675061-1.58229]
	      - depth indexes range: [0-230]
	   - T camera (3/10):
	      - id: 2
	      - view id: 213617893
	      - depth planes: 230
	      - depths range: [0.675061-1.58229]
	      - depth indexes range: [0-230]
	   - T camera (4/10):
	      - id: 42
	      - view id: 2132052518
	      - depth planes: 230
	      - depths range: [0.675061-1.58229]
	      - depth indexes range: [0-230]
	   - T camera (5/10):
	      - id: 21
	      - view id: 977463366
	      - depth planes: 230
	      - depths range: [0.675061-1.58229]
	      - depth indexes range: [0-230]
	   - T camera (6/10):
	      - id: 41
	      - view id: 2131854708
	      - depth planes: 230
	      - depths range: [0.675061-1.58229]
	      - depth indexes range: [0-230]
	   - T camera (7/10):
	      - id: 40
	      - view id: 2129678330
	      - depth planes: 230
	      - depths range: [0.675061-1.58229]
	      - depth indexes range: [0-230]
	   - T camera (8/10):
	      - id: 35
	      - view id: 1573027797
	      - depth planes: 230
	      - depths range: [0.675061-1.58229]
	      - depth indexes range: [0-230]
	   - T camera (9/10):
	      - id: 5
	      - view id: 220438100
	      - depth planes: 176
	      - depths range: [0.806536-1.58229]
	      - depth indexes range: [54-230]
	   - T camera (10/10):
	      - id: 24
	      - view id: 1033459250
	      - depth planes: 230
	      - depths range: [0.675061-1.58229]
	      - depth indexes range: [0-230]
[13:32:50.179994][info] (rc: 22, tile: 1/1) SGM depth/thickness map of view id: 978679606, rc: 22 (23 / 43).
[13:32:50.179994][info] (rc: 22, tile: 1/1) SGM Compute similarity volume.
[13:32:50.179994][info] (rc: 22, tile: 1/1) SGM Compute similarity volume done.
[13:32:50.179994][info] (rc: 22, tile: 1/1) SGM Optimizing volume (filtering axes: YX).
[13:32:50.679772][info] (rc: 22, tile: 1/1) SGM Optimizing volume done.
[13:32:50.679772][info] (rc: 22, tile: 1/1) SGM Retrieve best depth in volume.
[13:32:50.679772][info] (rc: 22, tile: 1/1) SGM Retrieve best depth in volume done.
[13:32:50.679772][info] (rc: 22, tile: 1/1) SGM depth/thickness map done.
[13:32:50.679772][info] (rc: 22, tile: 1/1) SGM Smooth thickness map.
[13:32:50.679772][info] (rc: 22, tile: 1/1) SGM Smooth thickness map done.
[13:32:50.679772][info] (rc: 22, tile: 1/1) Refine depth/sim map of view id: 978679606, rc: 22 (23 / 43).
[13:32:50.679772][info] (rc: 22, tile: 1/1) Refine and fuse depth/sim map volume.
[13:32:50.679772][info] (rc: 22, tile: 1/1) Refine and fuse depth/sim map volume done.
[13:32:50.679772][info] (rc: 22, tile: 1/1) Color optimize depth/sim map.
[13:32:50.695780][info] (rc: 22, tile: 1/1) Color optimize depth/sim map done.
[13:32:50.695780][info] (rc: 22, tile: 1/1) Refine depth/sim map done.
[13:32:50.698771][info] (rc: 23, tile: 1/1) Camera / Depth information: 
	- R camera:
	   - id: 23
	   - view id: 996447891
	   - depth planes: 873
	   - depths range: [0.154864-5.34748]
	- T cameras:
	   - T camera (1/10):
	      - id: 26
	      - view id: 1221813292
	      - depth planes: 677
	      - depths range: [0.389069-5.34748]
	      - depth indexes range: [196-873]
	   - T camera (2/10):
	      - id: 34
	      - view id: 1351244161
	      - depth planes: 830
	      - depths range: [0.154864-3.18793]
	      - depth indexes range: [0-830]
	   - T camera (3/10):
	      - id: 16
	      - view id: 417574239
	      - depth planes: 429
	      - depths range: [0.775038-5.34748]
	      - depth indexes range: [444-873]
	   - T camera (4/10):
	      - id: 13
	      - view id: 402711009
	      - depth planes: 477
	      - depths range: [0.699126-5.34748]
	      - depth indexes range: [396-873]
	   - T camera (5/10):
	      - id: 6
	      - view id: 223694228
	      - depth planes: 390
	      - depths range: [0.836716-5.34748]
	      - depth indexes range: [483-873]
	   - T camera (6/10):
	      - id: 30
	      - view id: 1308827016
	      - depth planes: 549
	      - depths range: [0.585324-5.34748]
	      - depth indexes range: [324-873]
	   - T camera (7/10):
	      - id: 17
	      - view id: 466111715
	      - depth planes: 462
	      - depths range: [0.722849-5.34748]
	      - depth indexes range: [411-873]
	   - T camera (8/10):
	      - id: 39
	      - view id: 2124494862
	      - depth planes: 389
	      - depths range: [0.838297-5.34748]
	      - depth indexes range: [484-873]
	   - T camera (9/10):
	      - id: 7
	      - view id: 227349516
	      - depth planes: 384
	      - depths range: [0.846293-5.34748]
	      - depth indexes range: [489-873]
	   - T camera (10/10):
	      - id: 4
	      - view id: 220015964
	      - depth planes: 387
	      - depths range: [0.841482-5.34748]
	      - depth indexes range: [486-873]
[13:32:50.698771][info] (rc: 23, tile: 1/1) SGM depth/thickness map of view id: 996447891, rc: 23 (24 / 43).
[13:32:50.698771][info] (rc: 23, tile: 1/1) SGM Compute similarity volume.
[13:32:50.698771][info] (rc: 23, tile: 1/1) SGM Compute similarity volume done.
[13:32:50.698771][info] (rc: 23, tile: 1/1) SGM Optimizing volume (filtering axes: YX).
[13:32:51.994374][info] (rc: 23, tile: 1/1) SGM Optimizing volume done.
[13:32:51.994374][info] (rc: 23, tile: 1/1) SGM Retrieve best depth in volume.
[13:32:51.994374][info] (rc: 23, tile: 1/1) SGM Retrieve best depth in volume done.
[13:32:51.994374][info] (rc: 23, tile: 1/1) SGM depth/thickness map done.
[13:32:51.994374][info] (rc: 23, tile: 1/1) SGM Smooth thickness map.
[13:32:51.994374][info] (rc: 23, tile: 1/1) SGM Smooth thickness map done.
[13:32:51.994374][info] (rc: 23, tile: 1/1) Refine depth/sim map of view id: 996447891, rc: 23 (24 / 43).
[13:32:51.994374][info] (rc: 23, tile: 1/1) Refine and fuse depth/sim map volume.
[13:32:51.994374][info] (rc: 23, tile: 1/1) Refine and fuse depth/sim map volume done.
[13:32:51.994374][info] (rc: 23, tile: 1/1) Color optimize depth/sim map.
[13:32:52.056375][info] (rc: 23, tile: 1/1) Color optimize depth/sim map done.
[13:32:52.056375][info] (rc: 23, tile: 1/1) Refine depth/sim map done.
[13:32:52.500375][info] Task done in (s): 7.430000
