[2024-09-10 13:32:52.642376] [0x00003600] [trace]   Embedded OCIO configuration file: 'D:\ly\stage3\Meshroom-2023.2.0-win64\Meshroom-2023.2.0\aliceVision/share/aliceVision/config.ocio' found.
Program called with the following parameters:
 * autoAdjustSmallImage = 1
 * chooseTCamsPerTile = 1
 * colorOptimizationEnabled = 1
 * colorOptimizationNbIterations = 100
 * customPatchPatternGroupSubpartsPerLevel = 0 (default)
 * customPatchPatternSubparts =  Unknown Type "class std::vector<struct aliceVision::depthMap::CustomPatchPatternParams::SubpartParams,class std::allocator<struct aliceVision::depthMap::CustomPatchPatternParams::SubpartParams> >" (default)
 * downscale = 2
 * exportIntermediateCrossVolumes = 0
 * exportIntermediateDepthSimMaps = 0
 * exportIntermediateNormalMaps = 0
 * exportIntermediateTopographicCutVolumes = 0
 * exportIntermediateVolume9pCsv = 0
 * exportIntermediateVolumes = 0
 * exportTilePattern = 0
 * imagesFolder = "D:/ly/stage3/gun11/MeshroomCache/PrepareDenseScene/556ca61831d333ac200735462935e4cccdbc06d7"
 * input = "D:/ly/stage3/gun11/MeshroomCache/StructureFromMotion/f58083d0e7413577fc96b70e28c374c287971645/sfm.abc"
 * maxCoresAvailable =  Unknown Type "unsigned int" (default)
 * maxMemoryAvailable = 18446744073709551615 (default)
 * maxTCams = 10
 * maxViewAngle = 70
 * minViewAngle = 2
 * nbGPUs = 0
 * output = "D:/ly/stage3/gun11/MeshroomCache/DepthMap/59ce868ba0f345435aab3afad3de9eab0af91abf"
 * rangeSize = 3
 * rangeStart = 24
 * refineEnabled = 1
 * refineGammaC = 15.5
 * refineGammaP = 8
 * refineHalfNbDepths = 15
 * refineInterpolateMiddleDepth = 0
 * refineMaxTCamsPerTile = 4
 * refineScale = 1
 * refineSigma = 15
 * refineStepXY = 1
 * refineSubsampling = 10
 * refineUseConsistentScale = 0
 * refineUseCustomPatchPattern = 0
 * refineWSH = 3
 * sgmDepthListPerTile = 1
 * sgmDepthThicknessInflate = 0
 * sgmFilteringAxes = "YX"
 * sgmGammaC = 5.5
 * sgmGammaP = 8
 * sgmMaxDepths = 1500
 * sgmMaxSimilarity = 1
 * sgmMaxTCamsPerTile = 4
 * sgmP1 = 10
 * sgmP2Weighting = 100
 * sgmScale = 2
 * sgmSeedsRangeInflate = 0.2
 * sgmStepXY = 2
 * sgmStepZ = -1
 * sgmUseConsistentScale = 0
 * sgmUseCustomPatchPattern = 0
 * sgmUseSfmSeeds = 1
 * sgmWSH = 4
 * tileBufferHeight = 1024
 * tileBufferWidth = 1024
 * tilePadding = 64
 * verboseLevel = "info"

Hardware : 
	Detected core count : 16
	OpenMP will use 16 cores
	Detected available memory : 5555 Mo

[13:32:52.647375][info] CUDA-Enabled GPU.
Device information:
	- id:                      0
	- name:                    NVIDIA GeForce RTX 2060
	- compute capability:      7.5
	- clock frequency (kHz):   1350000
	- total device memory:     6143 MB 
	- device memory available: 5130 MB 
	- per-block shared memory: 49152
	- warp size:               32
	- max threads per block:   1024
	- max threads per SM(X):   1024
	- max block sizes:         {1024,1024,64}
	- max grid sizes:          {2147483647,65535,65535}
	- max 2D array texture:    {131072,65536}
	- max 3D array texture:    {16384,16384,16384}
	- max 2D linear texture:   {131072,65000,2097120}
	- max 2D layered texture:  {32768,32768,2048}
	- number of SM(x)s:        30
	- registers per SM(x):     65536
	- registers per block:     65536
	- concurrent kernels:      yes
	- mapping host memory:     yes
	- unified addressing:      yes
	- texture alignment:       512 byte
	- pitch alignment:         32 byte
CUDA build version: 11.6
[13:32:52.743370][info] Supported CUDA-Enabled GPU detected.
[13:32:52.862376][info] Found 1 image dimension(s): 
[13:32:52.862376][info] 	- [1920x1080]
[13:32:52.919378][info] Overall maximum dimension: [1920x1080]
[13:32:52.919378][warning] Tile buffer size (width: 1024, height: 1024) is larger than the maximum image size (width: 960, height: 540).
[13:32:52.919378][warning] Single tile computation, override SGM maximum number of T cameras per tile (before: 4, now: 10).
[13:32:52.919378][warning] Single tile computation, override Refine maximum number of T cameras per tile (before: 4, now: 10).
[13:32:52.919378][warning] Single tile computation, override SGM step XY (before: 2, now: 1).
[13:32:52.919378][info] Tiling information: 
	- parameters: 
	      - buffer width:  1024 px
	      - buffer height: 1024 px
	      - padding: 64 px
	- maximum downscale:  2
	- maximum image width:  960 px
	- maximum image height: 540 px
[13:32:52.919378][info] Maximum image size is smaller than one tile, use only one tile.
[13:32:52.919378][info] SGM parameters:
	- scale: 2
	- stepXY: 1
[13:32:52.919378][info] Refine parameters:
	- scale: 1
	- stepXY: 1
[13:32:52.919378][info] Number of GPU devices: 1, number of CPU threads: 16
[13:32:52.959374][info] Device memory:
	- available: 4104.7 MB
	- requirement for the first tile: 917.126 MB
	- # computation buffers per tile: 851.867 MB (Sgm: 757.867 MB, Refine: 94 MB)
	- # input images (R + 10 Ts): 65.2588 MB (single mipmap image size: 5.93262 MB)
[13:32:52.959374][info] Parallelization:
	- # tiles per image: 1
	- # simultaneous depth maps computation: 4
	- # simultaneous tiles computation: 4
[13:32:52.982367][info] Device memory (device id: 0):
	- used: 3570.44 MB
	- available: 2573.25 MB
	- total: 6143.69 MB
[13:32:57.579367][info] (rc: 24, tile: 1/1) Camera / Depth information: 
	- R camera:
	   - id: 24
	   - view id: 1033459250
	   - depth planes: 391
	   - depths range: [0.389605-2.39877]
	- T cameras:
	   - T camera (1/10):
	      - id: 21
	      - view id: 977463366
	      - depth planes: 387
	      - depths range: [0.398461-2.39877]
	      - depth indexes range: [4-391]
	   - T camera (2/10):
	      - id: 36
	      - view id: 1614021945
	      - depth planes: 369
	      - depths range: [0.440996-2.39877]
	      - depth indexes range: [22-391]
	   - T camera (3/10):
	      - id: 2
	      - view id: 213617893
	      - depth planes: 343
	      - depths range: [0.5031-2.39877]
	      - depth indexes range: [48-391]
	   - T camera (4/10):
	      - id: 3
	      - view id: 214029867
	      - depth planes: 331
	      - depths range: [0.532659-2.39877]
	      - depth indexes range: [60-391]
	   - T camera (5/10):
	      - id: 42
	      - view id: 2132052518
	      - depth planes: 359
	      - depths range: [0.464726-2.39877]
	      - depth indexes range: [32-391]
	   - T camera (6/10):
	      - id: 22
	      - view id: 978679606
	      - depth planes: 391
	      - depths range: [0.389605-2.39877]
	      - depth indexes range: [0-391]
	   - T camera (7/10):
	      - id: 40
	      - view id: 2129678330
	      - depth planes: 351
	      - depths range: [0.48371-2.39877]
	      - depth indexes range: [40-391]
	   - T camera (8/10):
	      - id: 41
	      - view id: 2131854708
	      - depth planes: 331
	      - depths range: [0.532659-2.39877]
	      - depth indexes range: [60-391]
	   - T camera (9/10):
	      - id: 37
	      - view id: 2000851169
	      - depth planes: 268
	      - depths range: [0.685277-2.3441]
	      - depth indexes range: [121-389]
	   - T camera (10/10):
	      - id: 25
	      - view id: 1035244618
	      - depth planes: 391
	      - depths range: [0.389605-2.39877]
	      - depth indexes range: [0-391]
[13:32:57.579367][info] (rc: 24, tile: 1/1) SGM depth/thickness map of view id: 1033459250, rc: 24 (25 / 43).
[13:32:57.580372][info] (rc: 24, tile: 1/1) SGM Compute similarity volume.
[13:32:57.580372][info] (rc: 24, tile: 1/1) SGM Compute similarity volume done.
[13:32:57.580372][info] (rc: 24, tile: 1/1) SGM Optimizing volume (filtering axes: YX).
[13:32:58.202376][info] (rc: 24, tile: 1/1) SGM Optimizing volume done.
[13:32:58.203370][info] (rc: 24, tile: 1/1) SGM Retrieve best depth in volume.
[13:32:58.203370][info] (rc: 24, tile: 1/1) SGM Retrieve best depth in volume done.
[13:32:58.203370][info] (rc: 24, tile: 1/1) SGM depth/thickness map done.
[13:32:58.203370][info] (rc: 24, tile: 1/1) SGM Smooth thickness map.
[13:32:58.203370][info] (rc: 24, tile: 1/1) SGM Smooth thickness map done.
[13:32:58.203370][info] (rc: 24, tile: 1/1) Refine depth/sim map of view id: 1033459250, rc: 24 (25 / 43).
[13:32:58.203370][info] (rc: 24, tile: 1/1) Refine and fuse depth/sim map volume.
[13:32:58.217374][info] (rc: 24, tile: 1/1) Refine and fuse depth/sim map volume done.
[13:32:58.217374][info] (rc: 24, tile: 1/1) Color optimize depth/sim map.
[13:32:58.232375][info] (rc: 24, tile: 1/1) Color optimize depth/sim map done.
[13:32:58.232375][info] (rc: 24, tile: 1/1) Refine depth/sim map done.
[13:32:58.235379][info] (rc: 25, tile: 1/1) Camera / Depth information: 
	- R camera:
	   - id: 25
	   - view id: 1035244618
	   - depth planes: 322
	   - depths range: [0.683078-2.31991]
	- T cameras:
	   - T camera (1/10):
	      - id: 22
	      - view id: 978679606
	      - depth planes: 322
	      - depths range: [0.683078-2.31991]
	      - depth indexes range: [0-322]
	   - T camera (2/10):
	      - id: 21
	      - view id: 977463366
	      - depth planes: 322
	      - depths range: [0.683078-2.31991]
	      - depth indexes range: [0-322]
	   - T camera (3/10):
	      - id: 24
	      - view id: 1033459250
	      - depth planes: 322
	      - depths range: [0.683078-2.31991]
	      - depth indexes range: [0-322]
	   - T camera (4/10):
	      - id: 36
	      - view id: 1614021945
	      - depth planes: 322
	      - depths range: [0.683078-2.31991]
	      - depth indexes range: [0-322]
	   - T camera (5/10):
	      - id: 2
	      - view id: 213617893
	      - depth planes: 322
	      - depths range: [0.683078-2.31991]
	      - depth indexes range: [0-322]
	   - T camera (6/10):
	      - id: 3
	      - view id: 214029867
	      - depth planes: 322
	      - depths range: [0.683078-2.31991]
	      - depth indexes range: [0-322]
	   - T camera (7/10):
	      - id: 42
	      - view id: 2132052518
	      - depth planes: 322
	      - depths range: [0.683078-2.31991]
	      - depth indexes range: [0-322]
	   - T camera (8/10):
	      - id: 41
	      - view id: 2131854708
	      - depth planes: 322
	      - depths range: [0.683078-2.31991]
	      - depth indexes range: [0-322]
	   - T camera (9/10):
	      - id: 4
	      - view id: 220015964
	      - depth planes: 268
	      - depths range: [0.772354-2.04561]
	      - depth indexes range: [39-307]
	   - T camera (10/10):
	      - id: 35
	      - view id: 1573027797
	      - depth planes: 322
	      - depths range: [0.683078-2.31991]
	      - depth indexes range: [0-322]
[13:32:58.235379][info] (rc: 25, tile: 1/1) SGM depth/thickness map of view id: 1035244618, rc: 25 (26 / 43).
[13:32:58.235379][info] (rc: 25, tile: 1/1) SGM Compute similarity volume.
[13:32:58.236379][info] (rc: 25, tile: 1/1) SGM Compute similarity volume done.
[13:32:58.236379][info] (rc: 25, tile: 1/1) SGM Optimizing volume (filtering axes: YX).
[13:32:58.984377][info] (rc: 25, tile: 1/1) SGM Optimizing volume done.
[13:32:58.984377][info] (rc: 25, tile: 1/1) SGM Retrieve best depth in volume.
[13:32:58.984377][info] (rc: 25, tile: 1/1) SGM Retrieve best depth in volume done.
[13:32:58.984377][info] (rc: 25, tile: 1/1) SGM depth/thickness map done.
[13:32:58.984377][info] (rc: 25, tile: 1/1) SGM Smooth thickness map.
[13:32:58.984377][info] (rc: 25, tile: 1/1) SGM Smooth thickness map done.
[13:32:58.984377][info] (rc: 25, tile: 1/1) Refine depth/sim map of view id: 1035244618, rc: 25 (26 / 43).
[13:32:58.984377][info] (rc: 25, tile: 1/1) Refine and fuse depth/sim map volume.
[13:32:58.984377][info] (rc: 25, tile: 1/1) Refine and fuse depth/sim map volume done.
[13:32:58.984377][info] (rc: 25, tile: 1/1) Color optimize depth/sim map.
[13:32:59.000374][info] (rc: 25, tile: 1/1) Color optimize depth/sim map done.
[13:32:59.000374][info] (rc: 25, tile: 1/1) Refine depth/sim map done.
[13:32:59.004381][info] (rc: 26, tile: 1/1) Camera / Depth information: 
	- R camera:
	   - id: 26
	   - view id: 1221813292
	   - depth planes: 179
	   - depths range: [0.917553-2.84711]
	- T cameras:
	   - T camera (1/10):
	      - id: 6
	      - view id: 223694228
	      - depth planes: 179
	      - depths range: [0.917553-2.84711]
	      - depth indexes range: [0-179]
	   - T camera (2/10):
	      - id: 23
	      - view id: 996447891
	      - depth planes: 179
	      - depths range: [0.917553-2.84711]
	      - depth indexes range: [0-179]
	   - T camera (3/10):
	      - id: 4
	      - view id: 220015964
	      - depth planes: 179
	      - depths range: [0.917553-2.84711]
	      - depth indexes range: [0-179]
	   - T camera (4/10):
	      - id: 30
	      - view id: 1308827016
	      - depth planes: 179
	      - depths range: [0.917553-2.84711]
	      - depth indexes range: [0-179]
	   - T camera (5/10):
	      - id: 5
	      - view id: 220438100
	      - depth planes: 179
	      - depths range: [0.917553-2.84711]
	      - depth indexes range: [0-179]
	   - T camera (6/10):
	      - id: 39
	      - view id: 2124494862
	      - depth planes: 179
	      - depths range: [0.917553-2.84711]
	      - depth indexes range: [0-179]
	   - T camera (7/10):
	      - id: 7
	      - view id: 227349516
	      - depth planes: 179
	      - depths range: [0.917553-2.84711]
	      - depth indexes range: [0-179]
	   - T camera (8/10):
	      - id: 17
	      - view id: 466111715
	      - depth planes: 179
	      - depths range: [0.917553-2.84711]
	      - depth indexes range: [0-179]
	   - T camera (9/10):
	      - id: 34
	      - view id: 1351244161
	      - depth planes: 179
	      - depths range: [0.917553-2.84711]
	      - depth indexes range: [0-179]
	   - T camera (10/10):
	      - id: 32
	      - view id: 1318639942
	      - depth planes: 179
	      - depths range: [0.917553-2.84711]
	      - depth indexes range: [0-179]
[13:32:59.004381][info] (rc: 26, tile: 1/1) SGM depth/thickness map of view id: 1221813292, rc: 26 (27 / 43).
[13:32:59.004381][info] (rc: 26, tile: 1/1) SGM Compute similarity volume.
[13:32:59.004381][info] (rc: 26, tile: 1/1) SGM Compute similarity volume done.
[13:32:59.004381][info] (rc: 26, tile: 1/1) SGM Optimizing volume (filtering axes: YX).
[13:32:59.561379][info] (rc: 26, tile: 1/1) SGM Optimizing volume done.
[13:32:59.561379][info] (rc: 26, tile: 1/1) SGM Retrieve best depth in volume.
[13:32:59.561379][info] (rc: 26, tile: 1/1) SGM Retrieve best depth in volume done.
[13:32:59.561379][info] (rc: 26, tile: 1/1) SGM depth/thickness map done.
[13:32:59.561379][info] (rc: 26, tile: 1/1) SGM Smooth thickness map.
[13:32:59.561379][info] (rc: 26, tile: 1/1) SGM Smooth thickness map done.
[13:32:59.561379][info] (rc: 26, tile: 1/1) Refine depth/sim map of view id: 1221813292, rc: 26 (27 / 43).
[13:32:59.561379][info] (rc: 26, tile: 1/1) Refine and fuse depth/sim map volume.
[13:32:59.561379][info] (rc: 26, tile: 1/1) Refine and fuse depth/sim map volume done.
[13:32:59.561379][info] (rc: 26, tile: 1/1) Color optimize depth/sim map.
[13:32:59.575371][info] (rc: 26, tile: 1/1) Color optimize depth/sim map done.
[13:32:59.575371][info] (rc: 26, tile: 1/1) Refine depth/sim map done.
[13:32:59.822375][info] Task done in (s): 7.178000
