[2024-09-10 13:32:59.978377] [0x00002b08] [trace]   Embedded OCIO configuration file: 'D:\ly\stage3\Meshroom-2023.2.0-win64\Meshroom-2023.2.0\aliceVision/share/aliceVision/config.ocio' found.
Program called with the following parameters:
 * autoAdjustSmallImage = 1
 * chooseTCamsPerTile = 1
 * colorOptimizationEnabled = 1
 * colorOptimizationNbIterations = 100
 * customPatchPatternGroupSubpartsPerLevel = 0 (default)
 * customPatchPatternSubparts =  Unknown Type "class std::vector<struct aliceVision::depthMap::CustomPatchPatternParams::SubpartParams,class std::allocator<struct aliceVision::depthMap::CustomPatchPatternParams::SubpartParams> >" (default)
 * downscale = 2
 * exportIntermediateCrossVolumes = 0
 * exportIntermediateDepthSimMaps = 0
 * exportIntermediateNormalMaps = 0
 * exportIntermediateTopographicCutVolumes = 0
 * exportIntermediateVolume9pCsv = 0
 * exportIntermediateVolumes = 0
 * exportTilePattern = 0
 * imagesFolder = "D:/ly/stage3/gun11/MeshroomCache/PrepareDenseScene/556ca61831d333ac200735462935e4cccdbc06d7"
 * input = "D:/ly/stage3/gun11/MeshroomCache/StructureFromMotion/f58083d0e7413577fc96b70e28c374c287971645/sfm.abc"
 * maxCoresAvailable =  Unknown Type "unsigned int" (default)
 * maxMemoryAvailable = 18446744073709551615 (default)
 * maxTCams = 10
 * maxViewAngle = 70
 * minViewAngle = 2
 * nbGPUs = 0
 * output = "D:/ly/stage3/gun11/MeshroomCache/DepthMap/59ce868ba0f345435aab3afad3de9eab0af91abf"
 * rangeSize = 3
 * rangeStart = 27
 * refineEnabled = 1
 * refineGammaC = 15.5
 * refineGammaP = 8
 * refineHalfNbDepths = 15
 * refineInterpolateMiddleDepth = 0
 * refineMaxTCamsPerTile = 4
 * refineScale = 1
 * refineSigma = 15
 * refineStepXY = 1
 * refineSubsampling = 10
 * refineUseConsistentScale = 0
 * refineUseCustomPatchPattern = 0
 * refineWSH = 3
 * sgmDepthListPerTile = 1
 * sgmDepthThicknessInflate = 0
 * sgmFilteringAxes = "YX"
 * sgmGammaC = 5.5
 * sgmGammaP = 8
 * sgmMaxDepths = 1500
 * sgmMaxSimilarity = 1
 * sgmMaxTCamsPerTile = 4
 * sgmP1 = 10
 * sgmP2Weighting = 100
 * sgmScale = 2
 * sgmSeedsRangeInflate = 0.2
 * sgmStepXY = 2
 * sgmStepZ = -1
 * sgmUseConsistentScale = 0
 * sgmUseCustomPatchPattern = 0
 * sgmUseSfmSeeds = 1
 * sgmWSH = 4
 * tileBufferHeight = 1024
 * tileBufferWidth = 1024
 * tilePadding = 64
 * verboseLevel = "info"

Hardware : 
	Detected core count : 16
	OpenMP will use 16 cores
	Detected available memory : 5554 Mo

[13:32:59.984378][info] CUDA-Enabled GPU.
Device information:
	- id:                      0
	- name:                    NVIDIA GeForce RTX 2060
	- compute capability:      7.5
	- clock frequency (kHz):   1350000
	- total device memory:     6143 MB 
	- device memory available: 5130 MB 
	- per-block shared memory: 49152
	- warp size:               32
	- max threads per block:   1024
	- max threads per SM(X):   1024
	- max block sizes:         {1024,1024,64}
	- max grid sizes:          {2147483647,65535,65535}
	- max 2D array texture:    {131072,65536}
	- max 3D array texture:    {16384,16384,16384}
	- max 2D linear texture:   {131072,65000,2097120}
	- max 2D layered texture:  {32768,32768,2048}
	- number of SM(x)s:        30
	- registers per SM(x):     65536
	- registers per block:     65536
	- concurrent kernels:      yes
	- mapping host memory:     yes
	- unified addressing:      yes
	- texture alignment:       512 byte
	- pitch alignment:         32 byte
CUDA build version: 11.6
[13:33:00.098371][info] Supported CUDA-Enabled GPU detected.
[13:33:00.225368][info] Found 1 image dimension(s): 
[13:33:00.225368][info] 	- [1920x1080]
[13:33:00.282375][info] Overall maximum dimension: [1920x1080]
[13:33:00.282375][warning] Tile buffer size (width: 1024, height: 1024) is larger than the maximum image size (width: 960, height: 540).
[13:33:00.282375][warning] Single tile computation, override SGM maximum number of T cameras per tile (before: 4, now: 10).
[13:33:00.282375][warning] Single tile computation, override Refine maximum number of T cameras per tile (before: 4, now: 10).
[13:33:00.282375][warning] Single tile computation, override SGM step XY (before: 2, now: 1).
[13:33:00.282375][info] Tiling information: 
	- parameters: 
	      - buffer width:  1024 px
	      - buffer height: 1024 px
	      - padding: 64 px
	- maximum downscale:  2
	- maximum image width:  960 px
	- maximum image height: 540 px
[13:33:00.282375][info] Maximum image size is smaller than one tile, use only one tile.
[13:33:00.282375][info] SGM parameters:
	- scale: 2
	- stepXY: 1
[13:33:00.282375][info] Refine parameters:
	- scale: 1
	- stepXY: 1
[13:33:00.282375][info] Number of GPU devices: 1, number of CPU threads: 16
[13:33:00.328375][info] Device memory:
	- available: 4104.7 MB
	- requirement for the first tile: 917.126 MB
	- # computation buffers per tile: 851.867 MB (Sgm: 757.867 MB, Refine: 94 MB)
	- # input images (R + 10 Ts): 65.2588 MB (single mipmap image size: 5.93262 MB)
[13:33:00.328375][info] Parallelization:
	- # tiles per image: 1
	- # simultaneous depth maps computation: 4
	- # simultaneous tiles computation: 4
[13:33:00.354374][info] Device memory (device id: 0):
	- used: 3570.44 MB
	- available: 2573.25 MB
	- total: 6143.69 MB
[13:33:02.808889][info] (rc: 27, tile: 1/1) Camera / Depth information: 
	- R camera:
	   - id: 27
	   - view id: 1222112592
	   - depth planes: 521
	   - depths range: [0.600767-2.54793]
	- T cameras:
	   - T camera (1/10):
	      - id: 29
	      - view id: 1245772373
	      - depth planes: 521
	      - depths range: [0.600767-2.54793]
	      - depth indexes range: [0-521]
	   - T camera (2/10):
	      - id: 28
	      - view id: 1242912901
	      - depth planes: 521
	      - depths range: [0.600767-2.54793]
	      - depth indexes range: [0-521]
	   - T camera (3/10):
	      - id: 12
	      - view id: 233225317
	      - depth planes: 521
	      - depths range: [0.600767-2.54793]
	      - depth indexes range: [0-521]
	   - T camera (4/10):
	      - id: 19
	      - view id: 520641448
	      - depth planes: 521
	      - depths range: [0.600767-2.54793]
	      - depth indexes range: [0-521]
	   - T camera (5/10):
	      - id: 1
	      - view id: 156295110
	      - depth planes: 521
	      - depths range: [0.600767-2.54793]
	      - depth indexes range: [0-521]
	   - T camera (6/10):
	      - id: 9
	      - view id: 230706637
	      - depth planes: 521
	      - depths range: [0.600767-2.54793]
	      - depth indexes range: [0-521]
	   - T camera (7/10):
	      - id: 18
	      - view id: 520543702
	      - depth planes: 512
	      - depths range: [0.615313-2.54793]
	      - depth indexes range: [9-521]
	   - T camera (8/10):
	      - id: 8
	      - view id: 229389756
	      - depth planes: 521
	      - depths range: [0.600767-2.54793]
	      - depth indexes range: [0-521]
	   - T camera (9/10):
	      - id: 20
	      - view id: 527105644
	      - depth planes: 469
	      - depths range: [0.684812-2.54793]
	      - depth indexes range: [52-521]
	   - T camera (10/10):
	      - id: 4
	      - view id: 220015964
	      - depth planes: 414
	      - depths range: [0.773705-2.54793]
	      - depth indexes range: [107-521]
[13:33:02.808889][info] (rc: 27, tile: 1/1) SGM depth/thickness map of view id: 1222112592, rc: 27 (28 / 43).
[13:33:02.808889][info] (rc: 27, tile: 1/1) SGM Compute similarity volume.
[13:33:02.808889][info] (rc: 27, tile: 1/1) SGM Compute similarity volume done.
[13:33:02.808889][info] (rc: 27, tile: 1/1) SGM Optimizing volume (filtering axes: YX).
[13:33:03.712642][info] (rc: 27, tile: 1/1) SGM Optimizing volume done.
[13:33:03.712642][info] (rc: 27, tile: 1/1) SGM Retrieve best depth in volume.
[13:33:03.712642][info] (rc: 27, tile: 1/1) SGM Retrieve best depth in volume done.
[13:33:03.712642][info] (rc: 27, tile: 1/1) SGM depth/thickness map done.
[13:33:03.712642][info] (rc: 27, tile: 1/1) SGM Smooth thickness map.
[13:33:03.712642][info] (rc: 27, tile: 1/1) SGM Smooth thickness map done.
[13:33:03.712642][info] (rc: 27, tile: 1/1) Refine depth/sim map of view id: 1222112592, rc: 27 (28 / 43).
[13:33:03.712642][info] (rc: 27, tile: 1/1) Refine and fuse depth/sim map volume.
[13:33:03.712642][info] (rc: 27, tile: 1/1) Refine and fuse depth/sim map volume done.
[13:33:03.712642][info] (rc: 27, tile: 1/1) Color optimize depth/sim map.
[13:33:03.743643][info] (rc: 27, tile: 1/1) Color optimize depth/sim map done.
[13:33:03.743643][info] (rc: 27, tile: 1/1) Refine depth/sim map done.
[13:33:03.746662][info] (rc: 28, tile: 1/1) Camera / Depth information: 
	- R camera:
	   - id: 28
	   - view id: 1242912901
	   - depth planes: 359
	   - depths range: [0.798041-2.42]
	- T cameras:
	   - T camera (1/10):
	      - id: 27
	      - view id: 1222112592
	      - depth planes: 359
	      - depths range: [0.798041-2.42]
	      - depth indexes range: [0-359]
	   - T camera (2/10):
	      - id: 19
	      - view id: 520641448
	      - depth planes: 359
	      - depths range: [0.798041-2.42]
	      - depth indexes range: [0-359]
	   - T camera (3/10):
	      - id: 1
	      - view id: 156295110
	      - depth planes: 359
	      - depths range: [0.798041-2.42]
	      - depth indexes range: [0-359]
	   - T camera (4/10):
	      - id: 18
	      - view id: 520543702
	      - depth planes: 359
	      - depths range: [0.798041-2.42]
	      - depth indexes range: [0-359]
	   - T camera (5/10):
	      - id: 9
	      - view id: 230706637
	      - depth planes: 359
	      - depths range: [0.798041-2.42]
	      - depth indexes range: [0-359]
	   - T camera (6/10):
	      - id: 8
	      - view id: 229389756
	      - depth planes: 359
	      - depths range: [0.798041-2.42]
	      - depth indexes range: [0-359]
	   - T camera (7/10):
	      - id: 20
	      - view id: 527105644
	      - depth planes: 359
	      - depths range: [0.798041-2.42]
	      - depth indexes range: [0-359]
	   - T camera (8/10):
	      - id: 29
	      - view id: 1245772373
	      - depth planes: 359
	      - depths range: [0.798041-2.42]
	      - depth indexes range: [0-359]
	   - T camera (9/10):
	      - id: 4
	      - view id: 220015964
	      - depth planes: 359
	      - depths range: [0.798041-2.42]
	      - depth indexes range: [0-359]
	   - T camera (10/10):
	      - id: 11
	      - view id: 232147167
	      - depth planes: 359
	      - depths range: [0.798041-2.42]
	      - depth indexes range: [0-359]
[13:33:03.746662][info] (rc: 28, tile: 1/1) SGM depth/thickness map of view id: 1242912901, rc: 28 (29 / 43).
[13:33:03.746662][info] (rc: 28, tile: 1/1) SGM Compute similarity volume.
[13:33:03.746662][info] (rc: 28, tile: 1/1) SGM Compute similarity volume done.
[13:33:03.746662][info] (rc: 28, tile: 1/1) SGM Optimizing volume (filtering axes: YX).
[13:33:04.642330][info] (rc: 28, tile: 1/1) SGM Optimizing volume done.
[13:33:04.642330][info] (rc: 28, tile: 1/1) SGM Retrieve best depth in volume.
[13:33:04.642330][info] (rc: 28, tile: 1/1) SGM Retrieve best depth in volume done.
[13:33:04.642330][info] (rc: 28, tile: 1/1) SGM depth/thickness map done.
[13:33:04.642330][info] (rc: 28, tile: 1/1) SGM Smooth thickness map.
[13:33:04.642330][info] (rc: 28, tile: 1/1) SGM Smooth thickness map done.
[13:33:04.642330][info] (rc: 28, tile: 1/1) Refine depth/sim map of view id: 1242912901, rc: 28 (29 / 43).
[13:33:04.642330][info] (rc: 28, tile: 1/1) Refine and fuse depth/sim map volume.
[13:33:04.643332][info] (rc: 28, tile: 1/1) Refine and fuse depth/sim map volume done.
[13:33:04.643332][info] (rc: 28, tile: 1/1) Color optimize depth/sim map.
[13:33:04.673333][info] (rc: 28, tile: 1/1) Color optimize depth/sim map done.
[13:33:04.673333][info] (rc: 28, tile: 1/1) Refine depth/sim map done.
[13:33:04.676331][info] (rc: 29, tile: 1/1) Camera / Depth information: 
	- R camera:
	   - id: 29
	   - view id: 1245772373
	   - depth planes: 1068
	   - depths range: [0.147062-6.5373]
	- T cameras:
	   - T camera (1/10):
	      - id: 27
	      - view id: 1222112592
	      - depth planes: 667
	      - depths range: [0.445719-6.5373]
	      - depth indexes range: [401-1068]
	   - T camera (2/10):
	      - id: 18
	      - view id: 520543702
	      - depth planes: 714
	      - depths range: [0.388716-6.1999]
	      - depth indexes range: [351-1065]
	   - T camera (3/10):
	      - id: 8
	      - view id: 229389756
	      - depth planes: 743
	      - depths range: [0.362849-6.5373]
	      - depth indexes range: [325-1068]
	   - T camera (4/10):
	      - id: 9
	      - view id: 230706637
	      - depth planes: 777
	      - depths range: [0.324145-5.62001]
	      - depth indexes range: [282-1059]
	   - T camera (5/10):
	      - id: 20
	      - view id: 527105644
	      - depth planes: 603
	      - depths range: [0.528215-6.5373]
	      - depth indexes range: [465-1068]
	   - T camera (6/10):
	      - id: 1
	      - view id: 156295110
	      - depth planes: 853
	      - depths range: [0.244049-3.75157]
	      - depth indexes range: [174-1027]
	   - T camera (7/10):
	      - id: 4
	      - view id: 220015964
	      - depth planes: 474
	      - depths range: [0.694498-6.5373]
	      - depth indexes range: [594-1068]
	   - T camera (8/10):
	      - id: 19
	      - view id: 520641448
	      - depth planes: 869
	      - depths range: [0.228999-3.36742]
	      - depth indexes range: [147-1016]
	   - T camera (9/10):
	      - id: 28
	      - view id: 1242912901
	      - depth planes: 999
	      - depths range: [0.147062-2.90781]
	      - depth indexes range: [0-999]
	   - T camera (10/10):
	      - id: 12
	      - view id: 233225317
	      - depth planes: 643
	      - depths range: [0.422922-3.67531]
	      - depth indexes range: [382-1025]
[13:33:04.677330][info] (rc: 29, tile: 1/1) SGM depth/thickness map of view id: 1245772373, rc: 29 (30 / 43).
[13:33:04.677330][info] (rc: 29, tile: 1/1) SGM Compute similarity volume.
[13:33:04.677330][info] (rc: 29, tile: 1/1) SGM Compute similarity volume done.
[13:33:04.677330][info] (rc: 29, tile: 1/1) SGM Optimizing volume (filtering axes: YX).
[13:33:06.548055][info] (rc: 29, tile: 1/1) SGM Optimizing volume done.
[13:33:06.548055][info] (rc: 29, tile: 1/1) SGM Retrieve best depth in volume.
[13:33:06.548055][info] (rc: 29, tile: 1/1) SGM Retrieve best depth in volume done.
[13:33:06.548055][info] (rc: 29, tile: 1/1) SGM depth/thickness map done.
[13:33:06.548055][info] (rc: 29, tile: 1/1) SGM Smooth thickness map.
[13:33:06.548055][info] (rc: 29, tile: 1/1) SGM Smooth thickness map done.
[13:33:06.548055][info] (rc: 29, tile: 1/1) Refine depth/sim map of view id: 1245772373, rc: 29 (30 / 43).
[13:33:06.548055][info] (rc: 29, tile: 1/1) Refine and fuse depth/sim map volume.
[13:33:06.564050][info] (rc: 29, tile: 1/1) Refine and fuse depth/sim map volume done.
[13:33:06.564050][info] (rc: 29, tile: 1/1) Color optimize depth/sim map.
[13:33:06.626052][info] (rc: 29, tile: 1/1) Color optimize depth/sim map done.
[13:33:06.626052][info] (rc: 29, tile: 1/1) Refine depth/sim map done.
[13:33:07.141054][info] Task done in (s): 7.160000
