[2023-12-01 13:20:58.456800] [0x000019d8] [trace]   Embedded OCIO configuration file: 'D:\ly\3meannee\app\Meshroom-2023.2.0-win64\Meshroom-2023.2.0\aliceVision/share/aliceVision/config.ocio' found.
Program called with the following parameters:
 * contrastFiltering =  Unknown Type "enum aliceVision::feature::EFeatureConstrastFiltering"
 * describerPreset =  Unknown Type "enum aliceVision::feature::EImageDescriberPreset"
 * describerQuality =  Unknown Type "enum aliceVision::feature::EFeatureQuality"
 * describerTypes = "dspsift"
 * forceCpuExtraction = 1
 * gridFiltering = 1
 * input = "D:/ly/3meannee/app/Meshroom-2023.2.0-win64/MeshroomCache/CameraInit/ee94d884ff154cbf06dde8bf2d38b5ec0f45f2cc/cameraInit.sfm"
 * masksFolder = ""
 * maxCoresAvailable =  Unknown Type "unsigned int" (default)
 * maxMemoryAvailable = 18446744073709551615 (default)
 * maxNbFeatures = 0 (default)
 * maxThreads = 0
 * output = "D:/ly/3meannee/app/Meshroom-2023.2.0-win64/MeshroomCache/FeatureExtraction/5fd93f50359b5f3c45d188d686da94a360789f30"
 * rangeSize = 40
 * rangeStart = 0
 * relativePeakThreshold = 0.02 (default)
 * verboseLevel = "info"
 * workingColorSpace =  Unknown Type "enum aliceVision::image::EImageColorSpace"

Hardware : 
	Detected core count : 16
	OpenMP will use 16 cores
	Detected available memory : 8143 Mo

[13:20:58.459797][info] CUDA-Enabled GPU.
Device information:
	- id:                      0
	- name:                    NVIDIA GeForce RTX 2060
	- compute capability:      7.5
	- clock frequency (kHz):   1350000
	- total device memory:     6143 MB 
	- device memory available: 5130 MB 
	- per-block shared memory: 49152
	- warp size:               32
	- max threads per block:   1024
	- max threads per SM(X):   1024
	- max block sizes:         {1024,1024,64}
	- max grid sizes:          {2147483647,65535,65535}
	- max 2D array texture:    {131072,65536}
	- max 3D array texture:    {16384,16384,16384}
	- max 2D linear texture:   {131072,65000,2097120}
	- max 2D layered texture:  {32768,32768,2048}
	- number of SM(x)s:        30
	- registers per SM(x):     65536
	- registers per block:     65536
	- concurrent kernels:      yes
	- mapping host memory:     yes
	- unified addressing:      yes
	- texture alignment:       512 byte
	- pitch alignment:         32 byte
CUDA build version: 11.6
0
[13:20:58.769857][info] Job max memory consumption for one image: 1509 MB
[13:20:58.769857][info] Memory information: 
	- Total RAM:     15.8392 GB
	- Free RAM:      7.8856 GB
	- Available RAM: 7.8856 GB
	- Total swap:    131072 GB
	- Free swap:     131035 GB
[13:20:58.769857][info] Max number of threads regarding memory usage: 4
[13:20:58.769857][warning] More than half of the RAM is used by other applications. It would be more efficient to close them.
[13:20:58.769857][warning]  => 8 GB are used by other applications for a total RAM capacity of 16 GB.
[13:20:58.769857][info] # threads for extraction: 4
[13:20:58.896761][info] Extracting dspsift features from view 'D:/ly/3meannee/app/2023_APP_Donnees/2023_APP_Donnees/lefaucheux_4mm/fond_vert_1/P1000986.JPG' [cpu]
[13:20:58.915846][info] Extracting dspsift features from view 'D:/ly/3meannee/app/2023_APP_Donnees/2023_APP_Donnees/lefaucheux_4mm/fond_vert_1/P1000994.JPG' [cpu]
[13:20:58.933459][info] Extracting dspsift features from view 'D:/ly/3meannee/app/2023_APP_Donnees/2023_APP_Donnees/lefaucheux_4mm/fond_vert_1/P1000988.JPG' [cpu]
[13:20:58.963171][info] Extracting dspsift features from view 'D:/ly/3meannee/app/2023_APP_Donnees/2023_APP_Donnees/lefaucheux_4mm/fond_vert_1/P1000993.JPG' [cpu]
[13:21:14.338592][info]       20000 dspsift features extracted from view 'D:/ly/3meannee/app/2023_APP_Donnees/2023_APP_Donnees/lefaucheux_4mm/fond_vert_1/P1000986.JPG'
[13:21:14.454033][info] Extracting dspsift features from view 'D:/ly/3meannee/app/2023_APP_Donnees/2023_APP_Donnees/lefaucheux_4mm/fond_vert_1/P1000990.JPG' [cpu]
[13:21:16.431660][info]       20000 dspsift features extracted from view 'D:/ly/3meannee/app/2023_APP_Donnees/2023_APP_Donnees/lefaucheux_4mm/fond_vert_1/P1000988.JPG'
[13:21:16.573732][info] Extracting dspsift features from view 'D:/ly/3meannee/app/2023_APP_Donnees/2023_APP_Donnees/lefaucheux_4mm/fond_vert_1/P1000991.JPG' [cpu]
[13:21:17.260404][info]       20000 dspsift features extracted from view 'D:/ly/3meannee/app/2023_APP_Donnees/2023_APP_Donnees/lefaucheux_4mm/fond_vert_1/P1000993.JPG'
[13:21:17.425924][info] Extracting dspsift features from view 'D:/ly/3meannee/app/2023_APP_Donnees/2023_APP_Donnees/lefaucheux_4mm/fond_vert_1/P1000995.JPG' [cpu]
[13:21:17.990761][info]       20000 dspsift features extracted from view 'D:/ly/3meannee/app/2023_APP_Donnees/2023_APP_Donnees/lefaucheux_4mm/fond_vert_1/P1000994.JPG'
[13:21:18.100322][info] Extracting dspsift features from view 'D:/ly/3meannee/app/2023_APP_Donnees/2023_APP_Donnees/lefaucheux_4mm/fond_vert_1/P1000987.JPG' [cpu]
[13:21:34.768503][info]       20000 dspsift features extracted from view 'D:/ly/3meannee/app/2023_APP_Donnees/2023_APP_Donnees/lefaucheux_4mm/fond_vert_1/P1000990.JPG'
[13:21:39.808429][info]       20000 dspsift features extracted from view 'D:/ly/3meannee/app/2023_APP_Donnees/2023_APP_Donnees/lefaucheux_4mm/fond_vert_1/P1000995.JPG'
[13:21:40.089007][info] Extracting dspsift features from view 'D:/ly/3meannee/app/2023_APP_Donnees/2023_APP_Donnees/lefaucheux_4mm/fond_vert_1/P1000989.JPG' [cpu]
[13:21:40.555132][info]       20000 dspsift features extracted from view 'D:/ly/3meannee/app/2023_APP_Donnees/2023_APP_Donnees/lefaucheux_4mm/fond_vert_1/P1000991.JPG'
[13:21:40.738933][info] Extracting dspsift features from view 'D:/ly/3meannee/app/2023_APP_Donnees/2023_APP_Donnees/lefaucheux_4mm/fond_vert_1/P1000985.JPG' [cpu]
[13:21:40.911009][info]       20000 dspsift features extracted from view 'D:/ly/3meannee/app/2023_APP_Donnees/2023_APP_Donnees/lefaucheux_4mm/fond_vert_1/P1000987.JPG'
[13:21:41.012071][info] Extracting dspsift features from view 'D:/ly/3meannee/app/2023_APP_Donnees/2023_APP_Donnees/lefaucheux_4mm/fond_vert_1/P1000992.JPG' [cpu]
[13:21:58.794008][info]       20000 dspsift features extracted from view 'D:/ly/3meannee/app/2023_APP_Donnees/2023_APP_Donnees/lefaucheux_4mm/fond_vert_1/P1000985.JPG'
[13:22:02.042730][info]       20000 dspsift features extracted from view 'D:/ly/3meannee/app/2023_APP_Donnees/2023_APP_Donnees/lefaucheux_4mm/fond_vert_1/P1000992.JPG'
[13:22:03.906622][info]       20000 dspsift features extracted from view 'D:/ly/3meannee/app/2023_APP_Donnees/2023_APP_Donnees/lefaucheux_4mm/fond_vert_1/P1000989.JPG'
[13:22:03.908629][info] Task done in (s): 65.139000
