[2024-09-04 02:39:56.346487] [0x0000fbbc] [trace]   Embedded OCIO configuration file: 'D:\ly\stage3\Meshroom-2023.2.0-win64\Meshroom-2023.2.0\aliceVision/share/aliceVision/config.ocio' found.
Program called with the following parameters:
 * contrastFiltering =  Unknown Type "enum aliceVision::feature::EFeatureConstrastFiltering"
 * describerPreset =  Unknown Type "enum aliceVision::feature::EImageDescriberPreset"
 * describerQuality =  Unknown Type "enum aliceVision::feature::EFeatureQuality"
 * describerTypes = "sift,akaze"
 * forceCpuExtraction = 1
 * gridFiltering = 1
 * input = "D:/ly/stage3/gun11/MeshroomCache/CameraInit/25004f5af1f80310f6b970a0a11292a12fc3c014/cameraInit.sfm"
 * masksFolder = "D:/ly/stage3/gun11/MeshroomCache/ImageMasking/5697d3050ce5c3e083cb8688fcd47aeef98ac09a"
 * maxCoresAvailable =  Unknown Type "unsigned int" (default)
 * maxMemoryAvailable = 18446744073709551615 (default)
 * maxNbFeatures = 0 (default)
 * maxThreads = 0
 * output = "D:/ly/stage3/gun11/MeshroomCache/FeatureExtraction/3b1ce6643089b8a3ce10f9c6495c557ddc3fbd8d"
 * rangeSize = 40
 * rangeStart = 0
 * relativePeakThreshold = 0.02 (default)
 * verboseLevel = "info"
 * workingColorSpace =  Unknown Type "enum aliceVision::image::EImageColorSpace"

Hardware : 
	Detected core count : 16
	OpenMP will use 16 cores
	Detected available memory : 5480 Mo

[02:39:56.352011][info] CUDA-Enabled GPU.
Device information:
	- id:                      0
	- name:                    NVIDIA GeForce RTX 2060
	- compute capability:      7.5
	- clock frequency (kHz):   1350000
	- total device memory:     6143 MB 
	- device memory available: 5130 MB 
	- per-block shared memory: 49152
	- warp size:               32
	- max threads per block:   1024
	- max threads per SM(X):   1024
	- max block sizes:         {1024,1024,64}
	- max grid sizes:          {2147483647,65535,65535}
	- max 2D array texture:    {131072,65536}
	- max 3D array texture:    {16384,16384,16384}
	- max 2D linear texture:   {131072,65000,2097120}
	- max 2D layered texture:  {32768,32768,2048}
	- number of SM(x)s:        30
	- registers per SM(x):     65536
	- registers per block:     65536
	- concurrent kernels:      yes
	- mapping host memory:     yes
	- unified addressing:      yes
	- texture alignment:       512 byte
	- pitch alignment:         32 byte
CUDA build version: 11.6
0
[02:39:56.745574][info] Supported CUDA-Enabled GPU detected.
[02:39:56.745574][info] Job max memory consumption for one image: 2370 MB
[02:39:56.745574][info] Memory information: 
	- Total RAM:     15.8392 GB
	- Free RAM:      5.26622 GB
	- Available RAM: 5.26622 GB
	- Total swap:    131072 GB
	- Free swap:     131035 GB
[02:39:56.745574][info] Max number of threads regarding memory usage: 2
[02:39:56.745574][warning] More than half of the RAM is used by other applications. It would be more efficient to close them.
[02:39:56.745574][warning]  => 11 GB are used by other applications for a total RAM capacity of 16 GB.
[02:39:56.745574][info] # threads for extraction: 2
[02:39:56.836556][info] Extracting sift features from view 'D:/ly/stage3/gun11/output/output_0088.jpeg' [cpu]
[02:39:56.840059][info] Extracting sift features from view 'D:/ly/stage3/gun11/output/output_0085.jpeg' [cpu]
[02:40:01.738620][info]       2356 sift features extracted from view 'D:/ly/stage3/gun11/output/output_0085.jpeg'
[02:40:01.739610][info] Extracting akaze features from view 'D:/ly/stage3/gun11/output/output_0085.jpeg' [cpu]
[02:40:02.101410][info]       2281 sift features extracted from view 'D:/ly/stage3/gun11/output/output_0088.jpeg'
[02:40:02.101410][info] Extracting akaze features from view 'D:/ly/stage3/gun11/output/output_0088.jpeg' [cpu]
[02:40:02.997215][info]       765 akaze features extracted from view 'D:/ly/stage3/gun11/output/output_0085.jpeg'
[02:40:03.117984][info] Extracting sift features from view 'D:/ly/stage3/gun11/output/output_0086.jpeg' [cpu]
[02:40:03.588119][info]       582 akaze features extracted from view 'D:/ly/stage3/gun11/output/output_0088.jpeg'
[02:40:03.701201][info] Extracting sift features from view 'D:/ly/stage3/gun11/output/output_0109.jpeg' [cpu]
[02:40:07.477469][info]       2382 sift features extracted from view 'D:/ly/stage3/gun11/output/output_0086.jpeg'
[02:40:07.477469][info] Extracting akaze features from view 'D:/ly/stage3/gun11/output/output_0086.jpeg' [cpu]
[02:40:07.525716][info]       1055 sift features extracted from view 'D:/ly/stage3/gun11/output/output_0109.jpeg'
[02:40:07.525716][info] Extracting akaze features from view 'D:/ly/stage3/gun11/output/output_0109.jpeg' [cpu]
[02:40:08.560447][info]       654 akaze features extracted from view 'D:/ly/stage3/gun11/output/output_0086.jpeg'
[02:40:08.628199][info]       539 akaze features extracted from view 'D:/ly/stage3/gun11/output/output_0109.jpeg'
[02:40:08.712085][info] Extracting sift features from view 'D:/ly/stage3/gun11/output/output_0112.jpeg' [cpu]
[02:40:11.821713][info]       1086 sift features extracted from view 'D:/ly/stage3/gun11/output/output_0112.jpeg'
[02:40:11.821713][info] Extracting akaze features from view 'D:/ly/stage3/gun11/output/output_0112.jpeg' [cpu]
[02:40:12.549423][info]       609 akaze features extracted from view 'D:/ly/stage3/gun11/output/output_0112.jpeg'
[02:40:12.551436][info] Task done in (s): 15.805000
