[2024-09-04 02:43:57.969322] [0x0000f9f0] [trace]   Embedded OCIO configuration file: 'D:\ly\stage3\Meshroom-2023.2.0-win64\Meshroom-2023.2.0\aliceVision/share/aliceVision/config.ocio' found.
Program called with the following parameters:
 * evCorrection = 0
 * input = "D:/ly/stage3/gun11/MeshroomCache/StructureFromMotion/335cbc05c80d9d9aa02f7b447533312395238b31/sfm.abc"
 * masksFolders =  = [D:/ly/stage3/gun11/MeshroomCache/ImageMasking/7c68db94ec6cdd81a8e8690b75ba30b7fcf14fc0]
 * maxCoresAvailable =  Unknown Type "unsigned int" (default)
 * maxMemoryAvailable = 18446744073709551615 (default)
 * output = "D:/ly/stage3/gun11/MeshroomCache/PrepareDenseScene/20862dc929bd1e2f84c61d4d17b2950183605b62"
 * outputFileType = "exr"
 * rangeSize = 40
 * rangeStart = 0
 * saveMatricesTxtFiles = 0
 * saveMetadata = 1
 * verboseLevel = "info"

Hardware : 
	Detected core count : 16
	OpenMP will use 16 cores
	Detected available memory : 5675 Mo

Exporting Scene Undistorted Images
0%   10   20   30   40   50   60   70   80   90   100%
|----|----|----|----|----|----|----|----|----|----|
[02:43:57.978840][info] Median Camera Exposure: -1, Median EV: -nan(ind)
***************************************************
