[2024-09-12 12:14:46.360125] [0x00012a50] [trace]   Embedded OCIO configuration file: 'D:\ly\stage3\Meshroom-2023.2.0-win64\Meshroom-2023.2.0\aliceVision/share/aliceVision/config.ocio' found.
Program called with the following parameters:
 * algorithm =  Unknown Type "enum EAlgorithm"
 * depthMapExp = ""
 * depthMapFolder = ""
 * growRadius = 0
 * hsvHue = 0.33
 * hsvHueRange = 0.1
 * hsvMaxSaturation = 1
 * hsvMaxValue = 1
 * hsvMinSaturation = 0.3
 * hsvMinValue = 0.3
 * input = "D:/ly/stage3/MeshroomCache/CameraInit/afc8dd93ded09e23ce55ae946c16c0c47049d765/cameraInit.sfm"
 * invert = 1
 * maxCoresAvailable =  Unknown Type "unsigned int" (default)
 * maxMemoryAvailable = 18446744073709551615 (default)
 * output = "D:/ly/stage3/MeshroomCache/ImageMasking/0cc670d9a6abc471135514193ddf658260ee7ed4"
 * rangeSize = 40
 * rangeStart = 0
 * shrinkRadius = 0
 * verboseLevel = "info"

Hardware : 
	Detected core count : 16
	OpenMP will use 16 cores
	Detected available memory : 4290 Mo

[12:14:46.927431][info] Task done in (s): 0.564000
