[2024-09-04 02:40:15.177562] [0x0000fad8] [trace]   Embedded OCIO configuration file: 'D:\ly\stage3\Meshroom-2023.2.0-win64\Meshroom-2023.2.0\aliceVision/share/aliceVision/config.ocio' found.
Program called with the following parameters:
 * evCorrection = 0
 * input = "D:/ly/stage3/gun11/MeshroomCache/StructureFromMotion/93da235686263754948e9babde2eb84cdca18aef/sfm.abc"
 * masksFolders =  = [D:/ly/stage3/gun11/MeshroomCache/ImageMasking/5697d3050ce5c3e083cb8688fcd47aeef98ac09a]
 * maxCoresAvailable =  Unknown Type "unsigned int" (default)
 * maxMemoryAvailable = 18446744073709551615 (default)
 * output = "D:/ly/stage3/gun11/MeshroomCache/PrepareDenseScene/25d116e1eb62d90d3a017550c6115c9bc39dbd1f"
 * outputFileType = "exr"
 * rangeSize = 40
 * rangeStart = 0
 * saveMatricesTxtFiles = 0
 * saveMetadata = 1
 * verboseLevel = "info"

Hardware : 
	Detected core count : 16
	OpenMP will use 16 cores
	Detected available memory : 5634 Mo

Exporting Scene Undistorted Images
0%   10   20   30   40   50   60   70   80   90   100%
|----|----|----|----|----|----|----|----|----|----|
[02:40:15.186687][info] Median Camera Exposure: 0, Median EV: inf
***************************************************
