[2024-09-04 02:39:55.587811] [0x0000f8c0] [trace]   Embedded OCIO configuration file: 'D:\ly\stage3\Meshroom-2023.2.0-win64\Meshroom-2023.2.0\aliceVision/share/aliceVision/config.ocio' found.
Program called with the following parameters:
 * algorithm =  Unknown Type "enum EAlgorithm"
 * depthMapExp = ""
 * depthMapFolder = ""
 * growRadius = 0
 * hsvHue = 0.33 (default)
 * hsvHueRange = 0.1 (default)
 * hsvMaxSaturation = 1 (default)
 * hsvMaxValue = 1 (default)
 * hsvMinSaturation = 0.3 (default)
 * hsvMinValue = 0.3 (default)
 * input = "D:/ly/stage3/gun11/MeshroomCache/CameraInit/25004f5af1f80310f6b970a0a11292a12fc3c014/cameraInit.sfm"
 * invert = 1
 * maxCoresAvailable =  Unknown Type "unsigned int" (default)
 * maxMemoryAvailable = 18446744073709551615 (default)
 * output = "D:/ly/stage3/gun11/MeshroomCache/ImageMasking/5697d3050ce5c3e083cb8688fcd47aeef98ac09a"
 * rangeSize = 40
 * rangeStart = 0
 * shrinkRadius = 0
 * verboseLevel = "info"

Hardware : 
	Detected core count : 16
	OpenMP will use 16 cores
	Detected available memory : 5489 Mo

[02:39:56.067624][info] Task done in (s): 0.472000
