[2024-09-12 12:44:03.452499] [0x00013244] [trace]   Embedded OCIO configuration file: 'D:\ly\stage3\Meshroom-2023.2.0-win64\Meshroom-2023.2.0\aliceVision/share/aliceVision/config.ocio' found.
Program called with the following parameters:
 * autoAdjustSmallImage = 1
 * chooseTCamsPerTile = 1
 * colorOptimizationEnabled = 1
 * colorOptimizationNbIterations = 100
 * customPatchPatternGroupSubpartsPerLevel = 0 (default)
 * customPatchPatternSubparts =  Unknown Type "class std::vector<struct aliceVision::depthMap::CustomPatchPatternParams::SubpartParams,class std::allocator<struct aliceVision::depthMap::CustomPatchPatternParams::SubpartParams> >" (default)
 * downscale = 2
 * exportIntermediateCrossVolumes = 0
 * exportIntermediateDepthSimMaps = 0
 * exportIntermediateNormalMaps = 0
 * exportIntermediateTopographicCutVolumes = 0
 * exportIntermediateVolume9pCsv = 0
 * exportIntermediateVolumes = 0
 * exportTilePattern = 0
 * imagesFolder = "D:/ly/stage3/MeshroomCache/PrepareDenseScene/7bc062849fb2af21e4e6b322ab1f88e686d8f4a9"
 * input = "D:/ly/stage3/MeshroomCache/StructureFromMotion/12b74f097b4e2ce4bfe767282080d6072add4825/sfm.abc"
 * maxCoresAvailable =  Unknown Type "unsigned int" (default)
 * maxMemoryAvailable = 18446744073709551615 (default)
 * maxTCams = 10
 * maxViewAngle = 70
 * minViewAngle = 2
 * nbGPUs = 0
 * output = "D:/ly/stage3/MeshroomCache/DepthMap/2ab6b1ab1530f9f917c0c30ead8528fa7e44cf6f"
 * rangeSize = 3
 * rangeStart = 0
 * refineEnabled = 1
 * refineGammaC = 15.5
 * refineGammaP = 8
 * refineHalfNbDepths = 15
 * refineInterpolateMiddleDepth = 0
 * refineMaxTCamsPerTile = 4
 * refineScale = 1
 * refineSigma = 15
 * refineStepXY = 1
 * refineSubsampling = 10
 * refineUseConsistentScale = 0
 * refineUseCustomPatchPattern = 0
 * refineWSH = 3
 * sgmDepthListPerTile = 1
 * sgmDepthThicknessInflate = 0
 * sgmFilteringAxes = "YX"
 * sgmGammaC = 5.5
 * sgmGammaP = 8
 * sgmMaxDepths = 1500
 * sgmMaxSimilarity = 1
 * sgmMaxTCamsPerTile = 4
 * sgmP1 = 10
 * sgmP2Weighting = 100
 * sgmScale = 2
 * sgmSeedsRangeInflate = 0.2
 * sgmStepXY = 2
 * sgmStepZ = -1
 * sgmUseConsistentScale = 0
 * sgmUseCustomPatchPattern = 0
 * sgmUseSfmSeeds = 1
 * sgmWSH = 4
 * tileBufferHeight = 1024
 * tileBufferWidth = 1024
 * tilePadding = 64
 * verboseLevel = "info"

Hardware : 
	Detected core count : 16
	OpenMP will use 16 cores
	Detected available memory : 5322 Mo

[12:44:03.466890][info] CUDA-Enabled GPU.
Device information:
	- id:                      0
	- name:                    NVIDIA GeForce RTX 2060
	- compute capability:      7.5
	- clock frequency (kHz):   1350000
	- total device memory:     6143 MB 
	- device memory available: 5130 MB 
	- per-block shared memory: 49152
	- warp size:               32
	- max threads per block:   1024
	- max threads per SM(X):   1024
	- max block sizes:         {1024,1024,64}
	- max grid sizes:          {2147483647,65535,65535}
	- max 2D array texture:    {131072,65536}
	- max 3D array texture:    {16384,16384,16384}
	- max 2D linear texture:   {131072,65000,2097120}
	- max 2D layered texture:  {32768,32768,2048}
	- number of SM(x)s:        30
	- registers per SM(x):     65536
	- registers per block:     65536
	- concurrent kernels:      yes
	- mapping host memory:     yes
	- unified addressing:      yes
	- texture alignment:       512 byte
	- pitch alignment:         32 byte
CUDA build version: 11.6
[12:44:04.520386][info] Supported CUDA-Enabled GPU detected.
[12:44:04.529395][info] Found 1 image dimension(s): 
[12:44:04.529395][info] 	- [1920x1080]
[12:44:04.545389][info] Overall maximum dimension: [1920x1080]
[12:44:04.545389][warning] Tile buffer size (width: 1024, height: 1024) is larger than the maximum image size (width: 960, height: 540).
[12:44:04.545389][warning] Single tile computation, override SGM maximum number of T cameras per tile (before: 4, now: 10).
[12:44:04.545389][warning] Single tile computation, override Refine maximum number of T cameras per tile (before: 4, now: 10).
[12:44:04.545389][warning] Single tile computation, override SGM step XY (before: 2, now: 1).
[12:44:04.545389][info] Tiling information: 
	- parameters: 
	      - buffer width:  1024 px
	      - buffer height: 1024 px
	      - padding: 64 px
	- maximum downscale:  2
	- maximum image width:  960 px
	- maximum image height: 540 px
[12:44:04.546397][info] Maximum image size is smaller than one tile, use only one tile.
[12:44:04.546397][info] SGM parameters:
	- scale: 2
	- stepXY: 1
[12:44:04.546397][info] Refine parameters:
	- scale: 1
	- stepXY: 1
[12:44:04.547396][info] Number of GPU devices: 1, number of CPU threads: 16
[12:44:04.548396][info] Found only 2/10 nearest cameras for view id: 1306415531
[12:44:04.550395][info] Found only 2/10 nearest cameras for view id: 1307761724
[12:44:04.551394][info] Found only 3/10 nearest cameras for view id: 1383503671
[12:44:04.599386][info] Device memory:
	- available: 4104.7 MB
	- requirement for the first tile: 917.126 MB
	- # computation buffers per tile: 851.867 MB (Sgm: 757.867 MB, Refine: 94 MB)
	- # input images (R + 10 Ts): 65.2588 MB (single mipmap image size: 5.93262 MB)
[12:44:04.599386][info] Parallelization:
	- # tiles per image: 1
	- # simultaneous depth maps computation: 4
	- # simultaneous tiles computation: 4
[12:44:04.621465][info] Device memory (device id: 0):
	- used: 3570.44 MB
	- available: 2573.25 MB
	- total: 6143.69 MB
[12:44:05.311407][info] (rc: 0, tile: 1/1) Camera / Depth information: 
	- R camera:
	   - id: 0
	   - view id: 1306415531
	   - depth planes: 14
	   - depths range: [6.51503-8.92634]
	- T cameras:
	   - T camera (1/2):
	      - id: 2
	      - view id: 1383503671
	      - depth planes: 14
	      - depths range: [6.51503-8.92634]
	      - depth indexes range: [0-14]
	   - T camera (2/2):
	      - id: 3
	      - view id: 1431209915
	      - depth planes: 10
	      - depths range: [6.51503-8.01534]
	      - depth indexes range: [0-10]
[12:44:05.311407][info] (rc: 0, tile: 1/1) SGM depth/thickness map of view id: 1306415531, rc: 0 (1 / 4).
[12:44:05.311407][info] (rc: 0, tile: 1/1) SGM Compute similarity volume.
[12:44:05.311407][info] (rc: 0, tile: 1/1) SGM Compute similarity volume done.
[12:44:05.312407][info] (rc: 0, tile: 1/1) SGM Optimizing volume (filtering axes: YX).
[12:44:05.412406][info] (rc: 0, tile: 1/1) SGM Optimizing volume done.
[12:44:05.412406][info] (rc: 0, tile: 1/1) SGM Retrieve best depth in volume.
[12:44:05.412406][info] (rc: 0, tile: 1/1) SGM Retrieve best depth in volume done.
[12:44:05.412406][info] (rc: 0, tile: 1/1) SGM depth/thickness map done.
[12:44:05.412406][info] (rc: 0, tile: 1/1) SGM Smooth thickness map.
[12:44:05.412406][info] (rc: 0, tile: 1/1) SGM Smooth thickness map done.
[12:44:05.412406][info] (rc: 0, tile: 1/1) Refine depth/sim map of view id: 1306415531, rc: 0 (1 / 4).
[12:44:05.412406][info] (rc: 0, tile: 1/1) Refine and fuse depth/sim map volume.
[12:44:05.412406][info] (rc: 0, tile: 1/1) Refine and fuse depth/sim map volume done.
[12:44:05.413408][info] (rc: 0, tile: 1/1) Color optimize depth/sim map.
[12:44:05.414409][info] (rc: 0, tile: 1/1) Color optimize depth/sim map done.
[12:44:05.414409][info] (rc: 0, tile: 1/1) Refine depth/sim map done.
[12:44:05.414409][info] (rc: 1, tile: 1/1) Camera / Depth information: 
	- R camera:
	   - id: 1
	   - view id: 1307761724
	   - depth planes: 10
	   - depths range: [7.39197-8.97064]
	- T cameras:
	   - T camera (1/2):
	      - id: 2
	      - view id: 1383503671
	      - depth planes: 10
	      - depths range: [7.39197-8.97064]
	      - depth indexes range: [0-10]
	   - T camera (2/2):
	      - id: 3
	      - view id: 1431209915
	      - depth planes: 10
	      - depths range: [7.39197-8.97064]
	      - depth indexes range: [0-10]
[12:44:05.414409][info] (rc: 1, tile: 1/1) SGM depth/thickness map of view id: 1307761724, rc: 1 (2 / 4).
[12:44:05.414409][info] (rc: 1, tile: 1/1) SGM Compute similarity volume.
[12:44:05.415405][info] (rc: 1, tile: 1/1) SGM Compute similarity volume done.
[12:44:05.415405][info] (rc: 1, tile: 1/1) SGM Optimizing volume (filtering axes: YX).
[12:44:05.526426][info] (rc: 1, tile: 1/1) SGM Optimizing volume done.
[12:44:05.526426][info] (rc: 1, tile: 1/1) SGM Retrieve best depth in volume.
[12:44:05.526426][info] (rc: 1, tile: 1/1) SGM Retrieve best depth in volume done.
[12:44:05.526426][info] (rc: 1, tile: 1/1) SGM depth/thickness map done.
[12:44:05.526426][info] (rc: 1, tile: 1/1) SGM Smooth thickness map.
[12:44:05.526426][info] (rc: 1, tile: 1/1) SGM Smooth thickness map done.
[12:44:05.526426][info] (rc: 1, tile: 1/1) Refine depth/sim map of view id: 1307761724, rc: 1 (2 / 4).
[12:44:05.526426][info] (rc: 1, tile: 1/1) Refine and fuse depth/sim map volume.
[12:44:05.526426][info] (rc: 1, tile: 1/1) Refine and fuse depth/sim map volume done.
[12:44:05.526426][info] (rc: 1, tile: 1/1) Color optimize depth/sim map.
[12:44:05.528413][info] (rc: 1, tile: 1/1) Color optimize depth/sim map done.
[12:44:05.528413][info] (rc: 1, tile: 1/1) Refine depth/sim map done.
[12:44:05.528413][info] (rc: 2, tile: 1/1) Camera / Depth information: 
	- R camera:
	   - id: 2
	   - view id: 1383503671
	   - depth planes: 18
	   - depths range: [6.49099-9.14875]
	- T cameras:
	   - T camera (1/3):
	      - id: 1
	      - view id: 1307761724
	      - depth planes: 18
	      - depths range: [6.49099-9.14875]
	      - depth indexes range: [0-18]
	   - T camera (2/3):
	      - id: 0
	      - view id: 1306415531
	      - depth planes: 18
	      - depths range: [6.49099-9.14875]
	      - depth indexes range: [0-18]
	   - T camera (3/3):
	      - id: 3
	      - view id: 1431209915
	      - depth planes: 18
	      - depths range: [6.49099-9.14875]
	      - depth indexes range: [0-18]
[12:44:05.528413][info] (rc: 2, tile: 1/1) SGM depth/thickness map of view id: 1383503671, rc: 2 (3 / 4).
[12:44:05.528413][info] (rc: 2, tile: 1/1) SGM Compute similarity volume.
[12:44:05.528413][info] (rc: 2, tile: 1/1) SGM Compute similarity volume done.
[12:44:05.528413][info] (rc: 2, tile: 1/1) SGM Optimizing volume (filtering axes: YX).
[12:44:05.644432][info] (rc: 2, tile: 1/1) SGM Optimizing volume done.
[12:44:05.644432][info] (rc: 2, tile: 1/1) SGM Retrieve best depth in volume.
[12:44:05.644432][info] (rc: 2, tile: 1/1) SGM Retrieve best depth in volume done.
[12:44:05.644432][info] (rc: 2, tile: 1/1) SGM depth/thickness map done.
[12:44:05.644432][info] (rc: 2, tile: 1/1) SGM Smooth thickness map.
[12:44:05.644432][info] (rc: 2, tile: 1/1) SGM Smooth thickness map done.
[12:44:05.644432][info] (rc: 2, tile: 1/1) Refine depth/sim map of view id: 1383503671, rc: 2 (3 / 4).
[12:44:05.644432][info] (rc: 2, tile: 1/1) Refine and fuse depth/sim map volume.
[12:44:05.644432][info] (rc: 2, tile: 1/1) Refine and fuse depth/sim map volume done.
[12:44:05.644432][info] (rc: 2, tile: 1/1) Color optimize depth/sim map.
[12:44:05.646414][info] (rc: 2, tile: 1/1) Color optimize depth/sim map done.
[12:44:05.646414][info] (rc: 2, tile: 1/1) Refine depth/sim map done.
[12:44:05.806174][info] Task done in (s): 2.342000
