[2023-12-01 12:37:37.281973] [0x0000850c] [trace]   Embedded OCIO configuration file: 'D:\ly\3meannee\app\Meshroom-2023.2.0-win64\Meshroom-2023.2.0\aliceVision/share/aliceVision/config.ocio' found.
Program called with the following parameters:
 * contrastFiltering =  Unknown Type "enum aliceVision::feature::EFeatureConstrastFiltering"
 * describerPreset =  Unknown Type "enum aliceVision::feature::EImageDescriberPreset"
 * describerQuality =  Unknown Type "enum aliceVision::feature::EFeatureQuality"
 * describerTypes = "dspsift"
 * forceCpuExtraction = 1
 * gridFiltering = 1
 * input = "D:/ly/3meannee/app/Meshroom-2023.2.0-win64/MeshroomCache/CameraInit/86e94ed22fe149329b8666ac154184b82d58e840/cameraInit.sfm"
 * masksFolder = ""
 * maxCoresAvailable =  Unknown Type "unsigned int" (default)
 * maxMemoryAvailable = 18446744073709551615 (default)
 * maxNbFeatures = 0 (default)
 * maxThreads = 0
 * output = "D:/ly/3meannee/app/Meshroom-2023.2.0-win64/MeshroomCache/FeatureExtraction/39d1df4fe0a0cad06691e70ac33e85a2fa949a23"
 * rangeSize = 40
 * rangeStart = 0
 * relativePeakThreshold = 0.02 (default)
 * verboseLevel = "info"
 * workingColorSpace =  Unknown Type "enum aliceVision::image::EImageColorSpace"

Hardware : 
	Detected core count : 16
	OpenMP will use 16 cores
	Detected available memory : 7475 Mo

[12:37:37.285958][info] CUDA-Enabled GPU.
Device information:
	- id:                      0
	- name:                    NVIDIA GeForce RTX 2060
	- compute capability:      7.5
	- clock frequency (kHz):   1350000
	- total device memory:     6143 MB 
	- device memory available: 5130 MB 
	- per-block shared memory: 49152
	- warp size:               32
	- max threads per block:   1024
	- max threads per SM(X):   1024
	- max block sizes:         {1024,1024,64}
	- max grid sizes:          {2147483647,65535,65535}
	- max 2D array texture:    {131072,65536}
	- max 3D array texture:    {16384,16384,16384}
	- max 2D linear texture:   {131072,65000,2097120}
	- max 2D layered texture:  {32768,32768,2048}
	- number of SM(x)s:        30
	- registers per SM(x):     65536
	- registers per block:     65536
	- concurrent kernels:      yes
	- mapping host memory:     yes
	- unified addressing:      yes
	- texture alignment:       512 byte
	- pitch alignment:         32 byte
CUDA build version: 11.6
0
[12:37:37.542787][info] Job max memory consumption for one image: 1509 MB
[12:37:37.542787][info] Memory information: 
	- Total RAM:     15.8392 GB
	- Free RAM:      7.24108 GB
	- Available RAM: 7.24108 GB
	- Total swap:    131072 GB
	- Free swap:     131035 GB
[12:37:37.542787][info] Max number of threads regarding memory usage: 4
[12:37:37.542787][warning] More than half of the RAM is used by other applications. It would be more efficient to close them.
[12:37:37.542787][warning]  => 9 GB are used by other applications for a total RAM capacity of 16 GB.
[12:37:37.542787][info] # threads for extraction: 4
[12:37:37.687838][info] Extracting dspsift features from view 'D:/ly/3meannee/app/2023_APP_Donnees/2023_APP_Donnees/lefaucheux_4mm/fond_blanc/P1000997.JPG' [cpu]
[12:37:37.697793][info] Extracting dspsift features from view 'D:/ly/3meannee/app/2023_APP_Donnees/2023_APP_Donnees/lefaucheux_4mm/fond_blanc/P1010001.JPG' [cpu]
[12:37:37.702798][info] Extracting dspsift features from view 'D:/ly/3meannee/app/2023_APP_Donnees/2023_APP_Donnees/lefaucheux_4mm/fond_blanc/P1010004.JPG' [cpu]
[12:37:37.706800][info] Extracting dspsift features from view 'D:/ly/3meannee/app/2023_APP_Donnees/2023_APP_Donnees/lefaucheux_4mm/fond_blanc/P1010003.JPG' [cpu]
[12:37:57.292522][info]       20000 dspsift features extracted from view 'D:/ly/3meannee/app/2023_APP_Donnees/2023_APP_Donnees/lefaucheux_4mm/fond_blanc/P1010004.JPG'
[12:37:57.377524][info] Extracting dspsift features from view 'D:/ly/3meannee/app/2023_APP_Donnees/2023_APP_Donnees/lefaucheux_4mm/fond_blanc/P1000999.JPG' [cpu]
[12:37:59.831523][info]       20000 dspsift features extracted from view 'D:/ly/3meannee/app/2023_APP_Donnees/2023_APP_Donnees/lefaucheux_4mm/fond_blanc/P1010001.JPG'
[12:37:59.953523][info] Extracting dspsift features from view 'D:/ly/3meannee/app/2023_APP_Donnees/2023_APP_Donnees/lefaucheux_4mm/fond_blanc/P1000996.JPG' [cpu]
[12:38:00.280526][info]       20000 dspsift features extracted from view 'D:/ly/3meannee/app/2023_APP_Donnees/2023_APP_Donnees/lefaucheux_4mm/fond_blanc/P1010003.JPG'
[12:38:00.371544][info] Extracting dspsift features from view 'D:/ly/3meannee/app/2023_APP_Donnees/2023_APP_Donnees/lefaucheux_4mm/fond_blanc/P1000998.JPG' [cpu]
[12:38:01.995524][info]       20000 dspsift features extracted from view 'D:/ly/3meannee/app/2023_APP_Donnees/2023_APP_Donnees/lefaucheux_4mm/fond_blanc/P1000997.JPG'
[12:38:02.089527][info] Extracting dspsift features from view 'D:/ly/3meannee/app/2023_APP_Donnees/2023_APP_Donnees/lefaucheux_4mm/fond_blanc/P1010002.JPG' [cpu]
[12:38:15.525420][info]       20000 dspsift features extracted from view 'D:/ly/3meannee/app/2023_APP_Donnees/2023_APP_Donnees/lefaucheux_4mm/fond_blanc/P1000999.JPG'
[12:38:18.050416][info]       20000 dspsift features extracted from view 'D:/ly/3meannee/app/2023_APP_Donnees/2023_APP_Donnees/lefaucheux_4mm/fond_blanc/P1000998.JPG'
[12:38:18.137417][info] Extracting dspsift features from view 'D:/ly/3meannee/app/2023_APP_Donnees/2023_APP_Donnees/lefaucheux_4mm/fond_blanc/P1010005.JPG' [cpu]
[12:38:21.547417][info]       20000 dspsift features extracted from view 'D:/ly/3meannee/app/2023_APP_Donnees/2023_APP_Donnees/lefaucheux_4mm/fond_blanc/P1010002.JPG'
[12:38:21.559417][info]       20000 dspsift features extracted from view 'D:/ly/3meannee/app/2023_APP_Donnees/2023_APP_Donnees/lefaucheux_4mm/fond_blanc/P1000996.JPG'
[12:38:33.725416][info]       20000 dspsift features extracted from view 'D:/ly/3meannee/app/2023_APP_Donnees/2023_APP_Donnees/lefaucheux_4mm/fond_blanc/P1010005.JPG'
[12:38:33.726418][info] Task done in (s): 56.184000
