[2024-09-04 02:44:00.311221] [0x000044e4] [trace]   Embedded OCIO configuration file: 'D:\ly\stage3\Meshroom-2023.2.0-win64\Meshroom-2023.2.0\aliceVision/share/aliceVision/config.ocio' found.
Program called with the following parameters:
 * autoAdjustSmallImage = 1
 * chooseTCamsPerTile = 1
 * colorOptimizationEnabled = 1
 * colorOptimizationNbIterations = 100
 * customPatchPatternGroupSubpartsPerLevel = 0 (default)
 * customPatchPatternSubparts =  Unknown Type "class std::vector<struct aliceVision::depthMap::CustomPatchPatternParams::SubpartParams,class std::allocator<struct aliceVision::depthMap::CustomPatchPatternParams::SubpartParams> >" (default)
 * downscale = 2
 * exportIntermediateCrossVolumes = 0
 * exportIntermediateDepthSimMaps = 0
 * exportIntermediateNormalMaps = 0
 * exportIntermediateTopographicCutVolumes = 0
 * exportIntermediateVolume9pCsv = 0
 * exportIntermediateVolumes = 0
 * exportTilePattern = 0
 * imagesFolder = "D:/ly/stage3/gun11/MeshroomCache/PrepareDenseScene/20862dc929bd1e2f84c61d4d17b2950183605b62"
 * input = "D:/ly/stage3/gun11/MeshroomCache/StructureFromMotion/335cbc05c80d9d9aa02f7b447533312395238b31/sfm.abc"
 * maxCoresAvailable =  Unknown Type "unsigned int" (default)
 * maxMemoryAvailable = 18446744073709551615 (default)
 * maxTCams = 10
 * maxViewAngle = 70
 * minViewAngle = 2
 * nbGPUs = 0
 * output = "D:/ly/stage3/gun11/MeshroomCache/DepthMap/02cd47b77ee159c63567fb41e219badd910dbebb"
 * rangeSize = 3
 * rangeStart = 0
 * refineEnabled = 1
 * refineGammaC = 15.5
 * refineGammaP = 8
 * refineHalfNbDepths = 15
 * refineInterpolateMiddleDepth = 0
 * refineMaxTCamsPerTile = 4
 * refineScale = 1
 * refineSigma = 15
 * refineStepXY = 1
 * refineSubsampling = 10
 * refineUseConsistentScale = 0
 * refineUseCustomPatchPattern = 0
 * refineWSH = 3
 * sgmDepthListPerTile = 1
 * sgmDepthThicknessInflate = 0
 * sgmFilteringAxes = "YX"
 * sgmGammaC = 5.5
 * sgmGammaP = 8
 * sgmMaxDepths = 1500
 * sgmMaxSimilarity = 1
 * sgmMaxTCamsPerTile = 4
 * sgmP1 = 10
 * sgmP2Weighting = 100
 * sgmScale = 2
 * sgmSeedsRangeInflate = 0.2
 * sgmStepXY = 2
 * sgmStepZ = -1
 * sgmUseConsistentScale = 0
 * sgmUseCustomPatchPattern = 0
 * sgmUseSfmSeeds = 1
 * sgmWSH = 4
 * tileBufferHeight = 1024
 * tileBufferWidth = 1024
 * tilePadding = 64
 * verboseLevel = "info"

Hardware : 
	Detected core count : 16
	OpenMP will use 16 cores
	Detected available memory : 5640 Mo

[02:44:00.316243][info] CUDA-Enabled GPU.
Device information:
	- id:                      0
	- name:                    NVIDIA GeForce RTX 2060
	- compute capability:      7.5
	- clock frequency (kHz):   1350000
	- total device memory:     6143 MB 
	- device memory available: 5130 MB 
	- per-block shared memory: 49152
	- warp size:               32
	- max threads per block:   1024
	- max threads per SM(X):   1024
	- max block sizes:         {1024,1024,64}
	- max grid sizes:          {2147483647,65535,65535}
	- max 2D array texture:    {131072,65536}
	- max 3D array texture:    {16384,16384,16384}
	- max 2D linear texture:   {131072,65000,2097120}
	- max 2D layered texture:  {32768,32768,2048}
	- number of SM(x)s:        30
	- registers per SM(x):     65536
	- registers per block:     65536
	- concurrent kernels:      yes
	- mapping host memory:     yes
	- unified addressing:      yes
	- texture alignment:       512 byte
	- pitch alignment:         32 byte
CUDA build version: 11.6
[02:44:01.366239][info] Supported CUDA-Enabled GPU detected.
[02:44:01.382843][info] Found 1 image dimension(s): 
[02:44:01.382843][info] 	- [1920x1080]
[02:44:01.407582][info] Overall maximum dimension: [1920x1080]
[02:44:01.407582][warning] Tile buffer size (width: 1024, height: 1024) is larger than the maximum image size (width: 960, height: 540).
[02:44:01.407582][warning] Single tile computation, override SGM maximum number of T cameras per tile (before: 4, now: 10).
[02:44:01.407582][warning] Single tile computation, override Refine maximum number of T cameras per tile (before: 4, now: 10).
[02:44:01.407582][warning] Single tile computation, override SGM step XY (before: 2, now: 1).
[02:44:01.407582][info] Tiling information: 
	- parameters: 
	      - buffer width:  1024 px
	      - buffer height: 1024 px
	      - padding: 64 px
	- maximum downscale:  2
	- maximum image width:  960 px
	- maximum image height: 540 px
[02:44:01.407582][info] Maximum image size is smaller than one tile, use only one tile.
[02:44:01.407582][info] SGM parameters:
	- scale: 2
	- stepXY: 1
[02:44:01.407582][info] Refine parameters:
	- scale: 1
	- stepXY: 1
[02:44:01.407582][info] Number of GPU devices: 1, number of CPU threads: 16
[02:44:01.457002][info] Device memory:
	- available: 4104.7 MB
	- requirement for the first tile: 917.126 MB
	- # computation buffers per tile: 851.867 MB (Sgm: 757.867 MB, Refine: 94 MB)
	- # input images (R + 10 Ts): 65.2588 MB (single mipmap image size: 5.93262 MB)
[02:44:01.457002][info] Parallelization:
	- # tiles per image: 1
	- # simultaneous depth maps computation: 4
	- # simultaneous tiles computation: 4
[02:44:01.478581][info] Device memory (device id: 0):
	- used: 3570.44 MB
	- available: 2573.25 MB
	- total: 6143.69 MB
[02:44:03.396325][info] (rc: 0, tile: 1/1) Camera / Depth information: 
	- R camera:
	   - id: 0
	   - view id: 1080664269
	   - depth planes: 121
	   - depths range: [1.02799-1.49382]
	- T cameras:
	   - T camera (1/10):
	      - id: 8
	      - view id: 1957391525
	      - depth planes: 121
	      - depths range: [1.02799-1.49382]
	      - depth indexes range: [0-121]
	   - T camera (2/10):
	      - id: 1
	      - view id: 1409541778
	      - depth planes: 121
	      - depths range: [1.02799-1.49382]
	      - depth indexes range: [0-121]
	   - T camera (3/10):
	      - id: 9
	      - view id: 1962826856
	      - depth planes: 121
	      - depths range: [1.02799-1.49382]
	      - depth indexes range: [0-121]
	   - T camera (4/10):
	      - id: 7
	      - view id: 1956052955
	      - depth planes: 121
	      - depths range: [1.02799-1.49382]
	      - depth indexes range: [0-121]
	   - T camera (5/10):
	      - id: 10
	      - view id: 1968286383
	      - depth planes: 121
	      - depths range: [1.02799-1.49382]
	      - depth indexes range: [0-121]
	   - T camera (6/10):
	      - id: 11
	      - view id: 2087826719
	      - depth planes: 121
	      - depths range: [1.02799-1.49382]
	      - depth indexes range: [0-121]
	   - T camera (7/10):
	      - id: 12
	      - view id: 2088311620
	      - depth planes: 121
	      - depths range: [1.02799-1.49382]
	      - depth indexes range: [0-121]
	   - T camera (8/10):
	      - id: 5
	      - view id: 1907405702
	      - depth planes: 121
	      - depths range: [1.02799-1.49382]
	      - depth indexes range: [0-121]
	   - T camera (9/10):
	      - id: 2
	      - view id: 1423387595
	      - depth planes: 121
	      - depths range: [1.02799-1.49382]
	      - depth indexes range: [0-121]
	   - T camera (10/10):
	      - id: 6
	      - view id: 1912192257
	      - depth planes: 121
	      - depths range: [1.02799-1.49382]
	      - depth indexes range: [0-121]
[02:44:03.396325][info] (rc: 0, tile: 1/1) SGM depth/thickness map of view id: 1080664269, rc: 0 (1 / 14).
[02:44:03.396325][info] (rc: 0, tile: 1/1) SGM Compute similarity volume.
[02:44:03.397324][info] (rc: 0, tile: 1/1) SGM Compute similarity volume done.
[02:44:03.397324][info] (rc: 0, tile: 1/1) SGM Optimizing volume (filtering axes: YX).
[02:44:03.674012][info] (rc: 0, tile: 1/1) SGM Optimizing volume done.
[02:44:03.674012][info] (rc: 0, tile: 1/1) SGM Retrieve best depth in volume.
[02:44:03.674012][info] (rc: 0, tile: 1/1) SGM Retrieve best depth in volume done.
[02:44:03.674012][info] (rc: 0, tile: 1/1) SGM depth/thickness map done.
[02:44:03.674012][info] (rc: 0, tile: 1/1) SGM Smooth thickness map.
[02:44:03.674012][info] (rc: 0, tile: 1/1) SGM Smooth thickness map done.
[02:44:03.674012][info] (rc: 0, tile: 1/1) Refine depth/sim map of view id: 1080664269, rc: 0 (1 / 14).
[02:44:03.674012][info] (rc: 0, tile: 1/1) Refine and fuse depth/sim map volume.
[02:44:03.674012][info] (rc: 0, tile: 1/1) Refine and fuse depth/sim map volume done.
[02:44:03.674012][info] (rc: 0, tile: 1/1) Color optimize depth/sim map.
[02:44:03.689069][info] (rc: 0, tile: 1/1) Color optimize depth/sim map done.
[02:44:03.689069][info] (rc: 0, tile: 1/1) Refine depth/sim map done.
[02:44:03.690313][info] (rc: 1, tile: 1/1) Camera / Depth information: 
	- R camera:
	   - id: 1
	   - view id: 1409541778
	   - depth planes: 67
	   - depths range: [1.11689-1.49896]
	- T cameras:
	   - T camera (1/10):
	      - id: 2
	      - view id: 1423387595
	      - depth planes: 67
	      - depths range: [1.11689-1.49896]
	      - depth indexes range: [0-67]
	   - T camera (2/10):
	      - id: 9
	      - view id: 1962826856
	      - depth planes: 67
	      - depths range: [1.11689-1.49896]
	      - depth indexes range: [0-67]
	   - T camera (3/10):
	      - id: 7
	      - view id: 1956052955
	      - depth planes: 67
	      - depths range: [1.11689-1.49896]
	      - depth indexes range: [0-67]
	   - T camera (4/10):
	      - id: 12
	      - view id: 2088311620
	      - depth planes: 67
	      - depths range: [1.11689-1.49896]
	      - depth indexes range: [0-67]
	   - T camera (5/10):
	      - id: 11
	      - view id: 2087826719
	      - depth planes: 67
	      - depths range: [1.11689-1.49896]
	      - depth indexes range: [0-67]
	   - T camera (6/10):
	      - id: 0
	      - view id: 1080664269
	      - depth planes: 67
	      - depths range: [1.11689-1.49896]
	      - depth indexes range: [0-67]
	   - T camera (7/10):
	      - id: 10
	      - view id: 1968286383
	      - depth planes: 67
	      - depths range: [1.11689-1.49896]
	      - depth indexes range: [0-67]
	   - T camera (8/10):
	      - id: 5
	      - view id: 1907405702
	      - depth planes: 67
	      - depths range: [1.11689-1.49896]
	      - depth indexes range: [0-67]
	   - T camera (9/10):
	      - id: 13
	      - view id: 2110977101
	      - depth planes: 67
	      - depths range: [1.11689-1.49896]
	      - depth indexes range: [0-67]
	   - T camera (10/10):
	      - id: 8
	      - view id: 1957391525
	      - depth planes: 67
	      - depths range: [1.11689-1.49896]
	      - depth indexes range: [0-67]
[02:44:03.690313][info] (rc: 1, tile: 1/1) SGM depth/thickness map of view id: 1409541778, rc: 1 (2 / 14).
[02:44:03.690313][info] (rc: 1, tile: 1/1) SGM Compute similarity volume.
[02:44:03.691314][info] (rc: 1, tile: 1/1) SGM Compute similarity volume done.
[02:44:03.691314][info] (rc: 1, tile: 1/1) SGM Optimizing volume (filtering axes: YX).
[02:44:03.940609][info] (rc: 1, tile: 1/1) SGM Optimizing volume done.
[02:44:03.940609][info] (rc: 1, tile: 1/1) SGM Retrieve best depth in volume.
[02:44:03.940609][info] (rc: 1, tile: 1/1) SGM Retrieve best depth in volume done.
[02:44:03.940609][info] (rc: 1, tile: 1/1) SGM depth/thickness map done.
[02:44:03.940609][info] (rc: 1, tile: 1/1) SGM Smooth thickness map.
[02:44:03.940609][info] (rc: 1, tile: 1/1) SGM Smooth thickness map done.
[02:44:03.941614][info] (rc: 1, tile: 1/1) Refine depth/sim map of view id: 1409541778, rc: 1 (2 / 14).
[02:44:03.941614][info] (rc: 1, tile: 1/1) Refine and fuse depth/sim map volume.
[02:44:03.941614][info] (rc: 1, tile: 1/1) Refine and fuse depth/sim map volume done.
[02:44:03.941614][info] (rc: 1, tile: 1/1) Color optimize depth/sim map.
[02:44:03.942614][info] (rc: 1, tile: 1/1) Color optimize depth/sim map done.
[02:44:03.942614][info] (rc: 1, tile: 1/1) Refine depth/sim map done.
[02:44:03.944625][info] (rc: 2, tile: 1/1) Camera / Depth information: 
	- R camera:
	   - id: 2
	   - view id: 1423387595
	   - depth planes: 109
	   - depths range: [1.09748-1.57025]
	- T cameras:
	   - T camera (1/10):
	      - id: 1
	      - view id: 1409541778
	      - depth planes: 109
	      - depths range: [1.09748-1.57025]
	      - depth indexes range: [0-109]
	   - T camera (2/10):
	      - id: 10
	      - view id: 1968286383
	      - depth planes: 109
	      - depths range: [1.09748-1.57025]
	      - depth indexes range: [0-109]
	   - T camera (3/10):
	      - id: 9
	      - view id: 1962826856
	      - depth planes: 109
	      - depths range: [1.09748-1.57025]
	      - depth indexes range: [0-109]
	   - T camera (4/10):
	      - id: 7
	      - view id: 1956052955
	      - depth planes: 109
	      - depths range: [1.09748-1.57025]
	      - depth indexes range: [0-109]
	   - T camera (5/10):
	      - id: 8
	      - view id: 1957391525
	      - depth planes: 109
	      - depths range: [1.09748-1.57025]
	      - depth indexes range: [0-109]
	   - T camera (6/10):
	      - id: 11
	      - view id: 2087826719
	      - depth planes: 109
	      - depths range: [1.09748-1.57025]
	      - depth indexes range: [0-109]
	   - T camera (7/10):
	      - id: 12
	      - view id: 2088311620
	      - depth planes: 109
	      - depths range: [1.09748-1.57025]
	      - depth indexes range: [0-109]
	   - T camera (8/10):
	      - id: 5
	      - view id: 1907405702
	      - depth planes: 109
	      - depths range: [1.09748-1.57025]
	      - depth indexes range: [0-109]
	   - T camera (9/10):
	      - id: 13
	      - view id: 2110977101
	      - depth planes: 109
	      - depths range: [1.09748-1.57025]
	      - depth indexes range: [0-109]
	   - T camera (10/10):
	      - id: 0
	      - view id: 1080664269
	      - depth planes: 109
	      - depths range: [1.09748-1.57025]
	      - depth indexes range: [0-109]
[02:44:03.944625][info] (rc: 2, tile: 1/1) SGM depth/thickness map of view id: 1423387595, rc: 2 (3 / 14).
[02:44:03.944625][info] (rc: 2, tile: 1/1) SGM Compute similarity volume.
[02:44:03.944625][info] (rc: 2, tile: 1/1) SGM Compute similarity volume done.
[02:44:03.944625][info] (rc: 2, tile: 1/1) SGM Optimizing volume (filtering axes: YX).
[02:44:04.222141][info] (rc: 2, tile: 1/1) SGM Optimizing volume done.
[02:44:04.222141][info] (rc: 2, tile: 1/1) SGM Retrieve best depth in volume.
[02:44:04.223141][info] (rc: 2, tile: 1/1) SGM Retrieve best depth in volume done.
[02:44:04.223141][info] (rc: 2, tile: 1/1) SGM depth/thickness map done.
[02:44:04.223141][info] (rc: 2, tile: 1/1) SGM Smooth thickness map.
[02:44:04.223141][info] (rc: 2, tile: 1/1) SGM Smooth thickness map done.
[02:44:04.223141][info] (rc: 2, tile: 1/1) Refine depth/sim map of view id: 1423387595, rc: 2 (3 / 14).
[02:44:04.223141][info] (rc: 2, tile: 1/1) Refine and fuse depth/sim map volume.
[02:44:04.223141][info] (rc: 2, tile: 1/1) Refine and fuse depth/sim map volume done.
[02:44:04.223141][info] (rc: 2, tile: 1/1) Color optimize depth/sim map.
[02:44:04.237245][info] (rc: 2, tile: 1/1) Color optimize depth/sim map done.
[02:44:04.237245][info] (rc: 2, tile: 1/1) Refine depth/sim map done.
[02:44:04.422313][info] Task done in (s): 4.109000
