[2024-09-04 02:44:04.563525] [0x0000dad0] [trace]   Embedded OCIO configuration file: 'D:\ly\stage3\Meshroom-2023.2.0-win64\Meshroom-2023.2.0\aliceVision/share/aliceVision/config.ocio' found.
Program called with the following parameters:
 * autoAdjustSmallImage = 1
 * chooseTCamsPerTile = 1
 * colorOptimizationEnabled = 1
 * colorOptimizationNbIterations = 100
 * customPatchPatternGroupSubpartsPerLevel = 0 (default)
 * customPatchPatternSubparts =  Unknown Type "class std::vector<struct aliceVision::depthMap::CustomPatchPatternParams::SubpartParams,class std::allocator<struct aliceVision::depthMap::CustomPatchPatternParams::SubpartParams> >" (default)
 * downscale = 2
 * exportIntermediateCrossVolumes = 0
 * exportIntermediateDepthSimMaps = 0
 * exportIntermediateNormalMaps = 0
 * exportIntermediateTopographicCutVolumes = 0
 * exportIntermediateVolume9pCsv = 0
 * exportIntermediateVolumes = 0
 * exportTilePattern = 0
 * imagesFolder = "D:/ly/stage3/gun11/MeshroomCache/PrepareDenseScene/20862dc929bd1e2f84c61d4d17b2950183605b62"
 * input = "D:/ly/stage3/gun11/MeshroomCache/StructureFromMotion/335cbc05c80d9d9aa02f7b447533312395238b31/sfm.abc"
 * maxCoresAvailable =  Unknown Type "unsigned int" (default)
 * maxMemoryAvailable = 18446744073709551615 (default)
 * maxTCams = 10
 * maxViewAngle = 70
 * minViewAngle = 2
 * nbGPUs = 0
 * output = "D:/ly/stage3/gun11/MeshroomCache/DepthMap/02cd47b77ee159c63567fb41e219badd910dbebb"
 * rangeSize = 3
 * rangeStart = 3
 * refineEnabled = 1
 * refineGammaC = 15.5
 * refineGammaP = 8
 * refineHalfNbDepths = 15
 * refineInterpolateMiddleDepth = 0
 * refineMaxTCamsPerTile = 4
 * refineScale = 1
 * refineSigma = 15
 * refineStepXY = 1
 * refineSubsampling = 10
 * refineUseConsistentScale = 0
 * refineUseCustomPatchPattern = 0
 * refineWSH = 3
 * sgmDepthListPerTile = 1
 * sgmDepthThicknessInflate = 0
 * sgmFilteringAxes = "YX"
 * sgmGammaC = 5.5
 * sgmGammaP = 8
 * sgmMaxDepths = 1500
 * sgmMaxSimilarity = 1
 * sgmMaxTCamsPerTile = 4
 * sgmP1 = 10
 * sgmP2Weighting = 100
 * sgmScale = 2
 * sgmSeedsRangeInflate = 0.2
 * sgmStepXY = 2
 * sgmStepZ = -1
 * sgmUseConsistentScale = 0
 * sgmUseCustomPatchPattern = 0
 * sgmUseSfmSeeds = 1
 * sgmWSH = 4
 * tileBufferHeight = 1024
 * tileBufferWidth = 1024
 * tilePadding = 64
 * verboseLevel = "info"

Hardware : 
	Detected core count : 16
	OpenMP will use 16 cores
	Detected available memory : 5655 Mo

[02:44:04.570092][info] CUDA-Enabled GPU.
Device information:
	- id:                      0
	- name:                    NVIDIA GeForce RTX 2060
	- compute capability:      7.5
	- clock frequency (kHz):   1350000
	- total device memory:     6143 MB 
	- device memory available: 5130 MB 
	- per-block shared memory: 49152
	- warp size:               32
	- max threads per block:   1024
	- max threads per SM(X):   1024
	- max block sizes:         {1024,1024,64}
	- max grid sizes:          {2147483647,65535,65535}
	- max 2D array texture:    {131072,65536}
	- max 3D array texture:    {16384,16384,16384}
	- max 2D linear texture:   {131072,65000,2097120}
	- max 2D layered texture:  {32768,32768,2048}
	- number of SM(x)s:        30
	- registers per SM(x):     65536
	- registers per block:     65536
	- concurrent kernels:      yes
	- mapping host memory:     yes
	- unified addressing:      yes
	- texture alignment:       512 byte
	- pitch alignment:         32 byte
CUDA build version: 11.6
[02:44:04.690209][info] Supported CUDA-Enabled GPU detected.
[02:44:04.706508][info] Found 1 image dimension(s): 
[02:44:04.706508][info] 	- [1920x1080]
[02:44:04.727130][info] Overall maximum dimension: [1920x1080]
[02:44:04.727130][warning] Tile buffer size (width: 1024, height: 1024) is larger than the maximum image size (width: 960, height: 540).
[02:44:04.727130][warning] Single tile computation, override SGM maximum number of T cameras per tile (before: 4, now: 10).
[02:44:04.727130][warning] Single tile computation, override Refine maximum number of T cameras per tile (before: 4, now: 10).
[02:44:04.727130][warning] Single tile computation, override SGM step XY (before: 2, now: 1).
[02:44:04.727130][info] Tiling information: 
	- parameters: 
	      - buffer width:  1024 px
	      - buffer height: 1024 px
	      - padding: 64 px
	- maximum downscale:  2
	- maximum image width:  960 px
	- maximum image height: 540 px
[02:44:04.727130][info] Maximum image size is smaller than one tile, use only one tile.
[02:44:04.727130][info] SGM parameters:
	- scale: 2
	- stepXY: 1
[02:44:04.727130][info] Refine parameters:
	- scale: 1
	- stepXY: 1
[02:44:04.727130][info] Number of GPU devices: 1, number of CPU threads: 16
[02:44:04.763001][info] Device memory:
	- available: 4104.7 MB
	- requirement for the first tile: 917.126 MB
	- # computation buffers per tile: 851.867 MB (Sgm: 757.867 MB, Refine: 94 MB)
	- # input images (R + 10 Ts): 65.2588 MB (single mipmap image size: 5.93262 MB)
[02:44:04.763001][info] Parallelization:
	- # tiles per image: 1
	- # simultaneous depth maps computation: 4
	- # simultaneous tiles computation: 4
[02:44:04.784980][info] Device memory (device id: 0):
	- used: 3570.44 MB
	- available: 2573.25 MB
	- total: 6143.69 MB
[02:44:06.818821][info] (rc: 3, tile: 1/1) Camera / Depth information: 
	- R camera:
	   - id: 3
	   - view id: 1513151634
	   - depth planes: 563
	   - depths range: [0.687858-2.8243]
	- T cameras:
	   - T camera (1/10):
	      - id: 4
	      - view id: 1515471339
	      - depth planes: 563
	      - depths range: [0.687858-2.8243]
	      - depth indexes range: [0-563]
	   - T camera (2/10):
	      - id: 7
	      - view id: 1956052955
	      - depth planes: 563
	      - depths range: [0.687858-2.8243]
	      - depth indexes range: [0-563]
	   - T camera (3/10):
	      - id: 11
	      - view id: 2087826719
	      - depth planes: 563
	      - depths range: [0.687858-2.8243]
	      - depth indexes range: [0-563]
	   - T camera (4/10):
	      - id: 12
	      - view id: 2088311620
	      - depth planes: 543
	      - depths range: [0.715756-2.8243]
	      - depth indexes range: [20-563]
	   - T camera (5/10):
	      - id: 9
	      - view id: 1962826856
	      - depth planes: 558
	      - depths range: [0.694688-2.8243]
	      - depth indexes range: [5-563]
	   - T camera (6/10):
	      - id: 6
	      - view id: 1912192257
	      - depth planes: 354
	      - depths range: [1.10003-2.8243]
	      - depth indexes range: [209-563]
	   - T camera (7/10):
	      - id: 13
	      - view id: 2110977101
	      - depth planes: 394
	      - depths range: [1.00046-2.81454]
	      - depth indexes range: [168-562]
	   - T camera (8/10):
	      - id: 10
	      - view id: 1968286383
	      - depth planes: 563
	      - depths range: [0.687858-2.8243]
	      - depth indexes range: [0-563]
	   - T camera (9/10):
	      - id: 5
	      - view id: 1907405702
	      - depth planes: 449
	      - depths range: [0.880651-2.8243]
	      - depth indexes range: [114-563]
	   - T camera (10/10):
	      - id: 1
	      - view id: 1409541778
	      - depth planes: 531
	      - depths range: [0.733552-2.8243]
	      - depth indexes range: [32-563]
[02:44:06.819326][info] (rc: 3, tile: 1/1) SGM depth/thickness map of view id: 1513151634, rc: 3 (4 / 14).
[02:44:06.819326][info] (rc: 3, tile: 1/1) SGM Compute similarity volume.
[02:44:06.819326][info] (rc: 3, tile: 1/1) SGM Compute similarity volume done.
[02:44:06.819326][info] (rc: 3, tile: 1/1) SGM Optimizing volume (filtering axes: YX).
[02:44:07.702205][info] (rc: 3, tile: 1/1) SGM Optimizing volume done.
[02:44:07.702205][info] (rc: 3, tile: 1/1) SGM Retrieve best depth in volume.
[02:44:07.717721][info] (rc: 3, tile: 1/1) SGM Retrieve best depth in volume done.
[02:44:07.717721][info] (rc: 3, tile: 1/1) SGM depth/thickness map done.
[02:44:07.717721][info] (rc: 3, tile: 1/1) SGM Smooth thickness map.
[02:44:07.717721][info] (rc: 3, tile: 1/1) SGM Smooth thickness map done.
[02:44:07.717721][info] (rc: 3, tile: 1/1) Refine depth/sim map of view id: 1513151634, rc: 3 (4 / 14).
[02:44:07.717721][info] (rc: 3, tile: 1/1) Refine and fuse depth/sim map volume.
[02:44:07.717721][info] (rc: 3, tile: 1/1) Refine and fuse depth/sim map volume done.
[02:44:07.717721][info] (rc: 3, tile: 1/1) Color optimize depth/sim map.
[02:44:07.748731][info] (rc: 3, tile: 1/1) Color optimize depth/sim map done.
[02:44:07.748731][info] (rc: 3, tile: 1/1) Refine depth/sim map done.
[02:44:07.750618][info] (rc: 4, tile: 1/1) Camera / Depth information: 
	- R camera:
	   - id: 4
	   - view id: 1515471339
	   - depth planes: 818
	   - depths range: [0.435022-4.1767]
	- T cameras:
	   - T camera (1/10):
	      - id: 3
	      - view id: 1513151634
	      - depth planes: 818
	      - depths range: [0.435022-4.1767]
	      - depth indexes range: [0-818]
	   - T camera (2/10):
	      - id: 7
	      - view id: 1956052955
	      - depth planes: 695
	      - depths range: [0.570036-4.1767]
	      - depth indexes range: [123-818]
	   - T camera (3/10):
	      - id: 11
	      - view id: 2087826719
	      - depth planes: 699
	      - depths range: [0.565646-4.1767]
	      - depth indexes range: [119-818]
	   - T camera (4/10):
	      - id: 9
	      - view id: 1962826856
	      - depth planes: 670
	      - depths range: [0.597693-4.1767]
	      - depth indexes range: [148-818]
	   - T camera (5/10):
	      - id: 12
	      - view id: 2088311620
	      - depth planes: 633
	      - depths range: [0.642031-4.1767]
	      - depth indexes range: [185-818]
	   - T camera (6/10):
	      - id: 5
	      - view id: 1907405702
	      - depth planes: 544
	      - depths range: [0.77769-4.1767]
	      - depth indexes range: [274-818]
	   - T camera (7/10):
	      - id: 13
	      - view id: 2110977101
	      - depth planes: 456
	      - depths range: [0.843319-3.05123]
	      - depth indexes range: [310-766]
	   - T camera (8/10):
	      - id: 10
	      - view id: 1968286383
	      - depth planes: 638
	      - depths range: [0.635646-4.1767]
	      - depth indexes range: [180-818]
	   - T camera (9/10):
	      - id: 6
	      - view id: 1912192257
	      - depth planes: 432
	      - depths range: [0.939058-3.43479]
	      - depth indexes range: [359-791]
	   - T camera (10/10):
	      - id: 8
	      - view id: 1957391525
	      - depth planes: 547
	      - depths range: [0.772522-4.1767]
	      - depth indexes range: [271-818]
[02:44:07.750618][info] (rc: 4, tile: 1/1) SGM depth/thickness map of view id: 1515471339, rc: 4 (5 / 14).
[02:44:07.750618][info] (rc: 4, tile: 1/1) SGM Compute similarity volume.
[02:44:07.750618][info] (rc: 4, tile: 1/1) SGM Compute similarity volume done.
[02:44:07.750618][info] (rc: 4, tile: 1/1) SGM Optimizing volume (filtering axes: YX).
[02:44:09.054392][info] (rc: 4, tile: 1/1) SGM Optimizing volume done.
[02:44:09.054392][info] (rc: 4, tile: 1/1) SGM Retrieve best depth in volume.
[02:44:09.054392][info] (rc: 4, tile: 1/1) SGM Retrieve best depth in volume done.
[02:44:09.054392][info] (rc: 4, tile: 1/1) SGM depth/thickness map done.
[02:44:09.054392][info] (rc: 4, tile: 1/1) SGM Smooth thickness map.
[02:44:09.054392][info] (rc: 4, tile: 1/1) SGM Smooth thickness map done.
[02:44:09.054392][info] (rc: 4, tile: 1/1) Refine depth/sim map of view id: 1515471339, rc: 4 (5 / 14).
[02:44:09.054392][info] (rc: 4, tile: 1/1) Refine and fuse depth/sim map volume.
[02:44:09.070357][info] (rc: 4, tile: 1/1) Refine and fuse depth/sim map volume done.
[02:44:09.070357][info] (rc: 4, tile: 1/1) Color optimize depth/sim map.
[02:44:09.116533][info] (rc: 4, tile: 1/1) Color optimize depth/sim map done.
[02:44:09.116533][info] (rc: 4, tile: 1/1) Refine depth/sim map done.
[02:44:09.117488][info] (rc: 5, tile: 1/1) Camera / Depth information: 
	- R camera:
	   - id: 5
	   - view id: 1907405702
	   - depth planes: 836
	   - depths range: [0.188504-5.99314]
	- T cameras:
	   - T camera (1/10):
	      - id: 12
	      - view id: 2088311620
	      - depth planes: 514
	      - depths range: [0.493518-5.99314]
	      - depth indexes range: [322-836]
	   - T camera (2/10):
	      - id: 7
	      - view id: 1956052955
	      - depth planes: 425
	      - depths range: [0.626903-5.99314]
	      - depth indexes range: [411-836]
	   - T camera (3/10):
	      - id: 11
	      - view id: 2087826719
	      - depth planes: 428
	      - depths range: [0.621837-5.99314]
	      - depth indexes range: [408-836]
	   - T camera (4/10):
	      - id: 6
	      - view id: 1912192257
	      - depth planes: 626
	      - depths range: [0.343546-5.20964]
	      - depth indexes range: [202-828]
	   - T camera (5/10):
	      - id: 9
	      - view id: 1962826856
	      - depth planes: 450
	      - depths range: [0.586615-5.99314]
	      - depth indexes range: [386-836]
	   - T camera (6/10):
	      - id: 10
	      - view id: 1968286383
	      - depth planes: 488
	      - depths range: [0.530007-5.99314]
	      - depth indexes range: [348-836]
	   - T camera (7/10):
	      - id: 1
	      - view id: 1409541778
	      - depth planes: 395
	      - depths range: [0.682163-5.99314]
	      - depth indexes range: [441-836]
	   - T camera (8/10):
	      - id: 8
	      - view id: 1957391525
	      - depth planes: 393
	      - depths range: [0.686218-5.99314]
	      - depth indexes range: [443-836]
	   - T camera (9/10):
	      - id: 2
	      - view id: 1423387595
	      - depth planes: 341
	      - depths range: [0.765427-4.53615]
	      - depth indexes range: [478-819]
	   - T camera (10/10):
	      - id: 13
	      - view id: 2110977101
	      - depth planes: 757
	      - depths range: [0.188504-2.65536]
	      - depth indexes range: [0-757]
[02:44:09.117488][info] (rc: 5, tile: 1/1) SGM depth/thickness map of view id: 1907405702, rc: 5 (6 / 14).
[02:44:09.117488][info] (rc: 5, tile: 1/1) SGM Compute similarity volume.
[02:44:09.117488][info] (rc: 5, tile: 1/1) SGM Compute similarity volume done.
[02:44:09.117488][info] (rc: 5, tile: 1/1) SGM Optimizing volume (filtering axes: YX).
[02:44:10.422737][info] (rc: 5, tile: 1/1) SGM Optimizing volume done.
[02:44:10.422737][info] (rc: 5, tile: 1/1) SGM Retrieve best depth in volume.
[02:44:10.422737][info] (rc: 5, tile: 1/1) SGM Retrieve best depth in volume done.
[02:44:10.422737][info] (rc: 5, tile: 1/1) SGM depth/thickness map done.
[02:44:10.422737][info] (rc: 5, tile: 1/1) SGM Smooth thickness map.
[02:44:10.422737][info] (rc: 5, tile: 1/1) SGM Smooth thickness map done.
[02:44:10.422737][info] (rc: 5, tile: 1/1) Refine depth/sim map of view id: 1907405702, rc: 5 (6 / 14).
[02:44:10.422737][info] (rc: 5, tile: 1/1) Refine and fuse depth/sim map volume.
[02:44:10.438899][info] (rc: 5, tile: 1/1) Refine and fuse depth/sim map volume done.
[02:44:10.438899][info] (rc: 5, tile: 1/1) Color optimize depth/sim map.
[02:44:10.486405][info] (rc: 5, tile: 1/1) Color optimize depth/sim map done.
[02:44:10.486405][info] (rc: 5, tile: 1/1) Refine depth/sim map done.
[02:44:10.894665][info] Task done in (s): 6.329000
