[2024-09-04 02:44:15.858966] [0x000084e0] [trace]   Embedded OCIO configuration file: 'D:\ly\stage3\Meshroom-2023.2.0-win64\Meshroom-2023.2.0\aliceVision/share/aliceVision/config.ocio' found.
Program called with the following parameters:
 * autoAdjustSmallImage = 1
 * chooseTCamsPerTile = 1
 * colorOptimizationEnabled = 1
 * colorOptimizationNbIterations = 100
 * customPatchPatternGroupSubpartsPerLevel = 0 (default)
 * customPatchPatternSubparts =  Unknown Type "class std::vector<struct aliceVision::depthMap::CustomPatchPatternParams::SubpartParams,class std::allocator<struct aliceVision::depthMap::CustomPatchPatternParams::SubpartParams> >" (default)
 * downscale = 2
 * exportIntermediateCrossVolumes = 0
 * exportIntermediateDepthSimMaps = 0
 * exportIntermediateNormalMaps = 0
 * exportIntermediateTopographicCutVolumes = 0
 * exportIntermediateVolume9pCsv = 0
 * exportIntermediateVolumes = 0
 * exportTilePattern = 0
 * imagesFolder = "D:/ly/stage3/gun11/MeshroomCache/PrepareDenseScene/20862dc929bd1e2f84c61d4d17b2950183605b62"
 * input = "D:/ly/stage3/gun11/MeshroomCache/StructureFromMotion/335cbc05c80d9d9aa02f7b447533312395238b31/sfm.abc"
 * maxCoresAvailable =  Unknown Type "unsigned int" (default)
 * maxMemoryAvailable = 18446744073709551615 (default)
 * maxTCams = 10
 * maxViewAngle = 70
 * minViewAngle = 2
 * nbGPUs = 0
 * output = "D:/ly/stage3/gun11/MeshroomCache/DepthMap/02cd47b77ee159c63567fb41e219badd910dbebb"
 * rangeSize = 3
 * rangeStart = 9
 * refineEnabled = 1
 * refineGammaC = 15.5
 * refineGammaP = 8
 * refineHalfNbDepths = 15
 * refineInterpolateMiddleDepth = 0
 * refineMaxTCamsPerTile = 4
 * refineScale = 1
 * refineSigma = 15
 * refineStepXY = 1
 * refineSubsampling = 10
 * refineUseConsistentScale = 0
 * refineUseCustomPatchPattern = 0
 * refineWSH = 3
 * sgmDepthListPerTile = 1
 * sgmDepthThicknessInflate = 0
 * sgmFilteringAxes = "YX"
 * sgmGammaC = 5.5
 * sgmGammaP = 8
 * sgmMaxDepths = 1500
 * sgmMaxSimilarity = 1
 * sgmMaxTCamsPerTile = 4
 * sgmP1 = 10
 * sgmP2Weighting = 100
 * sgmScale = 2
 * sgmSeedsRangeInflate = 0.2
 * sgmStepXY = 2
 * sgmStepZ = -1
 * sgmUseConsistentScale = 0
 * sgmUseCustomPatchPattern = 0
 * sgmUseSfmSeeds = 1
 * sgmWSH = 4
 * tileBufferHeight = 1024
 * tileBufferWidth = 1024
 * tilePadding = 64
 * verboseLevel = "info"

Hardware : 
	Detected core count : 16
	OpenMP will use 16 cores
	Detected available memory : 5670 Mo

[02:44:15.864979][info] CUDA-Enabled GPU.
Device information:
	- id:                      0
	- name:                    NVIDIA GeForce RTX 2060
	- compute capability:      7.5
	- clock frequency (kHz):   1350000
	- total device memory:     6143 MB 
	- device memory available: 5130 MB 
	- per-block shared memory: 49152
	- warp size:               32
	- max threads per block:   1024
	- max threads per SM(X):   1024
	- max block sizes:         {1024,1024,64}
	- max grid sizes:          {2147483647,65535,65535}
	- max 2D array texture:    {131072,65536}
	- max 3D array texture:    {16384,16384,16384}
	- max 2D linear texture:   {131072,65000,2097120}
	- max 2D layered texture:  {32768,32768,2048}
	- number of SM(x)s:        30
	- registers per SM(x):     65536
	- registers per block:     65536
	- concurrent kernels:      yes
	- mapping host memory:     yes
	- unified addressing:      yes
	- texture alignment:       512 byte
	- pitch alignment:         32 byte
CUDA build version: 11.6
[02:44:15.985072][info] Supported CUDA-Enabled GPU detected.
[02:44:16.002705][info] Found 1 image dimension(s): 
[02:44:16.002705][info] 	- [1920x1080]
[02:44:16.025737][info] Overall maximum dimension: [1920x1080]
[02:44:16.025737][warning] Tile buffer size (width: 1024, height: 1024) is larger than the maximum image size (width: 960, height: 540).
[02:44:16.025737][warning] Single tile computation, override SGM maximum number of T cameras per tile (before: 4, now: 10).
[02:44:16.025737][warning] Single tile computation, override Refine maximum number of T cameras per tile (before: 4, now: 10).
[02:44:16.025737][warning] Single tile computation, override SGM step XY (before: 2, now: 1).
[02:44:16.025737][info] Tiling information: 
	- parameters: 
	      - buffer width:  1024 px
	      - buffer height: 1024 px
	      - padding: 64 px
	- maximum downscale:  2
	- maximum image width:  960 px
	- maximum image height: 540 px
[02:44:16.025737][info] Maximum image size is smaller than one tile, use only one tile.
[02:44:16.025737][info] SGM parameters:
	- scale: 2
	- stepXY: 1
[02:44:16.025737][info] Refine parameters:
	- scale: 1
	- stepXY: 1
[02:44:16.025737][info] Number of GPU devices: 1, number of CPU threads: 16
[02:44:16.064913][info] Device memory:
	- available: 4104.7 MB
	- requirement for the first tile: 917.126 MB
	- # computation buffers per tile: 851.867 MB (Sgm: 757.867 MB, Refine: 94 MB)
	- # input images (R + 10 Ts): 65.2588 MB (single mipmap image size: 5.93262 MB)
[02:44:16.064913][info] Parallelization:
	- # tiles per image: 1
	- # simultaneous depth maps computation: 4
	- # simultaneous tiles computation: 4
[02:44:16.096684][info] Device memory (device id: 0):
	- used: 3570.44 MB
	- available: 2573.25 MB
	- total: 6143.69 MB
[02:44:18.235546][info] (rc: 9, tile: 1/1) Camera / Depth information: 
	- R camera:
	   - id: 9
	   - view id: 1962826856
	   - depth planes: 125
	   - depths range: [0.796598-1.50733]
	- T cameras:
	   - T camera (1/10):
	      - id: 7
	      - view id: 1956052955
	      - depth planes: 125
	      - depths range: [0.796598-1.50733]
	      - depth indexes range: [0-125]
	   - T camera (2/10):
	      - id: 12
	      - view id: 2088311620
	      - depth planes: 125
	      - depths range: [0.796598-1.50733]
	      - depth indexes range: [0-125]
	   - T camera (3/10):
	      - id: 8
	      - view id: 1957391525
	      - depth planes: 125
	      - depths range: [0.796598-1.50733]
	      - depth indexes range: [0-125]
	   - T camera (4/10):
	      - id: 1
	      - view id: 1409541778
	      - depth planes: 125
	      - depths range: [0.796598-1.50733]
	      - depth indexes range: [0-125]
	   - T camera (5/10):
	      - id: 11
	      - view id: 2087826719
	      - depth planes: 125
	      - depths range: [0.796598-1.50733]
	      - depth indexes range: [0-125]
	   - T camera (6/10):
	      - id: 5
	      - view id: 1907405702
	      - depth planes: 125
	      - depths range: [0.796598-1.50733]
	      - depth indexes range: [0-125]
	   - T camera (7/10):
	      - id: 13
	      - view id: 2110977101
	      - depth planes: 125
	      - depths range: [0.796598-1.50733]
	      - depth indexes range: [0-125]
	   - T camera (8/10):
	      - id: 2
	      - view id: 1423387595
	      - depth planes: 125
	      - depths range: [0.796598-1.50733]
	      - depth indexes range: [0-125]
	   - T camera (9/10):
	      - id: 0
	      - view id: 1080664269
	      - depth planes: 125
	      - depths range: [0.796598-1.50733]
	      - depth indexes range: [0-125]
	   - T camera (10/10):
	      - id: 10
	      - view id: 1968286383
	      - depth planes: 125
	      - depths range: [0.796598-1.50733]
	      - depth indexes range: [0-125]
[02:44:18.235546][info] (rc: 9, tile: 1/1) SGM depth/thickness map of view id: 1962826856, rc: 9 (10 / 14).
[02:44:18.235546][info] (rc: 9, tile: 1/1) SGM Compute similarity volume.
[02:44:18.235546][info] (rc: 9, tile: 1/1) SGM Compute similarity volume done.
[02:44:18.235546][info] (rc: 9, tile: 1/1) SGM Optimizing volume (filtering axes: YX).
[02:44:18.539987][info] (rc: 9, tile: 1/1) SGM Optimizing volume done.
[02:44:18.539987][info] (rc: 9, tile: 1/1) SGM Retrieve best depth in volume.
[02:44:18.539987][info] (rc: 9, tile: 1/1) SGM Retrieve best depth in volume done.
[02:44:18.539987][info] (rc: 9, tile: 1/1) SGM depth/thickness map done.
[02:44:18.539987][info] (rc: 9, tile: 1/1) SGM Smooth thickness map.
[02:44:18.539987][info] (rc: 9, tile: 1/1) SGM Smooth thickness map done.
[02:44:18.539987][info] (rc: 9, tile: 1/1) Refine depth/sim map of view id: 1962826856, rc: 9 (10 / 14).
[02:44:18.539987][info] (rc: 9, tile: 1/1) Refine and fuse depth/sim map volume.
[02:44:18.539987][info] (rc: 9, tile: 1/1) Refine and fuse depth/sim map volume done.
[02:44:18.539987][info] (rc: 9, tile: 1/1) Color optimize depth/sim map.
[02:44:18.541978][info] (rc: 9, tile: 1/1) Color optimize depth/sim map done.
[02:44:18.541978][info] (rc: 9, tile: 1/1) Refine depth/sim map done.
[02:44:18.542979][info] (rc: 10, tile: 1/1) Camera / Depth information: 
	- R camera:
	   - id: 10
	   - view id: 1968286383
	   - depth planes: 46
	   - depths range: [1.15335-1.43091]
	- T cameras:
	   - T camera (1/10):
	      - id: 11
	      - view id: 2087826719
	      - depth planes: 46
	      - depths range: [1.15335-1.43091]
	      - depth indexes range: [0-46]
	   - T camera (2/10):
	      - id: 7
	      - view id: 1956052955
	      - depth planes: 46
	      - depths range: [1.15335-1.43091]
	      - depth indexes range: [0-46]
	   - T camera (3/10):
	      - id: 12
	      - view id: 2088311620
	      - depth planes: 46
	      - depths range: [1.15335-1.43091]
	      - depth indexes range: [0-46]
	   - T camera (4/10):
	      - id: 8
	      - view id: 1957391525
	      - depth planes: 46
	      - depths range: [1.15335-1.43091]
	      - depth indexes range: [0-46]
	   - T camera (5/10):
	      - id: 2
	      - view id: 1423387595
	      - depth planes: 46
	      - depths range: [1.15335-1.43091]
	      - depth indexes range: [0-46]
	   - T camera (6/10):
	      - id: 13
	      - view id: 2110977101
	      - depth planes: 46
	      - depths range: [1.15335-1.43091]
	      - depth indexes range: [0-46]
	   - T camera (7/10):
	      - id: 5
	      - view id: 1907405702
	      - depth planes: 46
	      - depths range: [1.15335-1.43091]
	      - depth indexes range: [0-46]
	   - T camera (8/10):
	      - id: 1
	      - view id: 1409541778
	      - depth planes: 46
	      - depths range: [1.15335-1.43091]
	      - depth indexes range: [0-46]
	   - T camera (9/10):
	      - id: 6
	      - view id: 1912192257
	      - depth planes: 46
	      - depths range: [1.15335-1.43091]
	      - depth indexes range: [0-46]
	   - T camera (10/10):
	      - id: 9
	      - view id: 1962826856
	      - depth planes: 46
	      - depths range: [1.15335-1.43091]
	      - depth indexes range: [0-46]
[02:44:18.542979][info] (rc: 10, tile: 1/1) SGM depth/thickness map of view id: 1968286383, rc: 10 (11 / 14).
[02:44:18.542979][info] (rc: 10, tile: 1/1) SGM Compute similarity volume.
[02:44:18.542979][info] (rc: 10, tile: 1/1) SGM Compute similarity volume done.
[02:44:18.542979][info] (rc: 10, tile: 1/1) SGM Optimizing volume (filtering axes: YX).
[02:44:18.779292][info] (rc: 10, tile: 1/1) SGM Optimizing volume done.
[02:44:18.779292][info] (rc: 10, tile: 1/1) SGM Retrieve best depth in volume.
[02:44:18.779292][info] (rc: 10, tile: 1/1) SGM Retrieve best depth in volume done.
[02:44:18.779292][info] (rc: 10, tile: 1/1) SGM depth/thickness map done.
[02:44:18.779292][info] (rc: 10, tile: 1/1) SGM Smooth thickness map.
[02:44:18.779292][info] (rc: 10, tile: 1/1) SGM Smooth thickness map done.
[02:44:18.779292][info] (rc: 10, tile: 1/1) Refine depth/sim map of view id: 1968286383, rc: 10 (11 / 14).
[02:44:18.779292][info] (rc: 10, tile: 1/1) Refine and fuse depth/sim map volume.
[02:44:18.779292][info] (rc: 10, tile: 1/1) Refine and fuse depth/sim map volume done.
[02:44:18.779292][info] (rc: 10, tile: 1/1) Color optimize depth/sim map.
[02:44:18.780296][info] (rc: 10, tile: 1/1) Color optimize depth/sim map done.
[02:44:18.780296][info] (rc: 10, tile: 1/1) Refine depth/sim map done.
[02:44:18.782301][info] (rc: 11, tile: 1/1) Camera / Depth information: 
	- R camera:
	   - id: 11
	   - view id: 2087826719
	   - depth planes: 609
	   - depths range: [0.211772-4.18173]
	- T cameras:
	   - T camera (1/10):
	      - id: 10
	      - view id: 1968286383
	      - depth planes: 432
	      - depths range: [0.443951-4.18173]
	      - depth indexes range: [177-609]
	   - T camera (2/10):
	      - id: 5
	      - view id: 1907405702
	      - depth planes: 417
	      - depths range: [0.467589-4.18173]
	      - depth indexes range: [192-609]
	   - T camera (3/10):
	      - id: 13
	      - view id: 2110977101
	      - depth planes: 409
	      - depths range: [0.480195-4.18173]
	      - depth indexes range: [200-609]
	   - T camera (4/10):
	      - id: 9
	      - view id: 1962826856
	      - depth planes: 476
	      - depths range: [0.374615-4.18173]
	      - depth indexes range: [133-609]
	   - T camera (5/10):
	      - id: 12
	      - view id: 2088311620
	      - depth planes: 603
	      - depths range: [0.211772-3.82374]
	      - depth indexes range: [0-603]
	   - T camera (6/10):
	      - id: 1
	      - view id: 1409541778
	      - depth planes: 356
	      - depths range: [0.574678-4.18173]
	      - depth indexes range: [253-609]
	   - T camera (7/10):
	      - id: 6
	      - view id: 1912192257
	      - depth planes: 333
	      - depths range: [0.618277-4.18173]
	      - depth indexes range: [276-609]
	   - T camera (8/10):
	      - id: 8
	      - view id: 1957391525
	      - depth planes: 348
	      - depths range: [0.589842-4.18173]
	      - depth indexes range: [261-609]
	   - T camera (9/10):
	      - id: 2
	      - view id: 1423387595
	      - depth planes: 282
	      - depths range: [0.666655-2.93476]
	      - depth indexes range: [300-582]
	   - T camera (10/10):
	      - id: 4
	      - view id: 1515471339
	      - depth planes: 521
	      - depths range: [0.309432-4.18173]
	      - depth indexes range: [88-609]
[02:44:18.782301][info] (rc: 11, tile: 1/1) SGM depth/thickness map of view id: 2087826719, rc: 11 (12 / 14).
[02:44:18.782301][info] (rc: 11, tile: 1/1) SGM Compute similarity volume.
[02:44:18.782301][info] (rc: 11, tile: 1/1) SGM Compute similarity volume done.
[02:44:18.782301][info] (rc: 11, tile: 1/1) SGM Optimizing volume (filtering axes: YX).
[02:44:19.644866][info] (rc: 11, tile: 1/1) SGM Optimizing volume done.
[02:44:19.644866][info] (rc: 11, tile: 1/1) SGM Retrieve best depth in volume.
[02:44:19.644866][info] (rc: 11, tile: 1/1) SGM Retrieve best depth in volume done.
[02:44:19.644866][info] (rc: 11, tile: 1/1) SGM depth/thickness map done.
[02:44:19.644866][info] (rc: 11, tile: 1/1) SGM Smooth thickness map.
[02:44:19.644866][info] (rc: 11, tile: 1/1) SGM Smooth thickness map done.
[02:44:19.644866][info] (rc: 11, tile: 1/1) Refine depth/sim map of view id: 2087826719, rc: 11 (12 / 14).
[02:44:19.644866][info] (rc: 11, tile: 1/1) Refine and fuse depth/sim map volume.
[02:44:19.644866][info] (rc: 11, tile: 1/1) Refine and fuse depth/sim map volume done.
[02:44:19.644866][info] (rc: 11, tile: 1/1) Color optimize depth/sim map.
[02:44:19.691805][info] (rc: 11, tile: 1/1) Color optimize depth/sim map done.
[02:44:19.691805][info] (rc: 11, tile: 1/1) Refine depth/sim map done.
[02:44:20.038666][info] Task done in (s): 4.177000
