[2024-09-04 02:44:20.185065] [0x0000e938] [trace]   Embedded OCIO configuration file: 'D:\ly\stage3\Meshroom-2023.2.0-win64\Meshroom-2023.2.0\aliceVision/share/aliceVision/config.ocio' found.
Program called with the following parameters:
 * autoAdjustSmallImage = 1
 * chooseTCamsPerTile = 1
 * colorOptimizationEnabled = 1
 * colorOptimizationNbIterations = 100
 * customPatchPatternGroupSubpartsPerLevel = 0 (default)
 * customPatchPatternSubparts =  Unknown Type "class std::vector<struct aliceVision::depthMap::CustomPatchPatternParams::SubpartParams,class std::allocator<struct aliceVision::depthMap::CustomPatchPatternParams::SubpartParams> >" (default)
 * downscale = 2
 * exportIntermediateCrossVolumes = 0
 * exportIntermediateDepthSimMaps = 0
 * exportIntermediateNormalMaps = 0
 * exportIntermediateTopographicCutVolumes = 0
 * exportIntermediateVolume9pCsv = 0
 * exportIntermediateVolumes = 0
 * exportTilePattern = 0
 * imagesFolder = "D:/ly/stage3/gun11/MeshroomCache/PrepareDenseScene/20862dc929bd1e2f84c61d4d17b2950183605b62"
 * input = "D:/ly/stage3/gun11/MeshroomCache/StructureFromMotion/335cbc05c80d9d9aa02f7b447533312395238b31/sfm.abc"
 * maxCoresAvailable =  Unknown Type "unsigned int" (default)
 * maxMemoryAvailable = 18446744073709551615 (default)
 * maxTCams = 10
 * maxViewAngle = 70
 * minViewAngle = 2
 * nbGPUs = 0
 * output = "D:/ly/stage3/gun11/MeshroomCache/DepthMap/02cd47b77ee159c63567fb41e219badd910dbebb"
 * rangeSize = 3
 * rangeStart = 12
 * refineEnabled = 1
 * refineGammaC = 15.5
 * refineGammaP = 8
 * refineHalfNbDepths = 15
 * refineInterpolateMiddleDepth = 0
 * refineMaxTCamsPerTile = 4
 * refineScale = 1
 * refineSigma = 15
 * refineStepXY = 1
 * refineSubsampling = 10
 * refineUseConsistentScale = 0
 * refineUseCustomPatchPattern = 0
 * refineWSH = 3
 * sgmDepthListPerTile = 1
 * sgmDepthThicknessInflate = 0
 * sgmFilteringAxes = "YX"
 * sgmGammaC = 5.5
 * sgmGammaP = 8
 * sgmMaxDepths = 1500
 * sgmMaxSimilarity = 1
 * sgmMaxTCamsPerTile = 4
 * sgmP1 = 10
 * sgmP2Weighting = 100
 * sgmScale = 2
 * sgmSeedsRangeInflate = 0.2
 * sgmStepXY = 2
 * sgmStepZ = -1
 * sgmUseConsistentScale = 0
 * sgmUseCustomPatchPattern = 0
 * sgmUseSfmSeeds = 1
 * sgmWSH = 4
 * tileBufferHeight = 1024
 * tileBufferWidth = 1024
 * tilePadding = 64
 * verboseLevel = "info"

Hardware : 
	Detected core count : 16
	OpenMP will use 16 cores
	Detected available memory : 5663 Mo

[02:44:20.191994][info] CUDA-Enabled GPU.
Device information:
	- id:                      0
	- name:                    NVIDIA GeForce RTX 2060
	- compute capability:      7.5
	- clock frequency (kHz):   1350000
	- total device memory:     6143 MB 
	- device memory available: 5130 MB 
	- per-block shared memory: 49152
	- warp size:               32
	- max threads per block:   1024
	- max threads per SM(X):   1024
	- max block sizes:         {1024,1024,64}
	- max grid sizes:          {2147483647,65535,65535}
	- max 2D array texture:    {131072,65536}
	- max 3D array texture:    {16384,16384,16384}
	- max 2D linear texture:   {131072,65000,2097120}
	- max 2D layered texture:  {32768,32768,2048}
	- number of SM(x)s:        30
	- registers per SM(x):     65536
	- registers per block:     65536
	- concurrent kernels:      yes
	- mapping host memory:     yes
	- unified addressing:      yes
	- texture alignment:       512 byte
	- pitch alignment:         32 byte
CUDA build version: 11.6
[02:44:20.314600][info] Supported CUDA-Enabled GPU detected.
[02:44:20.332653][info] Found 1 image dimension(s): 
[02:44:20.332653][info] 	- [1920x1080]
[02:44:20.354272][info] Overall maximum dimension: [1920x1080]
[02:44:20.354272][warning] Tile buffer size (width: 1024, height: 1024) is larger than the maximum image size (width: 960, height: 540).
[02:44:20.354272][warning] Single tile computation, override SGM maximum number of T cameras per tile (before: 4, now: 10).
[02:44:20.354272][warning] Single tile computation, override Refine maximum number of T cameras per tile (before: 4, now: 10).
[02:44:20.354272][warning] Single tile computation, override SGM step XY (before: 2, now: 1).
[02:44:20.355275][info] Tiling information: 
	- parameters: 
	      - buffer width:  1024 px
	      - buffer height: 1024 px
	      - padding: 64 px
	- maximum downscale:  2
	- maximum image width:  960 px
	- maximum image height: 540 px
[02:44:20.355275][info] Maximum image size is smaller than one tile, use only one tile.
[02:44:20.355275][info] SGM parameters:
	- scale: 2
	- stepXY: 1
[02:44:20.355275][info] Refine parameters:
	- scale: 1
	- stepXY: 1
[02:44:20.355275][info] Number of GPU devices: 1, number of CPU threads: 16
[02:44:20.389914][info] Device memory:
	- available: 4104.7 MB
	- requirement for the first tile: 917.126 MB
	- # computation buffers per tile: 851.867 MB (Sgm: 757.867 MB, Refine: 94 MB)
	- # input images (R + 10 Ts): 65.2588 MB (single mipmap image size: 5.93262 MB)
[02:44:20.389914][info] Parallelization:
	- # tiles per image: 1
	- # simultaneous depth maps computation: 4
	- # simultaneous tiles computation: 4
[02:44:20.405969][info] Device memory (device id: 0):
	- used: 2718.56 MB
	- available: 3425.12 MB
	- total: 6143.69 MB
[02:44:22.429935][info] (rc: 12, tile: 1/1) Camera / Depth information: 
	- R camera:
	   - id: 12
	   - view id: 2088311620
	   - depth planes: 628
	   - depths range: [0.222058-5.906]
	- T cameras:
	   - T camera (1/10):
	      - id: 13
	      - view id: 2110977101
	      - depth planes: 474
	      - depths range: [0.386818-5.906]
	      - depth indexes range: [154-628]
	   - T camera (2/10):
	      - id: 5
	      - view id: 1907405702
	      - depth planes: 514
	      - depths range: [0.332311-5.906]
	      - depth indexes range: [114-628]
	   - T camera (3/10):
	      - id: 10
	      - view id: 1968286383
	      - depth planes: 428
	      - depths range: [0.458707-5.906]
	      - depth indexes range: [200-628]
	   - T camera (4/10):
	      - id: 9
	      - view id: 1962826856
	      - depth planes: 476
	      - depths range: [0.384091-5.906]
	      - depth indexes range: [152-628]
	   - T camera (5/10):
	      - id: 7
	      - view id: 1956052955
	      - depth planes: 568
	      - depths range: [0.266192-4.94567]
	      - depth indexes range: [52-620]
	   - T camera (6/10):
	      - id: 6
	      - view id: 1912192257
	      - depth planes: 385
	      - depths range: [0.534047-5.906]
	      - depth indexes range: [243-628]
	   - T camera (7/10):
	      - id: 1
	      - view id: 1409541778
	      - depth planes: 353
	      - depths range: [0.595695-5.906]
	      - depth indexes range: [275-628]
	   - T camera (8/10):
	      - id: 11
	      - view id: 2087826719
	      - depth planes: 606
	      - depths range: [0.222058-3.8355]
	      - depth indexes range: [0-606]
	   - T camera (9/10):
	      - id: 8
	      - view id: 1957391525
	      - depth planes: 347
	      - depths range: [0.608693-5.906]
	      - depth indexes range: [281-628]
	   - T camera (10/10):
	      - id: 2
	      - view id: 1423387595
	      - depth planes: 285
	      - depths range: [0.684474-3.34418]
	      - depth indexes range: [312-597]
[02:44:22.429935][info] (rc: 12, tile: 1/1) SGM depth/thickness map of view id: 2088311620, rc: 12 (13 / 14).
[02:44:22.429935][info] (rc: 12, tile: 1/1) SGM Compute similarity volume.
[02:44:22.430937][info] (rc: 12, tile: 1/1) SGM Compute similarity volume done.
[02:44:22.430937][info] (rc: 12, tile: 1/1) SGM Optimizing volume (filtering axes: YX).
[02:44:23.302685][info] (rc: 12, tile: 1/1) SGM Optimizing volume done.
[02:44:23.302685][info] (rc: 12, tile: 1/1) SGM Retrieve best depth in volume.
[02:44:23.302685][info] (rc: 12, tile: 1/1) SGM Retrieve best depth in volume done.
[02:44:23.302685][info] (rc: 12, tile: 1/1) SGM depth/thickness map done.
[02:44:23.302685][info] (rc: 12, tile: 1/1) SGM Smooth thickness map.
[02:44:23.302685][info] (rc: 12, tile: 1/1) SGM Smooth thickness map done.
[02:44:23.302685][info] (rc: 12, tile: 1/1) Refine depth/sim map of view id: 2088311620, rc: 12 (13 / 14).
[02:44:23.302685][info] (rc: 12, tile: 1/1) Refine and fuse depth/sim map volume.
[02:44:23.302685][info] (rc: 12, tile: 1/1) Refine and fuse depth/sim map volume done.
[02:44:23.302685][info] (rc: 12, tile: 1/1) Color optimize depth/sim map.
[02:44:23.349738][info] (rc: 12, tile: 1/1) Color optimize depth/sim map done.
[02:44:23.349738][info] (rc: 12, tile: 1/1) Refine depth/sim map done.
[02:44:23.350738][info] (rc: 13, tile: 1/1) Camera / Depth information: 
	- R camera:
	   - id: 13
	   - view id: 2110977101
	   - depth planes: 946
	   - depths range: [0.0905936-4.08213]
	- T cameras:
	   - T camera (1/10):
	      - id: 12
	      - view id: 2088311620
	      - depth planes: 577
	      - depths range: [0.4625-4.08213]
	      - depth indexes range: [369-946]
	   - T camera (2/10):
	      - id: 7
	      - view id: 1956052955
	      - depth planes: 498
	      - depths range: [0.570522-4.08213]
	      - depth indexes range: [448-946]
	   - T camera (3/10):
	      - id: 11
	      - view id: 2087826719
	      - depth planes: 500
	      - depths range: [0.567589-4.08213]
	      - depth indexes range: [446-946]
	   - T camera (4/10):
	      - id: 9
	      - view id: 1962826856
	      - depth planes: 523
	      - depths range: [0.534826-4.08213]
	      - depth indexes range: [423-946]
	   - T camera (5/10):
	      - id: 10
	      - view id: 1968286383
	      - depth planes: 557
	      - depths range: [0.48879-4.08213]
	      - depth indexes range: [389-946]
	   - T camera (6/10):
	      - id: 1
	      - view id: 1409541778
	      - depth planes: 465
	      - depths range: [0.622821-4.08213]
	      - depth indexes range: [481-946]
	   - T camera (7/10):
	      - id: 8
	      - view id: 1957391525
	      - depth planes: 462
	      - depths range: [0.628012-4.08213]
	      - depth indexes range: [484-946]
	   - T camera (8/10):
	      - id: 4
	      - view id: 1515471339
	      - depth planes: 425
	      - depths range: [0.640438-3.05358]
	      - depth indexes range: [491-916]
	   - T camera (9/10):
	      - id: 5
	      - view id: 1907405702
	      - depth planes: 895
	      - depths range: [0.0905936-2.75562]
	      - depth indexes range: [0-895]
	   - T camera (10/10):
	      - id: 6
	      - view id: 1912192257
	      - depth planes: 750
	      - depths range: [0.194765-2.80877]
	      - depth indexes range: [149-899]
[02:44:23.351739][info] (rc: 13, tile: 1/1) SGM depth/thickness map of view id: 2110977101, rc: 13 (14 / 14).
[02:44:23.351739][info] (rc: 13, tile: 1/1) SGM Compute similarity volume.
[02:44:23.351739][info] (rc: 13, tile: 1/1) SGM Compute similarity volume done.
[02:44:23.351739][info] (rc: 13, tile: 1/1) SGM Optimizing volume (filtering axes: YX).
[02:44:24.768740][info] (rc: 13, tile: 1/1) SGM Optimizing volume done.
[02:44:24.768740][info] (rc: 13, tile: 1/1) SGM Retrieve best depth in volume.
[02:44:24.768740][info] (rc: 13, tile: 1/1) SGM Retrieve best depth in volume done.
[02:44:24.768740][info] (rc: 13, tile: 1/1) SGM depth/thickness map done.
[02:44:24.768740][info] (rc: 13, tile: 1/1) SGM Smooth thickness map.
[02:44:24.768740][info] (rc: 13, tile: 1/1) SGM Smooth thickness map done.
[02:44:24.768740][info] (rc: 13, tile: 1/1) Refine depth/sim map of view id: 2110977101, rc: 13 (14 / 14).
[02:44:24.768740][info] (rc: 13, tile: 1/1) Refine and fuse depth/sim map volume.
[02:44:24.768740][info] (rc: 13, tile: 1/1) Refine and fuse depth/sim map volume done.
[02:44:24.768740][info] (rc: 13, tile: 1/1) Color optimize depth/sim map.
[02:44:24.830939][info] (rc: 13, tile: 1/1) Color optimize depth/sim map done.
[02:44:24.830939][info] (rc: 13, tile: 1/1) Refine depth/sim map done.
[02:44:25.240670][info] Task done in (s): 5.053000
