[2024-09-10 13:31:19.078290] [0x0000eb34] [trace]   Embedded OCIO configuration file: 'D:\ly\stage3\Meshroom-2023.2.0-win64\Meshroom-2023.2.0\aliceVision/share/aliceVision/config.ocio' found.
Program called with the following parameters:
 * crossMatching = 0
 * describerTypes = "sift,akaze"
 * distanceRatio = 0.8
 * exportDebugFiles = 0
 * featuresFolders =  = [D:/ly/stage3/gun11/MeshroomCache/FeatureExtraction/f5786643c6215c1298cf112bebd8cf57624dd8ac]
 * geometricError = 0
 * geometricEstimator =  Unknown Type "enum aliceVision::robustEstimation::ERobustEstimator"
 * geometricFilterType = "fundamental_matrix"
 * guidedMatching = 0
 * imagePairsList =  = [D:/ly/stage3/gun11/MeshroomCache/ImageMatching/d2622ab66cd90de9e480e76c0815841700126f11/imageMatches.txt]
 * input = "D:/ly/stage3/gun11/MeshroomCache/CameraInit/1262a38002bb6e009b188d7a3de117f2b6638a60/cameraInit.sfm"
 * knownPosesGeometricErrorMax = 5
 * matchFilePerImage = 0 (default)
 * matchFromKnownCameraPoses = 0
 * maxCoresAvailable =  Unknown Type "unsigned int" (default)
 * maxIteration = 2048
 * maxMatches = 0
 * maxMemoryAvailable = 18446744073709551615 (default)
 * minRequired2DMotion = -1
 * output = "D:/ly/stage3/gun11/MeshroomCache/FeatureMatching/12195c063b308e7d66853f31d6808ec3b8e5f994"
 * photometricMatchingMethod = "ANN_L2"
 * randomSeed = 5489 (default)
 * rangeSize = 20
 * rangeStart = 20
 * savePutativeMatches = 0
 * useGridSort = 1 (default)
 * verboseLevel = "info"

Hardware : 
	Detected core count : 16
	OpenMP will use 16 cores
	Detected available memory : 5624 Mo

[13:31:19.085282][info] Load pair list from file: D:/ly/stage3/gun11/MeshroomCache/ImageMatching/d2622ab66cd90de9e480e76c0815841700126f11/imageMatches.txt
[13:31:19.085282][info] loadPairs: image pair (527105644, 977463366) added.
[13:31:19.085282][info] loadPairs: image pair (527105644, 978679606) added.
[13:31:19.085282][info] loadPairs: image pair (527105644, 996447891) added.
[13:31:19.085282][info] loadPairs: image pair (527105644, 1033459250) added.
[13:31:19.085282][info] loadPairs: image pair (527105644, 1035244618) added.
[13:31:19.085282][info] loadPairs: image pair (527105644, 1221813292) added.
[13:31:19.085282][info] loadPairs: image pair (527105644, 1222112592) added.
[13:31:19.085282][info] loadPairs: image pair (527105644, 1242912901) added.
[13:31:19.085282][info] loadPairs: image pair (527105644, 1245772373) added.
[13:31:19.085282][info] loadPairs: image pair (527105644, 1308827016) added.
[13:31:19.085282][info] loadPairs: image pair (527105644, 1309695247) added.
[13:31:19.085282][info] loadPairs: image pair (527105644, 1318639942) added.
[13:31:19.085282][info] loadPairs: image pair (527105644, 1341977023) added.
[13:31:19.085282][info] loadPairs: image pair (527105644, 1351244161) added.
[13:31:19.085282][info] loadPairs: image pair (527105644, 1573027797) added.
[13:31:19.085282][info] loadPairs: image pair (527105644, 1614021945) added.
[13:31:19.085282][info] loadPairs: image pair (527105644, 2000851169) added.
[13:31:19.085282][info] loadPairs: image pair (527105644, 2008743663) added.
[13:31:19.085282][info] loadPairs: image pair (527105644, 2124494862) added.
[13:31:19.085282][info] loadPairs: image pair (527105644, 2129678330) added.
[13:31:19.085282][info] loadPairs: image pair (527105644, 2131854708) added.
[13:31:19.085282][info] loadPairs: image pair (527105644, 2132052518) added.
[13:31:19.085282][info] loadPairs: image pair (977463366, 978679606) added.
[13:31:19.085282][info] loadPairs: image pair (977463366, 996447891) added.
[13:31:19.085282][info] loadPairs: image pair (977463366, 1033459250) added.
[13:31:19.085282][info] loadPairs: image pair (977463366, 1035244618) added.
[13:31:19.085282][info] loadPairs: image pair (977463366, 1221813292) added.
[13:31:19.085282][info] loadPairs: image pair (977463366, 1222112592) added.
[13:31:19.085282][info] loadPairs: image pair (977463366, 1242912901) added.
[13:31:19.085282][info] loadPairs: image pair (977463366, 1245772373) added.
[13:31:19.085282][info] loadPairs: image pair (977463366, 1308827016) added.
[13:31:19.086292][info] loadPairs: image pair (977463366, 1309695247) added.
[13:31:19.086292][info] loadPairs: image pair (977463366, 1318639942) added.
[13:31:19.086292][info] loadPairs: image pair (977463366, 1341977023) added.
[13:31:19.086292][info] loadPairs: image pair (977463366, 1351244161) added.
[13:31:19.086292][info] loadPairs: image pair (977463366, 1573027797) added.
[13:31:19.086292][info] loadPairs: image pair (977463366, 1614021945) added.
[13:31:19.086292][info] loadPairs: image pair (977463366, 2000851169) added.
[13:31:19.086292][info] loadPairs: image pair (977463366, 2008743663) added.
[13:31:19.086292][info] loadPairs: image pair (977463366, 2124494862) added.
[13:31:19.086292][info] loadPairs: image pair (977463366, 2129678330) added.
[13:31:19.086292][info] loadPairs: image pair (977463366, 2131854708) added.
[13:31:19.086292][info] loadPairs: image pair (977463366, 2132052518) added.
[13:31:19.086292][info] loadPairs: image pair (978679606, 996447891) added.
[13:31:19.086292][info] loadPairs: image pair (978679606, 1033459250) added.
[13:31:19.086292][info] loadPairs: image pair (978679606, 1035244618) added.
[13:31:19.086292][info] loadPairs: image pair (978679606, 1221813292) added.
[13:31:19.086292][info] loadPairs: image pair (978679606, 1222112592) added.
[13:31:19.086292][info] loadPairs: image pair (978679606, 1242912901) added.
[13:31:19.086292][info] loadPairs: image pair (978679606, 1245772373) added.
[13:31:19.086292][info] loadPairs: image pair (978679606, 1308827016) added.
[13:31:19.086292][info] loadPairs: image pair (978679606, 1309695247) added.
[13:31:19.086292][info] loadPairs: image pair (978679606, 1318639942) added.
[13:31:19.086292][info] loadPairs: image pair (978679606, 1341977023) added.
[13:31:19.086292][info] loadPairs: image pair (978679606, 1351244161) added.
[13:31:19.086292][info] loadPairs: image pair (978679606, 1573027797) added.
[13:31:19.086292][info] loadPairs: image pair (978679606, 1614021945) added.
[13:31:19.086292][info] loadPairs: image pair (978679606, 2000851169) added.
[13:31:19.086292][info] loadPairs: image pair (978679606, 2008743663) added.
[13:31:19.086292][info] loadPairs: image pair (978679606, 2124494862) added.
[13:31:19.086292][info] loadPairs: image pair (978679606, 2129678330) added.
[13:31:19.086292][info] loadPairs: image pair (978679606, 2131854708) added.
[13:31:19.086292][info] loadPairs: image pair (978679606, 2132052518) added.
[13:31:19.086292][info] loadPairs: image pair (996447891, 1033459250) added.
[13:31:19.086292][info] loadPairs: image pair (996447891, 1035244618) added.
[13:31:19.086292][info] loadPairs: image pair (996447891, 1221813292) added.
[13:31:19.086292][info] loadPairs: image pair (996447891, 1222112592) added.
[13:31:19.086292][info] loadPairs: image pair (996447891, 1242912901) added.
[13:31:19.086292][info] loadPairs: image pair (996447891, 1245772373) added.
[13:31:19.086292][info] loadPairs: image pair (996447891, 1308827016) added.
[13:31:19.086292][info] loadPairs: image pair (996447891, 1309695247) added.
[13:31:19.086292][info] loadPairs: image pair (996447891, 1318639942) added.
[13:31:19.086292][info] loadPairs: image pair (996447891, 1341977023) added.
[13:31:19.086292][info] loadPairs: image pair (996447891, 1351244161) added.
[13:31:19.086292][info] loadPairs: image pair (996447891, 1573027797) added.
[13:31:19.086292][info] loadPairs: image pair (996447891, 1614021945) added.
[13:31:19.086292][info] loadPairs: image pair (996447891, 2000851169) added.
[13:31:19.086292][info] loadPairs: image pair (996447891, 2008743663) added.
[13:31:19.086292][info] loadPairs: image pair (996447891, 2124494862) added.
[13:31:19.086292][info] loadPairs: image pair (996447891, 2129678330) added.
[13:31:19.086292][info] loadPairs: image pair (996447891, 2131854708) added.
[13:31:19.086292][info] loadPairs: image pair (996447891, 2132052518) added.
[13:31:19.086292][info] loadPairs: image pair (1033459250, 1035244618) added.
[13:31:19.086292][info] loadPairs: image pair (1033459250, 1221813292) added.
[13:31:19.086292][info] loadPairs: image pair (1033459250, 1222112592) added.
[13:31:19.086292][info] loadPairs: image pair (1033459250, 1242912901) added.
[13:31:19.086292][info] loadPairs: image pair (1033459250, 1245772373) added.
[13:31:19.086292][info] loadPairs: image pair (1033459250, 1308827016) added.
[13:31:19.086292][info] loadPairs: image pair (1033459250, 1309695247) added.
[13:31:19.086292][info] loadPairs: image pair (1033459250, 1318639942) added.
[13:31:19.086292][info] loadPairs: image pair (1033459250, 1341977023) added.
[13:31:19.086292][info] loadPairs: image pair (1033459250, 1351244161) added.
[13:31:19.086292][info] loadPairs: image pair (1033459250, 1573027797) added.
[13:31:19.086292][info] loadPairs: image pair (1033459250, 1614021945) added.
[13:31:19.086292][info] loadPairs: image pair (1033459250, 2000851169) added.
[13:31:19.086292][info] loadPairs: image pair (1033459250, 2008743663) added.
[13:31:19.086292][info] loadPairs: image pair (1033459250, 2124494862) added.
[13:31:19.086292][info] loadPairs: image pair (1033459250, 2129678330) added.
[13:31:19.086292][info] loadPairs: image pair (1033459250, 2131854708) added.
[13:31:19.086292][info] loadPairs: image pair (1033459250, 2132052518) added.
[13:31:19.086292][info] loadPairs: image pair (1035244618, 1221813292) added.
[13:31:19.086292][info] loadPairs: image pair (1035244618, 1222112592) added.
[13:31:19.086292][info] loadPairs: image pair (1035244618, 1242912901) added.
[13:31:19.086292][info] loadPairs: image pair (1035244618, 1245772373) added.
[13:31:19.086292][info] loadPairs: image pair (1035244618, 1308827016) added.
[13:31:19.086292][info] loadPairs: image pair (1035244618, 1309695247) added.
[13:31:19.087291][info] loadPairs: image pair (1035244618, 1318639942) added.
[13:31:19.087291][info] loadPairs: image pair (1035244618, 1341977023) added.
[13:31:19.087291][info] loadPairs: image pair (1035244618, 1351244161) added.
[13:31:19.087291][info] loadPairs: image pair (1035244618, 1573027797) added.
[13:31:19.087291][info] loadPairs: image pair (1035244618, 1614021945) added.
[13:31:19.087291][info] loadPairs: image pair (1035244618, 2000851169) added.
[13:31:19.087291][info] loadPairs: image pair (1035244618, 2008743663) added.
[13:31:19.087291][info] loadPairs: image pair (1035244618, 2124494862) added.
[13:31:19.087291][info] loadPairs: image pair (1035244618, 2129678330) added.
[13:31:19.087291][info] loadPairs: image pair (1035244618, 2131854708) added.
[13:31:19.087291][info] loadPairs: image pair (1035244618, 2132052518) added.
[13:31:19.087291][info] loadPairs: image pair (1221813292, 1222112592) added.
[13:31:19.087291][info] loadPairs: image pair (1221813292, 1242912901) added.
[13:31:19.087291][info] loadPairs: image pair (1221813292, 1245772373) added.
[13:31:19.087291][info] loadPairs: image pair (1221813292, 1308827016) added.
[13:31:19.087291][info] loadPairs: image pair (1221813292, 1309695247) added.
[13:31:19.087291][info] loadPairs: image pair (1221813292, 1318639942) added.
[13:31:19.087291][info] loadPairs: image pair (1221813292, 1341977023) added.
[13:31:19.087291][info] loadPairs: image pair (1221813292, 1351244161) added.
[13:31:19.087291][info] loadPairs: image pair (1221813292, 1573027797) added.
[13:31:19.087291][info] loadPairs: image pair (1221813292, 1614021945) added.
[13:31:19.087291][info] loadPairs: image pair (1221813292, 2000851169) added.
[13:31:19.087291][info] loadPairs: image pair (1221813292, 2008743663) added.
[13:31:19.087291][info] loadPairs: image pair (1221813292, 2124494862) added.
[13:31:19.087291][info] loadPairs: image pair (1221813292, 2129678330) added.
[13:31:19.087291][info] loadPairs: image pair (1221813292, 2131854708) added.
[13:31:19.087291][info] loadPairs: image pair (1221813292, 2132052518) added.
[13:31:19.087291][info] loadPairs: image pair (1222112592, 1242912901) added.
[13:31:19.087291][info] loadPairs: image pair (1222112592, 1245772373) added.
[13:31:19.087291][info] loadPairs: image pair (1222112592, 1308827016) added.
[13:31:19.087291][info] loadPairs: image pair (1222112592, 1309695247) added.
[13:31:19.087291][info] loadPairs: image pair (1222112592, 1318639942) added.
[13:31:19.087291][info] loadPairs: image pair (1222112592, 1341977023) added.
[13:31:19.087291][info] loadPairs: image pair (1222112592, 1351244161) added.
[13:31:19.087291][info] loadPairs: image pair (1222112592, 1573027797) added.
[13:31:19.087291][info] loadPairs: image pair (1222112592, 1614021945) added.
[13:31:19.087291][info] loadPairs: image pair (1222112592, 2000851169) added.
[13:31:19.087291][info] loadPairs: image pair (1222112592, 2008743663) added.
[13:31:19.087291][info] loadPairs: image pair (1222112592, 2124494862) added.
[13:31:19.087291][info] loadPairs: image pair (1222112592, 2129678330) added.
[13:31:19.087291][info] loadPairs: image pair (1222112592, 2131854708) added.
[13:31:19.087291][info] loadPairs: image pair (1222112592, 2132052518) added.
[13:31:19.087291][info] loadPairs: image pair (1242912901, 1245772373) added.
[13:31:19.087291][info] loadPairs: image pair (1242912901, 1308827016) added.
[13:31:19.087291][info] loadPairs: image pair (1242912901, 1309695247) added.
[13:31:19.087291][info] loadPairs: image pair (1242912901, 1318639942) added.
[13:31:19.087291][info] loadPairs: image pair (1242912901, 1341977023) added.
[13:31:19.087291][info] loadPairs: image pair (1242912901, 1351244161) added.
[13:31:19.087291][info] loadPairs: image pair (1242912901, 1573027797) added.
[13:31:19.087291][info] loadPairs: image pair (1242912901, 1614021945) added.
[13:31:19.087291][info] loadPairs: image pair (1242912901, 2000851169) added.
[13:31:19.087291][info] loadPairs: image pair (1242912901, 2008743663) added.
[13:31:19.087291][info] loadPairs: image pair (1242912901, 2124494862) added.
[13:31:19.087291][info] loadPairs: image pair (1242912901, 2129678330) added.
[13:31:19.087291][info] loadPairs: image pair (1242912901, 2131854708) added.
[13:31:19.087291][info] loadPairs: image pair (1242912901, 2132052518) added.
[13:31:19.087291][info] loadPairs: image pair (1245772373, 1308827016) added.
[13:31:19.087291][info] loadPairs: image pair (1245772373, 1309695247) added.
[13:31:19.087291][info] loadPairs: image pair (1245772373, 1318639942) added.
[13:31:19.087291][info] loadPairs: image pair (1245772373, 1341977023) added.
[13:31:19.087291][info] loadPairs: image pair (1245772373, 1351244161) added.
[13:31:19.087291][info] loadPairs: image pair (1245772373, 1573027797) added.
[13:31:19.087291][info] loadPairs: image pair (1245772373, 1614021945) added.
[13:31:19.087291][info] loadPairs: image pair (1245772373, 2000851169) added.
[13:31:19.087291][info] loadPairs: image pair (1245772373, 2008743663) added.
[13:31:19.087291][info] loadPairs: image pair (1245772373, 2124494862) added.
[13:31:19.087291][info] loadPairs: image pair (1245772373, 2129678330) added.
[13:31:19.087291][info] loadPairs: image pair (1245772373, 2131854708) added.
[13:31:19.087291][info] loadPairs: image pair (1245772373, 2132052518) added.
[13:31:19.087291][info] loadPairs: image pair (1308827016, 1309695247) added.
[13:31:19.087291][info] loadPairs: image pair (1308827016, 1318639942) added.
[13:31:19.087291][info] loadPairs: image pair (1308827016, 1341977023) added.
[13:31:19.087291][info] loadPairs: image pair (1308827016, 1351244161) added.
[13:31:19.087291][info] loadPairs: image pair (1308827016, 1573027797) added.
[13:31:19.087291][info] loadPairs: image pair (1308827016, 1614021945) added.
[13:31:19.087291][info] loadPairs: image pair (1308827016, 2000851169) added.
[13:31:19.087291][info] loadPairs: image pair (1308827016, 2008743663) added.
[13:31:19.087291][info] loadPairs: image pair (1308827016, 2124494862) added.
[13:31:19.087291][info] loadPairs: image pair (1308827016, 2129678330) added.
[13:31:19.087291][info] loadPairs: image pair (1308827016, 2131854708) added.
[13:31:19.087291][info] loadPairs: image pair (1308827016, 2132052518) added.
[13:31:19.088290][info] loadPairs: image pair (1309695247, 1318639942) added.
[13:31:19.088290][info] loadPairs: image pair (1309695247, 1341977023) added.
[13:31:19.088290][info] loadPairs: image pair (1309695247, 1351244161) added.
[13:31:19.088290][info] loadPairs: image pair (1309695247, 1573027797) added.
[13:31:19.088290][info] loadPairs: image pair (1309695247, 1614021945) added.
[13:31:19.088290][info] loadPairs: image pair (1309695247, 2000851169) added.
[13:31:19.088290][info] loadPairs: image pair (1309695247, 2008743663) added.
[13:31:19.088290][info] loadPairs: image pair (1309695247, 2124494862) added.
[13:31:19.088290][info] loadPairs: image pair (1309695247, 2129678330) added.
[13:31:19.088290][info] loadPairs: image pair (1309695247, 2131854708) added.
[13:31:19.088290][info] loadPairs: image pair (1309695247, 2132052518) added.
[13:31:19.088290][info] loadPairs: image pair (1318639942, 1341977023) added.
[13:31:19.088290][info] loadPairs: image pair (1318639942, 1351244161) added.
[13:31:19.088290][info] loadPairs: image pair (1318639942, 1573027797) added.
[13:31:19.088290][info] loadPairs: image pair (1318639942, 1614021945) added.
[13:31:19.088290][info] loadPairs: image pair (1318639942, 2000851169) added.
[13:31:19.088290][info] loadPairs: image pair (1318639942, 2008743663) added.
[13:31:19.088290][info] loadPairs: image pair (1318639942, 2124494862) added.
[13:31:19.088290][info] loadPairs: image pair (1318639942, 2129678330) added.
[13:31:19.088290][info] loadPairs: image pair (1318639942, 2131854708) added.
[13:31:19.088290][info] loadPairs: image pair (1318639942, 2132052518) added.
[13:31:19.088290][info] loadPairs: image pair (1341977023, 1351244161) added.
[13:31:19.088290][info] loadPairs: image pair (1341977023, 1573027797) added.
[13:31:19.088290][info] loadPairs: image pair (1341977023, 1614021945) added.
[13:31:19.088290][info] loadPairs: image pair (1341977023, 2000851169) added.
[13:31:19.088290][info] loadPairs: image pair (1341977023, 2008743663) added.
[13:31:19.088290][info] loadPairs: image pair (1341977023, 2124494862) added.
[13:31:19.088290][info] loadPairs: image pair (1341977023, 2129678330) added.
[13:31:19.088290][info] loadPairs: image pair (1341977023, 2131854708) added.
[13:31:19.088290][info] loadPairs: image pair (1341977023, 2132052518) added.
[13:31:19.088290][info] loadPairs: image pair (1351244161, 1573027797) added.
[13:31:19.088290][info] loadPairs: image pair (1351244161, 1614021945) added.
[13:31:19.088290][info] loadPairs: image pair (1351244161, 2000851169) added.
[13:31:19.088290][info] loadPairs: image pair (1351244161, 2008743663) added.
[13:31:19.088290][info] loadPairs: image pair (1351244161, 2124494862) added.
[13:31:19.088290][info] loadPairs: image pair (1351244161, 2129678330) added.
[13:31:19.088290][info] loadPairs: image pair (1351244161, 2131854708) added.
[13:31:19.088290][info] loadPairs: image pair (1351244161, 2132052518) added.
[13:31:19.088290][info] loadPairs: image pair (1573027797, 1614021945) added.
[13:31:19.088290][info] loadPairs: image pair (1573027797, 2000851169) added.
[13:31:19.088290][info] loadPairs: image pair (1573027797, 2008743663) added.
[13:31:19.088290][info] loadPairs: image pair (1573027797, 2124494862) added.
[13:31:19.088290][info] loadPairs: image pair (1573027797, 2129678330) added.
[13:31:19.088290][info] loadPairs: image pair (1573027797, 2131854708) added.
[13:31:19.088290][info] loadPairs: image pair (1573027797, 2132052518) added.
[13:31:19.088290][info] loadPairs: image pair (1614021945, 2000851169) added.
[13:31:19.088290][info] loadPairs: image pair (1614021945, 2008743663) added.
[13:31:19.088290][info] loadPairs: image pair (1614021945, 2124494862) added.
[13:31:19.088290][info] loadPairs: image pair (1614021945, 2129678330) added.
[13:31:19.088290][info] loadPairs: image pair (1614021945, 2131854708) added.
[13:31:19.088290][info] loadPairs: image pair (1614021945, 2132052518) added.
[13:31:19.088290][info] loadPairs: image pair (2000851169, 2008743663) added.
[13:31:19.088290][info] loadPairs: image pair (2000851169, 2124494862) added.
[13:31:19.088290][info] loadPairs: image pair (2000851169, 2129678330) added.
[13:31:19.088290][info] loadPairs: image pair (2000851169, 2131854708) added.
[13:31:19.088290][info] loadPairs: image pair (2000851169, 2132052518) added.
[13:31:19.088290][info] loadPairs: image pair (2008743663, 2124494862) added.
[13:31:19.088290][info] loadPairs: image pair (2008743663, 2129678330) added.
[13:31:19.088290][info] loadPairs: image pair (2008743663, 2131854708) added.
[13:31:19.088290][info] loadPairs: image pair (2008743663, 2132052518) added.
[13:31:19.088290][info] loadPairs: image pair (2124494862, 2129678330) added.
[13:31:19.088290][info] loadPairs: image pair (2124494862, 2131854708) added.
[13:31:19.088290][info] loadPairs: image pair (2124494862, 2132052518) added.
[13:31:19.088290][info] Number of pairs: 250
[13:31:19.088290][info] There are 43 views and 250 image pairs.
[13:31:19.088290][info] Load features and descriptors
Loading regions
0%   10   20   30   40   50   60   70   80   90   100%
|----|----|----|----|----|----|----|----|----|----|
[13:31:19.109296][info] Supported CUDA-Enabled GPU detected.
****************************[13:31:19.289283][info] Putative matches (unknown poses): 250 image pairs.
[13:31:19.289283][info] sift Regions Matching

0%   10   20   30   40   50   60   70   80   90   100%
|----|----|----|----|----|----|----|----|----|----|
***************************************************
[13:31:24.617721][info] akaze Regions Matching

0%   10   20   30   40   50   60   70   80   90   100%
|----|----|----|----|----|----|----|----|----|----|
***************************************************
[13:31:25.781722][info] 250 putative image pair matches
[13:31:25.781722][info] 	- image pair (527105644, 977463366) contains 167 putative matches.
[13:31:25.781722][info] 	- image pair (527105644, 978679606) contains 146 putative matches.
[13:31:25.781722][info] 	- image pair (527105644, 996447891) contains 233 putative matches.
[13:31:25.781722][info] 	- image pair (527105644, 1033459250) contains 125 putative matches.
[13:31:25.781722][info] 	- image pair (527105644, 1035244618) contains 105 putative matches.
[13:31:25.781722][info] 	- image pair (527105644, 1221813292) contains 223 putative matches.
[13:31:25.781722][info] 	- image pair (527105644, 1222112592) contains 222 putative matches.
[13:31:25.781722][info] 	- image pair (527105644, 1242912901) contains 268 putative matches.
[13:31:25.781722][info] 	- image pair (527105644, 1245772373) contains 349 putative matches.
[13:31:25.781722][info] 	- image pair (527105644, 1308827016) contains 246 putative matches.
[13:31:25.781722][info] 	- image pair (527105644, 1309695247) contains 487 putative matches.
[13:31:25.781722][info] 	- image pair (527105644, 1318639942) contains 217 putative matches.
[13:31:25.781722][info] 	- image pair (527105644, 1341977023) contains 328 putative matches.
[13:31:25.781722][info] 	- image pair (527105644, 1351244161) contains 222 putative matches.
[13:31:25.781722][info] 	- image pair (527105644, 1573027797) contains 148 putative matches.
[13:31:25.781722][info] 	- image pair (527105644, 1614021945) contains 192 putative matches.
[13:31:25.781722][info] 	- image pair (527105644, 2000851169) contains 324 putative matches.
[13:31:25.781722][info] 	- image pair (527105644, 2008743663) contains 250 putative matches.
[13:31:25.781722][info] 	- image pair (527105644, 2124494862) contains 334 putative matches.
[13:31:25.781722][info] 	- image pair (527105644, 2129678330) contains 226 putative matches.
[13:31:25.781722][info] 	- image pair (527105644, 2131854708) contains 212 putative matches.
[13:31:25.781722][info] 	- image pair (527105644, 2132052518) contains 219 putative matches.
[13:31:25.781722][info] 	- image pair (977463366, 978679606) contains 749 putative matches.
[13:31:25.781722][info] 	- image pair (977463366, 996447891) contains 118 putative matches.
[13:31:25.781722][info] 	- image pair (977463366, 1033459250) contains 441 putative matches.
[13:31:25.781722][info] 	- image pair (977463366, 1035244618) contains 204 putative matches.
[13:31:25.781722][info] 	- image pair (977463366, 1221813292) contains 156 putative matches.
[13:31:25.782723][info] 	- image pair (977463366, 1222112592) contains 103 putative matches.
[13:31:25.782723][info] 	- image pair (977463366, 1242912901) contains 122 putative matches.
[13:31:25.782723][info] 	- image pair (977463366, 1245772373) contains 144 putative matches.
[13:31:25.782723][info] 	- image pair (977463366, 1308827016) contains 179 putative matches.
[13:31:25.782723][info] 	- image pair (977463366, 1309695247) contains 191 putative matches.
[13:31:25.782723][info] 	- image pair (977463366, 1318639942) contains 156 putative matches.
[13:31:25.782723][info] 	- image pair (977463366, 1341977023) contains 174 putative matches.
[13:31:25.782723][info] 	- image pair (977463366, 1351244161) contains 145 putative matches.
[13:31:25.782723][info] 	- image pair (977463366, 1573027797) contains 269 putative matches.
[13:31:25.782723][info] 	- image pair (977463366, 1614021945) contains 542 putative matches.
[13:31:25.782723][info] 	- image pair (977463366, 2000851169) contains 224 putative matches.
[13:31:25.782723][info] 	- image pair (977463366, 2008743663) contains 175 putative matches.
[13:31:25.782723][info] 	- image pair (977463366, 2124494862) contains 208 putative matches.
[13:31:25.782723][info] 	- image pair (977463366, 2129678330) contains 344 putative matches.
[13:31:25.782723][info] 	- image pair (977463366, 2131854708) contains 335 putative matches.
[13:31:25.782723][info] 	- image pair (977463366, 2132052518) contains 493 putative matches.
[13:31:25.782723][info] 	- image pair (978679606, 996447891) contains 138 putative matches.
[13:31:25.782723][info] 	- image pair (978679606, 1033459250) contains 716 putative matches.
[13:31:25.782723][info] 	- image pair (978679606, 1035244618) contains 296 putative matches.
[13:31:25.782723][info] 	- image pair (978679606, 1221813292) contains 148 putative matches.
[13:31:25.782723][info] 	- image pair (978679606, 1222112592) contains 111 putative matches.
[13:31:25.782723][info] 	- image pair (978679606, 1242912901) contains 112 putative matches.
[13:31:25.782723][info] 	- image pair (978679606, 1245772373) contains 136 putative matches.
[13:31:25.782723][info] 	- image pair (978679606, 1308827016) contains 149 putative matches.
[13:31:25.782723][info] 	- image pair (978679606, 1309695247) contains 185 putative matches.
[13:31:25.782723][info] 	- image pair (978679606, 1318639942) contains 148 putative matches.
[13:31:25.782723][info] 	- image pair (978679606, 1341977023) contains 158 putative matches.
[13:31:25.782723][info] 	- image pair (978679606, 1351244161) contains 146 putative matches.
[13:31:25.782723][info] 	- image pair (978679606, 1573027797) contains 196 putative matches.
[13:31:25.782723][info] 	- image pair (978679606, 1614021945) contains 347 putative matches.
[13:31:25.782723][info] 	- image pair (978679606, 2000851169) contains 201 putative matches.
[13:31:25.782723][info] 	- image pair (978679606, 2008743663) contains 167 putative matches.
[13:31:25.782723][info] 	- image pair (978679606, 2124494862) contains 191 putative matches.
[13:31:25.782723][info] 	- image pair (978679606, 2129678330) contains 286 putative matches.
[13:31:25.782723][info] 	- image pair (978679606, 2131854708) contains 266 putative matches.
[13:31:25.782723][info] 	- image pair (978679606, 2132052518) contains 316 putative matches.
[13:31:25.782723][info] 	- image pair (996447891, 1033459250) contains 114 putative matches.
[13:31:25.782723][info] 	- image pair (996447891, 1035244618) contains 114 putative matches.
[13:31:25.782723][info] 	- image pair (996447891, 1221813292) contains 464 putative matches.
[13:31:25.782723][info] 	- image pair (996447891, 1222112592) contains 165 putative matches.
[13:31:25.782723][info] 	- image pair (996447891, 1242912901) contains 178 putative matches.
[13:31:25.782723][info] 	- image pair (996447891, 1245772373) contains 199 putative matches.
[13:31:25.782723][info] 	- image pair (996447891, 1308827016) contains 273 putative matches.
[13:31:25.782723][info] 	- image pair (996447891, 1309695247) contains 219 putative matches.
[13:31:25.782723][info] 	- image pair (996447891, 1318639942) contains 300 putative matches.
[13:31:25.782723][info] 	- image pair (996447891, 1341977023) contains 215 putative matches.
[13:31:25.782723][info] 	- image pair (996447891, 1351244161) contains 816 putative matches.
[13:31:25.782723][info] 	- image pair (996447891, 1573027797) contains 133 putative matches.
[13:31:25.782723][info] 	- image pair (996447891, 1614021945) contains 154 putative matches.
[13:31:25.782723][info] 	- image pair (996447891, 2000851169) contains 257 putative matches.
[13:31:25.782723][info] 	- image pair (996447891, 2008743663) contains 223 putative matches.
[13:31:25.782723][info] 	- image pair (996447891, 2124494862) contains 237 putative matches.
[13:31:25.782723][info] 	- image pair (996447891, 2129678330) contains 177 putative matches.
[13:31:25.783723][info] 	- image pair (996447891, 2131854708) contains 146 putative matches.
[13:31:25.783723][info] 	- image pair (996447891, 2132052518) contains 169 putative matches.
[13:31:25.783723][info] 	- image pair (1033459250, 1035244618) contains 452 putative matches.
[13:31:25.783723][info] 	- image pair (1033459250, 1221813292) contains 121 putative matches.
[13:31:25.783723][info] 	- image pair (1033459250, 1222112592) contains 110 putative matches.
[13:31:25.783723][info] 	- image pair (1033459250, 1242912901) contains 111 putative matches.
[13:31:25.783723][info] 	- image pair (1033459250, 1245772373) contains 121 putative matches.
[13:31:25.783723][info] 	- image pair (1033459250, 1308827016) contains 142 putative matches.
[13:31:25.783723][info] 	- image pair (1033459250, 1309695247) contains 151 putative matches.
[13:31:25.783723][info] 	- image pair (1033459250, 1318639942) contains 127 putative matches.
[13:31:25.783723][info] 	- image pair (1033459250, 1341977023) contains 134 putative matches.
[13:31:25.783723][info] 	- image pair (1033459250, 1351244161) contains 124 putative matches.
[13:31:25.783723][info] 	- image pair (1033459250, 1573027797) contains 154 putative matches.
[13:31:25.783723][info] 	- image pair (1033459250, 1614021945) contains 235 putative matches.
[13:31:25.783723][info] 	- image pair (1033459250, 2000851169) contains 182 putative matches.
[13:31:25.783723][info] 	- image pair (1033459250, 2008743663) contains 139 putative matches.
[13:31:25.783723][info] 	- image pair (1033459250, 2124494862) contains 200 putative matches.
[13:31:25.783723][info] 	- image pair (1033459250, 2129678330) contains 197 putative matches.
[13:31:25.783723][info] 	- image pair (1033459250, 2131854708) contains 184 putative matches.
[13:31:25.783723][info] 	- image pair (1033459250, 2132052518) contains 249 putative matches.
[13:31:25.783723][info] 	- image pair (1035244618, 1221813292) contains 114 putative matches.
[13:31:25.783723][info] 	- image pair (1035244618, 1222112592) contains 120 putative matches.
[13:31:25.783723][info] 	- image pair (1035244618, 1242912901) contains 130 putative matches.
[13:31:25.783723][info] 	- image pair (1035244618, 1245772373) contains 107 putative matches.
[13:31:25.783723][info] 	- image pair (1035244618, 1308827016) contains 134 putative matches.
[13:31:25.783723][info] 	- image pair (1035244618, 1309695247) contains 125 putative matches.
[13:31:25.783723][info] 	- image pair (1035244618, 1318639942) contains 115 putative matches.
[13:31:25.783723][info] 	- image pair (1035244618, 1341977023) contains 131 putative matches.
[13:31:25.783723][info] 	- image pair (1035244618, 1351244161) contains 126 putative matches.
[13:31:25.783723][info] 	- image pair (1035244618, 1573027797) contains 129 putative matches.
[13:31:25.783723][info] 	- image pair (1035244618, 1614021945) contains 194 putative matches.
[13:31:25.783723][info] 	- image pair (1035244618, 2000851169) contains 145 putative matches.
[13:31:25.783723][info] 	- image pair (1035244618, 2008743663) contains 132 putative matches.
[13:31:25.783723][info] 	- image pair (1035244618, 2124494862) contains 150 putative matches.
[13:31:25.783723][info] 	- image pair (1035244618, 2129678330) contains 179 putative matches.
[13:31:25.783723][info] 	- image pair (1035244618, 2131854708) contains 146 putative matches.
[13:31:25.783723][info] 	- image pair (1035244618, 2132052518) contains 176 putative matches.
[13:31:25.783723][info] 	- image pair (1221813292, 1222112592) contains 148 putative matches.
[13:31:25.783723][info] 	- image pair (1221813292, 1242912901) contains 173 putative matches.
[13:31:25.783723][info] 	- image pair (1221813292, 1245772373) contains 176 putative matches.
[13:31:25.783723][info] 	- image pair (1221813292, 1308827016) contains 448 putative matches.
[13:31:25.783723][info] 	- image pair (1221813292, 1309695247) contains 286 putative matches.
[13:31:25.783723][info] 	- image pair (1221813292, 1318639942) contains 529 putative matches.
[13:31:25.783723][info] 	- image pair (1221813292, 1341977023) contains 292 putative matches.
[13:31:25.783723][info] 	- image pair (1221813292, 1351244161) contains 688 putative matches.
[13:31:25.783723][info] 	- image pair (1221813292, 1573027797) contains 143 putative matches.
[13:31:25.783723][info] 	- image pair (1221813292, 1614021945) contains 196 putative matches.
[13:31:25.783723][info] 	- image pair (1221813292, 2000851169) contains 384 putative matches.
[13:31:25.783723][info] 	- image pair (1221813292, 2008743663) contains 303 putative matches.
[13:31:25.783723][info] 	- image pair (1221813292, 2124494862) contains 313 putative matches.
[13:31:25.783723][info] 	- image pair (1221813292, 2129678330) contains 209 putative matches.
[13:31:25.783723][info] 	- image pair (1221813292, 2131854708) contains 208 putative matches.
[13:31:25.783723][info] 	- image pair (1221813292, 2132052518) contains 232 putative matches.
[13:31:25.783723][info] 	- image pair (1222112592, 1242912901) contains 656 putative matches.
[13:31:25.783723][info] 	- image pair (1222112592, 1245772373) contains 551 putative matches.
[13:31:25.783723][info] 	- image pair (1222112592, 1308827016) contains 122 putative matches.
[13:31:25.783723][info] 	- image pair (1222112592, 1309695247) contains 129 putative matches.
[13:31:25.783723][info] 	- image pair (1222112592, 1318639942) contains 123 putative matches.
[13:31:25.783723][info] 	- image pair (1222112592, 1341977023) contains 132 putative matches.
[13:31:25.783723][info] 	- image pair (1222112592, 1351244161) contains 131 putative matches.
[13:31:25.783723][info] 	- image pair (1222112592, 1573027797) contains 110 putative matches.
[13:31:25.783723][info] 	- image pair (1222112592, 1614021945) contains 114 putative matches.
[13:31:25.783723][info] 	- image pair (1222112592, 2000851169) contains 147 putative matches.
[13:31:25.783723][info] 	- image pair (1222112592, 2008743663) contains 139 putative matches.
[13:31:25.783723][info] 	- image pair (1222112592, 2124494862) contains 150 putative matches.
[13:31:25.783723][info] 	- image pair (1222112592, 2129678330) contains 117 putative matches.
[13:31:25.783723][info] 	- image pair (1222112592, 2131854708) contains 115 putative matches.
[13:31:25.783723][info] 	- image pair (1222112592, 2132052518) contains 124 putative matches.
[13:31:25.783723][info] 	- image pair (1242912901, 1245772373) contains 819 putative matches.
[13:31:25.783723][info] 	- image pair (1242912901, 1308827016) contains 150 putative matches.
[13:31:25.783723][info] 	- image pair (1242912901, 1309695247) contains 193 putative matches.
[13:31:25.783723][info] 	- image pair (1242912901, 1318639942) contains 161 putative matches.
[13:31:25.783723][info] 	- image pair (1242912901, 1341977023) contains 154 putative matches.
[13:31:25.783723][info] 	- image pair (1242912901, 1351244161) contains 152 putative matches.
[13:31:25.783723][info] 	- image pair (1242912901, 1573027797) contains 110 putative matches.
[13:31:25.783723][info] 	- image pair (1242912901, 1614021945) contains 148 putative matches.
[13:31:25.784722][info] 	- image pair (1242912901, 2000851169) contains 180 putative matches.
[13:31:25.784722][info] 	- image pair (1242912901, 2008743663) contains 185 putative matches.
[13:31:25.784722][info] 	- image pair (1242912901, 2124494862) contains 177 putative matches.
[13:31:25.784722][info] 	- image pair (1242912901, 2129678330) contains 158 putative matches.
[13:31:25.784722][info] 	- image pair (1242912901, 2131854708) contains 140 putative matches.
[13:31:25.784722][info] 	- image pair (1242912901, 2132052518) contains 138 putative matches.
[13:31:25.784722][info] 	- image pair (1245772373, 1308827016) contains 181 putative matches.
[13:31:25.784722][info] 	- image pair (1245772373, 1309695247) contains 220 putative matches.
[13:31:25.784722][info] 	- image pair (1245772373, 1318639942) contains 165 putative matches.
[13:31:25.784722][info] 	- image pair (1245772373, 1341977023) contains 181 putative matches.
[13:31:25.784722][info] 	- image pair (1245772373, 1351244161) contains 181 putative matches.
[13:31:25.784722][info] 	- image pair (1245772373, 1573027797) contains 131 putative matches.
[13:31:25.784722][info] 	- image pair (1245772373, 1614021945) contains 142 putative matches.
[13:31:25.784722][info] 	- image pair (1245772373, 2000851169) contains 200 putative matches.
[13:31:25.784722][info] 	- image pair (1245772373, 2008743663) contains 193 putative matches.
[13:31:25.784722][info] 	- image pair (1245772373, 2124494862) contains 199 putative matches.
[13:31:25.784722][info] 	- image pair (1245772373, 2129678330) contains 152 putative matches.
[13:31:25.784722][info] 	- image pair (1245772373, 2131854708) contains 146 putative matches.
[13:31:25.784722][info] 	- image pair (1245772373, 2132052518) contains 169 putative matches.
[13:31:25.784722][info] 	- image pair (1308827016, 1309695247) contains 458 putative matches.
[13:31:25.784722][info] 	- image pair (1308827016, 1318639942) contains 679 putative matches.
[13:31:25.784722][info] 	- image pair (1308827016, 1341977023) contains 480 putative matches.
[13:31:25.784722][info] 	- image pair (1308827016, 1351244161) contains 372 putative matches.
[13:31:25.784722][info] 	- image pair (1308827016, 1573027797) contains 232 putative matches.
[13:31:25.784722][info] 	- image pair (1308827016, 1614021945) contains 248 putative matches.
[13:31:25.784722][info] 	- image pair (1308827016, 2000851169) contains 591 putative matches.
[13:31:25.784722][info] 	- image pair (1308827016, 2008743663) contains 448 putative matches.
[13:31:25.784722][info] 	- image pair (1308827016, 2124494862) contains 525 putative matches.
[13:31:25.784722][info] 	- image pair (1308827016, 2129678330) contains 300 putative matches.
[13:31:25.784722][info] 	- image pair (1308827016, 2131854708) contains 309 putative matches.
[13:31:25.784722][info] 	- image pair (1308827016, 2132052518) contains 291 putative matches.
[13:31:25.784722][info] 	- image pair (1309695247, 1318639942) contains 362 putative matches.
[13:31:25.784722][info] 	- image pair (1309695247, 1341977023) contains 670 putative matches.
[13:31:25.784722][info] 	- image pair (1309695247, 1351244161) contains 243 putative matches.
[13:31:25.784722][info] 	- image pair (1309695247, 1573027797) contains 187 putative matches.
[13:31:25.784722][info] 	- image pair (1309695247, 1614021945) contains 263 putative matches.
[13:31:25.784722][info] 	- image pair (1309695247, 2000851169) contains 629 putative matches.
[13:31:25.784722][info] 	- image pair (1309695247, 2008743663) contains 454 putative matches.
[13:31:25.784722][info] 	- image pair (1309695247, 2124494862) contains 612 putative matches.
[13:31:25.784722][info] 	- image pair (1309695247, 2129678330) contains 319 putative matches.
[13:31:25.784722][info] 	- image pair (1309695247, 2131854708) contains 320 putative matches.
[13:31:25.784722][info] 	- image pair (1309695247, 2132052518) contains 298 putative matches.
[13:31:25.784722][info] 	- image pair (1318639942, 1341977023) contains 435 putative matches.
[13:31:25.784722][info] 	- image pair (1318639942, 1351244161) contains 422 putative matches.
[13:31:25.784722][info] 	- image pair (1318639942, 1573027797) contains 193 putative matches.
[13:31:25.784722][info] 	- image pair (1318639942, 1614021945) contains 199 putative matches.
[13:31:25.784722][info] 	- image pair (1318639942, 2000851169) contains 480 putative matches.
[13:31:25.784722][info] 	- image pair (1318639942, 2008743663) contains 424 putative matches.
[13:31:25.784722][info] 	- image pair (1318639942, 2124494862) contains 409 putative matches.
[13:31:25.784722][info] 	- image pair (1318639942, 2129678330) contains 261 putative matches.
[13:31:25.784722][info] 	- image pair (1318639942, 2131854708) contains 237 putative matches.
[13:31:25.784722][info] 	- image pair (1318639942, 2132052518) contains 241 putative matches.
[13:31:25.784722][info] 	- image pair (1341977023, 1351244161) contains 285 putative matches.
[13:31:25.784722][info] 	- image pair (1341977023, 1573027797) contains 212 putative matches.
[13:31:25.784722][info] 	- image pair (1341977023, 1614021945) contains 226 putative matches.
[13:31:25.784722][info] 	- image pair (1341977023, 2000851169) contains 542 putative matches.
[13:31:25.784722][info] 	- image pair (1341977023, 2008743663) contains 544 putative matches.
[13:31:25.784722][info] 	- image pair (1341977023, 2124494862) contains 544 putative matches.
[13:31:25.784722][info] 	- image pair (1341977023, 2129678330) contains 286 putative matches.
[13:31:25.784722][info] 	- image pair (1341977023, 2131854708) contains 285 putative matches.
[13:31:25.784722][info] 	- image pair (1341977023, 2132052518) contains 244 putative matches.
[13:31:25.784722][info] 	- image pair (1351244161, 1573027797) contains 128 putative matches.
[13:31:25.784722][info] 	- image pair (1351244161, 1614021945) contains 182 putative matches.
[13:31:25.784722][info] 	- image pair (1351244161, 2000851169) contains 309 putative matches.
[13:31:25.784722][info] 	- image pair (1351244161, 2008743663) contains 284 putative matches.
[13:31:25.784722][info] 	- image pair (1351244161, 2124494862) contains 283 putative matches.
[13:31:25.784722][info] 	- image pair (1351244161, 2129678330) contains 187 putative matches.
[13:31:25.784722][info] 	- image pair (1351244161, 2131854708) contains 166 putative matches.
[13:31:25.784722][info] 	- image pair (1351244161, 2132052518) contains 194 putative matches.
[13:31:25.784722][info] 	- image pair (1573027797, 1614021945) contains 507 putative matches.
[13:31:25.784722][info] 	- image pair (1573027797, 2000851169) contains 242 putative matches.
[13:31:25.784722][info] 	- image pair (1573027797, 2008743663) contains 250 putative matches.
[13:31:25.784722][info] 	- image pair (1573027797, 2124494862) contains 266 putative matches.
[13:31:25.784722][info] 	- image pair (1573027797, 2129678330) contains 462 putative matches.
[13:31:25.784722][info] 	- image pair (1573027797, 2131854708) contains 515 putative matches.
[13:31:25.784722][info] 	- image pair (1573027797, 2132052518) contains 478 putative matches.
[13:31:25.784722][info] 	- image pair (1614021945, 2000851169) contains 288 putative matches.
[13:31:25.784722][info] 	- image pair (1614021945, 2008743663) contains 228 putative matches.
[13:31:25.784722][info] 	- image pair (1614021945, 2124494862) contains 285 putative matches.
[13:31:25.784722][info] 	- image pair (1614021945, 2129678330) contains 660 putative matches.
[13:31:25.784722][info] 	- image pair (1614021945, 2131854708) contains 589 putative matches.
[13:31:25.784722][info] 	- image pair (1614021945, 2132052518) contains 849 putative matches.
[13:31:25.784722][info] 	- image pair (2000851169, 2008743663) contains 645 putative matches.
[13:31:25.784722][info] 	- image pair (2000851169, 2124494862) contains 678 putative matches.
[13:31:25.784722][info] 	- image pair (2000851169, 2129678330) contains 414 putative matches.
[13:31:25.784722][info] 	- image pair (2000851169, 2131854708) contains 336 putative matches.
[13:31:25.784722][info] 	- image pair (2000851169, 2132052518) contains 343 putative matches.
[13:31:25.784722][info] 	- image pair (2008743663, 2124494862) contains 529 putative matches.
[13:31:25.784722][info] 	- image pair (2008743663, 2129678330) contains 329 putative matches.
[13:31:25.784722][info] 	- image pair (2008743663, 2131854708) contains 272 putative matches.
[13:31:25.785723][info] 	- image pair (2008743663, 2132052518) contains 280 putative matches.
[13:31:25.785723][info] 	- image pair (2124494862, 2129678330) contains 354 putative matches.
[13:31:25.785723][info] 	- image pair (2124494862, 2131854708) contains 374 putative matches.
[13:31:25.785723][info] 	- image pair (2124494862, 2132052518) contains 308 putative matches.
[13:31:25.785723][info] Task (Regions Matching) done in (s): 6.496000
[13:31:25.787723][info] Geometric filtering: using fundamental_matrix
Robust Model Estimation
0%   10   20   30   40   50   60   70   80   90   100%
|----|----|----|----|----|----|----|----|----|----|
***************************************************
[13:31:26.133720][info] 248 geometric image pair matches:
[13:31:26.133720][info] 	- image pair (527105644, 977463366) contains 100 geometric matches.
[13:31:26.133720][info] 	- image pair (527105644, 978679606) contains 101 geometric matches.
[13:31:26.133720][info] 	- image pair (527105644, 996447891) contains 148 geometric matches.
[13:31:26.133720][info] 	- image pair (527105644, 1033459250) contains 72 geometric matches.
[13:31:26.133720][info] 	- image pair (527105644, 1035244618) contains 100 geometric matches.
[13:31:26.133720][info] 	- image pair (527105644, 1221813292) contains 165 geometric matches.
[13:31:26.133720][info] 	- image pair (527105644, 1222112592) contains 132 geometric matches.
[13:31:26.133720][info] 	- image pair (527105644, 1242912901) contains 193 geometric matches.
[13:31:26.133720][info] 	- image pair (527105644, 1245772373) contains 290 geometric matches.
[13:31:26.133720][info] 	- image pair (527105644, 1308827016) contains 189 geometric matches.
[13:31:26.133720][info] 	- image pair (527105644, 1309695247) contains 420 geometric matches.
[13:31:26.133720][info] 	- image pair (527105644, 1318639942) contains 166 geometric matches.
[13:31:26.133720][info] 	- image pair (527105644, 1341977023) contains 281 geometric matches.
[13:31:26.133720][info] 	- image pair (527105644, 1351244161) contains 142 geometric matches.
[13:31:26.133720][info] 	- image pair (527105644, 1573027797) contains 95 geometric matches.
[13:31:26.133720][info] 	- image pair (527105644, 1614021945) contains 122 geometric matches.
[13:31:26.133720][info] 	- image pair (527105644, 2000851169) contains 255 geometric matches.
[13:31:26.133720][info] 	- image pair (527105644, 2008743663) contains 204 geometric matches.
[13:31:26.133720][info] 	- image pair (527105644, 2124494862) contains 274 geometric matches.
[13:31:26.133720][info] 	- image pair (527105644, 2129678330) contains 154 geometric matches.
[13:31:26.133720][info] 	- image pair (527105644, 2131854708) contains 165 geometric matches.
[13:31:26.133720][info] 	- image pair (527105644, 2132052518) contains 148 geometric matches.
[13:31:26.133720][info] 	- image pair (977463366, 978679606) contains 595 geometric matches.
[13:31:26.133720][info] 	- image pair (977463366, 996447891) contains 80 geometric matches.
[13:31:26.133720][info] 	- image pair (977463366, 1033459250) contains 309 geometric matches.
[13:31:26.133720][info] 	- image pair (977463366, 1035244618) contains 159 geometric matches.
[13:31:26.133720][info] 	- image pair (977463366, 1221813292) contains 112 geometric matches.
[13:31:26.133720][info] 	- image pair (977463366, 1222112592) contains 81 geometric matches.
[13:31:26.133720][info] 	- image pair (977463366, 1242912901) contains 70 geometric matches.
[13:31:26.133720][info] 	- image pair (977463366, 1245772373) contains 67 geometric matches.
[13:31:26.133720][info] 	- image pair (977463366, 1308827016) contains 113 geometric matches.
[13:31:26.133720][info] 	- image pair (977463366, 1309695247) contains 122 geometric matches.
[13:31:26.133720][info] 	- image pair (977463366, 1318639942) contains 97 geometric matches.
[13:31:26.133720][info] 	- image pair (977463366, 1341977023) contains 102 geometric matches.
[13:31:26.133720][info] 	- image pair (977463366, 1351244161) contains 97 geometric matches.
[13:31:26.133720][info] 	- image pair (977463366, 1573027797) contains 210 geometric matches.
[13:31:26.133720][info] 	- image pair (977463366, 1614021945) contains 463 geometric matches.
[13:31:26.133720][info] 	- image pair (977463366, 2000851169) contains 142 geometric matches.
[13:31:26.133720][info] 	- image pair (977463366, 2008743663) contains 105 geometric matches.
[13:31:26.133720][info] 	- image pair (977463366, 2124494862) contains 125 geometric matches.
[13:31:26.133720][info] 	- image pair (977463366, 2129678330) contains 271 geometric matches.
[13:31:26.133720][info] 	- image pair (977463366, 2131854708) contains 294 geometric matches.
[13:31:26.133720][info] 	- image pair (977463366, 2132052518) contains 424 geometric matches.
[13:31:26.133720][info] 	- image pair (978679606, 996447891) contains 71 geometric matches.
[13:31:26.133720][info] 	- image pair (978679606, 1033459250) contains 653 geometric matches.
[13:31:26.133720][info] 	- image pair (978679606, 1035244618) contains 234 geometric matches.
[13:31:26.133720][info] 	- image pair (978679606, 1221813292) contains 93 geometric matches.
[13:31:26.133720][info] 	- image pair (978679606, 1222112592) contains 75 geometric matches.
[13:31:26.133720][info] 	- image pair (978679606, 1245772373) contains 87 geometric matches.
[13:31:26.133720][info] 	- image pair (978679606, 1308827016) contains 95 geometric matches.
[13:31:26.133720][info] 	- image pair (978679606, 1309695247) contains 92 geometric matches.
[13:31:26.134722][info] 	- image pair (978679606, 1318639942) contains 88 geometric matches.
[13:31:26.134722][info] 	- image pair (978679606, 1341977023) contains 89 geometric matches.
[13:31:26.134722][info] 	- image pair (978679606, 1351244161) contains 86 geometric matches.
[13:31:26.134722][info] 	- image pair (978679606, 1573027797) contains 158 geometric matches.
[13:31:26.134722][info] 	- image pair (978679606, 1614021945) contains 285 geometric matches.
[13:31:26.134722][info] 	- image pair (978679606, 2000851169) contains 108 geometric matches.
[13:31:26.134722][info] 	- image pair (978679606, 2008743663) contains 91 geometric matches.
[13:31:26.134722][info] 	- image pair (978679606, 2124494862) contains 119 geometric matches.
[13:31:26.134722][info] 	- image pair (978679606, 2129678330) contains 180 geometric matches.
[13:31:26.134722][info] 	- image pair (978679606, 2131854708) contains 196 geometric matches.
[13:31:26.134722][info] 	- image pair (978679606, 2132052518) contains 224 geometric matches.
[13:31:26.134722][info] 	- image pair (996447891, 1033459250) contains 86 geometric matches.
[13:31:26.134722][info] 	- image pair (996447891, 1035244618) contains 83 geometric matches.
[13:31:26.134722][info] 	- image pair (996447891, 1221813292) contains 400 geometric matches.
[13:31:26.134722][info] 	- image pair (996447891, 1222112592) contains 89 geometric matches.
[13:31:26.134722][info] 	- image pair (996447891, 1242912901) contains 97 geometric matches.
[13:31:26.134722][info] 	- image pair (996447891, 1245772373) contains 120 geometric matches.
[13:31:26.134722][info] 	- image pair (996447891, 1308827016) contains 208 geometric matches.
[13:31:26.134722][info] 	- image pair (996447891, 1309695247) contains 141 geometric matches.
[13:31:26.134722][info] 	- image pair (996447891, 1318639942) contains 233 geometric matches.
[13:31:26.134722][info] 	- image pair (996447891, 1341977023) contains 149 geometric matches.
[13:31:26.134722][info] 	- image pair (996447891, 1351244161) contains 704 geometric matches.
[13:31:26.134722][info] 	- image pair (996447891, 1573027797) contains 83 geometric matches.
[13:31:26.134722][info] 	- image pair (996447891, 1614021945) contains 89 geometric matches.
[13:31:26.134722][info] 	- image pair (996447891, 2000851169) contains 182 geometric matches.
[13:31:26.134722][info] 	- image pair (996447891, 2008743663) contains 161 geometric matches.
[13:31:26.134722][info] 	- image pair (996447891, 2124494862) contains 168 geometric matches.
[13:31:26.134722][info] 	- image pair (996447891, 2129678330) contains 122 geometric matches.
[13:31:26.134722][info] 	- image pair (996447891, 2131854708) contains 105 geometric matches.
[13:31:26.134722][info] 	- image pair (996447891, 2132052518) contains 109 geometric matches.
[13:31:26.134722][info] 	- image pair (1033459250, 1035244618) contains 357 geometric matches.
[13:31:26.134722][info] 	- image pair (1033459250, 1221813292) contains 85 geometric matches.
[13:31:26.134722][info] 	- image pair (1033459250, 1222112592) contains 84 geometric matches.
[13:31:26.134722][info] 	- image pair (1033459250, 1242912901) contains 107 geometric matches.
[13:31:26.134722][info] 	- image pair (1033459250, 1245772373) contains 94 geometric matches.
[13:31:26.134722][info] 	- image pair (1033459250, 1308827016) contains 68 geometric matches.
[13:31:26.134722][info] 	- image pair (1033459250, 1309695247) contains 96 geometric matches.
[13:31:26.134722][info] 	- image pair (1033459250, 1318639942) contains 94 geometric matches.
[13:31:26.134722][info] 	- image pair (1033459250, 1341977023) contains 83 geometric matches.
[13:31:26.134722][info] 	- image pair (1033459250, 1351244161) contains 87 geometric matches.
[13:31:26.134722][info] 	- image pair (1033459250, 1573027797) contains 114 geometric matches.
[13:31:26.134722][info] 	- image pair (1033459250, 1614021945) contains 157 geometric matches.
[13:31:26.134722][info] 	- image pair (1033459250, 2000851169) contains 99 geometric matches.
[13:31:26.134722][info] 	- image pair (1033459250, 2008743663) contains 70 geometric matches.
[13:31:26.134722][info] 	- image pair (1033459250, 2124494862) contains 101 geometric matches.
[13:31:26.134722][info] 	- image pair (1033459250, 2129678330) contains 115 geometric matches.
[13:31:26.134722][info] 	- image pair (1033459250, 2131854708) contains 121 geometric matches.
[13:31:26.134722][info] 	- image pair (1033459250, 2132052518) contains 163 geometric matches.
[13:31:26.134722][info] 	- image pair (1035244618, 1221813292) contains 97 geometric matches.
[13:31:26.134722][info] 	- image pair (1035244618, 1222112592) contains 89 geometric matches.
[13:31:26.134722][info] 	- image pair (1035244618, 1242912901) contains 54 geometric matches.
[13:31:26.134722][info] 	- image pair (1035244618, 1245772373) contains 84 geometric matches.
[13:31:26.134722][info] 	- image pair (1035244618, 1308827016) contains 74 geometric matches.
[13:31:26.134722][info] 	- image pair (1035244618, 1309695247) contains 82 geometric matches.
[13:31:26.134722][info] 	- image pair (1035244618, 1318639942) contains 67 geometric matches.
[13:31:26.134722][info] 	- image pair (1035244618, 1341977023) contains 77 geometric matches.
[13:31:26.134722][info] 	- image pair (1035244618, 1351244161) contains 91 geometric matches.
[13:31:26.134722][info] 	- image pair (1035244618, 1573027797) contains 81 geometric matches.
[13:31:26.134722][info] 	- image pair (1035244618, 1614021945) contains 92 geometric matches.
[13:31:26.134722][info] 	- image pair (1035244618, 2000851169) contains 60 geometric matches.
[13:31:26.134722][info] 	- image pair (1035244618, 2008743663) contains 70 geometric matches.
[13:31:26.134722][info] 	- image pair (1035244618, 2124494862) contains 64 geometric matches.
[13:31:26.134722][info] 	- image pair (1035244618, 2129678330) contains 115 geometric matches.
[13:31:26.134722][info] 	- image pair (1035244618, 2131854708) contains 86 geometric matches.
[13:31:26.134722][info] 	- image pair (1035244618, 2132052518) contains 86 geometric matches.
[13:31:26.134722][info] 	- image pair (1221813292, 1222112592) contains 84 geometric matches.
[13:31:26.135720][info] 	- image pair (1221813292, 1242912901) contains 102 geometric matches.
[13:31:26.135720][info] 	- image pair (1221813292, 1245772373) contains 96 geometric matches.
[13:31:26.135720][info] 	- image pair (1221813292, 1308827016) contains 375 geometric matches.
[13:31:26.135720][info] 	- image pair (1221813292, 1309695247) contains 215 geometric matches.
[13:31:26.135720][info] 	- image pair (1221813292, 1318639942) contains 448 geometric matches.
[13:31:26.135720][info] 	- image pair (1221813292, 1341977023) contains 229 geometric matches.
[13:31:26.135720][info] 	- image pair (1221813292, 1351244161) contains 606 geometric matches.
[13:31:26.135720][info] 	- image pair (1221813292, 1573027797) contains 97 geometric matches.
[13:31:26.135720][info] 	- image pair (1221813292, 1614021945) contains 129 geometric matches.
[13:31:26.135720][info] 	- image pair (1221813292, 2000851169) contains 277 geometric matches.
[13:31:26.135720][info] 	- image pair (1221813292, 2008743663) contains 233 geometric matches.
[13:31:26.135720][info] 	- image pair (1221813292, 2124494862) contains 248 geometric matches.
[13:31:26.135720][info] 	- image pair (1221813292, 2129678330) contains 145 geometric matches.
[13:31:26.135720][info] 	- image pair (1221813292, 2131854708) contains 160 geometric matches.
[13:31:26.135720][info] 	- image pair (1221813292, 2132052518) contains 157 geometric matches.
[13:31:26.135720][info] 	- image pair (1222112592, 1242912901) contains 550 geometric matches.
[13:31:26.135720][info] 	- image pair (1222112592, 1245772373) contains 426 geometric matches.
[13:31:26.135720][info] 	- image pair (1222112592, 1308827016) contains 68 geometric matches.
[13:31:26.135720][info] 	- image pair (1222112592, 1309695247) contains 77 geometric matches.
[13:31:26.135720][info] 	- image pair (1222112592, 1318639942) contains 73 geometric matches.
[13:31:26.135720][info] 	- image pair (1222112592, 1341977023) contains 78 geometric matches.
[13:31:26.135720][info] 	- image pair (1222112592, 1351244161) contains 80 geometric matches.
[13:31:26.135720][info] 	- image pair (1222112592, 1573027797) contains 66 geometric matches.
[13:31:26.135720][info] 	- image pair (1222112592, 1614021945) contains 78 geometric matches.
[13:31:26.135720][info] 	- image pair (1222112592, 2000851169) contains 74 geometric matches.
[13:31:26.135720][info] 	- image pair (1222112592, 2008743663) contains 75 geometric matches.
[13:31:26.135720][info] 	- image pair (1222112592, 2124494862) contains 76 geometric matches.
[13:31:26.135720][info] 	- image pair (1222112592, 2131854708) contains 69 geometric matches.
[13:31:26.135720][info] 	- image pair (1222112592, 2132052518) contains 66 geometric matches.
[13:31:26.135720][info] 	- image pair (1242912901, 1245772373) contains 739 geometric matches.
[13:31:26.135720][info] 	- image pair (1242912901, 1308827016) contains 109 geometric matches.
[13:31:26.135720][info] 	- image pair (1242912901, 1309695247) contains 134 geometric matches.
[13:31:26.135720][info] 	- image pair (1242912901, 1318639942) contains 99 geometric matches.
[13:31:26.135720][info] 	- image pair (1242912901, 1341977023) contains 102 geometric matches.
[13:31:26.135720][info] 	- image pair (1242912901, 1351244161) contains 98 geometric matches.
[13:31:26.135720][info] 	- image pair (1242912901, 1573027797) contains 68 geometric matches.
[13:31:26.135720][info] 	- image pair (1242912901, 1614021945) contains 81 geometric matches.
[13:31:26.135720][info] 	- image pair (1242912901, 2000851169) contains 100 geometric matches.
[13:31:26.135720][info] 	- image pair (1242912901, 2008743663) contains 116 geometric matches.
[13:31:26.135720][info] 	- image pair (1242912901, 2124494862) contains 109 geometric matches.
[13:31:26.135720][info] 	- image pair (1242912901, 2129678330) contains 82 geometric matches.
[13:31:26.135720][info] 	- image pair (1242912901, 2131854708) contains 78 geometric matches.
[13:31:26.135720][info] 	- image pair (1242912901, 2132052518) contains 73 geometric matches.
[13:31:26.135720][info] 	- image pair (1245772373, 1308827016) contains 113 geometric matches.
[13:31:26.135720][info] 	- image pair (1245772373, 1309695247) contains 160 geometric matches.
[13:31:26.135720][info] 	- image pair (1245772373, 1318639942) contains 105 geometric matches.
[13:31:26.135720][info] 	- image pair (1245772373, 1341977023) contains 119 geometric matches.
[13:31:26.135720][info] 	- image pair (1245772373, 1351244161) contains 119 geometric matches.
[13:31:26.135720][info] 	- image pair (1245772373, 1573027797) contains 64 geometric matches.
[13:31:26.135720][info] 	- image pair (1245772373, 1614021945) contains 88 geometric matches.
[13:31:26.135720][info] 	- image pair (1245772373, 2000851169) contains 112 geometric matches.
[13:31:26.135720][info] 	- image pair (1245772373, 2008743663) contains 119 geometric matches.
[13:31:26.135720][info] 	- image pair (1245772373, 2124494862) contains 119 geometric matches.
[13:31:26.135720][info] 	- image pair (1245772373, 2129678330) contains 92 geometric matches.
[13:31:26.135720][info] 	- image pair (1245772373, 2131854708) contains 103 geometric matches.
[13:31:26.135720][info] 	- image pair (1245772373, 2132052518) contains 112 geometric matches.
[13:31:26.135720][info] 	- image pair (1308827016, 1309695247) contains 357 geometric matches.
[13:31:26.135720][info] 	- image pair (1308827016, 1318639942) contains 602 geometric matches.
[13:31:26.135720][info] 	- image pair (1308827016, 1341977023) contains 391 geometric matches.
[13:31:26.135720][info] 	- image pair (1308827016, 1351244161) contains 300 geometric matches.
[13:31:26.135720][info] 	- image pair (1308827016, 1573027797) contains 173 geometric matches.
[13:31:26.135720][info] 	- image pair (1308827016, 1614021945) contains 166 geometric matches.
[13:31:26.135720][info] 	- image pair (1308827016, 2000851169) contains 488 geometric matches.
[13:31:26.135720][info] 	- image pair (1308827016, 2008743663) contains 381 geometric matches.
[13:31:26.135720][info] 	- image pair (1308827016, 2124494862) contains 417 geometric matches.
[13:31:26.135720][info] 	- image pair (1308827016, 2129678330) contains 199 geometric matches.
[13:31:26.135720][info] 	- image pair (1308827016, 2131854708) contains 254 geometric matches.
[13:31:26.135720][info] 	- image pair (1308827016, 2132052518) contains 200 geometric matches.
[13:31:26.135720][info] 	- image pair (1309695247, 1318639942) contains 292 geometric matches.
[13:31:26.136723][info] 	- image pair (1309695247, 1341977023) contains 579 geometric matches.
[13:31:26.136723][info] 	- image pair (1309695247, 1351244161) contains 190 geometric matches.
[13:31:26.136723][info] 	- image pair (1309695247, 1573027797) contains 134 geometric matches.
[13:31:26.136723][info] 	- image pair (1309695247, 1614021945) contains 185 geometric matches.
[13:31:26.136723][info] 	- image pair (1309695247, 2000851169) contains 519 geometric matches.
[13:31:26.136723][info] 	- image pair (1309695247, 2008743663) contains 358 geometric matches.
[13:31:26.136723][info] 	- image pair (1309695247, 2124494862) contains 506 geometric matches.
[13:31:26.136723][info] 	- image pair (1309695247, 2129678330) contains 209 geometric matches.
[13:31:26.136723][info] 	- image pair (1309695247, 2131854708) contains 225 geometric matches.
[13:31:26.136723][info] 	- image pair (1309695247, 2132052518) contains 197 geometric matches.
[13:31:26.136723][info] 	- image pair (1318639942, 1341977023) contains 349 geometric matches.
[13:31:26.136723][info] 	- image pair (1318639942, 1351244161) contains 336 geometric matches.
[13:31:26.136723][info] 	- image pair (1318639942, 1573027797) contains 144 geometric matches.
[13:31:26.136723][info] 	- image pair (1318639942, 1614021945) contains 133 geometric matches.
[13:31:26.136723][info] 	- image pair (1318639942, 2000851169) contains 370 geometric matches.
[13:31:26.136723][info] 	- image pair (1318639942, 2008743663) contains 359 geometric matches.
[13:31:26.136723][info] 	- image pair (1318639942, 2124494862) contains 309 geometric matches.
[13:31:26.136723][info] 	- image pair (1318639942, 2129678330) contains 202 geometric matches.
[13:31:26.136723][info] 	- image pair (1318639942, 2131854708) contains 193 geometric matches.
[13:31:26.136723][info] 	- image pair (1318639942, 2132052518) contains 175 geometric matches.
[13:31:26.136723][info] 	- image pair (1341977023, 1351244161) contains 217 geometric matches.
[13:31:26.136723][info] 	- image pair (1341977023, 1573027797) contains 150 geometric matches.
[13:31:26.136723][info] 	- image pair (1341977023, 1614021945) contains 155 geometric matches.
[13:31:26.136723][info] 	- image pair (1341977023, 2000851169) contains 430 geometric matches.
[13:31:26.136723][info] 	- image pair (1341977023, 2008743663) contains 429 geometric matches.
[13:31:26.136723][info] 	- image pair (1341977023, 2124494862) contains 462 geometric matches.
[13:31:26.136723][info] 	- image pair (1341977023, 2129678330) contains 185 geometric matches.
[13:31:26.136723][info] 	- image pair (1341977023, 2131854708) contains 202 geometric matches.
[13:31:26.136723][info] 	- image pair (1341977023, 2132052518) contains 156 geometric matches.
[13:31:26.136723][info] 	- image pair (1351244161, 1573027797) contains 94 geometric matches.
[13:31:26.136723][info] 	- image pair (1351244161, 1614021945) contains 104 geometric matches.
[13:31:26.136723][info] 	- image pair (1351244161, 2000851169) contains 230 geometric matches.
[13:31:26.136723][info] 	- image pair (1351244161, 2008743663) contains 217 geometric matches.
[13:31:26.136723][info] 	- image pair (1351244161, 2124494862) contains 206 geometric matches.
[13:31:26.136723][info] 	- image pair (1351244161, 2129678330) contains 112 geometric matches.
[13:31:26.136723][info] 	- image pair (1351244161, 2131854708) contains 114 geometric matches.
[13:31:26.136723][info] 	- image pair (1351244161, 2132052518) contains 109 geometric matches.
[13:31:26.136723][info] 	- image pair (1573027797, 1614021945) contains 418 geometric matches.
[13:31:26.136723][info] 	- image pair (1573027797, 2000851169) contains 146 geometric matches.
[13:31:26.136723][info] 	- image pair (1573027797, 2008743663) contains 159 geometric matches.
[13:31:26.136723][info] 	- image pair (1573027797, 2124494862) contains 200 geometric matches.
[13:31:26.136723][info] 	- image pair (1573027797, 2129678330) contains 344 geometric matches.
[13:31:26.136723][info] 	- image pair (1573027797, 2131854708) contains 440 geometric matches.
[13:31:26.136723][info] 	- image pair (1573027797, 2132052518) contains 360 geometric matches.
[13:31:26.136723][info] 	- image pair (1614021945, 2000851169) contains 183 geometric matches.
[13:31:26.136723][info] 	- image pair (1614021945, 2008743663) contains 155 geometric matches.
[13:31:26.136723][info] 	- image pair (1614021945, 2124494862) contains 182 geometric matches.
[13:31:26.136723][info] 	- image pair (1614021945, 2129678330) contains 545 geometric matches.
[13:31:26.136723][info] 	- image pair (1614021945, 2131854708) contains 529 geometric matches.
[13:31:26.136723][info] 	- image pair (1614021945, 2132052518) contains 735 geometric matches.
[13:31:26.136723][info] 	- image pair (2000851169, 2008743663) contains 544 geometric matches.
[13:31:26.136723][info] 	- image pair (2000851169, 2124494862) contains 594 geometric matches.
[13:31:26.136723][info] 	- image pair (2000851169, 2129678330) contains 275 geometric matches.
[13:31:26.136723][info] 	- image pair (2000851169, 2131854708) contains 264 geometric matches.
[13:31:26.136723][info] 	- image pair (2000851169, 2132052518) contains 213 geometric matches.
[13:31:26.136723][info] 	- image pair (2008743663, 2124494862) contains 452 geometric matches.
[13:31:26.136723][info] 	- image pair (2008743663, 2129678330) contains 226 geometric matches.
[13:31:26.136723][info] 	- image pair (2008743663, 2131854708) contains 218 geometric matches.
[13:31:26.136723][info] 	- image pair (2008743663, 2132052518) contains 179 geometric matches.
[13:31:26.136723][info] 	- image pair (2124494862, 2129678330) contains 281 geometric matches.
[13:31:26.136723][info] 	- image pair (2124494862, 2131854708) contains 314 geometric matches.
[13:31:26.136723][info] 	- image pair (2124494862, 2132052518) contains 207 geometric matches.
[13:31:26.136723][info] Grid filtering
[13:31:26.147725][info] After grid filtering:
[13:31:26.147725][info] 	- image pair (527105644, 977463366) contains 100 geometric matches.
[13:31:26.147725][info] 	- image pair (527105644, 978679606) contains 101 geometric matches.
[13:31:26.147725][info] 	- image pair (527105644, 996447891) contains 148 geometric matches.
[13:31:26.147725][info] 	- image pair (527105644, 1033459250) contains 72 geometric matches.
[13:31:26.147725][info] 	- image pair (527105644, 1035244618) contains 100 geometric matches.
[13:31:26.147725][info] 	- image pair (527105644, 1221813292) contains 165 geometric matches.
[13:31:26.147725][info] 	- image pair (527105644, 1222112592) contains 132 geometric matches.
[13:31:26.147725][info] 	- image pair (527105644, 1242912901) contains 193 geometric matches.
[13:31:26.147725][info] 	- image pair (527105644, 1245772373) contains 290 geometric matches.
[13:31:26.147725][info] 	- image pair (527105644, 1308827016) contains 189 geometric matches.
[13:31:26.147725][info] 	- image pair (527105644, 1309695247) contains 420 geometric matches.
[13:31:26.147725][info] 	- image pair (527105644, 1318639942) contains 166 geometric matches.
[13:31:26.147725][info] 	- image pair (527105644, 1341977023) contains 281 geometric matches.
[13:31:26.148723][info] 	- image pair (527105644, 1351244161) contains 142 geometric matches.
[13:31:26.148723][info] 	- image pair (527105644, 1573027797) contains 95 geometric matches.
[13:31:26.148723][info] 	- image pair (527105644, 1614021945) contains 122 geometric matches.
[13:31:26.148723][info] 	- image pair (527105644, 2000851169) contains 255 geometric matches.
[13:31:26.148723][info] 	- image pair (527105644, 2008743663) contains 204 geometric matches.
[13:31:26.148723][info] 	- image pair (527105644, 2124494862) contains 274 geometric matches.
[13:31:26.148723][info] 	- image pair (527105644, 2129678330) contains 154 geometric matches.
[13:31:26.148723][info] 	- image pair (527105644, 2131854708) contains 165 geometric matches.
[13:31:26.148723][info] 	- image pair (527105644, 2132052518) contains 148 geometric matches.
[13:31:26.148723][info] 	- image pair (977463366, 978679606) contains 595 geometric matches.
[13:31:26.148723][info] 	- image pair (977463366, 996447891) contains 80 geometric matches.
[13:31:26.148723][info] 	- image pair (977463366, 1033459250) contains 309 geometric matches.
[13:31:26.148723][info] 	- image pair (977463366, 1035244618) contains 159 geometric matches.
[13:31:26.148723][info] 	- image pair (977463366, 1221813292) contains 112 geometric matches.
[13:31:26.148723][info] 	- image pair (977463366, 1222112592) contains 81 geometric matches.
[13:31:26.148723][info] 	- image pair (977463366, 1242912901) contains 70 geometric matches.
[13:31:26.148723][info] 	- image pair (977463366, 1245772373) contains 67 geometric matches.
[13:31:26.148723][info] 	- image pair (977463366, 1308827016) contains 113 geometric matches.
[13:31:26.148723][info] 	- image pair (977463366, 1309695247) contains 122 geometric matches.
[13:31:26.148723][info] 	- image pair (977463366, 1318639942) contains 97 geometric matches.
[13:31:26.148723][info] 	- image pair (977463366, 1341977023) contains 102 geometric matches.
[13:31:26.148723][info] 	- image pair (977463366, 1351244161) contains 97 geometric matches.
[13:31:26.148723][info] 	- image pair (977463366, 1573027797) contains 210 geometric matches.
[13:31:26.148723][info] 	- image pair (977463366, 1614021945) contains 463 geometric matches.
[13:31:26.148723][info] 	- image pair (977463366, 2000851169) contains 142 geometric matches.
[13:31:26.148723][info] 	- image pair (977463366, 2008743663) contains 105 geometric matches.
[13:31:26.148723][info] 	- image pair (977463366, 2124494862) contains 125 geometric matches.
[13:31:26.148723][info] 	- image pair (977463366, 2129678330) contains 271 geometric matches.
[13:31:26.148723][info] 	- image pair (977463366, 2131854708) contains 294 geometric matches.
[13:31:26.148723][info] 	- image pair (977463366, 2132052518) contains 424 geometric matches.
[13:31:26.148723][info] 	- image pair (978679606, 996447891) contains 71 geometric matches.
[13:31:26.148723][info] 	- image pair (978679606, 1033459250) contains 653 geometric matches.
[13:31:26.148723][info] 	- image pair (978679606, 1035244618) contains 234 geometric matches.
[13:31:26.148723][info] 	- image pair (978679606, 1221813292) contains 93 geometric matches.
[13:31:26.148723][info] 	- image pair (978679606, 1222112592) contains 75 geometric matches.
[13:31:26.148723][info] 	- image pair (978679606, 1245772373) contains 87 geometric matches.
[13:31:26.148723][info] 	- image pair (978679606, 1308827016) contains 95 geometric matches.
[13:31:26.148723][info] 	- image pair (978679606, 1309695247) contains 92 geometric matches.
[13:31:26.148723][info] 	- image pair (978679606, 1318639942) contains 88 geometric matches.
[13:31:26.148723][info] 	- image pair (978679606, 1341977023) contains 89 geometric matches.
[13:31:26.148723][info] 	- image pair (978679606, 1351244161) contains 86 geometric matches.
[13:31:26.148723][info] 	- image pair (978679606, 1573027797) contains 158 geometric matches.
[13:31:26.148723][info] 	- image pair (978679606, 1614021945) contains 285 geometric matches.
[13:31:26.148723][info] 	- image pair (978679606, 2000851169) contains 108 geometric matches.
[13:31:26.148723][info] 	- image pair (978679606, 2008743663) contains 91 geometric matches.
[13:31:26.148723][info] 	- image pair (978679606, 2124494862) contains 119 geometric matches.
[13:31:26.148723][info] 	- image pair (978679606, 2129678330) contains 180 geometric matches.
[13:31:26.148723][info] 	- image pair (978679606, 2131854708) contains 196 geometric matches.
[13:31:26.148723][info] 	- image pair (978679606, 2132052518) contains 224 geometric matches.
[13:31:26.148723][info] 	- image pair (996447891, 1033459250) contains 86 geometric matches.
[13:31:26.148723][info] 	- image pair (996447891, 1035244618) contains 83 geometric matches.
[13:31:26.148723][info] 	- image pair (996447891, 1221813292) contains 400 geometric matches.
[13:31:26.148723][info] 	- image pair (996447891, 1222112592) contains 89 geometric matches.
[13:31:26.148723][info] 	- image pair (996447891, 1242912901) contains 97 geometric matches.
[13:31:26.148723][info] 	- image pair (996447891, 1245772373) contains 120 geometric matches.
[13:31:26.148723][info] 	- image pair (996447891, 1308827016) contains 208 geometric matches.
[13:31:26.148723][info] 	- image pair (996447891, 1309695247) contains 141 geometric matches.
[13:31:26.148723][info] 	- image pair (996447891, 1318639942) contains 233 geometric matches.
[13:31:26.149722][info] 	- image pair (996447891, 1341977023) contains 149 geometric matches.
[13:31:26.149722][info] 	- image pair (996447891, 1351244161) contains 704 geometric matches.
[13:31:26.149722][info] 	- image pair (996447891, 1573027797) contains 83 geometric matches.
[13:31:26.149722][info] 	- image pair (996447891, 1614021945) contains 89 geometric matches.
[13:31:26.149722][info] 	- image pair (996447891, 2000851169) contains 182 geometric matches.
[13:31:26.149722][info] 	- image pair (996447891, 2008743663) contains 161 geometric matches.
[13:31:26.149722][info] 	- image pair (996447891, 2124494862) contains 168 geometric matches.
[13:31:26.149722][info] 	- image pair (996447891, 2129678330) contains 122 geometric matches.
[13:31:26.149722][info] 	- image pair (996447891, 2131854708) contains 105 geometric matches.
[13:31:26.149722][info] 	- image pair (996447891, 2132052518) contains 109 geometric matches.
[13:31:26.149722][info] 	- image pair (1033459250, 1035244618) contains 357 geometric matches.
[13:31:26.149722][info] 	- image pair (1033459250, 1221813292) contains 85 geometric matches.
[13:31:26.149722][info] 	- image pair (1033459250, 1222112592) contains 84 geometric matches.
[13:31:26.149722][info] 	- image pair (1033459250, 1242912901) contains 107 geometric matches.
[13:31:26.149722][info] 	- image pair (1033459250, 1245772373) contains 94 geometric matches.
[13:31:26.149722][info] 	- image pair (1033459250, 1308827016) contains 68 geometric matches.
[13:31:26.149722][info] 	- image pair (1033459250, 1309695247) contains 96 geometric matches.
[13:31:26.149722][info] 	- image pair (1033459250, 1318639942) contains 94 geometric matches.
[13:31:26.149722][info] 	- image pair (1033459250, 1341977023) contains 83 geometric matches.
[13:31:26.149722][info] 	- image pair (1033459250, 1351244161) contains 87 geometric matches.
[13:31:26.149722][info] 	- image pair (1033459250, 1573027797) contains 114 geometric matches.
[13:31:26.149722][info] 	- image pair (1033459250, 1614021945) contains 157 geometric matches.
[13:31:26.149722][info] 	- image pair (1033459250, 2000851169) contains 99 geometric matches.
[13:31:26.149722][info] 	- image pair (1033459250, 2008743663) contains 70 geometric matches.
[13:31:26.149722][info] 	- image pair (1033459250, 2124494862) contains 101 geometric matches.
[13:31:26.149722][info] 	- image pair (1033459250, 2129678330) contains 115 geometric matches.
[13:31:26.149722][info] 	- image pair (1033459250, 2131854708) contains 121 geometric matches.
[13:31:26.149722][info] 	- image pair (1033459250, 2132052518) contains 163 geometric matches.
[13:31:26.149722][info] 	- image pair (1035244618, 1221813292) contains 97 geometric matches.
[13:31:26.149722][info] 	- image pair (1035244618, 1222112592) contains 89 geometric matches.
[13:31:26.149722][info] 	- image pair (1035244618, 1242912901) contains 54 geometric matches.
[13:31:26.149722][info] 	- image pair (1035244618, 1245772373) contains 84 geometric matches.
[13:31:26.149722][info] 	- image pair (1035244618, 1308827016) contains 74 geometric matches.
[13:31:26.149722][info] 	- image pair (1035244618, 1309695247) contains 82 geometric matches.
[13:31:26.149722][info] 	- image pair (1035244618, 1318639942) contains 67 geometric matches.
[13:31:26.149722][info] 	- image pair (1035244618, 1341977023) contains 77 geometric matches.
[13:31:26.149722][info] 	- image pair (1035244618, 1351244161) contains 91 geometric matches.
[13:31:26.149722][info] 	- image pair (1035244618, 1573027797) contains 81 geometric matches.
[13:31:26.149722][info] 	- image pair (1035244618, 1614021945) contains 92 geometric matches.
[13:31:26.149722][info] 	- image pair (1035244618, 2000851169) contains 60 geometric matches.
[13:31:26.149722][info] 	- image pair (1035244618, 2008743663) contains 70 geometric matches.
[13:31:26.149722][info] 	- image pair (1035244618, 2124494862) contains 64 geometric matches.
[13:31:26.149722][info] 	- image pair (1035244618, 2129678330) contains 115 geometric matches.
[13:31:26.149722][info] 	- image pair (1035244618, 2131854708) contains 86 geometric matches.
[13:31:26.149722][info] 	- image pair (1035244618, 2132052518) contains 86 geometric matches.
[13:31:26.149722][info] 	- image pair (1221813292, 1222112592) contains 84 geometric matches.
[13:31:26.149722][info] 	- image pair (1221813292, 1242912901) contains 102 geometric matches.
[13:31:26.149722][info] 	- image pair (1221813292, 1245772373) contains 96 geometric matches.
[13:31:26.149722][info] 	- image pair (1221813292, 1308827016) contains 375 geometric matches.
[13:31:26.149722][info] 	- image pair (1221813292, 1309695247) contains 215 geometric matches.
[13:31:26.149722][info] 	- image pair (1221813292, 1318639942) contains 448 geometric matches.
[13:31:26.149722][info] 	- image pair (1221813292, 1341977023) contains 229 geometric matches.
[13:31:26.149722][info] 	- image pair (1221813292, 1351244161) contains 606 geometric matches.
[13:31:26.149722][info] 	- image pair (1221813292, 1573027797) contains 97 geometric matches.
[13:31:26.149722][info] 	- image pair (1221813292, 1614021945) contains 129 geometric matches.
[13:31:26.149722][info] 	- image pair (1221813292, 2000851169) contains 277 geometric matches.
[13:31:26.149722][info] 	- image pair (1221813292, 2008743663) contains 233 geometric matches.
[13:31:26.150720][info] 	- image pair (1221813292, 2124494862) contains 248 geometric matches.
[13:31:26.150720][info] 	- image pair (1221813292, 2129678330) contains 145 geometric matches.
[13:31:26.150720][info] 	- image pair (1221813292, 2131854708) contains 160 geometric matches.
[13:31:26.150720][info] 	- image pair (1221813292, 2132052518) contains 157 geometric matches.
[13:31:26.150720][info] 	- image pair (1222112592, 1242912901) contains 550 geometric matches.
[13:31:26.150720][info] 	- image pair (1222112592, 1245772373) contains 426 geometric matches.
[13:31:26.150720][info] 	- image pair (1222112592, 1308827016) contains 68 geometric matches.
[13:31:26.150720][info] 	- image pair (1222112592, 1309695247) contains 77 geometric matches.
[13:31:26.150720][info] 	- image pair (1222112592, 1318639942) contains 73 geometric matches.
[13:31:26.150720][info] 	- image pair (1222112592, 1341977023) contains 78 geometric matches.
[13:31:26.150720][info] 	- image pair (1222112592, 1351244161) contains 80 geometric matches.
[13:31:26.150720][info] 	- image pair (1222112592, 1573027797) contains 66 geometric matches.
[13:31:26.150720][info] 	- image pair (1222112592, 1614021945) contains 78 geometric matches.
[13:31:26.150720][info] 	- image pair (1222112592, 2000851169) contains 74 geometric matches.
[13:31:26.150720][info] 	- image pair (1222112592, 2008743663) contains 75 geometric matches.
[13:31:26.150720][info] 	- image pair (1222112592, 2124494862) contains 76 geometric matches.
[13:31:26.150720][info] 	- image pair (1222112592, 2131854708) contains 69 geometric matches.
[13:31:26.150720][info] 	- image pair (1222112592, 2132052518) contains 66 geometric matches.
[13:31:26.150720][info] 	- image pair (1242912901, 1245772373) contains 739 geometric matches.
[13:31:26.150720][info] 	- image pair (1242912901, 1308827016) contains 109 geometric matches.
[13:31:26.150720][info] 	- image pair (1242912901, 1309695247) contains 134 geometric matches.
[13:31:26.150720][info] 	- image pair (1242912901, 1318639942) contains 99 geometric matches.
[13:31:26.150720][info] 	- image pair (1242912901, 1341977023) contains 102 geometric matches.
[13:31:26.150720][info] 	- image pair (1242912901, 1351244161) contains 98 geometric matches.
[13:31:26.150720][info] 	- image pair (1242912901, 1573027797) contains 68 geometric matches.
[13:31:26.150720][info] 	- image pair (1242912901, 1614021945) contains 81 geometric matches.
[13:31:26.150720][info] 	- image pair (1242912901, 2000851169) contains 100 geometric matches.
[13:31:26.150720][info] 	- image pair (1242912901, 2008743663) contains 116 geometric matches.
[13:31:26.150720][info] 	- image pair (1242912901, 2124494862) contains 109 geometric matches.
[13:31:26.150720][info] 	- image pair (1242912901, 2129678330) contains 82 geometric matches.
[13:31:26.150720][info] 	- image pair (1242912901, 2131854708) contains 78 geometric matches.
[13:31:26.150720][info] 	- image pair (1242912901, 2132052518) contains 73 geometric matches.
[13:31:26.150720][info] 	- image pair (1245772373, 1308827016) contains 113 geometric matches.
[13:31:26.150720][info] 	- image pair (1245772373, 1309695247) contains 160 geometric matches.
[13:31:26.150720][info] 	- image pair (1245772373, 1318639942) contains 105 geometric matches.
[13:31:26.150720][info] 	- image pair (1245772373, 1341977023) contains 119 geometric matches.
[13:31:26.150720][info] 	- image pair (1245772373, 1351244161) contains 119 geometric matches.
[13:31:26.150720][info] 	- image pair (1245772373, 1573027797) contains 64 geometric matches.
[13:31:26.150720][info] 	- image pair (1245772373, 1614021945) contains 88 geometric matches.
[13:31:26.150720][info] 	- image pair (1245772373, 2000851169) contains 112 geometric matches.
[13:31:26.150720][info] 	- image pair (1245772373, 2008743663) contains 119 geometric matches.
[13:31:26.150720][info] 	- image pair (1245772373, 2124494862) contains 119 geometric matches.
[13:31:26.150720][info] 	- image pair (1245772373, 2129678330) contains 92 geometric matches.
[13:31:26.150720][info] 	- image pair (1245772373, 2131854708) contains 103 geometric matches.
[13:31:26.150720][info] 	- image pair (1245772373, 2132052518) contains 112 geometric matches.
[13:31:26.150720][info] 	- image pair (1308827016, 1309695247) contains 357 geometric matches.
[13:31:26.150720][info] 	- image pair (1308827016, 1318639942) contains 602 geometric matches.
[13:31:26.150720][info] 	- image pair (1308827016, 1341977023) contains 391 geometric matches.
[13:31:26.150720][info] 	- image pair (1308827016, 1351244161) contains 300 geometric matches.
[13:31:26.150720][info] 	- image pair (1308827016, 1573027797) contains 173 geometric matches.
[13:31:26.150720][info] 	- image pair (1308827016, 1614021945) contains 166 geometric matches.
[13:31:26.150720][info] 	- image pair (1308827016, 2000851169) contains 488 geometric matches.
[13:31:26.150720][info] 	- image pair (1308827016, 2008743663) contains 381 geometric matches.
[13:31:26.150720][info] 	- image pair (1308827016, 2124494862) contains 417 geometric matches.
[13:31:26.150720][info] 	- image pair (1308827016, 2129678330) contains 199 geometric matches.
[13:31:26.150720][info] 	- image pair (1308827016, 2131854708) contains 254 geometric matches.
[13:31:26.150720][info] 	- image pair (1308827016, 2132052518) contains 200 geometric matches.
[13:31:26.150720][info] 	- image pair (1309695247, 1318639942) contains 292 geometric matches.
[13:31:26.151720][info] 	- image pair (1309695247, 1341977023) contains 579 geometric matches.
[13:31:26.151720][info] 	- image pair (1309695247, 1351244161) contains 190 geometric matches.
[13:31:26.151720][info] 	- image pair (1309695247, 1573027797) contains 134 geometric matches.
[13:31:26.151720][info] 	- image pair (1309695247, 1614021945) contains 185 geometric matches.
[13:31:26.151720][info] 	- image pair (1309695247, 2000851169) contains 519 geometric matches.
[13:31:26.151720][info] 	- image pair (1309695247, 2008743663) contains 358 geometric matches.
[13:31:26.151720][info] 	- image pair (1309695247, 2124494862) contains 506 geometric matches.
[13:31:26.151720][info] 	- image pair (1309695247, 2129678330) contains 209 geometric matches.
[13:31:26.151720][info] 	- image pair (1309695247, 2131854708) contains 225 geometric matches.
[13:31:26.151720][info] 	- image pair (1309695247, 2132052518) contains 197 geometric matches.
[13:31:26.151720][info] 	- image pair (1318639942, 1341977023) contains 349 geometric matches.
[13:31:26.151720][info] 	- image pair (1318639942, 1351244161) contains 336 geometric matches.
[13:31:26.151720][info] 	- image pair (1318639942, 1573027797) contains 144 geometric matches.
[13:31:26.151720][info] 	- image pair (1318639942, 1614021945) contains 133 geometric matches.
[13:31:26.151720][info] 	- image pair (1318639942, 2000851169) contains 370 geometric matches.
[13:31:26.151720][info] 	- image pair (1318639942, 2008743663) contains 359 geometric matches.
[13:31:26.151720][info] 	- image pair (1318639942, 2124494862) contains 309 geometric matches.
[13:31:26.151720][info] 	- image pair (1318639942, 2129678330) contains 202 geometric matches.
[13:31:26.151720][info] 	- image pair (1318639942, 2131854708) contains 193 geometric matches.
[13:31:26.151720][info] 	- image pair (1318639942, 2132052518) contains 175 geometric matches.
[13:31:26.151720][info] 	- image pair (1341977023, 1351244161) contains 217 geometric matches.
[13:31:26.151720][info] 	- image pair (1341977023, 1573027797) contains 150 geometric matches.
[13:31:26.151720][info] 	- image pair (1341977023, 1614021945) contains 155 geometric matches.
[13:31:26.151720][info] 	- image pair (1341977023, 2000851169) contains 430 geometric matches.
[13:31:26.151720][info] 	- image pair (1341977023, 2008743663) contains 429 geometric matches.
[13:31:26.151720][info] 	- image pair (1341977023, 2124494862) contains 462 geometric matches.
[13:31:26.151720][info] 	- image pair (1341977023, 2129678330) contains 185 geometric matches.
[13:31:26.151720][info] 	- image pair (1341977023, 2131854708) contains 202 geometric matches.
[13:31:26.151720][info] 	- image pair (1341977023, 2132052518) contains 156 geometric matches.
[13:31:26.151720][info] 	- image pair (1351244161, 1573027797) contains 94 geometric matches.
[13:31:26.151720][info] 	- image pair (1351244161, 1614021945) contains 104 geometric matches.
[13:31:26.151720][info] 	- image pair (1351244161, 2000851169) contains 230 geometric matches.
[13:31:26.151720][info] 	- image pair (1351244161, 2008743663) contains 217 geometric matches.
[13:31:26.151720][info] 	- image pair (1351244161, 2124494862) contains 206 geometric matches.
[13:31:26.151720][info] 	- image pair (1351244161, 2129678330) contains 112 geometric matches.
[13:31:26.151720][info] 	- image pair (1351244161, 2131854708) contains 114 geometric matches.
[13:31:26.151720][info] 	- image pair (1351244161, 2132052518) contains 109 geometric matches.
[13:31:26.151720][info] 	- image pair (1573027797, 1614021945) contains 418 geometric matches.
[13:31:26.151720][info] 	- image pair (1573027797, 2000851169) contains 146 geometric matches.
[13:31:26.151720][info] 	- image pair (1573027797, 2008743663) contains 159 geometric matches.
[13:31:26.151720][info] 	- image pair (1573027797, 2124494862) contains 200 geometric matches.
[13:31:26.151720][info] 	- image pair (1573027797, 2129678330) contains 344 geometric matches.
[13:31:26.151720][info] 	- image pair (1573027797, 2131854708) contains 440 geometric matches.
[13:31:26.151720][info] 	- image pair (1573027797, 2132052518) contains 360 geometric matches.
[13:31:26.151720][info] 	- image pair (1614021945, 2000851169) contains 183 geometric matches.
[13:31:26.151720][info] 	- image pair (1614021945, 2008743663) contains 155 geometric matches.
[13:31:26.151720][info] 	- image pair (1614021945, 2124494862) contains 182 geometric matches.
[13:31:26.151720][info] 	- image pair (1614021945, 2129678330) contains 545 geometric matches.
[13:31:26.151720][info] 	- image pair (1614021945, 2131854708) contains 529 geometric matches.
[13:31:26.151720][info] 	- image pair (1614021945, 2132052518) contains 735 geometric matches.
[13:31:26.151720][info] 	- image pair (2000851169, 2008743663) contains 544 geometric matches.
[13:31:26.151720][info] 	- image pair (2000851169, 2124494862) contains 594 geometric matches.
[13:31:26.151720][info] 	- image pair (2000851169, 2129678330) contains 275 geometric matches.
[13:31:26.151720][info] 	- image pair (2000851169, 2131854708) contains 264 geometric matches.
[13:31:26.151720][info] 	- image pair (2000851169, 2132052518) contains 213 geometric matches.
[13:31:26.151720][info] 	- image pair (2008743663, 2124494862) contains 452 geometric matches.
[13:31:26.151720][info] 	- image pair (2008743663, 2129678330) contains 226 geometric matches.
[13:31:26.151720][info] 	- image pair (2008743663, 2131854708) contains 218 geometric matches.
[13:31:26.151720][info] 	- image pair (2008743663, 2132052518) contains 179 geometric matches.
[13:31:26.152720][info] 	- image pair (2124494862, 2129678330) contains 281 geometric matches.
[13:31:26.152720][info] 	- image pair (2124494862, 2131854708) contains 314 geometric matches.
[13:31:26.152720][info] 	- image pair (2124494862, 2132052518) contains 207 geometric matches.
[13:31:26.152720][info] Save geometric matches.
[13:31:26.204722][info] Task done in (s): 0.417000
