[2024-09-10 13:44:26.499659] [0x0000b880] [trace]   Embedded OCIO configuration file: 'D:\ly\stage3\Meshroom-2023.2.0-win64\Meshroom-2023.2.0\aliceVision/share/aliceVision/config.ocio' found.
Program called with the following parameters:
 * autoAdjustSmallImage = 1
 * chooseTCamsPerTile = 1
 * colorOptimizationEnabled = 1
 * colorOptimizationNbIterations = 100
 * customPatchPatternGroupSubpartsPerLevel = 0 (default)
 * customPatchPatternSubparts =  Unknown Type "class std::vector<struct aliceVision::depthMap::CustomPatchPatternParams::SubpartParams,class std::allocator<struct aliceVision::depthMap::CustomPatchPatternParams::SubpartParams> >" (default)
 * downscale = 2
 * exportIntermediateCrossVolumes = 0
 * exportIntermediateDepthSimMaps = 0
 * exportIntermediateNormalMaps = 0
 * exportIntermediateTopographicCutVolumes = 0
 * exportIntermediateVolume9pCsv = 0
 * exportIntermediateVolumes = 0
 * exportTilePattern = 0
 * imagesFolder = "D:/ly/stage3/gun11/MeshroomCache/PrepareDenseScene/7d31435a7c34256ddffde0c2d692bd2454cd50f7"
 * input = "D:/ly/stage3/gun11/MeshroomCache/StructureFromMotion/076bce891f482d5ec95c8e0d20496480a4031234/sfm.abc"
 * maxCoresAvailable =  Unknown Type "unsigned int" (default)
 * maxMemoryAvailable = 18446744073709551615 (default)
 * maxTCams = 10
 * maxViewAngle = 70
 * minViewAngle = 2
 * nbGPUs = 0
 * output = "D:/ly/stage3/gun11/MeshroomCache/DepthMap/567ec7bfd5b4a4a17fa53d0d8b51e7fca14bb8c6"
 * rangeSize = 3
 * rangeStart = 0
 * refineEnabled = 1
 * refineGammaC = 15.5
 * refineGammaP = 8
 * refineHalfNbDepths = 15
 * refineInterpolateMiddleDepth = 0
 * refineMaxTCamsPerTile = 4
 * refineScale = 1
 * refineSigma = 15
 * refineStepXY = 1
 * refineSubsampling = 10
 * refineUseConsistentScale = 0
 * refineUseCustomPatchPattern = 0
 * refineWSH = 3
 * sgmDepthListPerTile = 1
 * sgmDepthThicknessInflate = 0
 * sgmFilteringAxes = "YX"
 * sgmGammaC = 5.5
 * sgmGammaP = 8
 * sgmMaxDepths = 1500
 * sgmMaxSimilarity = 1
 * sgmMaxTCamsPerTile = 4
 * sgmP1 = 10
 * sgmP2Weighting = 100
 * sgmScale = 2
 * sgmSeedsRangeInflate = 0.2
 * sgmStepXY = 2
 * sgmStepZ = -1
 * sgmUseConsistentScale = 0
 * sgmUseCustomPatchPattern = 0
 * sgmUseSfmSeeds = 1
 * sgmWSH = 4
 * tileBufferHeight = 1024
 * tileBufferWidth = 1024
 * tilePadding = 64
 * verboseLevel = "info"

Hardware : 
	Detected core count : 16
	OpenMP will use 16 cores
	Detected available memory : 5342 Mo

[13:44:26.505655][info] CUDA-Enabled GPU.
Device information:
	- id:                      0
	- name:                    NVIDIA GeForce RTX 2060
	- compute capability:      7.5
	- clock frequency (kHz):   1350000
	- total device memory:     6143 MB 
	- device memory available: 5130 MB 
	- per-block shared memory: 49152
	- warp size:               32
	- max threads per block:   1024
	- max threads per SM(X):   1024
	- max block sizes:         {1024,1024,64}
	- max grid sizes:          {2147483647,65535,65535}
	- max 2D array texture:    {131072,65536}
	- max 3D array texture:    {16384,16384,16384}
	- max 2D linear texture:   {131072,65000,2097120}
	- max 2D layered texture:  {32768,32768,2048}
	- number of SM(x)s:        30
	- registers per SM(x):     65536
	- registers per block:     65536
	- concurrent kernels:      yes
	- mapping host memory:     yes
	- unified addressing:      yes
	- texture alignment:       512 byte
	- pitch alignment:         32 byte
CUDA build version: 11.6
[13:44:26.661226][info] Supported CUDA-Enabled GPU detected.
[13:44:26.762274][info] Found 1 image dimension(s): 
[13:44:26.762274][info] 	- [1920x1080]
[13:44:26.812270][info] Overall maximum dimension: [1920x1080]
[13:44:26.812270][warning] Tile buffer size (width: 1024, height: 1024) is larger than the maximum image size (width: 960, height: 540).
[13:44:26.812270][warning] Single tile computation, override SGM maximum number of T cameras per tile (before: 4, now: 10).
[13:44:26.812270][warning] Single tile computation, override Refine maximum number of T cameras per tile (before: 4, now: 10).
[13:44:26.812270][warning] Single tile computation, override SGM step XY (before: 2, now: 1).
[13:44:26.812270][info] Tiling information: 
	- parameters: 
	      - buffer width:  1024 px
	      - buffer height: 1024 px
	      - padding: 64 px
	- maximum downscale:  2
	- maximum image width:  960 px
	- maximum image height: 540 px
[13:44:26.812270][info] Maximum image size is smaller than one tile, use only one tile.
[13:44:26.812270][info] SGM parameters:
	- scale: 2
	- stepXY: 1
[13:44:26.812270][info] Refine parameters:
	- scale: 1
	- stepXY: 1
[13:44:26.812270][info] Number of GPU devices: 1, number of CPU threads: 16
[13:44:26.870082][info] Device memory:
	- available: 4104.7 MB
	- requirement for the first tile: 917.126 MB
	- # computation buffers per tile: 851.867 MB (Sgm: 757.867 MB, Refine: 94 MB)
	- # input images (R + 10 Ts): 65.2588 MB (single mipmap image size: 5.93262 MB)
[13:44:26.870082][info] Parallelization:
	- # tiles per image: 1
	- # simultaneous depth maps computation: 4
	- # simultaneous tiles computation: 4
[13:44:26.888073][info] Device memory (device id: 0):
	- used: 3570.44 MB
	- available: 2573.25 MB
	- total: 6143.69 MB
[13:44:31.861074][info] (rc: 0, tile: 1/1) Camera / Depth information: 
	- R camera:
	   - id: 0
	   - view id: 129029325
	   - depth planes: 768
	   - depths range: [0.108097-2.86555]
	- T cameras:
	   - T camera (1/10):
	      - id: 4
	      - view id: 632162072
	      - depth planes: 547
	      - depths range: [0.202764-2.86555]
	      - depth indexes range: [221-768]
	   - T camera (2/10):
	      - id: 39
	      - view id: 2101028400
	      - depth planes: 441
	      - depths range: [0.278791-2.86555]
	      - depth indexes range: [327-768]
	   - T camera (3/10):
	      - id: 16
	      - view id: 1024487586
	      - depth planes: 532
	      - depths range: [0.211483-2.86555]
	      - depth indexes range: [236-768]
	   - T camera (4/10):
	      - id: 17
	      - view id: 1025795440
	      - depth planes: 498
	      - depths range: [0.234163-2.86555]
	      - depth indexes range: [270-768]
	   - T camera (5/10):
	      - id: 29
	      - view id: 1565198011
	      - depth planes: 413
	      - depths range: [0.303379-2.86555]
	      - depth indexes range: [355-768]
	   - T camera (6/10):
	      - id: 38
	      - view id: 2099587247
	      - depth planes: 553
	      - depths range: [0.199412-2.86555]
	      - depth indexes range: [215-768]
	   - T camera (7/10):
	      - id: 30
	      - view id: 1571987938
	      - depth planes: 397
	      - depths range: [0.318983-2.86555]
	      - depth indexes range: [371-768]
	   - T camera (8/10):
	      - id: 3
	      - view id: 624237971
	      - depth planes: 628
	      - depths range: [0.160542-2.70591]
	      - depth indexes range: [136-764]
	   - T camera (9/10):
	      - id: 37
	      - view id: 2096309503
	      - depth planes: 713
	      - depths range: [0.108097-1.55687]
	      - depth indexes range: [0-713]
	   - T camera (10/10):
	      - id: 10
	      - view id: 654239993
	      - depth planes: 514
	      - depths range: [0.180148-1.33504]
	      - depth indexes range: [180-694]
[13:44:31.861074][info] (rc: 0, tile: 1/1) SGM depth/thickness map of view id: 129029325, rc: 0 (1 / 44).
[13:44:31.861074][info] (rc: 0, tile: 1/1) SGM Compute similarity volume.
[13:44:31.861074][info] (rc: 0, tile: 1/1) SGM Compute similarity volume done.
[13:44:31.861074][info] (rc: 0, tile: 1/1) SGM Optimizing volume (filtering axes: YX).
[13:44:32.892436][info] (rc: 0, tile: 1/1) SGM Optimizing volume done.
[13:44:32.892436][info] (rc: 0, tile: 1/1) SGM Retrieve best depth in volume.
[13:44:32.892436][info] (rc: 0, tile: 1/1) SGM Retrieve best depth in volume done.
[13:44:32.892436][info] (rc: 0, tile: 1/1) SGM depth/thickness map done.
[13:44:32.892436][info] (rc: 0, tile: 1/1) SGM Smooth thickness map.
[13:44:32.892436][info] (rc: 0, tile: 1/1) SGM Smooth thickness map done.
[13:44:32.892436][info] (rc: 0, tile: 1/1) Refine depth/sim map of view id: 129029325, rc: 0 (1 / 44).
[13:44:32.892436][info] (rc: 0, tile: 1/1) Refine and fuse depth/sim map volume.
[13:44:32.908436][info] (rc: 0, tile: 1/1) Refine and fuse depth/sim map volume done.
[13:44:32.908436][info] (rc: 0, tile: 1/1) Color optimize depth/sim map.
[13:44:32.955831][info] (rc: 0, tile: 1/1) Color optimize depth/sim map done.
[13:44:32.955831][info] (rc: 0, tile: 1/1) Refine depth/sim map done.
[13:44:32.958789][info] (rc: 1, tile: 1/1) Camera / Depth information: 
	- R camera:
	   - id: 1
	   - view id: 172794495
	   - depth planes: 714
	   - depths range: [0.145318-3.45959]
	- T cameras:
	   - T camera (1/10):
	      - id: 11
	      - view id: 677973350
	      - depth planes: 655
	      - depths range: [0.179366-3.45959]
	      - depth indexes range: [59-714]
	   - T camera (2/10):
	      - id: 6
	      - view id: 649804388
	      - depth planes: 399
	      - depths range: [0.343777-3.45959]
	      - depth indexes range: [315-714]
	   - T camera (3/10):
	      - id: 9
	      - view id: 653134701
	      - depth planes: 360
	      - depths range: [0.38876-3.45959]
	      - depth indexes range: [354-714]
	   - T camera (4/10):
	      - id: 7
	      - view id: 650892239
	      - depth planes: 382
	      - depths range: [0.362209-3.45959]
	      - depth indexes range: [332-714]
	   - T camera (5/10):
	      - id: 19
	      - view id: 1306415531
	      - depth planes: 480
	      - depths range: [0.281671-3.45959]
	      - depth indexes range: [234-714]
	   - T camera (6/10):
	      - id: 23
	      - view id: 1386499570
	      - depth planes: 478
	      - depths range: [0.282851-3.45959]
	      - depth indexes range: [236-714]
	   - T camera (7/10):
	      - id: 27
	      - view id: 1436902121
	      - depth planes: 491
	      - depths range: [0.275223-3.45959]
	      - depth indexes range: [223-714]
	   - T camera (8/10):
	      - id: 20
	      - view id: 1307761724
	      - depth planes: 483
	      - depths range: [0.279907-3.45959]
	      - depth indexes range: [231-714]
	   - T camera (9/10):
	      - id: 32
	      - view id: 2084173764
	      - depth planes: 498
	      - depths range: [0.271125-3.45959]
	      - depth indexes range: [216-714]
	   - T camera (10/10):
	      - id: 8
	      - view id: 651622489
	      - depth planes: 714
	      - depths range: [0.145318-3.45959]
	      - depth indexes range: [0-714]
[13:44:32.958789][info] (rc: 1, tile: 1/1) SGM depth/thickness map of view id: 172794495, rc: 1 (2 / 44).
[13:44:32.958789][info] (rc: 1, tile: 1/1) SGM Compute similarity volume.
[13:44:32.958789][info] (rc: 1, tile: 1/1) SGM Compute similarity volume done.
[13:44:32.958789][info] (rc: 1, tile: 1/1) SGM Optimizing volume (filtering axes: YX).
[13:44:34.152898][info] (rc: 1, tile: 1/1) SGM Optimizing volume done.
[13:44:34.152898][info] (rc: 1, tile: 1/1) SGM Retrieve best depth in volume.
[13:44:34.152898][info] (rc: 1, tile: 1/1) SGM Retrieve best depth in volume done.
[13:44:34.152898][info] (rc: 1, tile: 1/1) SGM depth/thickness map done.
[13:44:34.152898][info] (rc: 1, tile: 1/1) SGM Smooth thickness map.
[13:44:34.152898][info] (rc: 1, tile: 1/1) SGM Smooth thickness map done.
[13:44:34.152898][info] (rc: 1, tile: 1/1) Refine depth/sim map of view id: 172794495, rc: 1 (2 / 44).
[13:44:34.152898][info] (rc: 1, tile: 1/1) Refine and fuse depth/sim map volume.
[13:44:34.152898][info] (rc: 1, tile: 1/1) Refine and fuse depth/sim map volume done.
[13:44:34.152898][info] (rc: 1, tile: 1/1) Color optimize depth/sim map.
[13:44:34.200739][info] (rc: 1, tile: 1/1) Color optimize depth/sim map done.
[13:44:34.200739][info] (rc: 1, tile: 1/1) Refine depth/sim map done.
[13:44:34.202748][info] (rc: 2, tile: 1/1) Camera / Depth information: 
	- R camera:
	   - id: 2
	   - view id: 546979997
	   - depth planes: 69
	   - depths range: [0.795452-1.35715]
	- T cameras:
	   - T camera (1/10):
	      - id: 21
	      - view id: 1380113906
	      - depth planes: 69
	      - depths range: [0.795452-1.35715]
	      - depth indexes range: [0-69]
	   - T camera (2/10):
	      - id: 22
	      - view id: 1383503671
	      - depth planes: 69
	      - depths range: [0.795452-1.35715]
	      - depth indexes range: [0-69]
	   - T camera (3/10):
	      - id: 15
	      - view id: 726233714
	      - depth planes: 69
	      - depths range: [0.795452-1.35715]
	      - depth indexes range: [0-69]
	   - T camera (4/10):
	      - id: 25
	      - view id: 1402068656
	      - depth planes: 69
	      - depths range: [0.795452-1.35715]
	      - depth indexes range: [0-69]
	   - T camera (5/10):
	      - id: 33
	      - view id: 2087475946
	      - depth planes: 69
	      - depths range: [0.795452-1.35715]
	      - depth indexes range: [0-69]
	   - T camera (6/10):
	      - id: 23
	      - view id: 1386499570
	      - depth planes: 69
	      - depths range: [0.795452-1.35715]
	      - depth indexes range: [0-69]
	   - T camera (7/10):
	      - id: 14
	      - view id: 724921794
	      - depth planes: 69
	      - depths range: [0.795452-1.35715]
	      - depth indexes range: [0-69]
	   - T camera (8/10):
	      - id: 24
	      - view id: 1393281763
	      - depth planes: 69
	      - depths range: [0.795452-1.35715]
	      - depth indexes range: [0-69]
	   - T camera (9/10):
	      - id: 18
	      - view id: 1038306100
	      - depth planes: 69
	      - depths range: [0.795452-1.35715]
	      - depth indexes range: [0-69]
	   - T camera (10/10):
	      - id: 13
	      - view id: 721673428
	      - depth planes: 69
	      - depths range: [0.795452-1.35715]
	      - depth indexes range: [0-69]
[13:44:34.202748][info] (rc: 2, tile: 1/1) SGM depth/thickness map of view id: 546979997, rc: 2 (3 / 44).
[13:44:34.202748][info] (rc: 2, tile: 1/1) SGM Compute similarity volume.
[13:44:34.202748][info] (rc: 2, tile: 1/1) SGM Compute similarity volume done.
[13:44:34.202748][info] (rc: 2, tile: 1/1) SGM Optimizing volume (filtering axes: YX).
[13:44:34.627440][info] (rc: 2, tile: 1/1) SGM Optimizing volume done.
[13:44:34.627440][info] (rc: 2, tile: 1/1) SGM Retrieve best depth in volume.
[13:44:34.627440][info] (rc: 2, tile: 1/1) SGM Retrieve best depth in volume done.
[13:44:34.627440][info] (rc: 2, tile: 1/1) SGM depth/thickness map done.
[13:44:34.627440][info] (rc: 2, tile: 1/1) SGM Smooth thickness map.
[13:44:34.627440][info] (rc: 2, tile: 1/1) SGM Smooth thickness map done.
[13:44:34.627440][info] (rc: 2, tile: 1/1) Refine depth/sim map of view id: 546979997, rc: 2 (3 / 44).
[13:44:34.627440][info] (rc: 2, tile: 1/1) Refine and fuse depth/sim map volume.
[13:44:34.627440][info] (rc: 2, tile: 1/1) Refine and fuse depth/sim map volume done.
[13:44:34.627440][info] (rc: 2, tile: 1/1) Color optimize depth/sim map.
[13:44:34.629442][info] (rc: 2, tile: 1/1) Color optimize depth/sim map done.
[13:44:34.629442][info] (rc: 2, tile: 1/1) Refine depth/sim map done.
[13:44:34.823310][info] Task done in (s): 8.321000
