[2024-09-10 13:44:34.945346] [0x0000fd64] [trace]   Embedded OCIO configuration file: 'D:\ly\stage3\Meshroom-2023.2.0-win64\Meshroom-2023.2.0\aliceVision/share/aliceVision/config.ocio' found.
Program called with the following parameters:
 * autoAdjustSmallImage = 1
 * chooseTCamsPerTile = 1
 * colorOptimizationEnabled = 1
 * colorOptimizationNbIterations = 100
 * customPatchPatternGroupSubpartsPerLevel = 0 (default)
 * customPatchPatternSubparts =  Unknown Type "class std::vector<struct aliceVision::depthMap::CustomPatchPatternParams::SubpartParams,class std::allocator<struct aliceVision::depthMap::CustomPatchPatternParams::SubpartParams> >" (default)
 * downscale = 2
 * exportIntermediateCrossVolumes = 0
 * exportIntermediateDepthSimMaps = 0
 * exportIntermediateNormalMaps = 0
 * exportIntermediateTopographicCutVolumes = 0
 * exportIntermediateVolume9pCsv = 0
 * exportIntermediateVolumes = 0
 * exportTilePattern = 0
 * imagesFolder = "D:/ly/stage3/gun11/MeshroomCache/PrepareDenseScene/7d31435a7c34256ddffde0c2d692bd2454cd50f7"
 * input = "D:/ly/stage3/gun11/MeshroomCache/StructureFromMotion/076bce891f482d5ec95c8e0d20496480a4031234/sfm.abc"
 * maxCoresAvailable =  Unknown Type "unsigned int" (default)
 * maxMemoryAvailable = 18446744073709551615 (default)
 * maxTCams = 10
 * maxViewAngle = 70
 * minViewAngle = 2
 * nbGPUs = 0
 * output = "D:/ly/stage3/gun11/MeshroomCache/DepthMap/567ec7bfd5b4a4a17fa53d0d8b51e7fca14bb8c6"
 * rangeSize = 3
 * rangeStart = 3
 * refineEnabled = 1
 * refineGammaC = 15.5
 * refineGammaP = 8
 * refineHalfNbDepths = 15
 * refineInterpolateMiddleDepth = 0
 * refineMaxTCamsPerTile = 4
 * refineScale = 1
 * refineSigma = 15
 * refineStepXY = 1
 * refineSubsampling = 10
 * refineUseConsistentScale = 0
 * refineUseCustomPatchPattern = 0
 * refineWSH = 3
 * sgmDepthListPerTile = 1
 * sgmDepthThicknessInflate = 0
 * sgmFilteringAxes = "YX"
 * sgmGammaC = 5.5
 * sgmGammaP = 8
 * sgmMaxDepths = 1500
 * sgmMaxSimilarity = 1
 * sgmMaxTCamsPerTile = 4
 * sgmP1 = 10
 * sgmP2Weighting = 100
 * sgmScale = 2
 * sgmSeedsRangeInflate = 0.2
 * sgmStepXY = 2
 * sgmStepZ = -1
 * sgmUseConsistentScale = 0
 * sgmUseCustomPatchPattern = 0
 * sgmUseSfmSeeds = 1
 * sgmWSH = 4
 * tileBufferHeight = 1024
 * tileBufferWidth = 1024
 * tilePadding = 64
 * verboseLevel = "info"

Hardware : 
	Detected core count : 16
	OpenMP will use 16 cores
	Detected available memory : 5403 Mo

[13:44:34.951302][info] CUDA-Enabled GPU.
Device information:
	- id:                      0
	- name:                    NVIDIA GeForce RTX 2060
	- compute capability:      7.5
	- clock frequency (kHz):   1350000
	- total device memory:     6143 MB 
	- device memory available: 5130 MB 
	- per-block shared memory: 49152
	- warp size:               32
	- max threads per block:   1024
	- max threads per SM(X):   1024
	- max block sizes:         {1024,1024,64}
	- max grid sizes:          {2147483647,65535,65535}
	- max 2D array texture:    {131072,65536}
	- max 3D array texture:    {16384,16384,16384}
	- max 2D linear texture:   {131072,65000,2097120}
	- max 2D layered texture:  {32768,32768,2048}
	- number of SM(x)s:        30
	- registers per SM(x):     65536
	- registers per block:     65536
	- concurrent kernels:      yes
	- mapping host memory:     yes
	- unified addressing:      yes
	- texture alignment:       512 byte
	- pitch alignment:         32 byte
CUDA build version: 11.6
[13:44:35.053303][info] Supported CUDA-Enabled GPU detected.
[13:44:35.158347][info] Found 1 image dimension(s): 
[13:44:35.158347][info] 	- [1920x1080]
[13:44:35.207344][info] Overall maximum dimension: [1920x1080]
[13:44:35.207344][warning] Tile buffer size (width: 1024, height: 1024) is larger than the maximum image size (width: 960, height: 540).
[13:44:35.207344][warning] Single tile computation, override SGM maximum number of T cameras per tile (before: 4, now: 10).
[13:44:35.207344][warning] Single tile computation, override Refine maximum number of T cameras per tile (before: 4, now: 10).
[13:44:35.207344][warning] Single tile computation, override SGM step XY (before: 2, now: 1).
[13:44:35.207344][info] Tiling information: 
	- parameters: 
	      - buffer width:  1024 px
	      - buffer height: 1024 px
	      - padding: 64 px
	- maximum downscale:  2
	- maximum image width:  960 px
	- maximum image height: 540 px
[13:44:35.207344][info] Maximum image size is smaller than one tile, use only one tile.
[13:44:35.207344][info] SGM parameters:
	- scale: 2
	- stepXY: 1
[13:44:35.207344][info] Refine parameters:
	- scale: 1
	- stepXY: 1
[13:44:35.207344][info] Number of GPU devices: 1, number of CPU threads: 16
[13:44:35.248275][info] Device memory:
	- available: 4104.7 MB
	- requirement for the first tile: 917.126 MB
	- # computation buffers per tile: 851.867 MB (Sgm: 757.867 MB, Refine: 94 MB)
	- # input images (R + 10 Ts): 65.2588 MB (single mipmap image size: 5.93262 MB)
[13:44:35.248275][info] Parallelization:
	- # tiles per image: 1
	- # simultaneous depth maps computation: 4
	- # simultaneous tiles computation: 4
[13:44:35.267276][info] Device memory (device id: 0):
	- used: 3570.44 MB
	- available: 2573.25 MB
	- total: 6143.69 MB
[13:44:38.992783][info] (rc: 3, tile: 1/1) Camera / Depth information: 
	- R camera:
	   - id: 3
	   - view id: 624237971
	   - depth planes: 543
	   - depths range: [0.0964879-2.26156]
	- T cameras:
	   - T camera (1/10):
	      - id: 10
	      - view id: 654239993
	      - depth planes: 330
	      - depths range: [0.240609-2.26156]
	      - depth indexes range: [213-543]
	   - T camera (2/10):
	      - id: 29
	      - view id: 1565198011
	      - depth planes: 359
	      - depths range: [0.219516-2.26156]
	      - depth indexes range: [184-543]
	   - T camera (3/10):
	      - id: 30
	      - view id: 1571987938
	      - depth planes: 326
	      - depths range: [0.243549-2.26156]
	      - depth indexes range: [217-543]
	   - T camera (4/10):
	      - id: 17
	      - view id: 1025795440
	      - depth planes: 483
	      - depths range: [0.130315-2.26156]
	      - depth indexes range: [60-543]
	   - T camera (5/10):
	      - id: 40
	      - view id: 2104031122
	      - depth planes: 267
	      - depths range: [0.299095-2.26156]
	      - depth indexes range: [276-543]
	   - T camera (6/10):
	      - id: 0
	      - view id: 129029325
	      - depth planes: 543
	      - depths range: [0.0964879-2.26156]
	      - depth indexes range: [0-543]
	   - T camera (7/10):
	      - id: 39
	      - view id: 2101028400
	      - depth planes: 434
	      - depths range: [0.164967-2.26156]
	      - depth indexes range: [109-543]
	   - T camera (8/10):
	      - id: 16
	      - view id: 1024487586
	      - depth planes: 543
	      - depths range: [0.0964879-2.26156]
	      - depth indexes range: [0-543]
	   - T camera (9/10):
	      - id: 4
	      - view id: 632162072
	      - depth planes: 519
	      - depths range: [0.0964879-1.54301]
	      - depth indexes range: [0-519]
	   - T camera (10/10):
	      - id: 37
	      - view id: 2096309503
	      - depth planes: 500
	      - depths range: [0.0964879-1.22149]
	      - depth indexes range: [0-500]
[13:44:38.992783][info] (rc: 3, tile: 1/1) SGM depth/thickness map of view id: 624237971, rc: 3 (4 / 44).
[13:44:38.992783][info] (rc: 3, tile: 1/1) SGM Compute similarity volume.
[13:44:38.993787][info] (rc: 3, tile: 1/1) SGM Compute similarity volume done.
[13:44:38.993787][info] (rc: 3, tile: 1/1) SGM Optimizing volume (filtering axes: YX).
[13:44:39.816294][info] (rc: 3, tile: 1/1) SGM Optimizing volume done.
[13:44:39.816294][info] (rc: 3, tile: 1/1) SGM Retrieve best depth in volume.
[13:44:39.816294][info] (rc: 3, tile: 1/1) SGM Retrieve best depth in volume done.
[13:44:39.816294][info] (rc: 3, tile: 1/1) SGM depth/thickness map done.
[13:44:39.816294][info] (rc: 3, tile: 1/1) SGM Smooth thickness map.
[13:44:39.816294][info] (rc: 3, tile: 1/1) SGM Smooth thickness map done.
[13:44:39.816294][info] (rc: 3, tile: 1/1) Refine depth/sim map of view id: 624237971, rc: 3 (4 / 44).
[13:44:39.816294][info] (rc: 3, tile: 1/1) Refine and fuse depth/sim map volume.
[13:44:39.831298][info] (rc: 3, tile: 1/1) Refine and fuse depth/sim map volume done.
[13:44:39.831298][info] (rc: 3, tile: 1/1) Color optimize depth/sim map.
[13:44:39.862298][info] (rc: 3, tile: 1/1) Color optimize depth/sim map done.
[13:44:39.862298][info] (rc: 3, tile: 1/1) Refine depth/sim map done.
[13:44:39.865289][info] (rc: 4, tile: 1/1) Camera / Depth information: 
	- R camera:
	   - id: 4
	   - view id: 632162072
	   - depth planes: 857
	   - depths range: [0.0841933-3.57436]
	- T cameras:
	   - T camera (1/10):
	      - id: 10
	      - view id: 654239993
	      - depth planes: 487
	      - depths range: [0.316461-3.57436]
	      - depth indexes range: [370-857]
	   - T camera (2/10):
	      - id: 0
	      - view id: 129029325
	      - depth planes: 674
	      - depths range: [0.16376-3.57436]
	      - depth indexes range: [183-857]
	   - T camera (3/10):
	      - id: 29
	      - view id: 1565198011
	      - depth planes: 640
	      - depths range: [0.185606-3.57436]
	      - depth indexes range: [217-857]
	   - T camera (4/10):
	      - id: 30
	      - view id: 1571987938
	      - depth planes: 601
	      - depths range: [0.216908-3.57436]
	      - depth indexes range: [256-857]
	   - T camera (5/10):
	      - id: 40
	      - view id: 2104031122
	      - depth planes: 553
	      - depths range: [0.258825-3.57436]
	      - depth indexes range: [304-857]
	   - T camera (6/10):
	      - id: 23
	      - view id: 1386499570
	      - depth planes: 352
	      - depths range: [0.481148-3.57436]
	      - depth indexes range: [505-857]
	   - T camera (7/10):
	      - id: 37
	      - view id: 2096309503
	      - depth planes: 734
	      - depths range: [0.120877-2.65605]
	      - depth indexes range: [102-836]
	   - T camera (8/10):
	      - id: 17
	      - view id: 1025795440
	      - depth planes: 819
	      - depths range: [0.0841933-2.19434]
	      - depth indexes range: [0-819]
	   - T camera (9/10):
	      - id: 3
	      - view id: 624237971
	      - depth planes: 695
	      - depths range: [0.110812-1.46211]
	      - depth indexes range: [76-771]
	   - T camera (10/10):
	      - id: 39
	      - view id: 2101028400
	      - depth planes: 734
	      - depths range: [0.0968023-1.45186]
	      - depth indexes range: [36-770]
[13:44:39.865289][info] (rc: 4, tile: 1/1) SGM depth/thickness map of view id: 632162072, rc: 4 (5 / 44).
[13:44:39.865289][info] (rc: 4, tile: 1/1) SGM Compute similarity volume.
[13:44:39.865289][info] (rc: 4, tile: 1/1) SGM Compute similarity volume done.
[13:44:39.865289][info] (rc: 4, tile: 1/1) SGM Optimizing volume (filtering axes: YX).
[13:44:41.262384][info] (rc: 4, tile: 1/1) SGM Optimizing volume done.
[13:44:41.262384][info] (rc: 4, tile: 1/1) SGM Retrieve best depth in volume.
[13:44:41.262384][info] (rc: 4, tile: 1/1) SGM Retrieve best depth in volume done.
[13:44:41.262384][info] (rc: 4, tile: 1/1) SGM depth/thickness map done.
[13:44:41.262384][info] (rc: 4, tile: 1/1) SGM Smooth thickness map.
[13:44:41.262384][info] (rc: 4, tile: 1/1) SGM Smooth thickness map done.
[13:44:41.262384][info] (rc: 4, tile: 1/1) Refine depth/sim map of view id: 632162072, rc: 4 (5 / 44).
[13:44:41.262384][info] (rc: 4, tile: 1/1) Refine and fuse depth/sim map volume.
[13:44:41.262384][info] (rc: 4, tile: 1/1) Refine and fuse depth/sim map volume done.
[13:44:41.262384][info] (rc: 4, tile: 1/1) Color optimize depth/sim map.
[13:44:41.323647][info] (rc: 4, tile: 1/1) Color optimize depth/sim map done.
[13:44:41.323647][info] (rc: 4, tile: 1/1) Refine depth/sim map done.
[13:44:41.326641][info] (rc: 5, tile: 1/1) Camera / Depth information: 
	- R camera:
	   - id: 5
	   - view id: 646198035
	   - depth planes: 914
	   - depths range: [0.103106-3.17764]
	- T cameras:
	   - T camera (1/10):
	      - id: 9
	      - view id: 653134701
	      - depth planes: 743
	      - depths range: [0.204658-3.17764]
	      - depth indexes range: [171-914]
	   - T camera (2/10):
	      - id: 8
	      - view id: 651622489
	      - depth planes: 632
	      - depths range: [0.302569-3.17764]
	      - depth indexes range: [282-914]
	   - T camera (3/10):
	      - id: 11
	      - view id: 677973350
	      - depth planes: 706
	      - depths range: [0.23308-3.17764]
	      - depth indexes range: [208-914]
	   - T camera (4/10):
	      - id: 1
	      - view id: 172794495
	      - depth planes: 555
	      - depths range: [0.376605-3.17764]
	      - depth indexes range: [359-914]
	   - T camera (5/10):
	      - id: 20
	      - view id: 1307761724
	      - depth planes: 436
	      - depths range: [0.491175-3.17764]
	      - depth indexes range: [478-914]
	   - T camera (6/10):
	      - id: 32
	      - view id: 2084173764
	      - depth planes: 453
	      - depths range: [0.47468-3.17764]
	      - depth indexes range: [461-914]
	   - T camera (7/10):
	      - id: 27
	      - view id: 1436902121
	      - depth planes: 422
	      - depths range: [0.505161-3.17764]
	      - depth indexes range: [492-914]
	   - T camera (8/10):
	      - id: 34
	      - view id: 2089748241
	      - depth planes: 434
	      - depths range: [0.493122-3.17764]
	      - depth indexes range: [480-914]
	   - T camera (9/10):
	      - id: 7
	      - view id: 650892239
	      - depth planes: 810
	      - depths range: [0.149045-2.62945]
	      - depth indexes range: [87-897]
	   - T camera (10/10):
	      - id: 6
	      - view id: 649804388
	      - depth planes: 847
	      - depths range: [0.103106-1.74201]
	      - depth indexes range: [0-847]
[13:44:41.326641][info] (rc: 5, tile: 1/1) SGM depth/thickness map of view id: 646198035, rc: 5 (6 / 44).
[13:44:41.326641][info] (rc: 5, tile: 1/1) SGM Compute similarity volume.
[13:44:41.326641][info] (rc: 5, tile: 1/1) SGM Compute similarity volume done.
[13:44:41.326641][info] (rc: 5, tile: 1/1) SGM Optimizing volume (filtering axes: YX).
[13:44:42.793540][info] (rc: 5, tile: 1/1) SGM Optimizing volume done.
[13:44:42.793540][info] (rc: 5, tile: 1/1) SGM Retrieve best depth in volume.
[13:44:42.793540][info] (rc: 5, tile: 1/1) SGM Retrieve best depth in volume done.
[13:44:42.793540][info] (rc: 5, tile: 1/1) SGM depth/thickness map done.
[13:44:42.793540][info] (rc: 5, tile: 1/1) SGM Smooth thickness map.
[13:44:42.793540][info] (rc: 5, tile: 1/1) SGM Smooth thickness map done.
[13:44:42.793540][info] (rc: 5, tile: 1/1) Refine depth/sim map of view id: 646198035, rc: 5 (6 / 44).
[13:44:42.793540][info] (rc: 5, tile: 1/1) Refine and fuse depth/sim map volume.
[13:44:42.808660][info] (rc: 5, tile: 1/1) Refine and fuse depth/sim map volume done.
[13:44:42.808660][info] (rc: 5, tile: 1/1) Color optimize depth/sim map.
[13:44:42.870723][info] (rc: 5, tile: 1/1) Color optimize depth/sim map done.
[13:44:42.870723][info] (rc: 5, tile: 1/1) Refine depth/sim map done.
[13:44:43.295439][info] Task done in (s): 8.347000
