[2024-09-10 13:45:50.403538] [0x0000b158] [trace]   Embedded OCIO configuration file: 'D:\ly\stage3\Meshroom-2023.2.0-win64\Meshroom-2023.2.0\aliceVision/share/aliceVision/config.ocio' found.
Program called with the following parameters:
 * autoAdjustSmallImage = 1
 * chooseTCamsPerTile = 1
 * colorOptimizationEnabled = 1
 * colorOptimizationNbIterations = 100
 * customPatchPatternGroupSubpartsPerLevel = 0 (default)
 * customPatchPatternSubparts =  Unknown Type "class std::vector<struct aliceVision::depthMap::CustomPatchPatternParams::SubpartParams,class std::allocator<struct aliceVision::depthMap::CustomPatchPatternParams::SubpartParams> >" (default)
 * downscale = 2
 * exportIntermediateCrossVolumes = 0
 * exportIntermediateDepthSimMaps = 0
 * exportIntermediateNormalMaps = 0
 * exportIntermediateTopographicCutVolumes = 0
 * exportIntermediateVolume9pCsv = 0
 * exportIntermediateVolumes = 0
 * exportTilePattern = 0
 * imagesFolder = "D:/ly/stage3/gun11/MeshroomCache/PrepareDenseScene/7d31435a7c34256ddffde0c2d692bd2454cd50f7"
 * input = "D:/ly/stage3/gun11/MeshroomCache/StructureFromMotion/076bce891f482d5ec95c8e0d20496480a4031234/sfm.abc"
 * maxCoresAvailable =  Unknown Type "unsigned int" (default)
 * maxMemoryAvailable = 18446744073709551615 (default)
 * maxTCams = 10
 * maxViewAngle = 70
 * minViewAngle = 2
 * nbGPUs = 0
 * output = "D:/ly/stage3/gun11/MeshroomCache/DepthMap/567ec7bfd5b4a4a17fa53d0d8b51e7fca14bb8c6"
 * rangeSize = 3
 * rangeStart = 33
 * refineEnabled = 1
 * refineGammaC = 15.5
 * refineGammaP = 8
 * refineHalfNbDepths = 15
 * refineInterpolateMiddleDepth = 0
 * refineMaxTCamsPerTile = 4
 * refineScale = 1
 * refineSigma = 15
 * refineStepXY = 1
 * refineSubsampling = 10
 * refineUseConsistentScale = 0
 * refineUseCustomPatchPattern = 0
 * refineWSH = 3
 * sgmDepthListPerTile = 1
 * sgmDepthThicknessInflate = 0
 * sgmFilteringAxes = "YX"
 * sgmGammaC = 5.5
 * sgmGammaP = 8
 * sgmMaxDepths = 1500
 * sgmMaxSimilarity = 1
 * sgmMaxTCamsPerTile = 4
 * sgmP1 = 10
 * sgmP2Weighting = 100
 * sgmScale = 2
 * sgmSeedsRangeInflate = 0.2
 * sgmStepXY = 2
 * sgmStepZ = -1
 * sgmUseConsistentScale = 0
 * sgmUseCustomPatchPattern = 0
 * sgmUseSfmSeeds = 1
 * sgmWSH = 4
 * tileBufferHeight = 1024
 * tileBufferWidth = 1024
 * tilePadding = 64
 * verboseLevel = "info"

Hardware : 
	Detected core count : 16
	OpenMP will use 16 cores
	Detected available memory : 5386 Mo

[13:45:50.410502][info] CUDA-Enabled GPU.
Device information:
	- id:                      0
	- name:                    NVIDIA GeForce RTX 2060
	- compute capability:      7.5
	- clock frequency (kHz):   1350000
	- total device memory:     6143 MB 
	- device memory available: 5130 MB 
	- per-block shared memory: 49152
	- warp size:               32
	- max threads per block:   1024
	- max threads per SM(X):   1024
	- max block sizes:         {1024,1024,64}
	- max grid sizes:          {2147483647,65535,65535}
	- max 2D array texture:    {131072,65536}
	- max 3D array texture:    {16384,16384,16384}
	- max 2D linear texture:   {131072,65000,2097120}
	- max 2D layered texture:  {32768,32768,2048}
	- number of SM(x)s:        30
	- registers per SM(x):     65536
	- registers per block:     65536
	- concurrent kernels:      yes
	- mapping host memory:     yes
	- unified addressing:      yes
	- texture alignment:       512 byte
	- pitch alignment:         32 byte
CUDA build version: 11.6
[13:45:50.510497][info] Supported CUDA-Enabled GPU detected.
[13:45:50.634507][info] Found 1 image dimension(s): 
[13:45:50.634507][info] 	- [1920x1080]
[13:45:50.688541][info] Overall maximum dimension: [1920x1080]
[13:45:50.688541][warning] Tile buffer size (width: 1024, height: 1024) is larger than the maximum image size (width: 960, height: 540).
[13:45:50.688541][warning] Single tile computation, override SGM maximum number of T cameras per tile (before: 4, now: 10).
[13:45:50.688541][warning] Single tile computation, override Refine maximum number of T cameras per tile (before: 4, now: 10).
[13:45:50.689540][warning] Single tile computation, override SGM step XY (before: 2, now: 1).
[13:45:50.689540][info] Tiling information: 
	- parameters: 
	      - buffer width:  1024 px
	      - buffer height: 1024 px
	      - padding: 64 px
	- maximum downscale:  2
	- maximum image width:  960 px
	- maximum image height: 540 px
[13:45:50.689540][info] Maximum image size is smaller than one tile, use only one tile.
[13:45:50.689540][info] SGM parameters:
	- scale: 2
	- stepXY: 1
[13:45:50.689540][info] Refine parameters:
	- scale: 1
	- stepXY: 1
[13:45:50.689540][info] Number of GPU devices: 1, number of CPU threads: 16
[13:45:50.731507][info] Device memory:
	- available: 4104.7 MB
	- requirement for the first tile: 917.126 MB
	- # computation buffers per tile: 851.867 MB (Sgm: 757.867 MB, Refine: 94 MB)
	- # input images (R + 10 Ts): 65.2588 MB (single mipmap image size: 5.93262 MB)
[13:45:50.731507][info] Parallelization:
	- # tiles per image: 1
	- # simultaneous depth maps computation: 4
	- # simultaneous tiles computation: 4
[13:45:50.756535][info] Device memory (device id: 0):
	- used: 3570.44 MB
	- available: 2573.25 MB
	- total: 6143.69 MB
[13:45:55.761499][info] (rc: 33, tile: 1/1) Camera / Depth information: 
	- R camera:
	   - id: 33
	   - view id: 2087475946
	   - depth planes: 135
	   - depths range: [0.772237-1.42131]
	- T cameras:
	   - T camera (1/10):
	      - id: 18
	      - view id: 1038306100
	      - depth planes: 135
	      - depths range: [0.772237-1.42131]
	      - depth indexes range: [0-135]
	   - T camera (2/10):
	      - id: 2
	      - view id: 546979997
	      - depth planes: 135
	      - depths range: [0.772237-1.42131]
	      - depth indexes range: [0-135]
	   - T camera (3/10):
	      - id: 24
	      - view id: 1393281763
	      - depth planes: 135
	      - depths range: [0.772237-1.42131]
	      - depth indexes range: [0-135]
	   - T camera (4/10):
	      - id: 13
	      - view id: 721673428
	      - depth planes: 135
	      - depths range: [0.772237-1.42131]
	      - depth indexes range: [0-135]
	   - T camera (5/10):
	      - id: 42
	      - view id: 2137277251
	      - depth planes: 135
	      - depths range: [0.772237-1.42131]
	      - depth indexes range: [0-135]
	   - T camera (6/10):
	      - id: 14
	      - view id: 724921794
	      - depth planes: 135
	      - depths range: [0.772237-1.42131]
	      - depth indexes range: [0-135]
	   - T camera (7/10):
	      - id: 43
	      - view id: 2140708671
	      - depth planes: 135
	      - depths range: [0.772237-1.42131]
	      - depth indexes range: [0-135]
	   - T camera (8/10):
	      - id: 21
	      - view id: 1380113906
	      - depth planes: 135
	      - depths range: [0.772237-1.42131]
	      - depth indexes range: [0-135]
	   - T camera (9/10):
	      - id: 22
	      - view id: 1383503671
	      - depth planes: 135
	      - depths range: [0.772237-1.42131]
	      - depth indexes range: [0-135]
	   - T camera (10/10):
	      - id: 25
	      - view id: 1402068656
	      - depth planes: 135
	      - depths range: [0.772237-1.42131]
	      - depth indexes range: [0-135]
[13:45:55.761499][info] (rc: 33, tile: 1/1) SGM depth/thickness map of view id: 2087475946, rc: 33 (34 / 44).
[13:45:55.761499][info] (rc: 33, tile: 1/1) SGM Compute similarity volume.
[13:45:55.762499][info] (rc: 33, tile: 1/1) SGM Compute similarity volume done.
[13:45:55.762499][info] (rc: 33, tile: 1/1) SGM Optimizing volume (filtering axes: YX).
[13:45:56.087501][info] (rc: 33, tile: 1/1) SGM Optimizing volume done.
[13:45:56.087501][info] (rc: 33, tile: 1/1) SGM Retrieve best depth in volume.
[13:45:56.087501][info] (rc: 33, tile: 1/1) SGM Retrieve best depth in volume done.
[13:45:56.087501][info] (rc: 33, tile: 1/1) SGM depth/thickness map done.
[13:45:56.087501][info] (rc: 33, tile: 1/1) SGM Smooth thickness map.
[13:45:56.087501][info] (rc: 33, tile: 1/1) SGM Smooth thickness map done.
[13:45:56.087501][info] (rc: 33, tile: 1/1) Refine depth/sim map of view id: 2087475946, rc: 33 (34 / 44).
[13:45:56.087501][info] (rc: 33, tile: 1/1) Refine and fuse depth/sim map volume.
[13:45:56.088500][info] (rc: 33, tile: 1/1) Refine and fuse depth/sim map volume done.
[13:45:56.088500][info] (rc: 33, tile: 1/1) Color optimize depth/sim map.
[13:45:56.101498][info] (rc: 33, tile: 1/1) Color optimize depth/sim map done.
[13:45:56.101498][info] (rc: 33, tile: 1/1) Refine depth/sim map done.
[13:45:56.104498][info] (rc: 34, tile: 1/1) Camera / Depth information: 
	- R camera:
	   - id: 34
	   - view id: 2089748241
	   - depth planes: 636
	   - depths range: [0.0423178-2.14157]
	- T cameras:
	   - T camera (1/10):
	      - id: 30
	      - view id: 1571987938
	      - depth planes: 237
	      - depths range: [0.244617-2.14157]
	      - depth indexes range: [399-636]
	   - T camera (2/10):
	      - id: 41
	      - view id: 2135187765
	      - depth planes: 365
	      - depths range: [0.13007-2.14157]
	      - depth indexes range: [271-636]
	   - T camera (3/10):
	      - id: 15
	      - view id: 726233714
	      - depth planes: 304
	      - depths range: [0.170326-2.14157]
	      - depth indexes range: [332-636]
	   - T camera (4/10):
	      - id: 23
	      - view id: 1386499570
	      - depth planes: 450
	      - depths range: [0.0826999-1.24306]
	      - depth indexes range: [158-608]
	   - T camera (5/10):
	      - id: 19
	      - view id: 1306415531
	      - depth planes: 484
	      - depths range: [0.0732851-1.22416]
	      - depth indexes range: [123-607]
	   - T camera (6/10):
	      - id: 32
	      - view id: 2084173764
	      - depth planes: 526
	      - depths range: [0.0596559-1.04695]
	      - depth indexes range: [70-596]
	   - T camera (7/10):
	      - id: 31
	      - view id: 1578228476
	      - depth planes: 614
	      - depths range: [0.0423178-1.3689]
	      - depth indexes range: [0-614]
	   - T camera (8/10):
	      - id: 20
	      - view id: 1307761724
	      - depth planes: 453
	      - depths range: [0.0816185-1.22416]
	      - depth indexes range: [154-607]
	   - T camera (9/10):
	      - id: 12
	      - view id: 712355772
	      - depth planes: 436
	      - depths range: [0.0882001-1.3463]
	      - depth indexes range: [177-613]
	   - T camera (10/10):
	      - id: 22
	      - view id: 1383503671
	      - depth planes: 496
	      - depths range: [0.0712232-1.30314]
	      - depth indexes range: [115-611]
[13:45:56.104498][info] (rc: 34, tile: 1/1) SGM depth/thickness map of view id: 2089748241, rc: 34 (35 / 44).
[13:45:56.104498][info] (rc: 34, tile: 1/1) SGM Compute similarity volume.
[13:45:56.104498][info] (rc: 34, tile: 1/1) SGM Compute similarity volume done.
[13:45:56.104498][info] (rc: 34, tile: 1/1) SGM Optimizing volume (filtering axes: YX).
[13:45:57.117508][info] (rc: 34, tile: 1/1) SGM Optimizing volume done.
[13:45:57.117508][info] (rc: 34, tile: 1/1) SGM Retrieve best depth in volume.
[13:45:57.117508][info] (rc: 34, tile: 1/1) SGM Retrieve best depth in volume done.
[13:45:57.117508][info] (rc: 34, tile: 1/1) SGM depth/thickness map done.
[13:45:57.117508][info] (rc: 34, tile: 1/1) SGM Smooth thickness map.
[13:45:57.117508][info] (rc: 34, tile: 1/1) SGM Smooth thickness map done.
[13:45:57.117508][info] (rc: 34, tile: 1/1) Refine depth/sim map of view id: 2089748241, rc: 34 (35 / 44).
[13:45:57.117508][info] (rc: 34, tile: 1/1) Refine and fuse depth/sim map volume.
[13:45:57.117508][info] (rc: 34, tile: 1/1) Refine and fuse depth/sim map volume done.
[13:45:57.117508][info] (rc: 34, tile: 1/1) Color optimize depth/sim map.
[13:45:57.162507][info] (rc: 34, tile: 1/1) Color optimize depth/sim map done.
[13:45:57.162507][info] (rc: 34, tile: 1/1) Refine depth/sim map done.
[13:45:57.165507][info] (rc: 35, tile: 1/1) Camera / Depth information: 
	- R camera:
	   - id: 35
	   - view id: 2091542392
	   - depth planes: 861
	   - depths range: [0.0586604-2.76521]
	- T cameras:
	   - T camera (1/10):
	      - id: 30
	      - view id: 1571987938
	      - depth planes: 449
	      - depths range: [0.258395-2.76521]
	      - depth indexes range: [412-861]
	   - T camera (2/10):
	      - id: 29
	      - view id: 1565198011
	      - depth planes: 414
	      - depths range: [0.290788-2.76521]
	      - depth indexes range: [447-861]
	   - T camera (3/10):
	      - id: 40
	      - view id: 2104031122
	      - depth planes: 405
	      - depths range: [0.299118-2.76521]
	      - depth indexes range: [456-861]
	   - T camera (4/10):
	      - id: 17
	      - view id: 1025795440
	      - depth planes: 294
	      - depths range: [0.424864-2.76521]
	      - depth indexes range: [567-861]
	   - T camera (5/10):
	      - id: 39
	      - view id: 2101028400
	      - depth planes: 339
	      - depths range: [0.369065-2.76521]
	      - depth indexes range: [522-861]
	   - T camera (6/10):
	      - id: 41
	      - view id: 2135187765
	      - depth planes: 579
	      - depths range: [0.148101-2.18421]
	      - depth indexes range: [266-845]
	   - T camera (7/10):
	      - id: 23
	      - view id: 1386499570
	      - depth planes: 598
	      - depths range: [0.126319-1.4863]
	      - depth indexes range: [212-810]
	   - T camera (8/10):
	      - id: 20
	      - view id: 1307761724
	      - depth planes: 601
	      - depths range: [0.125325-1.4863]
	      - depth indexes range: [209-810]
	   - T camera (9/10):
	      - id: 19
	      - view id: 1306415531
	      - depth planes: 623
	      - depths range: [0.116426-1.42037]
	      - depth indexes range: [182-805]
	   - T camera (10/10):
	      - id: 31
	      - view id: 1578228476
	      - depth planes: 790
	      - depths range: [0.0586604-1.25228]
	      - depth indexes range: [0-790]
[13:45:57.165507][info] (rc: 35, tile: 1/1) SGM depth/thickness map of view id: 2091542392, rc: 35 (36 / 44).
[13:45:57.165507][info] (rc: 35, tile: 1/1) SGM Compute similarity volume.
[13:45:57.165507][info] (rc: 35, tile: 1/1) SGM Compute similarity volume done.
[13:45:57.165507][info] (rc: 35, tile: 1/1) SGM Optimizing volume (filtering axes: YX).
[13:45:58.650424][info] (rc: 35, tile: 1/1) SGM Optimizing volume done.
[13:45:58.650424][info] (rc: 35, tile: 1/1) SGM Retrieve best depth in volume.
[13:45:58.650424][info] (rc: 35, tile: 1/1) SGM Retrieve best depth in volume done.
[13:45:58.650424][info] (rc: 35, tile: 1/1) SGM depth/thickness map done.
[13:45:58.650424][info] (rc: 35, tile: 1/1) SGM Smooth thickness map.
[13:45:58.650424][info] (rc: 35, tile: 1/1) SGM Smooth thickness map done.
[13:45:58.650424][info] (rc: 35, tile: 1/1) Refine depth/sim map of view id: 2091542392, rc: 35 (36 / 44).
[13:45:58.650424][info] (rc: 35, tile: 1/1) Refine and fuse depth/sim map volume.
[13:45:58.650424][info] (rc: 35, tile: 1/1) Refine and fuse depth/sim map volume done.
[13:45:58.650424][info] (rc: 35, tile: 1/1) Color optimize depth/sim map.
[13:45:58.714093][info] (rc: 35, tile: 1/1) Color optimize depth/sim map done.
[13:45:58.714093][info] (rc: 35, tile: 1/1) Refine depth/sim map done.
[13:45:59.154719][info] Task done in (s): 8.748000
