[2024-09-10 13:45:59.288714] [0x00007698] [trace]   Embedded OCIO configuration file: 'D:\ly\stage3\Meshroom-2023.2.0-win64\Meshroom-2023.2.0\aliceVision/share/aliceVision/config.ocio' found.
Program called with the following parameters:
 * autoAdjustSmallImage = 1
 * chooseTCamsPerTile = 1
 * colorOptimizationEnabled = 1
 * colorOptimizationNbIterations = 100
 * customPatchPatternGroupSubpartsPerLevel = 0 (default)
 * customPatchPatternSubparts =  Unknown Type "class std::vector<struct aliceVision::depthMap::CustomPatchPatternParams::SubpartParams,class std::allocator<struct aliceVision::depthMap::CustomPatchPatternParams::SubpartParams> >" (default)
 * downscale = 2
 * exportIntermediateCrossVolumes = 0
 * exportIntermediateDepthSimMaps = 0
 * exportIntermediateNormalMaps = 0
 * exportIntermediateTopographicCutVolumes = 0
 * exportIntermediateVolume9pCsv = 0
 * exportIntermediateVolumes = 0
 * exportTilePattern = 0
 * imagesFolder = "D:/ly/stage3/gun11/MeshroomCache/PrepareDenseScene/7d31435a7c34256ddffde0c2d692bd2454cd50f7"
 * input = "D:/ly/stage3/gun11/MeshroomCache/StructureFromMotion/076bce891f482d5ec95c8e0d20496480a4031234/sfm.abc"
 * maxCoresAvailable =  Unknown Type "unsigned int" (default)
 * maxMemoryAvailable = 18446744073709551615 (default)
 * maxTCams = 10
 * maxViewAngle = 70
 * minViewAngle = 2
 * nbGPUs = 0
 * output = "D:/ly/stage3/gun11/MeshroomCache/DepthMap/567ec7bfd5b4a4a17fa53d0d8b51e7fca14bb8c6"
 * rangeSize = 3
 * rangeStart = 36
 * refineEnabled = 1
 * refineGammaC = 15.5
 * refineGammaP = 8
 * refineHalfNbDepths = 15
 * refineInterpolateMiddleDepth = 0
 * refineMaxTCamsPerTile = 4
 * refineScale = 1
 * refineSigma = 15
 * refineStepXY = 1
 * refineSubsampling = 10
 * refineUseConsistentScale = 0
 * refineUseCustomPatchPattern = 0
 * refineWSH = 3
 * sgmDepthListPerTile = 1
 * sgmDepthThicknessInflate = 0
 * sgmFilteringAxes = "YX"
 * sgmGammaC = 5.5
 * sgmGammaP = 8
 * sgmMaxDepths = 1500
 * sgmMaxSimilarity = 1
 * sgmMaxTCamsPerTile = 4
 * sgmP1 = 10
 * sgmP2Weighting = 100
 * sgmScale = 2
 * sgmSeedsRangeInflate = 0.2
 * sgmStepXY = 2
 * sgmStepZ = -1
 * sgmUseConsistentScale = 0
 * sgmUseCustomPatchPattern = 0
 * sgmUseSfmSeeds = 1
 * sgmWSH = 4
 * tileBufferHeight = 1024
 * tileBufferWidth = 1024
 * tilePadding = 64
 * verboseLevel = "info"

Hardware : 
	Detected core count : 16
	OpenMP will use 16 cores
	Detected available memory : 5414 Mo

[13:45:59.294715][info] CUDA-Enabled GPU.
Device information:
	- id:                      0
	- name:                    NVIDIA GeForce RTX 2060
	- compute capability:      7.5
	- clock frequency (kHz):   1350000
	- total device memory:     6143 MB 
	- device memory available: 5130 MB 
	- per-block shared memory: 49152
	- warp size:               32
	- max threads per block:   1024
	- max threads per SM(X):   1024
	- max block sizes:         {1024,1024,64}
	- max grid sizes:          {2147483647,65535,65535}
	- max 2D array texture:    {131072,65536}
	- max 3D array texture:    {16384,16384,16384}
	- max 2D linear texture:   {131072,65000,2097120}
	- max 2D layered texture:  {32768,32768,2048}
	- number of SM(x)s:        30
	- registers per SM(x):     65536
	- registers per block:     65536
	- concurrent kernels:      yes
	- mapping host memory:     yes
	- unified addressing:      yes
	- texture alignment:       512 byte
	- pitch alignment:         32 byte
CUDA build version: 11.6
[13:45:59.382715][info] Supported CUDA-Enabled GPU detected.
[13:45:59.517736][info] Found 1 image dimension(s): 
[13:45:59.517736][info] 	- [1920x1080]
[13:45:59.573711][info] Overall maximum dimension: [1920x1080]
[13:45:59.573711][warning] Tile buffer size (width: 1024, height: 1024) is larger than the maximum image size (width: 960, height: 540).
[13:45:59.573711][warning] Single tile computation, override SGM maximum number of T cameras per tile (before: 4, now: 10).
[13:45:59.573711][warning] Single tile computation, override Refine maximum number of T cameras per tile (before: 4, now: 10).
[13:45:59.573711][warning] Single tile computation, override SGM step XY (before: 2, now: 1).
[13:45:59.573711][info] Tiling information: 
	- parameters: 
	      - buffer width:  1024 px
	      - buffer height: 1024 px
	      - padding: 64 px
	- maximum downscale:  2
	- maximum image width:  960 px
	- maximum image height: 540 px
[13:45:59.573711][info] Maximum image size is smaller than one tile, use only one tile.
[13:45:59.573711][info] SGM parameters:
	- scale: 2
	- stepXY: 1
[13:45:59.573711][info] Refine parameters:
	- scale: 1
	- stepXY: 1
[13:45:59.573711][info] Number of GPU devices: 1, number of CPU threads: 16
[13:45:59.619709][info] Device memory:
	- available: 4104.7 MB
	- requirement for the first tile: 917.126 MB
	- # computation buffers per tile: 851.867 MB (Sgm: 757.867 MB, Refine: 94 MB)
	- # input images (R + 10 Ts): 65.2588 MB (single mipmap image size: 5.93262 MB)
[13:45:59.619709][info] Parallelization:
	- # tiles per image: 1
	- # simultaneous depth maps computation: 4
	- # simultaneous tiles computation: 4
[13:45:59.644712][info] Device memory (device id: 0):
	- used: 3570.44 MB
	- available: 2573.25 MB
	- total: 6143.69 MB
[13:46:03.794712][info] (rc: 36, tile: 1/1) Camera / Depth information: 
	- R camera:
	   - id: 36
	   - view id: 2092363721
	   - depth planes: 740
	   - depths range: [0.018177-3.80585]
	- T cameras:
	   - T camera (1/10):
	      - id: 30
	      - view id: 1571987938
	      - depth planes: 299
	      - depths range: [0.23188-3.80585]
	      - depth indexes range: [441-740]
	   - T camera (2/10):
	      - id: 29
	      - view id: 1565198011
	      - depth planes: 271
	      - depths range: [0.266011-3.80585]
	      - depth indexes range: [469-740]
	   - T camera (3/10):
	      - id: 41
	      - view id: 2135187765
	      - depth planes: 413
	      - depths range: [0.114719-2.03468]
	      - depth indexes range: [304-717]
	   - T camera (4/10):
	      - id: 15
	      - view id: 726233714
	      - depth planes: 337
	      - depths range: [0.168584-2.26799]
	      - depth indexes range: [385-722]
	   - T camera (5/10):
	      - id: 23
	      - view id: 1386499570
	      - depth planes: 446
	      - depths range: [0.097048-1.59953]
	      - depth indexes range: [258-704]
	   - T camera (6/10):
	      - id: 20
	      - view id: 1307761724
	      - depth planes: 448
	      - depths range: [0.0960823-1.5733]
	      - depth indexes range: [255-703]
	   - T camera (7/10):
	      - id: 19
	      - view id: 1306415531
	      - depth planes: 471
	      - depths range: [0.0877465-1.49927]
	      - depth indexes range: [229-700]
	   - T camera (8/10):
	      - id: 12
	      - view id: 712355772
	      - depth planes: 482
	      - depths range: [0.085883-1.62659]
	      - depth indexes range: [223-705]
	   - T camera (9/10):
	      - id: 27
	      - view id: 1436902121
	      - depth planes: 694
	      - depths range: [0.018177-1.36929]
	      - depth indexes range: [0-694]
	   - T camera (10/10):
	      - id: 32
	      - view id: 2084173764
	      - depth planes: 502
	      - depths range: [0.0756369-1.33054]
	      - depth indexes range: [190-692]
[13:46:03.794712][info] (rc: 36, tile: 1/1) SGM depth/thickness map of view id: 2092363721, rc: 36 (37 / 44).
[13:46:03.794712][info] (rc: 36, tile: 1/1) SGM Compute similarity volume.
[13:46:03.794712][info] (rc: 36, tile: 1/1) SGM Compute similarity volume done.
[13:46:03.794712][info] (rc: 36, tile: 1/1) SGM Optimizing volume (filtering axes: YX).
[13:46:04.792712][info] (rc: 36, tile: 1/1) SGM Optimizing volume done.
[13:46:04.792712][info] (rc: 36, tile: 1/1) SGM Retrieve best depth in volume.
[13:46:04.792712][info] (rc: 36, tile: 1/1) SGM Retrieve best depth in volume done.
[13:46:04.792712][info] (rc: 36, tile: 1/1) SGM depth/thickness map done.
[13:46:04.792712][info] (rc: 36, tile: 1/1) SGM Smooth thickness map.
[13:46:04.792712][info] (rc: 36, tile: 1/1) SGM Smooth thickness map done.
[13:46:04.792712][info] (rc: 36, tile: 1/1) Refine depth/sim map of view id: 2092363721, rc: 36 (37 / 44).
[13:46:04.792712][info] (rc: 36, tile: 1/1) Refine and fuse depth/sim map volume.
[13:46:04.792712][info] (rc: 36, tile: 1/1) Refine and fuse depth/sim map volume done.
[13:46:04.793712][info] (rc: 36, tile: 1/1) Color optimize depth/sim map.
[13:46:04.853710][info] (rc: 36, tile: 1/1) Color optimize depth/sim map done.
[13:46:04.853710][info] (rc: 36, tile: 1/1) Refine depth/sim map done.
[13:46:04.856711][info] (rc: 37, tile: 1/1) Camera / Depth information: 
	- R camera:
	   - id: 37
	   - view id: 2096309503
	   - depth planes: 789
	   - depths range: [0.0742897-3.40841]
	- T cameras:
	   - T camera (1/10):
	      - id: 17
	      - view id: 1025795440
	      - depth planes: 509
	      - depths range: [0.177548-3.40841]
	      - depth indexes range: [280-789]
	   - T camera (2/10):
	      - id: 39
	      - view id: 2101028400
	      - depth planes: 457
	      - depths range: [0.212465-3.40841]
	      - depth indexes range: [332-789]
	   - T camera (3/10):
	      - id: 30
	      - view id: 1571987938
	      - depth planes: 385
	      - depths range: [0.273102-3.40841]
	      - depth indexes range: [404-789]
	   - T camera (4/10):
	      - id: 29
	      - view id: 1565198011
	      - depth planes: 407
	      - depths range: [0.25293-3.40841]
	      - depth indexes range: [382-789]
	   - T camera (5/10):
	      - id: 16
	      - view id: 1024487586
	      - depth planes: 560
	      - depths range: [0.14871-3.40841]
	      - depth indexes range: [229-789]
	   - T camera (6/10):
	      - id: 10
	      - view id: 654239993
	      - depth planes: 388
	      - depths range: [0.25831-2.66722]
	      - depth indexes range: [388-776]
	   - T camera (7/10):
	      - id: 4
	      - view id: 632162072
	      - depth planes: 581
	      - depths range: [0.134101-2.76035]
	      - depth indexes range: [197-778]
	   - T camera (8/10):
	      - id: 38
	      - view id: 2099587247
	      - depth planes: 598
	      - depths range: [0.119195-2.06599]
	      - depth indexes range: [161-759]
	   - T camera (9/10):
	      - id: 0
	      - view id: 129029325
	      - depth planes: 732
	      - depths range: [0.0742897-1.50744]
	      - depth indexes range: [0-732]
	   - T camera (10/10):
	      - id: 3
	      - view id: 624237971
	      - depth planes: 663
	      - depths range: [0.0825237-1.17565]
	      - depth indexes range: [42-705]
[13:46:04.856711][info] (rc: 37, tile: 1/1) SGM depth/thickness map of view id: 2096309503, rc: 37 (38 / 44).
[13:46:04.856711][info] (rc: 37, tile: 1/1) SGM Compute similarity volume.
[13:46:04.856711][info] (rc: 37, tile: 1/1) SGM Compute similarity volume done.
[13:46:04.856711][info] (rc: 37, tile: 1/1) SGM Optimizing volume (filtering axes: YX).
[13:46:06.248755][info] (rc: 37, tile: 1/1) SGM Optimizing volume done.
[13:46:06.248755][info] (rc: 37, tile: 1/1) SGM Retrieve best depth in volume.
[13:46:06.264757][info] (rc: 37, tile: 1/1) SGM Retrieve best depth in volume done.
[13:46:06.264757][info] (rc: 37, tile: 1/1) SGM depth/thickness map done.
[13:46:06.264757][info] (rc: 37, tile: 1/1) SGM Smooth thickness map.
[13:46:06.264757][info] (rc: 37, tile: 1/1) SGM Smooth thickness map done.
[13:46:06.264757][info] (rc: 37, tile: 1/1) Refine depth/sim map of view id: 2096309503, rc: 37 (38 / 44).
[13:46:06.264757][info] (rc: 37, tile: 1/1) Refine and fuse depth/sim map volume.
[13:46:06.264757][info] (rc: 37, tile: 1/1) Refine and fuse depth/sim map volume done.
[13:46:06.264757][info] (rc: 37, tile: 1/1) Color optimize depth/sim map.
[13:46:06.312763][info] (rc: 37, tile: 1/1) Color optimize depth/sim map done.
[13:46:06.312763][info] (rc: 37, tile: 1/1) Refine depth/sim map done.
[13:46:06.315754][info] (rc: 38, tile: 1/1) Camera / Depth information: 
	- R camera:
	   - id: 38
	   - view id: 2099587247
	   - depth planes: 562
	   - depths range: [0.102673-2.20051]
	- T cameras:
	   - T camera (1/10):
	      - id: 10
	      - view id: 654239993
	      - depth planes: 252
	      - depths range: [0.334131-2.20051]
	      - depth indexes range: [310-562]
	   - T camera (2/10):
	      - id: 29
	      - view id: 1565198011
	      - depth planes: 400
	      - depths range: [0.196654-2.20051]
	      - depth indexes range: [162-562]
	   - T camera (3/10):
	      - id: 30
	      - view id: 1571987938
	      - depth planes: 368
	      - depths range: [0.223681-2.20051]
	      - depth indexes range: [194-562]
	   - T camera (4/10):
	      - id: 40
	      - view id: 2104031122
	      - depth planes: 323
	      - depths range: [0.262468-2.20051]
	      - depth indexes range: [239-562]
	   - T camera (5/10):
	      - id: 0
	      - view id: 129029325
	      - depth planes: 450
	      - depths range: [0.160523-2.20051]
	      - depth indexes range: [112-562]
	   - T camera (6/10):
	      - id: 17
	      - view id: 1025795440
	      - depth planes: 552
	      - depths range: [0.106782-2.20051]
	      - depth indexes range: [10-562]
	   - T camera (7/10):
	      - id: 39
	      - view id: 2101028400
	      - depth planes: 512
	      - depths range: [0.123614-2.11669]
	      - depth indexes range: [48-560]
	   - T camera (8/10):
	      - id: 37
	      - view id: 2096309503
	      - depth planes: 540
	      - depths range: [0.110935-2.11669]
	      - depth indexes range: [20-560]
	   - T camera (9/10):
	      - id: 16
	      - view id: 1024487586
	      - depth planes: 541
	      - depths range: [0.102673-1.54677]
	      - depth indexes range: [0-541]
	   - T camera (10/10):
	      - id: 3
	      - view id: 624237971
	      - depth planes: 503
	      - depths range: [0.102673-0.987667]
	      - depth indexes range: [0-503]
[13:46:06.315754][info] (rc: 38, tile: 1/1) SGM depth/thickness map of view id: 2099587247, rc: 38 (39 / 44).
[13:46:06.315754][info] (rc: 38, tile: 1/1) SGM Compute similarity volume.
[13:46:06.315754][info] (rc: 38, tile: 1/1) SGM Compute similarity volume done.
[13:46:06.315754][info] (rc: 38, tile: 1/1) SGM Optimizing volume (filtering axes: YX).
[13:46:07.538915][info] (rc: 38, tile: 1/1) SGM Optimizing volume done.
[13:46:07.538915][info] (rc: 38, tile: 1/1) SGM Retrieve best depth in volume.
[13:46:07.538915][info] (rc: 38, tile: 1/1) SGM Retrieve best depth in volume done.
[13:46:07.538915][info] (rc: 38, tile: 1/1) SGM depth/thickness map done.
[13:46:07.538915][info] (rc: 38, tile: 1/1) SGM Smooth thickness map.
[13:46:07.538915][info] (rc: 38, tile: 1/1) SGM Smooth thickness map done.
[13:46:07.538915][info] (rc: 38, tile: 1/1) Refine depth/sim map of view id: 2099587247, rc: 38 (39 / 44).
[13:46:07.538915][info] (rc: 38, tile: 1/1) Refine and fuse depth/sim map volume.
[13:46:07.538915][info] (rc: 38, tile: 1/1) Refine and fuse depth/sim map volume done.
[13:46:07.538915][info] (rc: 38, tile: 1/1) Color optimize depth/sim map.
[13:46:07.586915][info] (rc: 38, tile: 1/1) Color optimize depth/sim map done.
[13:46:07.586915][info] (rc: 38, tile: 1/1) Refine depth/sim map done.
[13:46:07.951907][info] Task done in (s): 8.661000
