[2024-09-10 13:46:08.100907] [0x0000f814] [trace]   Embedded OCIO configuration file: 'D:\ly\stage3\Meshroom-2023.2.0-win64\Meshroom-2023.2.0\aliceVision/share/aliceVision/config.ocio' found.
Program called with the following parameters:
 * autoAdjustSmallImage = 1
 * chooseTCamsPerTile = 1
 * colorOptimizationEnabled = 1
 * colorOptimizationNbIterations = 100
 * customPatchPatternGroupSubpartsPerLevel = 0 (default)
 * customPatchPatternSubparts =  Unknown Type "class std::vector<struct aliceVision::depthMap::CustomPatchPatternParams::SubpartParams,class std::allocator<struct aliceVision::depthMap::CustomPatchPatternParams::SubpartParams> >" (default)
 * downscale = 2
 * exportIntermediateCrossVolumes = 0
 * exportIntermediateDepthSimMaps = 0
 * exportIntermediateNormalMaps = 0
 * exportIntermediateTopographicCutVolumes = 0
 * exportIntermediateVolume9pCsv = 0
 * exportIntermediateVolumes = 0
 * exportTilePattern = 0
 * imagesFolder = "D:/ly/stage3/gun11/MeshroomCache/PrepareDenseScene/7d31435a7c34256ddffde0c2d692bd2454cd50f7"
 * input = "D:/ly/stage3/gun11/MeshroomCache/StructureFromMotion/076bce891f482d5ec95c8e0d20496480a4031234/sfm.abc"
 * maxCoresAvailable =  Unknown Type "unsigned int" (default)
 * maxMemoryAvailable = 18446744073709551615 (default)
 * maxTCams = 10
 * maxViewAngle = 70
 * minViewAngle = 2
 * nbGPUs = 0
 * output = "D:/ly/stage3/gun11/MeshroomCache/DepthMap/567ec7bfd5b4a4a17fa53d0d8b51e7fca14bb8c6"
 * rangeSize = 3
 * rangeStart = 39
 * refineEnabled = 1
 * refineGammaC = 15.5
 * refineGammaP = 8
 * refineHalfNbDepths = 15
 * refineInterpolateMiddleDepth = 0
 * refineMaxTCamsPerTile = 4
 * refineScale = 1
 * refineSigma = 15
 * refineStepXY = 1
 * refineSubsampling = 10
 * refineUseConsistentScale = 0
 * refineUseCustomPatchPattern = 0
 * refineWSH = 3
 * sgmDepthListPerTile = 1
 * sgmDepthThicknessInflate = 0
 * sgmFilteringAxes = "YX"
 * sgmGammaC = 5.5
 * sgmGammaP = 8
 * sgmMaxDepths = 1500
 * sgmMaxSimilarity = 1
 * sgmMaxTCamsPerTile = 4
 * sgmP1 = 10
 * sgmP2Weighting = 100
 * sgmScale = 2
 * sgmSeedsRangeInflate = 0.2
 * sgmStepXY = 2
 * sgmStepZ = -1
 * sgmUseConsistentScale = 0
 * sgmUseCustomPatchPattern = 0
 * sgmUseSfmSeeds = 1
 * sgmWSH = 4
 * tileBufferHeight = 1024
 * tileBufferWidth = 1024
 * tilePadding = 64
 * verboseLevel = "info"

Hardware : 
	Detected core count : 16
	OpenMP will use 16 cores
	Detected available memory : 5128 Mo

[13:46:08.105907][info] CUDA-Enabled GPU.
Device information:
	- id:                      0
	- name:                    NVIDIA GeForce RTX 2060
	- compute capability:      7.5
	- clock frequency (kHz):   1350000
	- total device memory:     6143 MB 
	- device memory available: 5130 MB 
	- per-block shared memory: 49152
	- warp size:               32
	- max threads per block:   1024
	- max threads per SM(X):   1024
	- max block sizes:         {1024,1024,64}
	- max grid sizes:          {2147483647,65535,65535}
	- max 2D array texture:    {131072,65536}
	- max 3D array texture:    {16384,16384,16384}
	- max 2D linear texture:   {131072,65000,2097120}
	- max 2D layered texture:  {32768,32768,2048}
	- number of SM(x)s:        30
	- registers per SM(x):     65536
	- registers per block:     65536
	- concurrent kernels:      yes
	- mapping host memory:     yes
	- unified addressing:      yes
	- texture alignment:       512 byte
	- pitch alignment:         32 byte
CUDA build version: 11.6
[13:46:08.203907][info] Supported CUDA-Enabled GPU detected.
[13:46:08.337915][info] Found 1 image dimension(s): 
[13:46:08.337915][info] 	- [1920x1080]
[13:46:08.398907][info] Overall maximum dimension: [1920x1080]
[13:46:08.398907][warning] Tile buffer size (width: 1024, height: 1024) is larger than the maximum image size (width: 960, height: 540).
[13:46:08.398907][warning] Single tile computation, override SGM maximum number of T cameras per tile (before: 4, now: 10).
[13:46:08.398907][warning] Single tile computation, override Refine maximum number of T cameras per tile (before: 4, now: 10).
[13:46:08.398907][warning] Single tile computation, override SGM step XY (before: 2, now: 1).
[13:46:08.398907][info] Tiling information: 
	- parameters: 
	      - buffer width:  1024 px
	      - buffer height: 1024 px
	      - padding: 64 px
	- maximum downscale:  2
	- maximum image width:  960 px
	- maximum image height: 540 px
[13:46:08.398907][info] Maximum image size is smaller than one tile, use only one tile.
[13:46:08.398907][info] SGM parameters:
	- scale: 2
	- stepXY: 1
[13:46:08.398907][info] Refine parameters:
	- scale: 1
	- stepXY: 1
[13:46:08.398907][info] Number of GPU devices: 1, number of CPU threads: 16
[13:46:08.447916][info] Device memory:
	- available: 4104.7 MB
	- requirement for the first tile: 917.126 MB
	- # computation buffers per tile: 851.867 MB (Sgm: 757.867 MB, Refine: 94 MB)
	- # input images (R + 10 Ts): 65.2588 MB (single mipmap image size: 5.93262 MB)
[13:46:08.447916][info] Parallelization:
	- # tiles per image: 1
	- # simultaneous depth maps computation: 4
	- # simultaneous tiles computation: 4
[13:46:08.473916][info] Device memory (device id: 0):
	- used: 3570.44 MB
	- available: 2573.25 MB
	- total: 6143.69 MB
[13:46:12.773907][info] (rc: 39, tile: 1/1) Camera / Depth information: 
	- R camera:
	   - id: 39
	   - view id: 2101028400
	   - depth planes: 636
	   - depths range: [0.164563-2.50361]
	- T cameras:
	   - T camera (1/10):
	      - id: 30
	      - view id: 1571987938
	      - depth planes: 636
	      - depths range: [0.164563-2.50361]
	      - depth indexes range: [0-636]
	   - T camera (2/10):
	      - id: 0
	      - view id: 129029325
	      - depth planes: 536
	      - depths range: [0.235606-2.50361]
	      - depth indexes range: [100-636]
	   - T camera (3/10):
	      - id: 37
	      - view id: 2096309503
	      - depth planes: 582
	      - depths range: [0.199613-2.50361]
	      - depth indexes range: [54-636]
	   - T camera (4/10):
	      - id: 10
	      - view id: 654239993
	      - depth planes: 369
	      - depths range: [0.412876-2.50361]
	      - depth indexes range: [267-636]
	   - T camera (5/10):
	      - id: 29
	      - view id: 1565198011
	      - depth planes: 636
	      - depths range: [0.164563-2.50361]
	      - depth indexes range: [0-636]
	   - T camera (6/10):
	      - id: 23
	      - view id: 1386499570
	      - depth planes: 351
	      - depths range: [0.432688-2.50361]
	      - depth indexes range: [285-636]
	   - T camera (7/10):
	      - id: 3
	      - view id: 624237971
	      - depth planes: 556
	      - depths range: [0.219153-2.50361]
	      - depth indexes range: [80-636]
	   - T camera (8/10):
	      - id: 40
	      - view id: 2104031122
	      - depth planes: 620
	      - depths range: [0.174173-2.50361]
	      - depth indexes range: [16-636]
	   - T camera (9/10):
	      - id: 38
	      - view id: 2099587247
	      - depth planes: 623
	      - depths range: [0.164563-2.14721]
	      - depth indexes range: [0-623]
	   - T camera (10/10):
	      - id: 4
	      - view id: 632162072
	      - depth planes: 581
	      - depths range: [0.164563-1.46575]
	      - depth indexes range: [0-581]
[13:46:12.773907][info] (rc: 39, tile: 1/1) SGM depth/thickness map of view id: 2101028400, rc: 39 (40 / 44).
[13:46:12.773907][info] (rc: 39, tile: 1/1) SGM Compute similarity volume.
[13:46:12.774908][info] (rc: 39, tile: 1/1) SGM Compute similarity volume done.
[13:46:12.774908][info] (rc: 39, tile: 1/1) SGM Optimizing volume (filtering axes: YX).
[13:46:13.773697][info] (rc: 39, tile: 1/1) SGM Optimizing volume done.
[13:46:13.773697][info] (rc: 39, tile: 1/1) SGM Retrieve best depth in volume.
[13:46:13.773697][info] (rc: 39, tile: 1/1) SGM Retrieve best depth in volume done.
[13:46:13.773697][info] (rc: 39, tile: 1/1) SGM depth/thickness map done.
[13:46:13.773697][info] (rc: 39, tile: 1/1) SGM Smooth thickness map.
[13:46:13.773697][info] (rc: 39, tile: 1/1) SGM Smooth thickness map done.
[13:46:13.773697][info] (rc: 39, tile: 1/1) Refine depth/sim map of view id: 2101028400, rc: 39 (40 / 44).
[13:46:13.773697][info] (rc: 39, tile: 1/1) Refine and fuse depth/sim map volume.
[13:46:13.773697][info] (rc: 39, tile: 1/1) Refine and fuse depth/sim map volume done.
[13:46:13.773697][info] (rc: 39, tile: 1/1) Color optimize depth/sim map.
[13:46:13.820929][info] (rc: 39, tile: 1/1) Color optimize depth/sim map done.
[13:46:13.820929][info] (rc: 39, tile: 1/1) Refine depth/sim map done.
[13:46:13.822932][info] (rc: 40, tile: 1/1) Camera / Depth information: 
	- R camera:
	   - id: 40
	   - view id: 2104031122
	   - depth planes: 754
	   - depths range: [0.0544458-3.53253]
	- T cameras:
	   - T camera (1/10):
	      - id: 38
	      - view id: 2099587247
	      - depth planes: 473
	      - depths range: [0.241472-3.53253]
	      - depth indexes range: [281-754]
	   - T camera (2/10):
	      - id: 37
	      - view id: 2096309503
	      - depth planes: 421
	      - depths range: [0.285654-3.53253]
	      - depth indexes range: [333-754]
	   - T camera (3/10):
	      - id: 3
	      - view id: 624237971
	      - depth planes: 368
	      - depths range: [0.336921-3.53253]
	      - depth indexes range: [386-754]
	   - T camera (4/10):
	      - id: 23
	      - view id: 1386499570
	      - depth planes: 344
	      - depths range: [0.36015-3.53253]
	      - depth indexes range: [410-754]
	   - T camera (5/10):
	      - id: 4
	      - view id: 632162072
	      - depth planes: 445
	      - depths range: [0.263661-3.53253]
	      - depth indexes range: [309-754]
	   - T camera (6/10):
	      - id: 41
	      - view id: 2135187765
	      - depth planes: 460
	      - depths range: [0.251521-3.53253]
	      - depth indexes range: [294-754]
	   - T camera (7/10):
	      - id: 16
	      - view id: 1024487586
	      - depth planes: 495
	      - depths range: [0.223694-3.44608]
	      - depth indexes range: [258-753]
	   - T camera (8/10):
	      - id: 39
	      - view id: 2101028400
	      - depth planes: 581
	      - depths range: [0.154491-2.94185]
	      - depth indexes range: [165-746]
	   - T camera (9/10):
	      - id: 17
	      - view id: 1025795440
	      - depth planes: 583
	      - depths range: [0.144081-2.23882]
	      - depth indexes range: [148-731]
	   - T camera (10/10):
	      - id: 30
	      - view id: 1571987938
	      - depth planes: 707
	      - depths range: [0.0544458-1.61838]
	      - depth indexes range: [0-707]
[13:46:13.822932][info] (rc: 40, tile: 1/1) SGM depth/thickness map of view id: 2104031122, rc: 40 (41 / 44).
[13:46:13.822932][info] (rc: 40, tile: 1/1) SGM Compute similarity volume.
[13:46:13.823933][info] (rc: 40, tile: 1/1) SGM Compute similarity volume done.
[13:46:13.823933][info] (rc: 40, tile: 1/1) SGM Optimizing volume (filtering axes: YX).
[13:46:15.196174][info] (rc: 40, tile: 1/1) SGM Optimizing volume done.
[13:46:15.196174][info] (rc: 40, tile: 1/1) SGM Retrieve best depth in volume.
[13:46:15.196174][info] (rc: 40, tile: 1/1) SGM Retrieve best depth in volume done.
[13:46:15.196174][info] (rc: 40, tile: 1/1) SGM depth/thickness map done.
[13:46:15.196174][info] (rc: 40, tile: 1/1) SGM Smooth thickness map.
[13:46:15.196174][info] (rc: 40, tile: 1/1) SGM Smooth thickness map done.
[13:46:15.196174][info] (rc: 40, tile: 1/1) Refine depth/sim map of view id: 2104031122, rc: 40 (41 / 44).
[13:46:15.196174][info] (rc: 40, tile: 1/1) Refine and fuse depth/sim map volume.
[13:46:15.196174][info] (rc: 40, tile: 1/1) Refine and fuse depth/sim map volume done.
[13:46:15.196174][info] (rc: 40, tile: 1/1) Color optimize depth/sim map.
[13:46:15.259926][info] (rc: 40, tile: 1/1) Color optimize depth/sim map done.
[13:46:15.260884][info] (rc: 40, tile: 1/1) Refine depth/sim map done.
[13:46:15.263887][info] (rc: 41, tile: 1/1) Camera / Depth information: 
	- R camera:
	   - id: 41
	   - view id: 2135187765
	   - depth planes: 445
	   - depths range: [0.11477-3.67633]
	- T cameras:
	   - T camera (1/10):
	      - id: 29
	      - view id: 1565198011
	      - depth planes: 317
	      - depths range: [0.182864-3.67633]
	      - depth indexes range: [128-445]
	   - T camera (2/10):
	      - id: 23
	      - view id: 1386499570
	      - depth planes: 295
	      - depths range: [0.195909-3.48874]
	      - depth indexes range: [149-444]
	   - T camera (3/10):
	      - id: 19
	      - view id: 1306415531
	      - depth planes: 308
	      - depths range: [0.187805-3.48874]
	      - depth indexes range: [136-444]
	   - T camera (4/10):
	      - id: 20
	      - view id: 1307761724
	      - depth planes: 295
	      - depths range: [0.195909-3.48874]
	      - depth indexes range: [149-444]
	   - T camera (5/10):
	      - id: 32
	      - view id: 2084173764
	      - depth planes: 312
	      - depths range: [0.184717-3.31896]
	      - depth indexes range: [131-443]
	   - T camera (6/10):
	      - id: 12
	      - view id: 712355772
	      - depth planes: 332
	      - depths range: [0.173247-3.48874]
	      - depth indexes range: [112-444]
	   - T camera (7/10):
	      - id: 27
	      - view id: 1436902121
	      - depth planes: 444
	      - depths range: [0.11477-3.48874]
	      - depth indexes range: [0-444]
	   - T camera (8/10):
	      - id: 30
	      - view id: 1571987938
	      - depth planes: 402
	      - depths range: [0.133484-3.16458]
	      - depth indexes range: [40-442]
	   - T camera (9/10):
	      - id: 34
	      - view id: 2089748241
	      - depth planes: 377
	      - depths range: [0.142173-2.29922]
	      - depth indexes range: [57-434]
	   - T camera (10/10):
	      - id: 36
	      - view id: 2092363721
	      - depth planes: 403
	      - depths range: [0.127703-2.08268]
	      - depth indexes range: [28-431]
[13:46:15.263887][info] (rc: 41, tile: 1/1) SGM depth/thickness map of view id: 2135187765, rc: 41 (42 / 44).
[13:46:15.263887][info] (rc: 41, tile: 1/1) SGM Compute similarity volume.
[13:46:15.263887][info] (rc: 41, tile: 1/1) SGM Compute similarity volume done.
[13:46:15.263887][info] (rc: 41, tile: 1/1) SGM Optimizing volume (filtering axes: YX).
[13:46:16.314011][info] (rc: 41, tile: 1/1) SGM Optimizing volume done.
[13:46:16.314011][info] (rc: 41, tile: 1/1) SGM Retrieve best depth in volume.
[13:46:16.314011][info] (rc: 41, tile: 1/1) SGM Retrieve best depth in volume done.
[13:46:16.314011][info] (rc: 41, tile: 1/1) SGM depth/thickness map done.
[13:46:16.314011][info] (rc: 41, tile: 1/1) SGM Smooth thickness map.
[13:46:16.314011][info] (rc: 41, tile: 1/1) SGM Smooth thickness map done.
[13:46:16.314011][info] (rc: 41, tile: 1/1) Refine depth/sim map of view id: 2135187765, rc: 41 (42 / 44).
[13:46:16.314011][info] (rc: 41, tile: 1/1) Refine and fuse depth/sim map volume.
[13:46:16.314011][info] (rc: 41, tile: 1/1) Refine and fuse depth/sim map volume done.
[13:46:16.314011][info] (rc: 41, tile: 1/1) Color optimize depth/sim map.
[13:46:16.345910][info] (rc: 41, tile: 1/1) Color optimize depth/sim map done.
[13:46:16.345910][info] (rc: 41, tile: 1/1) Refine depth/sim map done.
[13:46:16.682871][info] Task done in (s): 8.579000
