[2024-09-10 13:46:16.815855] [0x0000fcb0] [trace]   Embedded OCIO configuration file: 'D:\ly\stage3\Meshroom-2023.2.0-win64\Meshroom-2023.2.0\aliceVision/share/aliceVision/config.ocio' found.
Program called with the following parameters:
 * autoAdjustSmallImage = 1
 * chooseTCamsPerTile = 1
 * colorOptimizationEnabled = 1
 * colorOptimizationNbIterations = 100
 * customPatchPatternGroupSubpartsPerLevel = 0 (default)
 * customPatchPatternSubparts =  Unknown Type "class std::vector<struct aliceVision::depthMap::CustomPatchPatternParams::SubpartParams,class std::allocator<struct aliceVision::depthMap::CustomPatchPatternParams::SubpartParams> >" (default)
 * downscale = 2
 * exportIntermediateCrossVolumes = 0
 * exportIntermediateDepthSimMaps = 0
 * exportIntermediateNormalMaps = 0
 * exportIntermediateTopographicCutVolumes = 0
 * exportIntermediateVolume9pCsv = 0
 * exportIntermediateVolumes = 0
 * exportTilePattern = 0
 * imagesFolder = "D:/ly/stage3/gun11/MeshroomCache/PrepareDenseScene/7d31435a7c34256ddffde0c2d692bd2454cd50f7"
 * input = "D:/ly/stage3/gun11/MeshroomCache/StructureFromMotion/076bce891f482d5ec95c8e0d20496480a4031234/sfm.abc"
 * maxCoresAvailable =  Unknown Type "unsigned int" (default)
 * maxMemoryAvailable = 18446744073709551615 (default)
 * maxTCams = 10
 * maxViewAngle = 70
 * minViewAngle = 2
 * nbGPUs = 0
 * output = "D:/ly/stage3/gun11/MeshroomCache/DepthMap/567ec7bfd5b4a4a17fa53d0d8b51e7fca14bb8c6"
 * rangeSize = 3
 * rangeStart = 42
 * refineEnabled = 1
 * refineGammaC = 15.5
 * refineGammaP = 8
 * refineHalfNbDepths = 15
 * refineInterpolateMiddleDepth = 0
 * refineMaxTCamsPerTile = 4
 * refineScale = 1
 * refineSigma = 15
 * refineStepXY = 1
 * refineSubsampling = 10
 * refineUseConsistentScale = 0
 * refineUseCustomPatchPattern = 0
 * refineWSH = 3
 * sgmDepthListPerTile = 1
 * sgmDepthThicknessInflate = 0
 * sgmFilteringAxes = "YX"
 * sgmGammaC = 5.5
 * sgmGammaP = 8
 * sgmMaxDepths = 1500
 * sgmMaxSimilarity = 1
 * sgmMaxTCamsPerTile = 4
 * sgmP1 = 10
 * sgmP2Weighting = 100
 * sgmScale = 2
 * sgmSeedsRangeInflate = 0.2
 * sgmStepXY = 2
 * sgmStepZ = -1
 * sgmUseConsistentScale = 0
 * sgmUseCustomPatchPattern = 0
 * sgmUseSfmSeeds = 1
 * sgmWSH = 4
 * tileBufferHeight = 1024
 * tileBufferWidth = 1024
 * tilePadding = 64
 * verboseLevel = "info"

Hardware : 
	Detected core count : 16
	OpenMP will use 16 cores
	Detected available memory : 5395 Mo

[13:46:16.821855][info] CUDA-Enabled GPU.
Device information:
	- id:                      0
	- name:                    NVIDIA GeForce RTX 2060
	- compute capability:      7.5
	- clock frequency (kHz):   1350000
	- total device memory:     6143 MB 
	- device memory available: 5130 MB 
	- per-block shared memory: 49152
	- warp size:               32
	- max threads per block:   1024
	- max threads per SM(X):   1024
	- max block sizes:         {1024,1024,64}
	- max grid sizes:          {2147483647,65535,65535}
	- max 2D array texture:    {131072,65536}
	- max 3D array texture:    {16384,16384,16384}
	- max 2D linear texture:   {131072,65000,2097120}
	- max 2D layered texture:  {32768,32768,2048}
	- number of SM(x)s:        30
	- registers per SM(x):     65536
	- registers per block:     65536
	- concurrent kernels:      yes
	- mapping host memory:     yes
	- unified addressing:      yes
	- texture alignment:       512 byte
	- pitch alignment:         32 byte
CUDA build version: 11.6
[13:46:16.912854][info] Supported CUDA-Enabled GPU detected.
[13:46:17.034865][info] Found 1 image dimension(s): 
[13:46:17.034865][info] 	- [1920x1080]
[13:46:17.089892][info] Overall maximum dimension: [1920x1080]
[13:46:17.089892][warning] Tile buffer size (width: 1024, height: 1024) is larger than the maximum image size (width: 960, height: 540).
[13:46:17.089892][warning] Single tile computation, override SGM maximum number of T cameras per tile (before: 4, now: 10).
[13:46:17.089892][warning] Single tile computation, override Refine maximum number of T cameras per tile (before: 4, now: 10).
[13:46:17.089892][warning] Single tile computation, override SGM step XY (before: 2, now: 1).
[13:46:17.089892][info] Tiling information: 
	- parameters: 
	      - buffer width:  1024 px
	      - buffer height: 1024 px
	      - padding: 64 px
	- maximum downscale:  2
	- maximum image width:  960 px
	- maximum image height: 540 px
[13:46:17.089892][info] Maximum image size is smaller than one tile, use only one tile.
[13:46:17.089892][info] SGM parameters:
	- scale: 2
	- stepXY: 1
[13:46:17.089892][info] Refine parameters:
	- scale: 1
	- stepXY: 1
[13:46:17.089892][info] Number of GPU devices: 1, number of CPU threads: 16
[13:46:17.123567][info] Device memory:
	- available: 4104.7 MB
	- requirement for the first tile: 917.126 MB
	- # computation buffers per tile: 851.867 MB (Sgm: 757.867 MB, Refine: 94 MB)
	- # input images (R + 10 Ts): 65.2588 MB (single mipmap image size: 5.93262 MB)
[13:46:17.123567][info] Parallelization:
	- # tiles per image: 1
	- # simultaneous depth maps computation: 4
	- # simultaneous tiles computation: 4
[13:46:17.140570][info] Device memory (device id: 0):
	- used: 2718.56 MB
	- available: 3425.12 MB
	- total: 6143.69 MB
[13:46:19.730560][info] (rc: 42, tile: 1/1) Camera / Depth information: 
	- R camera:
	   - id: 42
	   - view id: 2137277251
	   - depth planes: 119
	   - depths range: [0.752593-1.13092]
	- T cameras:
	   - T camera (1/10):
	      - id: 33
	      - view id: 2087475946
	      - depth planes: 119
	      - depths range: [0.752593-1.13092]
	      - depth indexes range: [0-119]
	   - T camera (2/10):
	      - id: 25
	      - view id: 1402068656
	      - depth planes: 119
	      - depths range: [0.752593-1.13092]
	      - depth indexes range: [0-119]
	   - T camera (3/10):
	      - id: 43
	      - view id: 2140708671
	      - depth planes: 119
	      - depths range: [0.752593-1.13092]
	      - depth indexes range: [0-119]
	   - T camera (4/10):
	      - id: 18
	      - view id: 1038306100
	      - depth planes: 119
	      - depths range: [0.752593-1.13092]
	      - depth indexes range: [0-119]
	   - T camera (5/10):
	      - id: 24
	      - view id: 1393281763
	      - depth planes: 119
	      - depths range: [0.752593-1.13092]
	      - depth indexes range: [0-119]
	   - T camera (6/10):
	      - id: 13
	      - view id: 721673428
	      - depth planes: 119
	      - depths range: [0.752593-1.13092]
	      - depth indexes range: [0-119]
	   - T camera (7/10):
	      - id: 36
	      - view id: 2092363721
	      - depth planes: 119
	      - depths range: [0.752593-1.13092]
	      - depth indexes range: [0-119]
	   - T camera (8/10):
	      - id: 2
	      - view id: 546979997
	      - depth planes: 119
	      - depths range: [0.752593-1.13092]
	      - depth indexes range: [0-119]
	   - T camera (9/10):
	      - id: 14
	      - view id: 724921794
	      - depth planes: 119
	      - depths range: [0.752593-1.13092]
	      - depth indexes range: [0-119]
	   - T camera (10/10):
	      - id: 22
	      - view id: 1383503671
	      - depth planes: 119
	      - depths range: [0.752593-1.13092]
	      - depth indexes range: [0-119]
[13:46:19.730560][info] (rc: 42, tile: 1/1) SGM depth/thickness map of view id: 2137277251, rc: 42 (43 / 44).
[13:46:19.730560][info] (rc: 42, tile: 1/1) SGM Compute similarity volume.
[13:46:19.731560][info] (rc: 42, tile: 1/1) SGM Compute similarity volume done.
[13:46:19.731560][info] (rc: 42, tile: 1/1) SGM Optimizing volume (filtering axes: YX).
[13:46:20.022607][info] (rc: 42, tile: 1/1) SGM Optimizing volume done.
[13:46:20.022607][info] (rc: 42, tile: 1/1) SGM Retrieve best depth in volume.
[13:46:20.022607][info] (rc: 42, tile: 1/1) SGM Retrieve best depth in volume done.
[13:46:20.022607][info] (rc: 42, tile: 1/1) SGM depth/thickness map done.
[13:46:20.022607][info] (rc: 42, tile: 1/1) SGM Smooth thickness map.
[13:46:20.022607][info] (rc: 42, tile: 1/1) SGM Smooth thickness map done.
[13:46:20.022607][info] (rc: 42, tile: 1/1) Refine depth/sim map of view id: 2137277251, rc: 42 (43 / 44).
[13:46:20.022607][info] (rc: 42, tile: 1/1) Refine and fuse depth/sim map volume.
[13:46:20.023607][info] (rc: 42, tile: 1/1) Refine and fuse depth/sim map volume done.
[13:46:20.023607][info] (rc: 42, tile: 1/1) Color optimize depth/sim map.
[13:46:20.034607][info] (rc: 42, tile: 1/1) Color optimize depth/sim map done.
[13:46:20.034607][info] (rc: 42, tile: 1/1) Refine depth/sim map done.
[13:46:20.037557][info] (rc: 43, tile: 1/1) Camera / Depth information: 
	- R camera:
	   - id: 43
	   - view id: 2140708671
	   - depth planes: 173
	   - depths range: [0.666719-1.16661]
	- T cameras:
	   - T camera (1/10):
	      - id: 33
	      - view id: 2087475946
	      - depth planes: 173
	      - depths range: [0.666719-1.16661]
	      - depth indexes range: [0-173]
	   - T camera (2/10):
	      - id: 42
	      - view id: 2137277251
	      - depth planes: 173
	      - depths range: [0.666719-1.16661]
	      - depth indexes range: [0-173]
	   - T camera (3/10):
	      - id: 25
	      - view id: 1402068656
	      - depth planes: 173
	      - depths range: [0.666719-1.16661]
	      - depth indexes range: [0-173]
	   - T camera (4/10):
	      - id: 2
	      - view id: 546979997
	      - depth planes: 173
	      - depths range: [0.666719-1.16661]
	      - depth indexes range: [0-173]
	   - T camera (5/10):
	      - id: 18
	      - view id: 1038306100
	      - depth planes: 173
	      - depths range: [0.666719-1.16661]
	      - depth indexes range: [0-173]
	   - T camera (6/10):
	      - id: 24
	      - view id: 1393281763
	      - depth planes: 173
	      - depths range: [0.666719-1.16661]
	      - depth indexes range: [0-173]
	   - T camera (7/10):
	      - id: 34
	      - view id: 2089748241
	      - depth planes: 173
	      - depths range: [0.666719-1.16661]
	      - depth indexes range: [0-173]
	   - T camera (8/10):
	      - id: 13
	      - view id: 721673428
	      - depth planes: 173
	      - depths range: [0.666719-1.16661]
	      - depth indexes range: [0-173]
	   - T camera (9/10):
	      - id: 36
	      - view id: 2092363721
	      - depth planes: 173
	      - depths range: [0.666719-1.16661]
	      - depth indexes range: [0-173]
	   - T camera (10/10):
	      - id: 22
	      - view id: 1383503671
	      - depth planes: 173
	      - depths range: [0.666719-1.16661]
	      - depth indexes range: [0-173]
[13:46:20.037557][info] (rc: 43, tile: 1/1) SGM depth/thickness map of view id: 2140708671, rc: 43 (44 / 44).
[13:46:20.037557][info] (rc: 43, tile: 1/1) SGM Compute similarity volume.
[13:46:20.037557][info] (rc: 43, tile: 1/1) SGM Compute similarity volume done.
[13:46:20.037557][info] (rc: 43, tile: 1/1) SGM Optimizing volume (filtering axes: YX).
[13:46:20.462792][info] (rc: 43, tile: 1/1) SGM Optimizing volume done.
[13:46:20.462792][info] (rc: 43, tile: 1/1) SGM Retrieve best depth in volume.
[13:46:20.462792][info] (rc: 43, tile: 1/1) SGM Retrieve best depth in volume done.
[13:46:20.462792][info] (rc: 43, tile: 1/1) SGM depth/thickness map done.
[13:46:20.462792][info] (rc: 43, tile: 1/1) SGM Smooth thickness map.
[13:46:20.462792][info] (rc: 43, tile: 1/1) SGM Smooth thickness map done.
[13:46:20.463784][info] (rc: 43, tile: 1/1) Refine depth/sim map of view id: 2140708671, rc: 43 (44 / 44).
[13:46:20.463784][info] (rc: 43, tile: 1/1) Refine and fuse depth/sim map volume.
[13:46:20.463784][info] (rc: 43, tile: 1/1) Refine and fuse depth/sim map volume done.
[13:46:20.463784][info] (rc: 43, tile: 1/1) Color optimize depth/sim map.
[13:46:20.478793][info] (rc: 43, tile: 1/1) Color optimize depth/sim map done.
[13:46:20.478793][info] (rc: 43, tile: 1/1) Refine depth/sim map done.
[13:46:20.673793][info] Task done in (s): 3.855000
