[2024-09-10 13:45:04.824474] [0x0000ee04] [trace]   Embedded OCIO configuration file: 'D:\ly\stage3\Meshroom-2023.2.0-win64\Meshroom-2023.2.0\aliceVision/share/aliceVision/config.ocio' found.
Program called with the following parameters:
 * autoAdjustSmallImage = 1
 * chooseTCamsPerTile = 1
 * colorOptimizationEnabled = 1
 * colorOptimizationNbIterations = 100
 * customPatchPatternGroupSubpartsPerLevel = 0 (default)
 * customPatchPatternSubparts =  Unknown Type "class std::vector<struct aliceVision::depthMap::CustomPatchPatternParams::SubpartParams,class std::allocator<struct aliceVision::depthMap::CustomPatchPatternParams::SubpartParams> >" (default)
 * downscale = 2
 * exportIntermediateCrossVolumes = 0
 * exportIntermediateDepthSimMaps = 0
 * exportIntermediateNormalMaps = 0
 * exportIntermediateTopographicCutVolumes = 0
 * exportIntermediateVolume9pCsv = 0
 * exportIntermediateVolumes = 0
 * exportTilePattern = 0
 * imagesFolder = "D:/ly/stage3/gun11/MeshroomCache/PrepareDenseScene/7d31435a7c34256ddffde0c2d692bd2454cd50f7"
 * input = "D:/ly/stage3/gun11/MeshroomCache/StructureFromMotion/076bce891f482d5ec95c8e0d20496480a4031234/sfm.abc"
 * maxCoresAvailable =  Unknown Type "unsigned int" (default)
 * maxMemoryAvailable = 18446744073709551615 (default)
 * maxTCams = 10
 * maxViewAngle = 70
 * minViewAngle = 2
 * nbGPUs = 0
 * output = "D:/ly/stage3/gun11/MeshroomCache/DepthMap/567ec7bfd5b4a4a17fa53d0d8b51e7fca14bb8c6"
 * rangeSize = 3
 * rangeStart = 15
 * refineEnabled = 1
 * refineGammaC = 15.5
 * refineGammaP = 8
 * refineHalfNbDepths = 15
 * refineInterpolateMiddleDepth = 0
 * refineMaxTCamsPerTile = 4
 * refineScale = 1
 * refineSigma = 15
 * refineStepXY = 1
 * refineSubsampling = 10
 * refineUseConsistentScale = 0
 * refineUseCustomPatchPattern = 0
 * refineWSH = 3
 * sgmDepthListPerTile = 1
 * sgmDepthThicknessInflate = 0
 * sgmFilteringAxes = "YX"
 * sgmGammaC = 5.5
 * sgmGammaP = 8
 * sgmMaxDepths = 1500
 * sgmMaxSimilarity = 1
 * sgmMaxTCamsPerTile = 4
 * sgmP1 = 10
 * sgmP2Weighting = 100
 * sgmScale = 2
 * sgmSeedsRangeInflate = 0.2
 * sgmStepXY = 2
 * sgmStepZ = -1
 * sgmUseConsistentScale = 0
 * sgmUseCustomPatchPattern = 0
 * sgmUseSfmSeeds = 1
 * sgmWSH = 4
 * tileBufferHeight = 1024
 * tileBufferWidth = 1024
 * tilePadding = 64
 * verboseLevel = "info"

Hardware : 
	Detected core count : 16
	OpenMP will use 16 cores
	Detected available memory : 5372 Mo

[13:45:04.830474][info] CUDA-Enabled GPU.
Device information:
	- id:                      0
	- name:                    NVIDIA GeForce RTX 2060
	- compute capability:      7.5
	- clock frequency (kHz):   1350000
	- total device memory:     6143 MB 
	- device memory available: 5130 MB 
	- per-block shared memory: 49152
	- warp size:               32
	- max threads per block:   1024
	- max threads per SM(X):   1024
	- max block sizes:         {1024,1024,64}
	- max grid sizes:          {2147483647,65535,65535}
	- max 2D array texture:    {131072,65536}
	- max 3D array texture:    {16384,16384,16384}
	- max 2D linear texture:   {131072,65000,2097120}
	- max 2D layered texture:  {32768,32768,2048}
	- number of SM(x)s:        30
	- registers per SM(x):     65536
	- registers per block:     65536
	- concurrent kernels:      yes
	- mapping host memory:     yes
	- unified addressing:      yes
	- texture alignment:       512 byte
	- pitch alignment:         32 byte
CUDA build version: 11.6
[13:45:04.932474][info] Supported CUDA-Enabled GPU detected.
[13:45:05.056475][info] Found 1 image dimension(s): 
[13:45:05.056475][info] 	- [1920x1080]
[13:45:05.110469][info] Overall maximum dimension: [1920x1080]
[13:45:05.110469][warning] Tile buffer size (width: 1024, height: 1024) is larger than the maximum image size (width: 960, height: 540).
[13:45:05.110469][warning] Single tile computation, override SGM maximum number of T cameras per tile (before: 4, now: 10).
[13:45:05.110469][warning] Single tile computation, override Refine maximum number of T cameras per tile (before: 4, now: 10).
[13:45:05.110469][warning] Single tile computation, override SGM step XY (before: 2, now: 1).
[13:45:05.110469][info] Tiling information: 
	- parameters: 
	      - buffer width:  1024 px
	      - buffer height: 1024 px
	      - padding: 64 px
	- maximum downscale:  2
	- maximum image width:  960 px
	- maximum image height: 540 px
[13:45:05.110469][info] Maximum image size is smaller than one tile, use only one tile.
[13:45:05.110469][info] SGM parameters:
	- scale: 2
	- stepXY: 1
[13:45:05.110469][info] Refine parameters:
	- scale: 1
	- stepXY: 1
[13:45:05.110469][info] Number of GPU devices: 1, number of CPU threads: 16
[13:45:05.155538][info] Device memory:
	- available: 4104.7 MB
	- requirement for the first tile: 917.126 MB
	- # computation buffers per tile: 851.867 MB (Sgm: 757.867 MB, Refine: 94 MB)
	- # input images (R + 10 Ts): 65.2588 MB (single mipmap image size: 5.93262 MB)
[13:45:05.155538][info] Parallelization:
	- # tiles per image: 1
	- # simultaneous depth maps computation: 4
	- # simultaneous tiles computation: 4
[13:45:05.176537][info] Device memory (device id: 0):
	- used: 3570.44 MB
	- available: 2573.25 MB
	- total: 6143.69 MB
[13:45:09.393537][info] (rc: 15, tile: 1/1) Camera / Depth information: 
	- R camera:
	   - id: 15
	   - view id: 726233714
	   - depth planes: 54
	   - depths range: [0.583565-1.20056]
	- T cameras:
	   - T camera (1/10):
	      - id: 13
	      - view id: 721673428
	      - depth planes: 54
	      - depths range: [0.583565-1.20056]
	      - depth indexes range: [0-54]
	   - T camera (2/10):
	      - id: 14
	      - view id: 724921794
	      - depth planes: 54
	      - depths range: [0.583565-1.20056]
	      - depth indexes range: [0-54]
	   - T camera (3/10):
	      - id: 22
	      - view id: 1383503671
	      - depth planes: 54
	      - depths range: [0.583565-1.20056]
	      - depth indexes range: [0-54]
	   - T camera (4/10):
	      - id: 32
	      - view id: 2084173764
	      - depth planes: 54
	      - depths range: [0.583565-1.20056]
	      - depth indexes range: [0-54]
	   - T camera (5/10):
	      - id: 20
	      - view id: 1307761724
	      - depth planes: 54
	      - depths range: [0.583565-1.20056]
	      - depth indexes range: [0-54]
	   - T camera (6/10):
	      - id: 19
	      - view id: 1306415531
	      - depth planes: 54
	      - depths range: [0.583565-1.20056]
	      - depth indexes range: [0-54]
	   - T camera (7/10):
	      - id: 23
	      - view id: 1386499570
	      - depth planes: 54
	      - depths range: [0.583565-1.20056]
	      - depth indexes range: [0-54]
	   - T camera (8/10):
	      - id: 34
	      - view id: 2089748241
	      - depth planes: 54
	      - depths range: [0.583565-1.20056]
	      - depth indexes range: [0-54]
	   - T camera (9/10):
	      - id: 21
	      - view id: 1380113906
	      - depth planes: 54
	      - depths range: [0.583565-1.20056]
	      - depth indexes range: [0-54]
	   - T camera (10/10):
	      - id: 12
	      - view id: 712355772
	      - depth planes: 54
	      - depths range: [0.583565-1.20056]
	      - depth indexes range: [0-54]
[13:45:09.394537][info] (rc: 15, tile: 1/1) SGM depth/thickness map of view id: 726233714, rc: 15 (16 / 44).
[13:45:09.394537][info] (rc: 15, tile: 1/1) SGM Compute similarity volume.
[13:45:09.394537][info] (rc: 15, tile: 1/1) SGM Compute similarity volume done.
[13:45:09.394537][info] (rc: 15, tile: 1/1) SGM Optimizing volume (filtering axes: YX).
[13:45:09.581581][info] (rc: 15, tile: 1/1) SGM Optimizing volume done.
[13:45:09.581581][info] (rc: 15, tile: 1/1) SGM Retrieve best depth in volume.
[13:45:09.581581][info] (rc: 15, tile: 1/1) SGM Retrieve best depth in volume done.
[13:45:09.581581][info] (rc: 15, tile: 1/1) SGM depth/thickness map done.
[13:45:09.581581][info] (rc: 15, tile: 1/1) SGM Smooth thickness map.
[13:45:09.581581][info] (rc: 15, tile: 1/1) SGM Smooth thickness map done.
[13:45:09.581581][info] (rc: 15, tile: 1/1) Refine depth/sim map of view id: 726233714, rc: 15 (16 / 44).
[13:45:09.581581][info] (rc: 15, tile: 1/1) Refine and fuse depth/sim map volume.
[13:45:09.581581][info] (rc: 15, tile: 1/1) Refine and fuse depth/sim map volume done.
[13:45:09.581581][info] (rc: 15, tile: 1/1) Color optimize depth/sim map.
[13:45:09.582569][info] (rc: 15, tile: 1/1) Color optimize depth/sim map done.
[13:45:09.583578][info] (rc: 15, tile: 1/1) Refine depth/sim map done.
[13:45:09.585580][info] (rc: 16, tile: 1/1) Camera / Depth information: 
	- R camera:
	   - id: 16
	   - view id: 1024487586
	   - depth planes: 636
	   - depths range: [0.13802-2.40539]
	- T cameras:
	   - T camera (1/10):
	      - id: 0
	      - view id: 129029325
	      - depth planes: 510
	      - depths range: [0.202488-2.40539]
	      - depth indexes range: [126-636]
	   - T camera (2/10):
	      - id: 10
	      - view id: 654239993
	      - depth planes: 331
	      - depths range: [0.349555-2.40539]
	      - depth indexes range: [305-636]
	   - T camera (3/10):
	      - id: 30
	      - view id: 1571987938
	      - depth planes: 499
	      - depths range: [0.209508-2.40539]
	      - depth indexes range: [137-636]
	   - T camera (4/10):
	      - id: 29
	      - view id: 1565198011
	      - depth planes: 561
	      - depths range: [0.172528-2.40539]
	      - depth indexes range: [75-636]
	   - T camera (5/10):
	      - id: 37
	      - view id: 2096309503
	      - depth planes: 577
	      - depths range: [0.164928-2.40539]
	      - depth indexes range: [59-636]
	   - T camera (6/10):
	      - id: 40
	      - view id: 2104031122
	      - depth planes: 449
	      - depths range: [0.247368-2.40539]
	      - depth indexes range: [187-636]
	   - T camera (7/10):
	      - id: 41
	      - view id: 2135187765
	      - depth planes: 259
	      - depths range: [0.428654-2.40539]
	      - depth indexes range: [377-636]
	   - T camera (8/10):
	      - id: 3
	      - view id: 624237971
	      - depth planes: 575
	      - depths range: [0.16584-2.40539]
	      - depth indexes range: [61-636]
	   - T camera (9/10):
	      - id: 38
	      - view id: 2099587247
	      - depth planes: 602
	      - depths range: [0.13802-1.49311]
	      - depth indexes range: [0-602]
	   - T camera (10/10):
	      - id: 17
	      - view id: 1025795440
	      - depth planes: 587
	      - depths range: [0.13802-1.2793]
	      - depth indexes range: [0-587]
[13:45:09.585580][info] (rc: 16, tile: 1/1) SGM depth/thickness map of view id: 1024487586, rc: 16 (17 / 44).
[13:45:09.585580][info] (rc: 16, tile: 1/1) SGM Compute similarity volume.
[13:45:09.586581][info] (rc: 16, tile: 1/1) SGM Compute similarity volume done.
[13:45:09.586581][info] (rc: 16, tile: 1/1) SGM Optimizing volume (filtering axes: YX).
[13:45:10.560206][info] (rc: 16, tile: 1/1) SGM Optimizing volume done.
[13:45:10.560206][info] (rc: 16, tile: 1/1) SGM Retrieve best depth in volume.
[13:45:10.560206][info] (rc: 16, tile: 1/1) SGM Retrieve best depth in volume done.
[13:45:10.560206][info] (rc: 16, tile: 1/1) SGM depth/thickness map done.
[13:45:10.560206][info] (rc: 16, tile: 1/1) SGM Smooth thickness map.
[13:45:10.560206][info] (rc: 16, tile: 1/1) SGM Smooth thickness map done.
[13:45:10.560206][info] (rc: 16, tile: 1/1) Refine depth/sim map of view id: 1024487586, rc: 16 (17 / 44).
[13:45:10.560206][info] (rc: 16, tile: 1/1) Refine and fuse depth/sim map volume.
[13:45:10.560206][info] (rc: 16, tile: 1/1) Refine and fuse depth/sim map volume done.
[13:45:10.560206][info] (rc: 16, tile: 1/1) Color optimize depth/sim map.
[13:45:10.608071][info] (rc: 16, tile: 1/1) Color optimize depth/sim map done.
[13:45:10.608071][info] (rc: 16, tile: 1/1) Refine depth/sim map done.
[13:45:10.610086][info] (rc: 17, tile: 1/1) Camera / Depth information: 
	- R camera:
	   - id: 17
	   - view id: 1025795440
	   - depth planes: 804
	   - depths range: [0.0933823-2.80943]
	- T cameras:
	   - T camera (1/10):
	      - id: 37
	      - view id: 2096309503
	      - depth planes: 535
	      - depths range: [0.21704-2.80943]
	      - depth indexes range: [269-804]
	   - T camera (2/10):
	      - id: 0
	      - view id: 129029325
	      - depth planes: 484
	      - depths range: [0.248911-2.80943]
	      - depth indexes range: [320-804]
	   - T camera (3/10):
	      - id: 10
	      - view id: 654239993
	      - depth planes: 317
	      - depths range: [0.395497-2.80943]
	      - depth indexes range: [487-804]
	   - T camera (4/10):
	      - id: 30
	      - view id: 1571987938
	      - depth planes: 604
	      - depths range: [0.177106-2.80943]
	      - depth indexes range: [200-804]
	   - T camera (5/10):
	      - id: 3
	      - view id: 624237971
	      - depth planes: 512
	      - depths range: [0.230687-2.80943]
	      - depth indexes range: [292-804]
	   - T camera (6/10):
	      - id: 38
	      - view id: 2099587247
	      - depth planes: 653
	      - depths range: [0.152837-2.74703]
	      - depth indexes range: [150-803]
	   - T camera (7/10):
	      - id: 29
	      - view id: 1565198011
	      - depth planes: 708
	      - depths range: [0.130246-2.74703]
	      - depth indexes range: [95-803]
	   - T camera (8/10):
	      - id: 4
	      - view id: 632162072
	      - depth planes: 654
	      - depths range: [0.147469-2.1722]
	      - depth indexes range: [137-791]
	   - T camera (9/10):
	      - id: 40
	      - view id: 2104031122
	      - depth planes: 558
	      - depths range: [0.199096-2.3788]
	      - depth indexes range: [238-796]
	   - T camera (10/10):
	      - id: 16
	      - view id: 1024487586
	      - depth planes: 744
	      - depths range: [0.0933823-1.21121]
	      - depth indexes range: [0-744]
[13:45:10.610086][info] (rc: 17, tile: 1/1) SGM depth/thickness map of view id: 1025795440, rc: 17 (18 / 44).
[13:45:10.611071][info] (rc: 17, tile: 1/1) SGM Compute similarity volume.
[13:45:10.611071][info] (rc: 17, tile: 1/1) SGM Compute similarity volume done.
[13:45:10.611071][info] (rc: 17, tile: 1/1) SGM Optimizing volume (filtering axes: YX).
[13:45:11.979291][info] (rc: 17, tile: 1/1) SGM Optimizing volume done.
[13:45:11.979291][info] (rc: 17, tile: 1/1) SGM Retrieve best depth in volume.
[13:45:11.979291][info] (rc: 17, tile: 1/1) SGM Retrieve best depth in volume done.
[13:45:11.979291][info] (rc: 17, tile: 1/1) SGM depth/thickness map done.
[13:45:11.979291][info] (rc: 17, tile: 1/1) SGM Smooth thickness map.
[13:45:11.979291][info] (rc: 17, tile: 1/1) SGM Smooth thickness map done.
[13:45:11.979291][info] (rc: 17, tile: 1/1) Refine depth/sim map of view id: 1025795440, rc: 17 (18 / 44).
[13:45:11.979291][info] (rc: 17, tile: 1/1) Refine and fuse depth/sim map volume.
[13:45:11.979291][info] (rc: 17, tile: 1/1) Refine and fuse depth/sim map volume done.
[13:45:11.979291][info] (rc: 17, tile: 1/1) Color optimize depth/sim map.
[13:45:12.043289][info] (rc: 17, tile: 1/1) Color optimize depth/sim map done.
[13:45:12.043289][info] (rc: 17, tile: 1/1) Refine depth/sim map done.
[13:45:12.443292][info] Task done in (s): 7.617000
