[2024-09-10 13:45:12.569332] [0x00010458] [trace]   Embedded OCIO configuration file: 'D:\ly\stage3\Meshroom-2023.2.0-win64\Meshroom-2023.2.0\aliceVision/share/aliceVision/config.ocio' found.
Program called with the following parameters:
 * autoAdjustSmallImage = 1
 * chooseTCamsPerTile = 1
 * colorOptimizationEnabled = 1
 * colorOptimizationNbIterations = 100
 * customPatchPatternGroupSubpartsPerLevel = 0 (default)
 * customPatchPatternSubparts =  Unknown Type "class std::vector<struct aliceVision::depthMap::CustomPatchPatternParams::SubpartParams,class std::allocator<struct aliceVision::depthMap::CustomPatchPatternParams::SubpartParams> >" (default)
 * downscale = 2
 * exportIntermediateCrossVolumes = 0
 * exportIntermediateDepthSimMaps = 0
 * exportIntermediateNormalMaps = 0
 * exportIntermediateTopographicCutVolumes = 0
 * exportIntermediateVolume9pCsv = 0
 * exportIntermediateVolumes = 0
 * exportTilePattern = 0
 * imagesFolder = "D:/ly/stage3/gun11/MeshroomCache/PrepareDenseScene/7d31435a7c34256ddffde0c2d692bd2454cd50f7"
 * input = "D:/ly/stage3/gun11/MeshroomCache/StructureFromMotion/076bce891f482d5ec95c8e0d20496480a4031234/sfm.abc"
 * maxCoresAvailable =  Unknown Type "unsigned int" (default)
 * maxMemoryAvailable = 18446744073709551615 (default)
 * maxTCams = 10
 * maxViewAngle = 70
 * minViewAngle = 2
 * nbGPUs = 0
 * output = "D:/ly/stage3/gun11/MeshroomCache/DepthMap/567ec7bfd5b4a4a17fa53d0d8b51e7fca14bb8c6"
 * rangeSize = 3
 * rangeStart = 18
 * refineEnabled = 1
 * refineGammaC = 15.5
 * refineGammaP = 8
 * refineHalfNbDepths = 15
 * refineInterpolateMiddleDepth = 0
 * refineMaxTCamsPerTile = 4
 * refineScale = 1
 * refineSigma = 15
 * refineStepXY = 1
 * refineSubsampling = 10
 * refineUseConsistentScale = 0
 * refineUseCustomPatchPattern = 0
 * refineWSH = 3
 * sgmDepthListPerTile = 1
 * sgmDepthThicknessInflate = 0
 * sgmFilteringAxes = "YX"
 * sgmGammaC = 5.5
 * sgmGammaP = 8
 * sgmMaxDepths = 1500
 * sgmMaxSimilarity = 1
 * sgmMaxTCamsPerTile = 4
 * sgmP1 = 10
 * sgmP2Weighting = 100
 * sgmScale = 2
 * sgmSeedsRangeInflate = 0.2
 * sgmStepXY = 2
 * sgmStepZ = -1
 * sgmUseConsistentScale = 0
 * sgmUseCustomPatchPattern = 0
 * sgmUseSfmSeeds = 1
 * sgmWSH = 4
 * tileBufferHeight = 1024
 * tileBufferWidth = 1024
 * tilePadding = 64
 * verboseLevel = "info"

Hardware : 
	Detected core count : 16
	OpenMP will use 16 cores
	Detected available memory : 5348 Mo

[13:45:12.575288][info] CUDA-Enabled GPU.
Device information:
	- id:                      0
	- name:                    NVIDIA GeForce RTX 2060
	- compute capability:      7.5
	- clock frequency (kHz):   1350000
	- total device memory:     6143 MB 
	- device memory available: 5130 MB 
	- per-block shared memory: 49152
	- warp size:               32
	- max threads per block:   1024
	- max threads per SM(X):   1024
	- max block sizes:         {1024,1024,64}
	- max grid sizes:          {2147483647,65535,65535}
	- max 2D array texture:    {131072,65536}
	- max 3D array texture:    {16384,16384,16384}
	- max 2D linear texture:   {131072,65000,2097120}
	- max 2D layered texture:  {32768,32768,2048}
	- number of SM(x)s:        30
	- registers per SM(x):     65536
	- registers per block:     65536
	- concurrent kernels:      yes
	- mapping host memory:     yes
	- unified addressing:      yes
	- texture alignment:       512 byte
	- pitch alignment:         32 byte
CUDA build version: 11.6
[13:45:12.662285][info] Supported CUDA-Enabled GPU detected.
[13:45:12.786291][info] Found 1 image dimension(s): 
[13:45:12.786291][info] 	- [1920x1080]
[13:45:12.840322][info] Overall maximum dimension: [1920x1080]
[13:45:12.840322][warning] Tile buffer size (width: 1024, height: 1024) is larger than the maximum image size (width: 960, height: 540).
[13:45:12.840322][warning] Single tile computation, override SGM maximum number of T cameras per tile (before: 4, now: 10).
[13:45:12.840322][warning] Single tile computation, override Refine maximum number of T cameras per tile (before: 4, now: 10).
[13:45:12.840322][warning] Single tile computation, override SGM step XY (before: 2, now: 1).
[13:45:12.840322][info] Tiling information: 
	- parameters: 
	      - buffer width:  1024 px
	      - buffer height: 1024 px
	      - padding: 64 px
	- maximum downscale:  2
	- maximum image width:  960 px
	- maximum image height: 540 px
[13:45:12.840322][info] Maximum image size is smaller than one tile, use only one tile.
[13:45:12.840322][info] SGM parameters:
	- scale: 2
	- stepXY: 1
[13:45:12.840322][info] Refine parameters:
	- scale: 1
	- stepXY: 1
[13:45:12.840322][info] Number of GPU devices: 1, number of CPU threads: 16
[13:45:12.884283][info] Device memory:
	- available: 4104.7 MB
	- requirement for the first tile: 917.126 MB
	- # computation buffers per tile: 851.867 MB (Sgm: 757.867 MB, Refine: 94 MB)
	- # input images (R + 10 Ts): 65.2588 MB (single mipmap image size: 5.93262 MB)
[13:45:12.884283][info] Parallelization:
	- # tiles per image: 1
	- # simultaneous depth maps computation: 4
	- # simultaneous tiles computation: 4
[13:45:12.905356][info] Device memory (device id: 0):
	- used: 3570.44 MB
	- available: 2573.25 MB
	- total: 6143.69 MB
[13:45:16.749284][info] (rc: 18, tile: 1/1) Camera / Depth information: 
	- R camera:
	   - id: 18
	   - view id: 1038306100
	   - depth planes: 284
	   - depths range: [0.45741-2.99043]
	- T cameras:
	   - T camera (1/10):
	      - id: 21
	      - view id: 1380113906
	      - depth planes: 283
	      - depths range: [0.459227-2.99043]
	      - depth indexes range: [1-284]
	   - T camera (2/10):
	      - id: 33
	      - view id: 2087475946
	      - depth planes: 284
	      - depths range: [0.45741-2.99043]
	      - depth indexes range: [0-284]
	   - T camera (3/10):
	      - id: 22
	      - view id: 1383503671
	      - depth planes: 247
	      - depths range: [0.524673-2.99043]
	      - depth indexes range: [37-284]
	   - T camera (4/10):
	      - id: 15
	      - view id: 726233714
	      - depth planes: 274
	      - depths range: [0.475589-2.99043]
	      - depth indexes range: [10-284]
	   - T camera (5/10):
	      - id: 14
	      - view id: 724921794
	      - depth planes: 284
	      - depths range: [0.45741-2.99043]
	      - depth indexes range: [0-284]
	   - T camera (6/10):
	      - id: 23
	      - view id: 1386499570
	      - depth planes: 241
	      - depths range: [0.535581-2.99043]
	      - depth indexes range: [43-284]
	   - T camera (7/10):
	      - id: 13
	      - view id: 721673428
	      - depth planes: 281
	      - depths range: [0.45741-2.82741]
	      - depth indexes range: [0-281]
	   - T camera (8/10):
	      - id: 25
	      - view id: 1402068656
	      - depth planes: 282
	      - depths range: [0.45741-2.87974]
	      - depth indexes range: [0-282]
	   - T camera (9/10):
	      - id: 2
	      - view id: 546979997
	      - depth planes: 241
	      - depths range: [0.45741-1.63762]
	      - depth indexes range: [0-241]
	   - T camera (10/10):
	      - id: 24
	      - view id: 1393281763
	      - depth planes: 234
	      - depths range: [0.45741-1.52506]
	      - depth indexes range: [0-234]
[13:45:16.749284][info] (rc: 18, tile: 1/1) SGM depth/thickness map of view id: 1038306100, rc: 18 (19 / 44).
[13:45:16.749284][info] (rc: 18, tile: 1/1) SGM Compute similarity volume.
[13:45:16.749284][info] (rc: 18, tile: 1/1) SGM Compute similarity volume done.
[13:45:16.749284][info] (rc: 18, tile: 1/1) SGM Optimizing volume (filtering axes: YX).
[13:45:17.267317][info] (rc: 18, tile: 1/1) SGM Optimizing volume done.
[13:45:17.267317][info] (rc: 18, tile: 1/1) SGM Retrieve best depth in volume.
[13:45:17.267317][info] (rc: 18, tile: 1/1) SGM Retrieve best depth in volume done.
[13:45:17.267317][info] (rc: 18, tile: 1/1) SGM depth/thickness map done.
[13:45:17.267317][info] (rc: 18, tile: 1/1) SGM Smooth thickness map.
[13:45:17.267317][info] (rc: 18, tile: 1/1) SGM Smooth thickness map done.
[13:45:17.267317][info] (rc: 18, tile: 1/1) Refine depth/sim map of view id: 1038306100, rc: 18 (19 / 44).
[13:45:17.267317][info] (rc: 18, tile: 1/1) Refine and fuse depth/sim map volume.
[13:45:17.267317][info] (rc: 18, tile: 1/1) Refine and fuse depth/sim map volume done.
[13:45:17.267317][info] (rc: 18, tile: 1/1) Color optimize depth/sim map.
[13:45:17.283317][info] (rc: 18, tile: 1/1) Color optimize depth/sim map done.
[13:45:17.283317][info] (rc: 18, tile: 1/1) Refine depth/sim map done.
[13:45:17.286280][info] (rc: 19, tile: 1/1) Camera / Depth information: 
	- R camera:
	   - id: 19
	   - view id: 1306415531
	   - depth planes: 642
	   - depths range: [0.0643751-2.79472]
	- T cameras:
	   - T camera (1/10):
	      - id: 29
	      - view id: 1565198011
	      - depth planes: 291
	      - depths range: [0.2976-2.79472]
	      - depth indexes range: [351-642]
	   - T camera (2/10):
	      - id: 30
	      - view id: 1571987938
	      - depth planes: 312
	      - depths range: [0.272063-2.79472]
	      - depth indexes range: [330-642]
	   - T camera (3/10):
	      - id: 13
	      - view id: 721673428
	      - depth planes: 247
	      - depths range: [0.359024-2.79472]
	      - depth indexes range: [395-642]
	   - T camera (4/10):
	      - id: 14
	      - view id: 724921794
	      - depth planes: 278
	      - depths range: [0.314015-2.79472]
	      - depth indexes range: [364-642]
	   - T camera (5/10):
	      - id: 1
	      - view id: 172794495
	      - depth planes: 513
	      - depths range: [0.113253-2.79472]
	      - depth indexes range: [129-642]
	   - T camera (6/10):
	      - id: 41
	      - view id: 2135187765
	      - depth planes: 420
	      - depths range: [0.171233-2.79472]
	      - depth indexes range: [222-642]
	   - T camera (7/10):
	      - id: 31
	      - view id: 1578228476
	      - depth planes: 507
	      - depths range: [0.114457-2.56937]
	      - depth indexes range: [131-638]
	   - T camera (8/10):
	      - id: 15
	      - view id: 726233714
	      - depth planes: 394
	      - depths range: [0.181736-2.29003]
	      - depth indexes range: [238-632]
	   - T camera (9/10):
	      - id: 36
	      - view id: 2092363721
	      - depth planes: 552
	      - depths range: [0.0803759-1.52333]
	      - depth indexes range: [53-605]
	   - T camera (10/10):
	      - id: 34
	      - view id: 2089748241
	      - depth planes: 586
	      - depths range: [0.0643751-1.22336]
	      - depth indexes range: [0-586]
[13:45:17.286280][info] (rc: 19, tile: 1/1) SGM depth/thickness map of view id: 1306415531, rc: 19 (20 / 44).
[13:45:17.286280][info] (rc: 19, tile: 1/1) SGM Compute similarity volume.
[13:45:17.286280][info] (rc: 19, tile: 1/1) SGM Compute similarity volume done.
[13:45:17.286280][info] (rc: 19, tile: 1/1) SGM Optimizing volume (filtering axes: YX).
[13:45:18.305804][info] (rc: 19, tile: 1/1) SGM Optimizing volume done.
[13:45:18.305804][info] (rc: 19, tile: 1/1) SGM Retrieve best depth in volume.
[13:45:18.305804][info] (rc: 19, tile: 1/1) SGM Retrieve best depth in volume done.
[13:45:18.305804][info] (rc: 19, tile: 1/1) SGM depth/thickness map done.
[13:45:18.305804][info] (rc: 19, tile: 1/1) SGM Smooth thickness map.
[13:45:18.305804][info] (rc: 19, tile: 1/1) SGM Smooth thickness map done.
[13:45:18.305804][info] (rc: 19, tile: 1/1) Refine depth/sim map of view id: 1306415531, rc: 19 (20 / 44).
[13:45:18.305804][info] (rc: 19, tile: 1/1) Refine and fuse depth/sim map volume.
[13:45:18.305804][info] (rc: 19, tile: 1/1) Refine and fuse depth/sim map volume done.
[13:45:18.305804][info] (rc: 19, tile: 1/1) Color optimize depth/sim map.
[13:45:18.353588][info] (rc: 19, tile: 1/1) Color optimize depth/sim map done.
[13:45:18.353588][info] (rc: 19, tile: 1/1) Refine depth/sim map done.
[13:45:18.355587][info] (rc: 20, tile: 1/1) Camera / Depth information: 
	- R camera:
	   - id: 20
	   - view id: 1307761724
	   - depth planes: 616
	   - depths range: [0.0649847-2.19008]
	- T cameras:
	   - T camera (1/10):
	      - id: 30
	      - view id: 1571987938
	      - depth planes: 297
	      - depths range: [0.272788-2.19008]
	      - depth indexes range: [319-616]
	   - T camera (2/10):
	      - id: 29
	      - view id: 1565198011
	      - depth planes: 277
	      - depths range: [0.297477-2.19008]
	      - depth indexes range: [339-616]
	   - T camera (3/10):
	      - id: 14
	      - view id: 724921794
	      - depth planes: 269
	      - depths range: [0.307574-2.19008]
	      - depth indexes range: [347-616]
	   - T camera (4/10):
	      - id: 1
	      - view id: 172794495
	      - depth planes: 507
	      - depths range: [0.105956-2.19008]
	      - depth indexes range: [109-616]
	   - T camera (5/10):
	      - id: 41
	      - view id: 2135187765
	      - depth planes: 403
	      - depths range: [0.171722-2.19008]
	      - depth indexes range: [213-616]
	   - T camera (6/10):
	      - id: 31
	      - view id: 1578228476
	      - depth planes: 489
	      - depths range: [0.116515-2.19008]
	      - depth indexes range: [127-616]
	   - T camera (7/10):
	      - id: 15
	      - view id: 726233714
	      - depth planes: 394
	      - depths range: [0.177656-2.19008]
	      - depth indexes range: [222-616]
	   - T camera (8/10):
	      - id: 36
	      - view id: 2092363721
	      - depth planes: 541
	      - depths range: [0.0810163-1.51512]
	      - depth indexes range: [50-591]
	   - T camera (9/10):
	      - id: 34
	      - view id: 2089748241
	      - depth planes: 574
	      - depths range: [0.0649847-1.24429]
	      - depth indexes range: [0-574]
	   - T camera (10/10):
	      - id: 12
	      - view id: 712355772
	      - depth planes: 476
	      - depths range: [0.0893529-0.977262]
	      - depth indexes range: [73-549]
[13:45:18.355587][info] (rc: 20, tile: 1/1) SGM depth/thickness map of view id: 1307761724, rc: 20 (21 / 44).
[13:45:18.355587][info] (rc: 20, tile: 1/1) SGM Compute similarity volume.
[13:45:18.355587][info] (rc: 20, tile: 1/1) SGM Compute similarity volume done.
[13:45:18.355587][info] (rc: 20, tile: 1/1) SGM Optimizing volume (filtering axes: YX).
[13:45:19.504073][info] (rc: 20, tile: 1/1) SGM Optimizing volume done.
[13:45:19.504073][info] (rc: 20, tile: 1/1) SGM Retrieve best depth in volume.
[13:45:19.504073][info] (rc: 20, tile: 1/1) SGM Retrieve best depth in volume done.
[13:45:19.504073][info] (rc: 20, tile: 1/1) SGM depth/thickness map done.
[13:45:19.504073][info] (rc: 20, tile: 1/1) SGM Smooth thickness map.
[13:45:19.504073][info] (rc: 20, tile: 1/1) SGM Smooth thickness map done.
[13:45:19.504073][info] (rc: 20, tile: 1/1) Refine depth/sim map of view id: 1307761724, rc: 20 (21 / 44).
[13:45:19.504073][info] (rc: 20, tile: 1/1) Refine and fuse depth/sim map volume.
[13:45:19.504073][info] (rc: 20, tile: 1/1) Refine and fuse depth/sim map volume done.
[13:45:19.504073][info] (rc: 20, tile: 1/1) Color optimize depth/sim map.
[13:45:19.551075][info] (rc: 20, tile: 1/1) Color optimize depth/sim map done.
[13:45:19.551075][info] (rc: 20, tile: 1/1) Refine depth/sim map done.
[13:45:19.898043][info] Task done in (s): 7.326000
