[2024-09-10 13:45:20.022043] [0x0000fbec] [trace]   Embedded OCIO configuration file: 'D:\ly\stage3\Meshroom-2023.2.0-win64\Meshroom-2023.2.0\aliceVision/share/aliceVision/config.ocio' found.
Program called with the following parameters:
 * autoAdjustSmallImage = 1
 * chooseTCamsPerTile = 1
 * colorOptimizationEnabled = 1
 * colorOptimizationNbIterations = 100
 * customPatchPatternGroupSubpartsPerLevel = 0 (default)
 * customPatchPatternSubparts =  Unknown Type "class std::vector<struct aliceVision::depthMap::CustomPatchPatternParams::SubpartParams,class std::allocator<struct aliceVision::depthMap::CustomPatchPatternParams::SubpartParams> >" (default)
 * downscale = 2
 * exportIntermediateCrossVolumes = 0
 * exportIntermediateDepthSimMaps = 0
 * exportIntermediateNormalMaps = 0
 * exportIntermediateTopographicCutVolumes = 0
 * exportIntermediateVolume9pCsv = 0
 * exportIntermediateVolumes = 0
 * exportTilePattern = 0
 * imagesFolder = "D:/ly/stage3/gun11/MeshroomCache/PrepareDenseScene/7d31435a7c34256ddffde0c2d692bd2454cd50f7"
 * input = "D:/ly/stage3/gun11/MeshroomCache/StructureFromMotion/076bce891f482d5ec95c8e0d20496480a4031234/sfm.abc"
 * maxCoresAvailable =  Unknown Type "unsigned int" (default)
 * maxMemoryAvailable = 18446744073709551615 (default)
 * maxTCams = 10
 * maxViewAngle = 70
 * minViewAngle = 2
 * nbGPUs = 0
 * output = "D:/ly/stage3/gun11/MeshroomCache/DepthMap/567ec7bfd5b4a4a17fa53d0d8b51e7fca14bb8c6"
 * rangeSize = 3
 * rangeStart = 21
 * refineEnabled = 1
 * refineGammaC = 15.5
 * refineGammaP = 8
 * refineHalfNbDepths = 15
 * refineInterpolateMiddleDepth = 0
 * refineMaxTCamsPerTile = 4
 * refineScale = 1
 * refineSigma = 15
 * refineStepXY = 1
 * refineSubsampling = 10
 * refineUseConsistentScale = 0
 * refineUseCustomPatchPattern = 0
 * refineWSH = 3
 * sgmDepthListPerTile = 1
 * sgmDepthThicknessInflate = 0
 * sgmFilteringAxes = "YX"
 * sgmGammaC = 5.5
 * sgmGammaP = 8
 * sgmMaxDepths = 1500
 * sgmMaxSimilarity = 1
 * sgmMaxTCamsPerTile = 4
 * sgmP1 = 10
 * sgmP2Weighting = 100
 * sgmScale = 2
 * sgmSeedsRangeInflate = 0.2
 * sgmStepXY = 2
 * sgmStepZ = -1
 * sgmUseConsistentScale = 0
 * sgmUseCustomPatchPattern = 0
 * sgmUseSfmSeeds = 1
 * sgmWSH = 4
 * tileBufferHeight = 1024
 * tileBufferWidth = 1024
 * tilePadding = 64
 * verboseLevel = "info"

Hardware : 
	Detected core count : 16
	OpenMP will use 16 cores
	Detected available memory : 5426 Mo

[13:45:20.028046][info] CUDA-Enabled GPU.
Device information:
	- id:                      0
	- name:                    NVIDIA GeForce RTX 2060
	- compute capability:      7.5
	- clock frequency (kHz):   1350000
	- total device memory:     6143 MB 
	- device memory available: 5130 MB 
	- per-block shared memory: 49152
	- warp size:               32
	- max threads per block:   1024
	- max threads per SM(X):   1024
	- max block sizes:         {1024,1024,64}
	- max grid sizes:          {2147483647,65535,65535}
	- max 2D array texture:    {131072,65536}
	- max 3D array texture:    {16384,16384,16384}
	- max 2D linear texture:   {131072,65000,2097120}
	- max 2D layered texture:  {32768,32768,2048}
	- number of SM(x)s:        30
	- registers per SM(x):     65536
	- registers per block:     65536
	- concurrent kernels:      yes
	- mapping host memory:     yes
	- unified addressing:      yes
	- texture alignment:       512 byte
	- pitch alignment:         32 byte
CUDA build version: 11.6
[13:45:20.118037][info] Supported CUDA-Enabled GPU detected.
[13:45:20.236090][info] Found 1 image dimension(s): 
[13:45:20.236090][info] 	- [1920x1080]
[13:45:20.290076][info] Overall maximum dimension: [1920x1080]
[13:45:20.290076][warning] Tile buffer size (width: 1024, height: 1024) is larger than the maximum image size (width: 960, height: 540).
[13:45:20.290076][warning] Single tile computation, override SGM maximum number of T cameras per tile (before: 4, now: 10).
[13:45:20.290076][warning] Single tile computation, override Refine maximum number of T cameras per tile (before: 4, now: 10).
[13:45:20.291075][warning] Single tile computation, override SGM step XY (before: 2, now: 1).
[13:45:20.291075][info] Tiling information: 
	- parameters: 
	      - buffer width:  1024 px
	      - buffer height: 1024 px
	      - padding: 64 px
	- maximum downscale:  2
	- maximum image width:  960 px
	- maximum image height: 540 px
[13:45:20.291075][info] Maximum image size is smaller than one tile, use only one tile.
[13:45:20.291075][info] SGM parameters:
	- scale: 2
	- stepXY: 1
[13:45:20.291075][info] Refine parameters:
	- scale: 1
	- stepXY: 1
[13:45:20.291075][info] Number of GPU devices: 1, number of CPU threads: 16
[13:45:20.335045][info] Device memory:
	- available: 4104.7 MB
	- requirement for the first tile: 917.126 MB
	- # computation buffers per tile: 851.867 MB (Sgm: 757.867 MB, Refine: 94 MB)
	- # input images (R + 10 Ts): 65.2588 MB (single mipmap image size: 5.93262 MB)
[13:45:20.335045][info] Parallelization:
	- # tiles per image: 1
	- # simultaneous depth maps computation: 4
	- # simultaneous tiles computation: 4
[13:45:20.358076][info] Device memory (device id: 0):
	- used: 3570.44 MB
	- available: 2573.25 MB
	- total: 6143.69 MB
[13:45:23.896553][info] (rc: 21, tile: 1/1) Camera / Depth information: 
	- R camera:
	   - id: 21
	   - view id: 1380113906
	   - depth planes: 253
	   - depths range: [0.31237-2.83649]
	- T cameras:
	   - T camera (1/10):
	      - id: 13
	      - view id: 721673428
	      - depth planes: 253
	      - depths range: [0.31237-2.83649]
	      - depth indexes range: [0-253]
	   - T camera (2/10):
	      - id: 2
	      - view id: 546979997
	      - depth planes: 245
	      - depths range: [0.325068-2.83649]
	      - depth indexes range: [8-253]
	   - T camera (3/10):
	      - id: 18
	      - view id: 1038306100
	      - depth planes: 208
	      - depths range: [0.391793-2.83649]
	      - depth indexes range: [45-253]
	   - T camera (4/10):
	      - id: 24
	      - view id: 1393281763
	      - depth planes: 206
	      - depths range: [0.395595-2.83649]
	      - depth indexes range: [47-253]
	   - T camera (5/10):
	      - id: 22
	      - view id: 1383503671
	      - depth planes: 248
	      - depths range: [0.31237-2.50656]
	      - depth indexes range: [0-248]
	   - T camera (6/10):
	      - id: 14
	      - view id: 724921794
	      - depth planes: 251
	      - depths range: [0.31237-2.69487]
	      - depth indexes range: [0-251]
	   - T camera (7/10):
	      - id: 23
	      - view id: 1386499570
	      - depth planes: 249
	      - depths range: [0.31237-2.56642]
	      - depth indexes range: [0-249]
	   - T camera (8/10):
	      - id: 19
	      - view id: 1306415531
	      - depth planes: 248
	      - depths range: [0.31237-2.50656]
	      - depth indexes range: [0-248]
	   - T camera (9/10):
	      - id: 12
	      - view id: 712355772
	      - depth planes: 231
	      - depths range: [0.31237-1.78915]
	      - depth indexes range: [0-231]
	   - T camera (10/10):
	      - id: 15
	      - view id: 726233714
	      - depth planes: 216
	      - depths range: [0.31237-1.42254]
	      - depth indexes range: [0-216]
[13:45:23.896553][info] (rc: 21, tile: 1/1) SGM depth/thickness map of view id: 1380113906, rc: 21 (22 / 44).
[13:45:23.896553][info] (rc: 21, tile: 1/1) SGM Compute similarity volume.
[13:45:23.896553][info] (rc: 21, tile: 1/1) SGM Compute similarity volume done.
[13:45:23.896553][info] (rc: 21, tile: 1/1) SGM Optimizing volume (filtering axes: YX).
[13:45:24.346553][info] (rc: 21, tile: 1/1) SGM Optimizing volume done.
[13:45:24.346553][info] (rc: 21, tile: 1/1) SGM Retrieve best depth in volume.
[13:45:24.346553][info] (rc: 21, tile: 1/1) SGM Retrieve best depth in volume done.
[13:45:24.346553][info] (rc: 21, tile: 1/1) SGM depth/thickness map done.
[13:45:24.346553][info] (rc: 21, tile: 1/1) SGM Smooth thickness map.
[13:45:24.346553][info] (rc: 21, tile: 1/1) SGM Smooth thickness map done.
[13:45:24.346553][info] (rc: 21, tile: 1/1) Refine depth/sim map of view id: 1380113906, rc: 21 (22 / 44).
[13:45:24.346553][info] (rc: 21, tile: 1/1) Refine and fuse depth/sim map volume.
[13:45:24.361561][info] (rc: 21, tile: 1/1) Refine and fuse depth/sim map volume done.
[13:45:24.361561][info] (rc: 21, tile: 1/1) Color optimize depth/sim map.
[13:45:24.377592][info] (rc: 21, tile: 1/1) Color optimize depth/sim map done.
[13:45:24.377592][info] (rc: 21, tile: 1/1) Refine depth/sim map done.
[13:45:24.380568][info] (rc: 22, tile: 1/1) Camera / Depth information: 
	- R camera:
	   - id: 22
	   - view id: 1383503671
	   - depth planes: 372
	   - depths range: [0.189154-1.45049]
	- T cameras:
	   - T camera (1/10):
	      - id: 13
	      - view id: 721673428
	      - depth planes: 239
	      - depths range: [0.353757-1.45049]
	      - depth indexes range: [133-372]
	   - T camera (2/10):
	      - id: 14
	      - view id: 724921794
	      - depth planes: 269
	      - depths range: [0.308628-1.45049]
	      - depth indexes range: [103-372]
	   - T camera (3/10):
	      - id: 2
	      - view id: 546979997
	      - depth planes: 217
	      - depths range: [0.391323-1.45049]
	      - depth indexes range: [155-372]
	   - T camera (4/10):
	      - id: 18
	      - view id: 1038306100
	      - depth planes: 190
	      - depths range: [0.441279-1.45049]
	      - depth indexes range: [182-372]
	   - T camera (5/10):
	      - id: 30
	      - view id: 1571987938
	      - depth planes: 298
	      - depths range: [0.272769-1.45049]
	      - depth indexes range: [74-372]
	   - T camera (6/10):
	      - id: 21
	      - view id: 1380113906
	      - depth planes: 362
	      - depths range: [0.200429-1.45049]
	      - depth indexes range: [10-372]
	   - T camera (7/10):
	      - id: 15
	      - view id: 726233714
	      - depth planes: 372
	      - depths range: [0.189154-1.45049]
	      - depth indexes range: [0-372]
	   - T camera (8/10):
	      - id: 36
	      - view id: 2092363721
	      - depth planes: 372
	      - depths range: [0.189154-1.45049]
	      - depth indexes range: [0-372]
	   - T camera (9/10):
	      - id: 34
	      - view id: 2089748241
	      - depth planes: 365
	      - depths range: [0.189154-1.35113]
	      - depth indexes range: [0-365]
	   - T camera (10/10):
	      - id: 12
	      - view id: 712355772
	      - depth planes: 326
	      - depths range: [0.189154-0.968742]
	      - depth indexes range: [0-326]
[13:45:24.380568][info] (rc: 22, tile: 1/1) SGM depth/thickness map of view id: 1383503671, rc: 22 (23 / 44).
[13:45:24.380568][info] (rc: 22, tile: 1/1) SGM Compute similarity volume.
[13:45:24.380568][info] (rc: 22, tile: 1/1) SGM Compute similarity volume done.
[13:45:24.380568][info] (rc: 22, tile: 1/1) SGM Optimizing volume (filtering axes: YX).
[13:45:25.101593][info] (rc: 22, tile: 1/1) SGM Optimizing volume done.
[13:45:25.101593][info] (rc: 22, tile: 1/1) SGM Retrieve best depth in volume.
[13:45:25.117594][info] (rc: 22, tile: 1/1) SGM Retrieve best depth in volume done.
[13:45:25.117594][info] (rc: 22, tile: 1/1) SGM depth/thickness map done.
[13:45:25.117594][info] (rc: 22, tile: 1/1) SGM Smooth thickness map.
[13:45:25.117594][info] (rc: 22, tile: 1/1) SGM Smooth thickness map done.
[13:45:25.117594][info] (rc: 22, tile: 1/1) Refine depth/sim map of view id: 1383503671, rc: 22 (23 / 44).
[13:45:25.117594][info] (rc: 22, tile: 1/1) Refine and fuse depth/sim map volume.
[13:45:25.117594][info] (rc: 22, tile: 1/1) Refine and fuse depth/sim map volume done.
[13:45:25.117594][info] (rc: 22, tile: 1/1) Color optimize depth/sim map.
[13:45:25.132592][info] (rc: 22, tile: 1/1) Color optimize depth/sim map done.
[13:45:25.132592][info] (rc: 22, tile: 1/1) Refine depth/sim map done.
[13:45:25.135567][info] (rc: 23, tile: 1/1) Camera / Depth information: 
	- R camera:
	   - id: 23
	   - view id: 1386499570
	   - depth planes: 636
	   - depths range: [0.0626889-3.03009]
	- T cameras:
	   - T camera (1/10):
	      - id: 30
	      - view id: 1571987938
	      - depth planes: 315
	      - depths range: [0.269778-3.03009]
	      - depth indexes range: [321-636]
	   - T camera (2/10):
	      - id: 29
	      - view id: 1565198011
	      - depth planes: 295
	      - depths range: [0.294245-3.03009]
	      - depth indexes range: [341-636]
	   - T camera (3/10):
	      - id: 13
	      - view id: 721673428
	      - depth planes: 255
	      - depths range: [0.34964-3.03009]
	      - depth indexes range: [381-636]
	   - T camera (4/10):
	      - id: 1
	      - view id: 172794495
	      - depth planes: 524
	      - depths range: [0.10473-3.03009]
	      - depth indexes range: [112-636]
	   - T camera (5/10):
	      - id: 41
	      - view id: 2135187765
	      - depth planes: 422
	      - depths range: [0.168744-3.03009]
	      - depth indexes range: [214-636]
	   - T camera (6/10):
	      - id: 31
	      - view id: 1578228476
	      - depth planes: 506
	      - depths range: [0.113505-2.83083]
	      - depth indexes range: [127-633]
	   - T camera (7/10):
	      - id: 15
	      - view id: 726233714
	      - depth planes: 399
	      - depths range: [0.175966-2.36019]
	      - depth indexes range: [225-624]
	   - T camera (8/10):
	      - id: 36
	      - view id: 2092363721
	      - depth planes: 545
	      - depths range: [0.078524-1.5184]
	      - depth indexes range: [50-595]
	   - T camera (9/10):
	      - id: 34
	      - view id: 2089748241
	      - depth planes: 578
	      - depths range: [0.0626889-1.24659]
	      - depth indexes range: [0-578]
	   - T camera (10/10):
	      - id: 12
	      - view id: 712355772
	      - depth planes: 479
	      - depths range: [0.0879403-0.996142]
	      - depth indexes range: [76-555]
[13:45:25.135567][info] (rc: 23, tile: 1/1) SGM depth/thickness map of view id: 1386499570, rc: 23 (24 / 44).
[13:45:25.135567][info] (rc: 23, tile: 1/1) SGM Compute similarity volume.
[13:45:25.136567][info] (rc: 23, tile: 1/1) SGM Compute similarity volume done.
[13:45:25.136567][info] (rc: 23, tile: 1/1) SGM Optimizing volume (filtering axes: YX).
[13:45:26.256276][info] (rc: 23, tile: 1/1) SGM Optimizing volume done.
[13:45:26.256276][info] (rc: 23, tile: 1/1) SGM Retrieve best depth in volume.
[13:45:26.271587][info] (rc: 23, tile: 1/1) SGM Retrieve best depth in volume done.
[13:45:26.271587][info] (rc: 23, tile: 1/1) SGM depth/thickness map done.
[13:45:26.271587][info] (rc: 23, tile: 1/1) SGM Smooth thickness map.
[13:45:26.271587][info] (rc: 23, tile: 1/1) SGM Smooth thickness map done.
[13:45:26.271587][info] (rc: 23, tile: 1/1) Refine depth/sim map of view id: 1386499570, rc: 23 (24 / 44).
[13:45:26.271587][info] (rc: 23, tile: 1/1) Refine and fuse depth/sim map volume.
[13:45:26.271587][info] (rc: 23, tile: 1/1) Refine and fuse depth/sim map volume done.
[13:45:26.271587][info] (rc: 23, tile: 1/1) Color optimize depth/sim map.
[13:45:26.317557][info] (rc: 23, tile: 1/1) Color optimize depth/sim map done.
[13:45:26.317557][info] (rc: 23, tile: 1/1) Refine depth/sim map done.
[13:45:26.688560][info] Task done in (s): 6.664000
