[2024-09-10 13:45:32.577769] [0x00010e20] [trace]   Embedded OCIO configuration file: 'D:\ly\stage3\Meshroom-2023.2.0-win64\Meshroom-2023.2.0\aliceVision/share/aliceVision/config.ocio' found.
Program called with the following parameters:
 * autoAdjustSmallImage = 1
 * chooseTCamsPerTile = 1
 * colorOptimizationEnabled = 1
 * colorOptimizationNbIterations = 100
 * customPatchPatternGroupSubpartsPerLevel = 0 (default)
 * customPatchPatternSubparts =  Unknown Type "class std::vector<struct aliceVision::depthMap::CustomPatchPatternParams::SubpartParams,class std::allocator<struct aliceVision::depthMap::CustomPatchPatternParams::SubpartParams> >" (default)
 * downscale = 2
 * exportIntermediateCrossVolumes = 0
 * exportIntermediateDepthSimMaps = 0
 * exportIntermediateNormalMaps = 0
 * exportIntermediateTopographicCutVolumes = 0
 * exportIntermediateVolume9pCsv = 0
 * exportIntermediateVolumes = 0
 * exportTilePattern = 0
 * imagesFolder = "D:/ly/stage3/gun11/MeshroomCache/PrepareDenseScene/7d31435a7c34256ddffde0c2d692bd2454cd50f7"
 * input = "D:/ly/stage3/gun11/MeshroomCache/StructureFromMotion/076bce891f482d5ec95c8e0d20496480a4031234/sfm.abc"
 * maxCoresAvailable =  Unknown Type "unsigned int" (default)
 * maxMemoryAvailable = 18446744073709551615 (default)
 * maxTCams = 10
 * maxViewAngle = 70
 * minViewAngle = 2
 * nbGPUs = 0
 * output = "D:/ly/stage3/gun11/MeshroomCache/DepthMap/567ec7bfd5b4a4a17fa53d0d8b51e7fca14bb8c6"
 * rangeSize = 3
 * rangeStart = 27
 * refineEnabled = 1
 * refineGammaC = 15.5
 * refineGammaP = 8
 * refineHalfNbDepths = 15
 * refineInterpolateMiddleDepth = 0
 * refineMaxTCamsPerTile = 4
 * refineScale = 1
 * refineSigma = 15
 * refineStepXY = 1
 * refineSubsampling = 10
 * refineUseConsistentScale = 0
 * refineUseCustomPatchPattern = 0
 * refineWSH = 3
 * sgmDepthListPerTile = 1
 * sgmDepthThicknessInflate = 0
 * sgmFilteringAxes = "YX"
 * sgmGammaC = 5.5
 * sgmGammaP = 8
 * sgmMaxDepths = 1500
 * sgmMaxSimilarity = 1
 * sgmMaxTCamsPerTile = 4
 * sgmP1 = 10
 * sgmP2Weighting = 100
 * sgmScale = 2
 * sgmSeedsRangeInflate = 0.2
 * sgmStepXY = 2
 * sgmStepZ = -1
 * sgmUseConsistentScale = 0
 * sgmUseCustomPatchPattern = 0
 * sgmUseSfmSeeds = 1
 * sgmWSH = 4
 * tileBufferHeight = 1024
 * tileBufferWidth = 1024
 * tilePadding = 64
 * verboseLevel = "info"

Hardware : 
	Detected core count : 16
	OpenMP will use 16 cores
	Detected available memory : 5393 Mo

[13:45:32.583767][info] CUDA-Enabled GPU.
Device information:
	- id:                      0
	- name:                    NVIDIA GeForce RTX 2060
	- compute capability:      7.5
	- clock frequency (kHz):   1350000
	- total device memory:     6143 MB 
	- device memory available: 5130 MB 
	- per-block shared memory: 49152
	- warp size:               32
	- max threads per block:   1024
	- max threads per SM(X):   1024
	- max block sizes:         {1024,1024,64}
	- max grid sizes:          {2147483647,65535,65535}
	- max 2D array texture:    {131072,65536}
	- max 3D array texture:    {16384,16384,16384}
	- max 2D linear texture:   {131072,65000,2097120}
	- max 2D layered texture:  {32768,32768,2048}
	- number of SM(x)s:        30
	- registers per SM(x):     65536
	- registers per block:     65536
	- concurrent kernels:      yes
	- mapping host memory:     yes
	- unified addressing:      yes
	- texture alignment:       512 byte
	- pitch alignment:         32 byte
CUDA build version: 11.6
[13:45:32.676762][info] Supported CUDA-Enabled GPU detected.
[13:45:32.808763][info] Found 1 image dimension(s): 
[13:45:32.808763][info] 	- [1920x1080]
[13:45:32.865761][info] Overall maximum dimension: [1920x1080]
[13:45:32.865761][warning] Tile buffer size (width: 1024, height: 1024) is larger than the maximum image size (width: 960, height: 540).
[13:45:32.865761][warning] Single tile computation, override SGM maximum number of T cameras per tile (before: 4, now: 10).
[13:45:32.865761][warning] Single tile computation, override Refine maximum number of T cameras per tile (before: 4, now: 10).
[13:45:32.865761][warning] Single tile computation, override SGM step XY (before: 2, now: 1).
[13:45:32.865761][info] Tiling information: 
	- parameters: 
	      - buffer width:  1024 px
	      - buffer height: 1024 px
	      - padding: 64 px
	- maximum downscale:  2
	- maximum image width:  960 px
	- maximum image height: 540 px
[13:45:32.865761][info] Maximum image size is smaller than one tile, use only one tile.
[13:45:32.865761][info] SGM parameters:
	- scale: 2
	- stepXY: 1
[13:45:32.865761][info] Refine parameters:
	- scale: 1
	- stepXY: 1
[13:45:32.865761][info] Number of GPU devices: 1, number of CPU threads: 16
[13:45:32.911746][info] Device memory:
	- available: 4104.7 MB
	- requirement for the first tile: 917.126 MB
	- # computation buffers per tile: 851.867 MB (Sgm: 757.867 MB, Refine: 94 MB)
	- # input images (R + 10 Ts): 65.2588 MB (single mipmap image size: 5.93262 MB)
[13:45:32.911746][info] Parallelization:
	- # tiles per image: 1
	- # simultaneous depth maps computation: 4
	- # simultaneous tiles computation: 4
[13:45:32.936785][info] Device memory (device id: 0):
	- used: 3570.44 MB
	- available: 2573.25 MB
	- total: 6143.69 MB
[13:45:37.031745][info] (rc: 27, tile: 1/1) Camera / Depth information: 
	- R camera:
	   - id: 27
	   - view id: 1436902121
	   - depth planes: 894
	   - depths range: [0.098163-3.42233]
	- T cameras:
	   - T camera (1/10):
	      - id: 30
	      - view id: 1571987938
	      - depth planes: 469
	      - depths range: [0.297685-3.42233]
	      - depth indexes range: [425-894]
	   - T camera (2/10):
	      - id: 29
	      - view id: 1565198011
	      - depth planes: 438
	      - depths range: [0.324463-3.42233]
	      - depth indexes range: [456-894]
	   - T camera (3/10):
	      - id: 1
	      - view id: 172794495
	      - depth planes: 622
	      - depths range: [0.190756-3.42233]
	      - depth indexes range: [272-894]
	   - T camera (4/10):
	      - id: 40
	      - view id: 2104031122
	      - depth planes: 432
	      - depths range: [0.329646-3.42233]
	      - depth indexes range: [462-894]
	   - T camera (5/10):
	      - id: 17
	      - view id: 1025795440
	      - depth planes: 329
	      - depths range: [0.443833-3.42233]
	      - depth indexes range: [565-894]
	   - T camera (6/10):
	      - id: 41
	      - view id: 2135187765
	      - depth planes: 599
	      - depths range: [0.201082-3.29528]
	      - depth indexes range: [293-892]
	   - T camera (7/10):
	      - id: 31
	      - view id: 1578228476
	      - depth planes: 706
	      - depths range: [0.140621-2.50283]
	      - depth indexes range: [169-875]
	   - T camera (8/10):
	      - id: 15
	      - view id: 726233714
	      - depth planes: 559
	      - depths range: [0.207186-2.16437]
	      - depth indexes range: [305-864]
	   - T camera (9/10):
	      - id: 36
	      - view id: 2092363721
	      - depth planes: 730
	      - depths range: [0.113507-1.27559]
	      - depth indexes range: [78-808]
	   - T camera (10/10):
	      - id: 34
	      - view id: 2089748241
	      - depth planes: 760
	      - depths range: [0.098163-0.938886]
	      - depth indexes range: [0-760]
[13:45:37.031745][info] (rc: 27, tile: 1/1) SGM depth/thickness map of view id: 1436902121, rc: 27 (28 / 44).
[13:45:37.031745][info] (rc: 27, tile: 1/1) SGM Compute similarity volume.
[13:45:37.031745][info] (rc: 27, tile: 1/1) SGM Compute similarity volume done.
[13:45:37.031745][info] (rc: 27, tile: 1/1) SGM Optimizing volume (filtering axes: YX).
[13:45:38.213824][info] (rc: 27, tile: 1/1) SGM Optimizing volume done.
[13:45:38.213824][info] (rc: 27, tile: 1/1) SGM Retrieve best depth in volume.
[13:45:38.213824][info] (rc: 27, tile: 1/1) SGM Retrieve best depth in volume done.
[13:45:38.213824][info] (rc: 27, tile: 1/1) SGM depth/thickness map done.
[13:45:38.213824][info] (rc: 27, tile: 1/1) SGM Smooth thickness map.
[13:45:38.213824][info] (rc: 27, tile: 1/1) SGM Smooth thickness map done.
[13:45:38.213824][info] (rc: 27, tile: 1/1) Refine depth/sim map of view id: 1436902121, rc: 27 (28 / 44).
[13:45:38.213824][info] (rc: 27, tile: 1/1) Refine and fuse depth/sim map volume.
[13:45:38.213824][info] (rc: 27, tile: 1/1) Refine and fuse depth/sim map volume done.
[13:45:38.213824][info] (rc: 27, tile: 1/1) Color optimize depth/sim map.
[13:45:38.276659][info] (rc: 27, tile: 1/1) Color optimize depth/sim map done.
[13:45:38.276659][info] (rc: 27, tile: 1/1) Refine depth/sim map done.
[13:45:38.279630][info] (rc: 28, tile: 1/1) Camera / Depth information: 
	- R camera:
	   - id: 28
	   - view id: 1439876005
	   - depth planes: 978
	   - depths range: [0.0554283-2.8426]
	- T cameras:
	   - T camera (1/10):
	      - id: 30
	      - view id: 1571987938
	      - depth planes: 515
	      - depths range: [0.272114-2.8426]
	      - depth indexes range: [463-978]
	   - T camera (2/10):
	      - id: 29
	      - view id: 1565198011
	      - depth planes: 477
	      - depths range: [0.301923-2.8426]
	      - depth indexes range: [501-978]
	   - T camera (3/10):
	      - id: 1
	      - view id: 172794495
	      - depth planes: 578
	      - depths range: [0.223053-2.8426]
	      - depth indexes range: [400-978]
	   - T camera (4/10):
	      - id: 40
	      - view id: 2104031122
	      - depth planes: 465
	      - depths range: [0.311337-2.8426]
	      - depth indexes range: [513-978]
	   - T camera (5/10):
	      - id: 39
	      - view id: 2101028400
	      - depth planes: 392
	      - depths range: [0.377273-2.8426]
	      - depth indexes range: [586-978]
	   - T camera (6/10):
	      - id: 14
	      - view id: 724921794
	      - depth planes: 414
	      - depths range: [0.356414-2.8426]
	      - depth indexes range: [564-978]
	   - T camera (7/10):
	      - id: 41
	      - view id: 2135187765
	      - depth planes: 664
	      - depths range: [0.176374-2.76092]
	      - depth indexes range: [312-976]
	   - T camera (8/10):
	      - id: 15
	      - view id: 726233714
	      - depth planes: 551
	      - depths range: [0.225973-2.11767]
	      - depth indexes range: [404-955]
	   - T camera (9/10):
	      - id: 31
	      - view id: 1578228476
	      - depth planes: 811
	      - depths range: [0.106066-1.88538]
	      - depth indexes range: [133-944]
	   - T camera (10/10):
	      - id: 26
	      - view id: 1436362485
	      - depth planes: 884
	      - depths range: [0.0554283-1.17016]
	      - depth indexes range: [0-884]
[13:45:38.279630][info] (rc: 28, tile: 1/1) SGM depth/thickness map of view id: 1439876005, rc: 28 (29 / 44).
[13:45:38.279630][info] (rc: 28, tile: 1/1) SGM Compute similarity volume.
[13:45:38.279630][info] (rc: 28, tile: 1/1) SGM Compute similarity volume done.
[13:45:38.279630][info] (rc: 28, tile: 1/1) SGM Optimizing volume (filtering axes: YX).
[13:45:39.962612][info] (rc: 28, tile: 1/1) SGM Optimizing volume done.
[13:45:39.962612][info] (rc: 28, tile: 1/1) SGM Retrieve best depth in volume.
[13:45:39.962612][info] (rc: 28, tile: 1/1) SGM Retrieve best depth in volume done.
[13:45:39.962612][info] (rc: 28, tile: 1/1) SGM depth/thickness map done.
[13:45:39.962612][info] (rc: 28, tile: 1/1) SGM Smooth thickness map.
[13:45:39.962612][info] (rc: 28, tile: 1/1) SGM Smooth thickness map done.
[13:45:39.962612][info] (rc: 28, tile: 1/1) Refine depth/sim map of view id: 1439876005, rc: 28 (29 / 44).
[13:45:39.962612][info] (rc: 28, tile: 1/1) Refine and fuse depth/sim map volume.
[13:45:39.962612][info] (rc: 28, tile: 1/1) Refine and fuse depth/sim map volume done.
[13:45:39.962612][info] (rc: 28, tile: 1/1) Color optimize depth/sim map.
[13:45:40.042218][info] (rc: 28, tile: 1/1) Color optimize depth/sim map done.
[13:45:40.042218][info] (rc: 28, tile: 1/1) Refine depth/sim map done.
[13:45:40.044182][info] (rc: 29, tile: 1/1) Camera / Depth information: 
	- R camera:
	   - id: 29
	   - view id: 1565198011
	   - depth planes: 848
	   - depths range: [0.0702074-2.85947]
	- T cameras:
	   - T camera (1/10):
	      - id: 3
	      - view id: 624237971
	      - depth planes: 357
	      - depths range: [0.373125-2.85947]
	      - depth indexes range: [491-848]
	   - T camera (2/10):
	      - id: 4
	      - view id: 632162072
	      - depth planes: 430
	      - depths range: [0.305752-2.85947]
	      - depth indexes range: [418-848]
	   - T camera (3/10):
	      - id: 23
	      - view id: 1386499570
	      - depth planes: 294
	      - depths range: [0.441837-2.85947]
	      - depth indexes range: [554-848]
	   - T camera (4/10):
	      - id: 38
	      - view id: 2099587247
	      - depth planes: 451
	      - depths range: [0.289198-2.85947]
	      - depth indexes range: [397-848]
	   - T camera (5/10):
	      - id: 19
	      - view id: 1306415531
	      - depth planes: 300
	      - depths range: [0.434951-2.85947]
	      - depth indexes range: [548-848]
	   - T camera (6/10):
	      - id: 16
	      - view id: 1024487586
	      - depth planes: 477
	      - depths range: [0.269864-2.85947]
	      - depth indexes range: [371-848]
	   - T camera (7/10):
	      - id: 39
	      - view id: 2101028400
	      - depth planes: 564
	      - depths range: [0.210963-2.85947]
	      - depth indexes range: [284-848]
	   - T camera (8/10):
	      - id: 41
	      - view id: 2135187765
	      - depth planes: 406
	      - depths range: [0.327164-2.85947]
	      - depth indexes range: [442-848]
	   - T camera (9/10):
	      - id: 17
	      - view id: 1025795440
	      - depth planes: 579
	      - depths range: [0.200868-2.64106]
	      - depth indexes range: [265-844]
	   - T camera (10/10):
	      - id: 30
	      - view id: 1571987938
	      - depth planes: 781
	      - depths range: [0.0702074-1.21268]
	      - depth indexes range: [0-781]
[13:45:40.045182][info] (rc: 29, tile: 1/1) SGM depth/thickness map of view id: 1565198011, rc: 29 (30 / 44).
[13:45:40.045182][info] (rc: 29, tile: 1/1) SGM Compute similarity volume.
[13:45:40.045182][info] (rc: 29, tile: 1/1) SGM Compute similarity volume done.
[13:45:40.045182][info] (rc: 29, tile: 1/1) SGM Optimizing volume (filtering axes: YX).
[13:45:41.534839][info] (rc: 29, tile: 1/1) SGM Optimizing volume done.
[13:45:41.534839][info] (rc: 29, tile: 1/1) SGM Retrieve best depth in volume.
[13:45:41.534839][info] (rc: 29, tile: 1/1) SGM Retrieve best depth in volume done.
[13:45:41.534839][info] (rc: 29, tile: 1/1) SGM depth/thickness map done.
[13:45:41.534839][info] (rc: 29, tile: 1/1) SGM Smooth thickness map.
[13:45:41.534839][info] (rc: 29, tile: 1/1) SGM Smooth thickness map done.
[13:45:41.534839][info] (rc: 29, tile: 1/1) Refine depth/sim map of view id: 1565198011, rc: 29 (30 / 44).
[13:45:41.534839][info] (rc: 29, tile: 1/1) Refine and fuse depth/sim map volume.
[13:45:41.534839][info] (rc: 29, tile: 1/1) Refine and fuse depth/sim map volume done.
[13:45:41.534839][info] (rc: 29, tile: 1/1) Color optimize depth/sim map.
[13:45:41.596775][info] (rc: 29, tile: 1/1) Color optimize depth/sim map done.
[13:45:41.596775][info] (rc: 29, tile: 1/1) Refine depth/sim map done.
[13:45:42.018738][info] Task done in (s): 9.439000
