[2024-09-12 12:43:08.573497] [0x00011a2c] [trace]   Embedded OCIO configuration file: 'D:\ly\stage3\Meshroom-2023.2.0-win64\Meshroom-2023.2.0\aliceVision/share/aliceVision/config.ocio' found.
Program called with the following parameters:
 * contrastFiltering =  Unknown Type "enum aliceVision::feature::EFeatureConstrastFiltering"
 * describerPreset =  Unknown Type "enum aliceVision::feature::EImageDescriberPreset"
 * describerQuality =  Unknown Type "enum aliceVision::feature::EFeatureQuality"
 * describerTypes = "dspsift"
 * forceCpuExtraction = 1
 * gridFiltering = 1
 * input = "D:/ly/stage3/MeshroomCache/CameraInit/afc8dd93ded09e23ce55ae946c16c0c47049d765/cameraInit.sfm"
 * masksFolder = "D:/ly/stage3/MeshroomCache/ImageMasking/44a70895667f5a0fc730d62b9a36092da6e6bb30"
 * maxCoresAvailable =  Unknown Type "unsigned int" (default)
 * maxMemoryAvailable = 18446744073709551615 (default)
 * maxNbFeatures = 0 (default)
 * maxThreads = 0
 * output = "D:/ly/stage3/MeshroomCache/FeatureExtraction/d5b33f37799cf179a0edd9d65d951e90dd568f8c"
 * rangeSize = 40
 * rangeStart = 0
 * relativePeakThreshold = 0.02 (default)
 * verboseLevel = "info"
 * workingColorSpace =  Unknown Type "enum aliceVision::image::EImageColorSpace"

Hardware : 
	Detected core count : 16
	OpenMP will use 16 cores
	Detected available memory : 5347 Mo

[12:43:08.576500][info] CUDA-Enabled GPU.
Device information:
	- id:                      0
	- name:                    NVIDIA GeForce RTX 2060
	- compute capability:      7.5
	- clock frequency (kHz):   1350000
	- total device memory:     6143 MB 
	- device memory available: 5130 MB 
	- per-block shared memory: 49152
	- warp size:               32
	- max threads per block:   1024
	- max threads per SM(X):   1024
	- max block sizes:         {1024,1024,64}
	- max grid sizes:          {2147483647,65535,65535}
	- max 2D array texture:    {131072,65536}
	- max 3D array texture:    {16384,16384,16384}
	- max 2D linear texture:   {131072,65000,2097120}
	- max 2D layered texture:  {32768,32768,2048}
	- number of SM(x)s:        30
	- registers per SM(x):     65536
	- registers per block:     65536
	- concurrent kernels:      yes
	- mapping host memory:     yes
	- unified addressing:      yes
	- texture alignment:       512 byte
	- pitch alignment:         32 byte
CUDA build version: 11.6
0
[12:43:09.980228][info] Job max memory consumption for one image: 642 MB
[12:43:09.980228][info] Memory information: 
	- Total RAM:     15.8392 GB
	- Free RAM:      5.14235 GB
	- Available RAM: 5.14235 GB
	- Total swap:    131072 GB
	- Free swap:     131035 GB
[12:43:09.981205][info] Max number of threads regarding memory usage: 7
[12:43:09.981205][warning] More than half of the RAM is used by other applications. It would be more efficient to close them.
[12:43:09.981205][warning]  => 11 GB are used by other applications for a total RAM capacity of 16 GB.
[12:43:09.981205][info] # threads for extraction: 4
[12:43:10.196210][info] Extracting dspsift features from view 'D:/ly/stage3/gun11/output2 png/output_0005.png' [cpu]
[12:43:10.199207][info] Extracting dspsift features from view 'D:/ly/stage3/gun11/output2 png/output_0003.png' [cpu]
[12:43:10.199207][info] Extracting dspsift features from view 'D:/ly/stage3/gun11/output2 png/output_0004.png' [cpu]
[12:43:10.277213][info] Extracting dspsift features from view 'D:/ly/stage3/gun11/output2 png/output_0002.png' [cpu]
[12:43:20.473539][info]       2021 dspsift features extracted from view 'D:/ly/stage3/gun11/output2 png/output_0003.png'
[12:43:21.965539][info]       1981 dspsift features extracted from view 'D:/ly/stage3/gun11/output2 png/output_0005.png'
[12:43:22.378538][info]       1960 dspsift features extracted from view 'D:/ly/stage3/gun11/output2 png/output_0004.png'
[12:43:22.617538][info]       2118 dspsift features extracted from view 'D:/ly/stage3/gun11/output2 png/output_0002.png'
[12:43:22.618538][info] Task done in (s): 12.638000
